SF:C:\Users\quinn\Desktop\dev\rust_vm\src\alu.rs
FN:142,_RINvMs_NtCs5UU8ErMDLaj_7rust_vm3aluNtB5_3Alu7computeKj8_EB7_
FN:142,_RINvMs_NtCs5UU8ErMDLaj_7rust_vm3aluNtB5_3Alu7computeKja_EB7_
FN:155,_RNCINvMs_NtCs5UU8ErMDLaj_7rust_vm3aluNtB7_3Alu7computeKj8_E0B9_
FN:159,_RNCINvMs_NtCs5UU8ErMDLaj_7rust_vm3aluNtB7_3Alu7computeKj8_Es_0B9_
FN:155,_RNCINvMs_NtCs5UU8ErMDLaj_7rust_vm3aluNtB7_3Alu7computeKja_E0B9_
FN:159,_RNCINvMs_NtCs5UU8ErMDLaj_7rust_vm3aluNtB7_3Alu7computeKja_Es_0B9_
FN:36,_RNvMNtCs5UU8ErMDLaj_7rust_vm3aluNtB2_11AluSettings6config
FN:205,_RNvMs_NtCs5UU8ErMDLaj_7rust_vm3aluNtB4_3Alu11set_setting
FN:137,_RNvMs_NtCs5UU8ErMDLaj_7rust_vm3aluNtB4_3Alu3new
FNDA:91,_RINvMs_NtCs5UU8ErMDLaj_7rust_vm3aluNtB5_3Alu7computeKj8_EB7_
FNDA:23,_RINvMs_NtCs5UU8ErMDLaj_7rust_vm3aluNtB5_3Alu7computeKja_EB7_
FNDA:256,_RNCINvMs_NtCs5UU8ErMDLaj_7rust_vm3aluNtB7_3Alu7computeKj8_E0B9_
FNDA:176,_RNCINvMs_NtCs5UU8ErMDLaj_7rust_vm3aluNtB7_3Alu7computeKj8_Es_0B9_
FNDA:0,_RNCINvMs_NtCs5UU8ErMDLaj_7rust_vm3aluNtB7_3Alu7computeKja_E0B9_
FNDA:0,_RNCINvMs_NtCs5UU8ErMDLaj_7rust_vm3aluNtB7_3Alu7computeKja_Es_0B9_
FNDA:38,_RNvMNtCs5UU8ErMDLaj_7rust_vm3aluNtB2_11AluSettings6config
FNDA:23,_RNvMs_NtCs5UU8ErMDLaj_7rust_vm3aluNtB4_3Alu11set_setting
FNDA:15,_RNvMs_NtCs5UU8ErMDLaj_7rust_vm3aluNtB4_3Alu3new
FNF:6
FNH:6
DA:36,38
DA:37,38
DA:38,20
DA:39,20
DA:40,20
DA:41,20
DA:42,20
DA:43,20
DA:44,20
DA:45,20
DA:46,5
DA:47,5
DA:48,5
DA:49,5
DA:50,5
DA:51,5
DA:52,5
DA:53,5
DA:54,3
DA:55,3
DA:56,3
DA:57,3
DA:58,3
DA:59,3
DA:60,3
DA:61,3
DA:62,1
DA:63,1
DA:64,1
DA:65,1
DA:66,1
DA:67,1
DA:68,1
DA:69,1
DA:70,1
DA:71,1
DA:72,1
DA:73,1
DA:74,1
DA:75,1
DA:76,1
DA:77,1
DA:78,1
DA:79,1
DA:80,1
DA:81,1
DA:82,1
DA:83,1
DA:84,1
DA:85,1
DA:86,1
DA:87,1
DA:88,1
DA:89,1
DA:90,1
DA:91,1
DA:92,1
DA:93,1
DA:94,1
DA:95,1
DA:96,1
DA:97,1
DA:98,1
DA:99,1
DA:100,1
DA:101,1
DA:102,1
DA:103,1
DA:104,1
DA:105,1
DA:106,1
DA:107,1
DA:108,1
DA:109,1
DA:110,1
DA:111,1
DA:112,1
DA:113,1
DA:114,1
DA:115,1
DA:116,1
DA:117,1
DA:118,3
DA:119,3
DA:120,3
DA:121,3
DA:122,3
DA:123,3
DA:124,3
DA:125,3
DA:127,38
DA:137,15
DA:138,15
DA:139,15
DA:140,15
DA:142,114
DA:143,114
DA:144,114
DA:145,114
DA:146,4
DA:147,28
DA:148,28
DA:149,28
DA:150,4
DA:151,4
DA:152,110
DA:153,110
DA:154,110
DA:155,256
DA:156,78
DA:158,110
DA:159,176
DA:160,88
DA:162,110
DA:163,110
DA:164,110
DA:165,1036
DA:166,1036
DA:167,110
DA:168,12
DA:169,98
DA:171,110
DA:172,926
DA:173,926
DA:174,926
DA:175,926
DA:176,926
DA:177,272
DA:178,272
DA:179,654
DA:180,654
DA:181,55
DA:182,599
DA:183,409
DA:184,409
DA:188,110
DA:189,31
DA:190,79
DA:192,1036
DA:193,926
DA:194,574
DA:195,574
DA:196,574
DA:197,352
DA:198,352
DA:199,352
DA:202,110
DA:203,114
DA:205,23
DA:206,23
DA:207,23
DA:208,23
BRF:0
BRH:0
LF:154
LH:154
end_of_record
SF:C:\Users\quinn\Desktop\dev\rust_vm\src\bits.rs
FN:18,_RNvXNtCs5UU8ErMDLaj_7rust_vm4bitsNtB2_14BitsParseErrorNtNtCs4M45Py2ANNS_4core3fmt7Display3fmt
FN:187,_RNvXsB_NtCs5UU8ErMDLaj_7rust_vm4bitshINtNtCs4M45Py2ANNS_4core7convert4FromINtB5_4BitsKj8_EE4from
FN:202,_RNvXsL_NtCs5UU8ErMDLaj_7rust_vm4bitshINtNtCs4M45Py2ANNS_4core7convert4FromRINtB5_4BitsKj8_EE4from
FN:171,_RNvXsm_NtCs5UU8ErMDLaj_7rust_vm4bitsINtB5_4BitsKj8_EINtNtCs4M45Py2ANNS_4core7convert4FromhE4from
FN:171,_RNvXsn_NtCs5UU8ErMDLaj_7rust_vm4bitsINtB5_4BitsKj10_EINtNtCs4M45Py2ANNS_4core7convert4FromtE4from
FN:171,_RNvXsr_NtCs5UU8ErMDLaj_7rust_vm4bitsINtB5_4BitsKj8_EINtNtCs4M45Py2ANNS_4core7convert4FromaE4from
FN:171,_RNvXst_NtCs5UU8ErMDLaj_7rust_vm4bitsINtB5_4BitsKj20_EINtNtCs4M45Py2ANNS_4core7convert4FromlE4from
FN:187,_RNvXsw_NtCs5UU8ErMDLaj_7rust_vm4bitsaINtNtCs4M45Py2ANNS_4core7convert4FromINtB5_4BitsKj8_EE4from
FN:191,_RNCNvXsA_NtCs5UU8ErMDLaj_7rust_vm4bitsiINtNtCs4M45Py2ANNS_4core7convert4FromINtB7_4BitsKj40_EE4from0B9_
FN:191,_RNCNvXsC_NtCs5UU8ErMDLaj_7rust_vm4bitstINtNtCs4M45Py2ANNS_4core7convert4FromINtB7_4BitsKj10_EE4from0B9_
FN:191,_RNCNvXsD_NtCs5UU8ErMDLaj_7rust_vm4bitsmINtNtCs4M45Py2ANNS_4core7convert4FromINtB7_4BitsKj20_EE4from0B9_
FN:191,_RNCNvXsE_NtCs5UU8ErMDLaj_7rust_vm4bitsyINtNtCs4M45Py2ANNS_4core7convert4FromINtB7_4BitsKj40_EE4from0B9_
FN:191,_RNCNvXsF_NtCs5UU8ErMDLaj_7rust_vm4bitsjINtNtCs4M45Py2ANNS_4core7convert4FromINtB7_4BitsKj40_EE4from0B9_
FN:206,_RNCNvXsG_NtCs5UU8ErMDLaj_7rust_vm4bitsaINtNtCs4M45Py2ANNS_4core7convert4FromRINtB7_4BitsKj8_EE4from0B9_
FN:206,_RNCNvXsH_NtCs5UU8ErMDLaj_7rust_vm4bitssINtNtCs4M45Py2ANNS_4core7convert4FromRINtB7_4BitsKj10_EE4from0B9_
FN:206,_RNCNvXsI_NtCs5UU8ErMDLaj_7rust_vm4bitslINtNtCs4M45Py2ANNS_4core7convert4FromRINtB7_4BitsKj20_EE4from0B9_
FN:206,_RNCNvXsJ_NtCs5UU8ErMDLaj_7rust_vm4bitsxINtNtCs4M45Py2ANNS_4core7convert4FromRINtB7_4BitsKj40_EE4from0B9_
FN:206,_RNCNvXsK_NtCs5UU8ErMDLaj_7rust_vm4bitsiINtNtCs4M45Py2ANNS_4core7convert4FromRINtB7_4BitsKj40_EE4from0B9_
FN:206,_RNCNvXsM_NtCs5UU8ErMDLaj_7rust_vm4bitstINtNtCs4M45Py2ANNS_4core7convert4FromRINtB7_4BitsKj10_EE4from0B9_
FN:206,_RNCNvXsN_NtCs5UU8ErMDLaj_7rust_vm4bitsmINtNtCs4M45Py2ANNS_4core7convert4FromRINtB7_4BitsKj20_EE4from0B9_
FN:206,_RNCNvXsO_NtCs5UU8ErMDLaj_7rust_vm4bitsyINtNtCs4M45Py2ANNS_4core7convert4FromRINtB7_4BitsKj40_EE4from0B9_
FN:206,_RNCNvXsP_NtCs5UU8ErMDLaj_7rust_vm4bitsjINtNtCs4M45Py2ANNS_4core7convert4FromRINtB7_4BitsKj40_EE4from0B9_
FN:191,_RNCNvXsx_NtCs5UU8ErMDLaj_7rust_vm4bitssINtNtCs4M45Py2ANNS_4core7convert4FromINtB7_4BitsKj10_EE4from0B9_
FN:191,_RNCNvXsy_NtCs5UU8ErMDLaj_7rust_vm4bitslINtNtCs4M45Py2ANNS_4core7convert4FromINtB7_4BitsKj20_EE4from0B9_
FN:191,_RNCNvXsz_NtCs5UU8ErMDLaj_7rust_vm4bitsxINtNtCs4M45Py2ANNS_4core7convert4FromINtB7_4BitsKj40_EE4from0B9_
FN:187,_RNvXsA_NtCs5UU8ErMDLaj_7rust_vm4bitsiINtNtCs4M45Py2ANNS_4core7convert4FromINtB5_4BitsKj40_EE4from
FN:187,_RNvXsC_NtCs5UU8ErMDLaj_7rust_vm4bitstINtNtCs4M45Py2ANNS_4core7convert4FromINtB5_4BitsKj10_EE4from
FN:187,_RNvXsD_NtCs5UU8ErMDLaj_7rust_vm4bitsmINtNtCs4M45Py2ANNS_4core7convert4FromINtB5_4BitsKj20_EE4from
FN:187,_RNvXsE_NtCs5UU8ErMDLaj_7rust_vm4bitsyINtNtCs4M45Py2ANNS_4core7convert4FromINtB5_4BitsKj40_EE4from
FN:187,_RNvXsF_NtCs5UU8ErMDLaj_7rust_vm4bitsjINtNtCs4M45Py2ANNS_4core7convert4FromINtB5_4BitsKj40_EE4from
FN:202,_RNvXsG_NtCs5UU8ErMDLaj_7rust_vm4bitsaINtNtCs4M45Py2ANNS_4core7convert4FromRINtB5_4BitsKj8_EE4from
FN:202,_RNvXsH_NtCs5UU8ErMDLaj_7rust_vm4bitssINtNtCs4M45Py2ANNS_4core7convert4FromRINtB5_4BitsKj10_EE4from
FN:202,_RNvXsI_NtCs5UU8ErMDLaj_7rust_vm4bitslINtNtCs4M45Py2ANNS_4core7convert4FromRINtB5_4BitsKj20_EE4from
FN:202,_RNvXsJ_NtCs5UU8ErMDLaj_7rust_vm4bitsxINtNtCs4M45Py2ANNS_4core7convert4FromRINtB5_4BitsKj40_EE4from
FN:202,_RNvXsK_NtCs5UU8ErMDLaj_7rust_vm4bitsiINtNtCs4M45Py2ANNS_4core7convert4FromRINtB5_4BitsKj40_EE4from
FN:202,_RNvXsM_NtCs5UU8ErMDLaj_7rust_vm4bitstINtNtCs4M45Py2ANNS_4core7convert4FromRINtB5_4BitsKj10_EE4from
FN:202,_RNvXsN_NtCs5UU8ErMDLaj_7rust_vm4bitsmINtNtCs4M45Py2ANNS_4core7convert4FromRINtB5_4BitsKj20_EE4from
FN:202,_RNvXsO_NtCs5UU8ErMDLaj_7rust_vm4bitsyINtNtCs4M45Py2ANNS_4core7convert4FromRINtB5_4BitsKj40_EE4from
FN:202,_RNvXsP_NtCs5UU8ErMDLaj_7rust_vm4bitsjINtNtCs4M45Py2ANNS_4core7convert4FromRINtB5_4BitsKj40_EE4from
FN:171,_RNvXso_NtCs5UU8ErMDLaj_7rust_vm4bitsINtB5_4BitsKj20_EINtNtCs4M45Py2ANNS_4core7convert4FrommE4from
FN:171,_RNvXsp_NtCs5UU8ErMDLaj_7rust_vm4bitsINtB5_4BitsKj40_EINtNtCs4M45Py2ANNS_4core7convert4FromyE4from
FN:171,_RNvXsq_NtCs5UU8ErMDLaj_7rust_vm4bitsINtB5_4BitsKj40_EINtNtCs4M45Py2ANNS_4core7convert4FromjE4from
FN:171,_RNvXss_NtCs5UU8ErMDLaj_7rust_vm4bitsINtB5_4BitsKj10_EINtNtCs4M45Py2ANNS_4core7convert4FromsE4from
FN:171,_RNvXsu_NtCs5UU8ErMDLaj_7rust_vm4bitsINtB5_4BitsKj40_EINtNtCs4M45Py2ANNS_4core7convert4FromxE4from
FN:171,_RNvXsv_NtCs5UU8ErMDLaj_7rust_vm4bitsINtB5_4BitsKj40_EINtNtCs4M45Py2ANNS_4core7convert4FromiE4from
FN:187,_RNvXsx_NtCs5UU8ErMDLaj_7rust_vm4bitssINtNtCs4M45Py2ANNS_4core7convert4FromINtB5_4BitsKj10_EE4from
FN:187,_RNvXsy_NtCs5UU8ErMDLaj_7rust_vm4bitslINtNtCs4M45Py2ANNS_4core7convert4FromINtB5_4BitsKj20_EE4from
FN:187,_RNvXsz_NtCs5UU8ErMDLaj_7rust_vm4bitsxINtNtCs4M45Py2ANNS_4core7convert4FromINtB5_4BitsKj40_EE4from
FN:87,_RINvMs0_NtCs5UU8ErMDLaj_7rust_vm4bitsINtB6_4BitsKj10_E17split_into_chunksKj4_EB8_
FN:78,_RINvMs0_NtCs5UU8ErMDLaj_7rust_vm4bitsINtB6_4BitsKj10_E6resizeKja_EB8_
FN:78,_RINvMs0_NtCs5UU8ErMDLaj_7rust_vm4bitsINtB6_4BitsKj20_E6resizeKj4_EB8_
FN:57,_RINvMs0_NtCs5UU8ErMDLaj_7rust_vm4bitsINtB6_4BitsKj4_E24try_from_unsigned_numberhEB8_
FN:87,_RINvMs0_NtCs5UU8ErMDLaj_7rust_vm4bitsINtB6_4BitsKj8_E17split_into_chunksKj4_EB8_
FN:57,_RINvMs0_NtCs5UU8ErMDLaj_7rust_vm4bitsINtB6_4BitsKj8_E24try_from_unsigned_numberhEB8_
FN:78,_RINvMs0_NtCs5UU8ErMDLaj_7rust_vm4bitsINtB6_4BitsKj8_E6resizeKBL_EB8_
FN:78,_RINvMs0_NtCs5UU8ErMDLaj_7rust_vm4bitsINtB6_4BitsKj8_E6resizeKj4_EB8_
FN:81,_RNCINvMs0_NtCs5UU8ErMDLaj_7rust_vm4bitsINtB8_4BitsKj10_E6resizeKja_E0Ba_
FN:81,_RNCINvMs0_NtCs5UU8ErMDLaj_7rust_vm4bitsINtB8_4BitsKj20_E6resizeKj4_E0Ba_
FN:73,_RNCINvMs0_NtCs5UU8ErMDLaj_7rust_vm4bitsINtB8_4BitsKj4_E24try_from_unsigned_numberhE0Ba_
FN:73,_RNCINvMs0_NtCs5UU8ErMDLaj_7rust_vm4bitsINtB8_4BitsKj8_E24try_from_unsigned_numberhE0Ba_
FN:81,_RNCINvMs0_NtCs5UU8ErMDLaj_7rust_vm4bitsINtB8_4BitsKj8_E6resizeKBN_E0Ba_
FN:81,_RNCINvMs0_NtCs5UU8ErMDLaj_7rust_vm4bitsINtB8_4BitsKj8_E6resizeKj4_E0Ba_
FN:54,_RNCNvMs0_NtCs5UU8ErMDLaj_7rust_vm4bitsINtB7_4BitsKj10_E8to_usize0B9_
FN:54,_RNCNvMs0_NtCs5UU8ErMDLaj_7rust_vm4bitsINtB7_4BitsKj4_E8to_usize0B9_
FN:54,_RNCNvMs0_NtCs5UU8ErMDLaj_7rust_vm4bitsINtB7_4BitsKj8_E8to_usize0B9_
FN:54,_RNCNvMs0_NtCs5UU8ErMDLaj_7rust_vm4bitsINtB7_4BitsKja_E8to_usize0B9_
FN:125,_RNCNvXs2_NtCs5UU8ErMDLaj_7rust_vm4bitsINtB7_4BitsKj4_ENtNtNtCs4M45Py2ANNS_4core3str6traits7FromStr8from_str0B9_
FN:134,_RNCNvXs2_NtCs5UU8ErMDLaj_7rust_vm4bitsINtB7_4BitsKj4_ENtNtNtCs4M45Py2ANNS_4core3str6traits7FromStr8from_strs_0B9_
FN:125,_RNCNvXs2_NtCs5UU8ErMDLaj_7rust_vm4bitsINtB7_4BitsKj8_ENtNtNtCs4M45Py2ANNS_4core3str6traits7FromStr8from_str0B9_
FN:134,_RNCNvXs2_NtCs5UU8ErMDLaj_7rust_vm4bitsINtB7_4BitsKj8_ENtNtNtCs4M45Py2ANNS_4core3str6traits7FromStr8from_strs_0B9_
FN:191,_RNCNvXsB_NtCs5UU8ErMDLaj_7rust_vm4bitshINtNtCs4M45Py2ANNS_4core7convert4FromINtB7_4BitsKj8_EE4from0B9_
FN:206,_RNCNvXsL_NtCs5UU8ErMDLaj_7rust_vm4bitshINtNtCs4M45Py2ANNS_4core7convert4FromRINtB7_4BitsKj8_EE4from0B9_
FN:191,_RNCNvXsw_NtCs5UU8ErMDLaj_7rust_vm4bitsaINtNtCs4M45Py2ANNS_4core7convert4FromINtB7_4BitsKj8_EE4from0B9_
FN:50,_RNvMs0_NtCs5UU8ErMDLaj_7rust_vm4bitsINtB5_4BitsKj10_E8to_usizeB7_
FN:42,_RNvMs0_NtCs5UU8ErMDLaj_7rust_vm4bitsINtB5_4BitsKj4_E4iterB7_
FN:46,_RNvMs0_NtCs5UU8ErMDLaj_7rust_vm4bitsINtB5_4BitsKj4_E8iter_mutB7_
FN:50,_RNvMs0_NtCs5UU8ErMDLaj_7rust_vm4bitsINtB5_4BitsKj4_E8to_usizeB7_
FN:46,_RNvMs0_NtCs5UU8ErMDLaj_7rust_vm4bitsINtB5_4BitsKj8_E8iter_mutB7_
FN:50,_RNvMs0_NtCs5UU8ErMDLaj_7rust_vm4bitsINtB5_4BitsKj8_E8to_usizeB7_
FN:46,_RNvMs0_NtCs5UU8ErMDLaj_7rust_vm4bitsINtB5_4BitsKja_E8iter_mutB7_
FN:50,_RNvMs0_NtCs5UU8ErMDLaj_7rust_vm4bitsINtB5_4BitsKja_E8to_usizeB7_
FN:101,_RNvXs1_NtCs5UU8ErMDLaj_7rust_vm4bitsINtB5_4BitsKj4_ENtNtCs4M45Py2ANNS_4core7default7Default7defaultB7_
FN:101,_RNvXs1_NtCs5UU8ErMDLaj_7rust_vm4bitsINtB5_4BitsKj8_ENtNtCs4M45Py2ANNS_4core7default7Default7defaultB7_
FN:101,_RNvXs1_NtCs5UU8ErMDLaj_7rust_vm4bitsINtB5_4BitsKja_ENtNtCs4M45Py2ANNS_4core7default7Default7defaultB7_
FN:112,_RNvXs2_NtCs5UU8ErMDLaj_7rust_vm4bitsINtB5_4BitsKj4_ENtNtNtCs4M45Py2ANNS_4core3str6traits7FromStr8from_strB7_
FN:112,_RNvXs2_NtCs5UU8ErMDLaj_7rust_vm4bitsINtB5_4BitsKj8_ENtNtNtCs4M45Py2ANNS_4core3str6traits7FromStr8from_strB7_
FN:159,_RNvXs3_NtCs5UU8ErMDLaj_7rust_vm4bitsINtB5_4BitsKj4_ENtNtCs4M45Py2ANNS_4core3fmt7Display3fmtB7_
FN:159,_RNvXs3_NtCs5UU8ErMDLaj_7rust_vm4bitsINtB5_4BitsKj8_ENtNtCs4M45Py2ANNS_4core3fmt7Display3fmtB7_
FN:220,_RNvXs4_NtCs5UU8ErMDLaj_7rust_vm4bitsINtB5_4BitsKj3_EINtNtCs4M45Py2ANNS_4core7convert4FromAbBK_E4fromB7_
FN:220,_RNvXs4_NtCs5UU8ErMDLaj_7rust_vm4bitsINtB5_4BitsKj4_EINtNtCs4M45Py2ANNS_4core7convert4FromAbBK_E4fromB7_
FN:220,_RNvXs4_NtCs5UU8ErMDLaj_7rust_vm4bitsINtB5_4BitsKj8_EINtNtCs4M45Py2ANNS_4core7convert4FromAbBK_E4fromB7_
FN:220,_RNvXs4_NtCs5UU8ErMDLaj_7rust_vm4bitsINtB5_4BitsKja_EINtNtCs4M45Py2ANNS_4core7convert4FromAbBK_E4fromB7_
FN:226,_RNvXs5_NtCs5UU8ErMDLaj_7rust_vm4bitsAbj4_INtNtCs4M45Py2ANNS_4core7convert4FromINtB5_4BitsKBA_EE4fromB7_
FN:236,_RNvXs6_NtCs5UU8ErMDLaj_7rust_vm4bitsINtB5_4BitsKj3_ENtNtNtNtCs4M45Py2ANNS_4core4iter6traits7collect12IntoIterator9into_iterB7_
FN:244,_RNvXs7_NtCs5UU8ErMDLaj_7rust_vm4bitsINtB5_4BitsKj10_EINtNtNtCs4M45Py2ANNS_4core3ops5index5IndexjE5indexB7_
FN:244,_RNvXs7_NtCs5UU8ErMDLaj_7rust_vm4bitsINtB5_4BitsKj8_EINtNtNtCs4M45Py2ANNS_4core3ops5index5IndexjE5indexB7_
FN:244,_RNvXs7_NtCs5UU8ErMDLaj_7rust_vm4bitsINtB5_4BitsKja_EINtNtNtCs4M45Py2ANNS_4core3ops5index5IndexjE5indexB7_
FN:250,_RNvXs8_NtCs5UU8ErMDLaj_7rust_vm4bitsINtB5_4BitsKj4_ENtNtCs4M45Py2ANNS_4core3cmp9PartialEq2eqB7_
FN:250,_RNvXs8_NtCs5UU8ErMDLaj_7rust_vm4bitsINtB5_4BitsKj8_ENtNtCs4M45Py2ANNS_4core3cmp9PartialEq2eqB7_
FN:258,_RNvXs9_NtCs5UU8ErMDLaj_7rust_vm4bitsINtB5_4BitsKj8_ENtNtNtCs4M45Py2ANNS_4core3ops5arith3Add3addB7_
FN:265,_RNvXsa_NtCs5UU8ErMDLaj_7rust_vm4bitsINtB5_4BitsKja_ENtNtNtCs4M45Py2ANNS_4core3ops5arith9AddAssign10add_assignB7_
FN:275,_RNvXsb_NtCs5UU8ErMDLaj_7rust_vm4bitsINtB5_4BitsKj8_ENtNtNtCs4M45Py2ANNS_4core3ops5arith3Sub3subB7_
FN:282,_RNvXsc_NtCs5UU8ErMDLaj_7rust_vm4bitsINtB5_4BitsKj8_ENtNtNtCs4M45Py2ANNS_4core3ops5arith9SubAssign10sub_assignB7_
FNDA:5,_RNvXNtCs5UU8ErMDLaj_7rust_vm4bitsNtB2_14BitsParseErrorNtNtCs4M45Py2ANNS_4core3fmt7Display3fmt
FNDA:67,_RNvXsB_NtCs5UU8ErMDLaj_7rust_vm4bitshINtNtCs4M45Py2ANNS_4core7convert4FromINtB5_4BitsKj8_EE4from
FNDA:1,_RNvXsL_NtCs5UU8ErMDLaj_7rust_vm4bitshINtNtCs4M45Py2ANNS_4core7convert4FromRINtB5_4BitsKj8_EE4from
FNDA:226,_RNvXsm_NtCs5UU8ErMDLaj_7rust_vm4bitsINtB5_4BitsKj8_EINtNtCs4M45Py2ANNS_4core7convert4FromhE4from
FNDA:26,_RNvXsn_NtCs5UU8ErMDLaj_7rust_vm4bitsINtB5_4BitsKj10_EINtNtCs4M45Py2ANNS_4core7convert4FromtE4from
FNDA:3,_RNvXsr_NtCs5UU8ErMDLaj_7rust_vm4bitsINtB5_4BitsKj8_EINtNtCs4M45Py2ANNS_4core7convert4FromaE4from
FNDA:2,_RNvXst_NtCs5UU8ErMDLaj_7rust_vm4bitsINtB5_4BitsKj20_EINtNtCs4M45Py2ANNS_4core7convert4FromlE4from
FNDA:1,_RNvXsw_NtCs5UU8ErMDLaj_7rust_vm4bitsaINtNtCs4M45Py2ANNS_4core7convert4FromINtB5_4BitsKj8_EE4from
FNDA:0,_RNCNvXsA_NtCs5UU8ErMDLaj_7rust_vm4bitsiINtNtCs4M45Py2ANNS_4core7convert4FromINtB7_4BitsKj40_EE4from0B9_
FNDA:0,_RNCNvXsC_NtCs5UU8ErMDLaj_7rust_vm4bitstINtNtCs4M45Py2ANNS_4core7convert4FromINtB7_4BitsKj10_EE4from0B9_
FNDA:0,_RNCNvXsD_NtCs5UU8ErMDLaj_7rust_vm4bitsmINtNtCs4M45Py2ANNS_4core7convert4FromINtB7_4BitsKj20_EE4from0B9_
FNDA:0,_RNCNvXsE_NtCs5UU8ErMDLaj_7rust_vm4bitsyINtNtCs4M45Py2ANNS_4core7convert4FromINtB7_4BitsKj40_EE4from0B9_
FNDA:0,_RNCNvXsF_NtCs5UU8ErMDLaj_7rust_vm4bitsjINtNtCs4M45Py2ANNS_4core7convert4FromINtB7_4BitsKj40_EE4from0B9_
FNDA:0,_RNCNvXsG_NtCs5UU8ErMDLaj_7rust_vm4bitsaINtNtCs4M45Py2ANNS_4core7convert4FromRINtB7_4BitsKj8_EE4from0B9_
FNDA:0,_RNCNvXsH_NtCs5UU8ErMDLaj_7rust_vm4bitssINtNtCs4M45Py2ANNS_4core7convert4FromRINtB7_4BitsKj10_EE4from0B9_
FNDA:0,_RNCNvXsI_NtCs5UU8ErMDLaj_7rust_vm4bitslINtNtCs4M45Py2ANNS_4core7convert4FromRINtB7_4BitsKj20_EE4from0B9_
FNDA:0,_RNCNvXsJ_NtCs5UU8ErMDLaj_7rust_vm4bitsxINtNtCs4M45Py2ANNS_4core7convert4FromRINtB7_4BitsKj40_EE4from0B9_
FNDA:0,_RNCNvXsK_NtCs5UU8ErMDLaj_7rust_vm4bitsiINtNtCs4M45Py2ANNS_4core7convert4FromRINtB7_4BitsKj40_EE4from0B9_
FNDA:0,_RNCNvXsM_NtCs5UU8ErMDLaj_7rust_vm4bitstINtNtCs4M45Py2ANNS_4core7convert4FromRINtB7_4BitsKj10_EE4from0B9_
FNDA:0,_RNCNvXsN_NtCs5UU8ErMDLaj_7rust_vm4bitsmINtNtCs4M45Py2ANNS_4core7convert4FromRINtB7_4BitsKj20_EE4from0B9_
FNDA:0,_RNCNvXsO_NtCs5UU8ErMDLaj_7rust_vm4bitsyINtNtCs4M45Py2ANNS_4core7convert4FromRINtB7_4BitsKj40_EE4from0B9_
FNDA:0,_RNCNvXsP_NtCs5UU8ErMDLaj_7rust_vm4bitsjINtNtCs4M45Py2ANNS_4core7convert4FromRINtB7_4BitsKj40_EE4from0B9_
FNDA:0,_RNCNvXsx_NtCs5UU8ErMDLaj_7rust_vm4bitssINtNtCs4M45Py2ANNS_4core7convert4FromINtB7_4BitsKj10_EE4from0B9_
FNDA:0,_RNCNvXsy_NtCs5UU8ErMDLaj_7rust_vm4bitslINtNtCs4M45Py2ANNS_4core7convert4FromINtB7_4BitsKj20_EE4from0B9_
FNDA:0,_RNCNvXsz_NtCs5UU8ErMDLaj_7rust_vm4bitsxINtNtCs4M45Py2ANNS_4core7convert4FromINtB7_4BitsKj40_EE4from0B9_
FNDA:0,_RNvXsA_NtCs5UU8ErMDLaj_7rust_vm4bitsiINtNtCs4M45Py2ANNS_4core7convert4FromINtB5_4BitsKj40_EE4from
FNDA:0,_RNvXsC_NtCs5UU8ErMDLaj_7rust_vm4bitstINtNtCs4M45Py2ANNS_4core7convert4FromINtB5_4BitsKj10_EE4from
FNDA:0,_RNvXsD_NtCs5UU8ErMDLaj_7rust_vm4bitsmINtNtCs4M45Py2ANNS_4core7convert4FromINtB5_4BitsKj20_EE4from
FNDA:0,_RNvXsE_NtCs5UU8ErMDLaj_7rust_vm4bitsyINtNtCs4M45Py2ANNS_4core7convert4FromINtB5_4BitsKj40_EE4from
FNDA:0,_RNvXsF_NtCs5UU8ErMDLaj_7rust_vm4bitsjINtNtCs4M45Py2ANNS_4core7convert4FromINtB5_4BitsKj40_EE4from
FNDA:0,_RNvXsG_NtCs5UU8ErMDLaj_7rust_vm4bitsaINtNtCs4M45Py2ANNS_4core7convert4FromRINtB5_4BitsKj8_EE4from
FNDA:0,_RNvXsH_NtCs5UU8ErMDLaj_7rust_vm4bitssINtNtCs4M45Py2ANNS_4core7convert4FromRINtB5_4BitsKj10_EE4from
FNDA:0,_RNvXsI_NtCs5UU8ErMDLaj_7rust_vm4bitslINtNtCs4M45Py2ANNS_4core7convert4FromRINtB5_4BitsKj20_EE4from
FNDA:0,_RNvXsJ_NtCs5UU8ErMDLaj_7rust_vm4bitsxINtNtCs4M45Py2ANNS_4core7convert4FromRINtB5_4BitsKj40_EE4from
FNDA:0,_RNvXsK_NtCs5UU8ErMDLaj_7rust_vm4bitsiINtNtCs4M45Py2ANNS_4core7convert4FromRINtB5_4BitsKj40_EE4from
FNDA:0,_RNvXsM_NtCs5UU8ErMDLaj_7rust_vm4bitstINtNtCs4M45Py2ANNS_4core7convert4FromRINtB5_4BitsKj10_EE4from
FNDA:0,_RNvXsN_NtCs5UU8ErMDLaj_7rust_vm4bitsmINtNtCs4M45Py2ANNS_4core7convert4FromRINtB5_4BitsKj20_EE4from
FNDA:0,_RNvXsO_NtCs5UU8ErMDLaj_7rust_vm4bitsyINtNtCs4M45Py2ANNS_4core7convert4FromRINtB5_4BitsKj40_EE4from
FNDA:0,_RNvXsP_NtCs5UU8ErMDLaj_7rust_vm4bitsjINtNtCs4M45Py2ANNS_4core7convert4FromRINtB5_4BitsKj40_EE4from
FNDA:0,_RNvXso_NtCs5UU8ErMDLaj_7rust_vm4bitsINtB5_4BitsKj20_EINtNtCs4M45Py2ANNS_4core7convert4FrommE4from
FNDA:0,_RNvXsp_NtCs5UU8ErMDLaj_7rust_vm4bitsINtB5_4BitsKj40_EINtNtCs4M45Py2ANNS_4core7convert4FromyE4from
FNDA:0,_RNvXsq_NtCs5UU8ErMDLaj_7rust_vm4bitsINtB5_4BitsKj40_EINtNtCs4M45Py2ANNS_4core7convert4FromjE4from
FNDA:0,_RNvXss_NtCs5UU8ErMDLaj_7rust_vm4bitsINtB5_4BitsKj10_EINtNtCs4M45Py2ANNS_4core7convert4FromsE4from
FNDA:0,_RNvXsu_NtCs5UU8ErMDLaj_7rust_vm4bitsINtB5_4BitsKj40_EINtNtCs4M45Py2ANNS_4core7convert4FromxE4from
FNDA:0,_RNvXsv_NtCs5UU8ErMDLaj_7rust_vm4bitsINtB5_4BitsKj40_EINtNtCs4M45Py2ANNS_4core7convert4FromiE4from
FNDA:0,_RNvXsx_NtCs5UU8ErMDLaj_7rust_vm4bitssINtNtCs4M45Py2ANNS_4core7convert4FromINtB5_4BitsKj10_EE4from
FNDA:0,_RNvXsy_NtCs5UU8ErMDLaj_7rust_vm4bitslINtNtCs4M45Py2ANNS_4core7convert4FromINtB5_4BitsKj20_EE4from
FNDA:0,_RNvXsz_NtCs5UU8ErMDLaj_7rust_vm4bitsxINtNtCs4M45Py2ANNS_4core7convert4FromINtB5_4BitsKj40_EE4from
FNDA:1,_RINvMs0_NtCs5UU8ErMDLaj_7rust_vm4bitsINtB6_4BitsKj10_E17split_into_chunksKj4_EB8_
FNDA:23,_RINvMs0_NtCs5UU8ErMDLaj_7rust_vm4bitsINtB6_4BitsKj10_E6resizeKja_EB8_
FNDA:2,_RINvMs0_NtCs5UU8ErMDLaj_7rust_vm4bitsINtB6_4BitsKj20_E6resizeKj4_EB8_
FNDA:8,_RINvMs0_NtCs5UU8ErMDLaj_7rust_vm4bitsINtB6_4BitsKj4_E24try_from_unsigned_numberhEB8_
FNDA:4,_RINvMs0_NtCs5UU8ErMDLaj_7rust_vm4bitsINtB6_4BitsKj8_E17split_into_chunksKj4_EB8_
FNDA:4,_RINvMs0_NtCs5UU8ErMDLaj_7rust_vm4bitsINtB6_4BitsKj8_E24try_from_unsigned_numberhEB8_
FNDA:51,_RINvMs0_NtCs5UU8ErMDLaj_7rust_vm4bitsINtB6_4BitsKj8_E6resizeKBL_EB8_
FNDA:54,_RINvMs0_NtCs5UU8ErMDLaj_7rust_vm4bitsINtB6_4BitsKj8_E6resizeKj4_EB8_
FNDA:230,_RNCINvMs0_NtCs5UU8ErMDLaj_7rust_vm4bitsINtB8_4BitsKj10_E6resizeKja_E0Ba_
FNDA:8,_RNCINvMs0_NtCs5UU8ErMDLaj_7rust_vm4bitsINtB8_4BitsKj20_E6resizeKj4_E0Ba_
FNDA:28,_RNCINvMs0_NtCs5UU8ErMDLaj_7rust_vm4bitsINtB8_4BitsKj4_E24try_from_unsigned_numberhE0Ba_
FNDA:32,_RNCINvMs0_NtCs5UU8ErMDLaj_7rust_vm4bitsINtB8_4BitsKj8_E24try_from_unsigned_numberhE0Ba_
FNDA:408,_RNCINvMs0_NtCs5UU8ErMDLaj_7rust_vm4bitsINtB8_4BitsKj8_E6resizeKBN_E0Ba_
FNDA:216,_RNCINvMs0_NtCs5UU8ErMDLaj_7rust_vm4bitsINtB8_4BitsKj8_E6resizeKj4_E0Ba_
FNDA:16,_RNCNvMs0_NtCs5UU8ErMDLaj_7rust_vm4bitsINtB7_4BitsKj10_E8to_usize0B9_
FNDA:2000,_RNCNvMs0_NtCs5UU8ErMDLaj_7rust_vm4bitsINtB7_4BitsKj4_E8to_usize0B9_
FNDA:712,_RNCNvMs0_NtCs5UU8ErMDLaj_7rust_vm4bitsINtB7_4BitsKj8_E8to_usize0B9_
FNDA:230,_RNCNvMs0_NtCs5UU8ErMDLaj_7rust_vm4bitsINtB7_4BitsKja_E8to_usize0B9_
FNDA:0,_RNCNvXs2_NtCs5UU8ErMDLaj_7rust_vm4bitsINtB7_4BitsKj4_ENtNtNtCs4M45Py2ANNS_4core3str6traits7FromStr8from_str0B9_
FNDA:240,_RNCNvXs2_NtCs5UU8ErMDLaj_7rust_vm4bitsINtB7_4BitsKj4_ENtNtNtCs4M45Py2ANNS_4core3str6traits7FromStr8from_strs_0B9_
FNDA:2,_RNCNvXs2_NtCs5UU8ErMDLaj_7rust_vm4bitsINtB7_4BitsKj8_ENtNtNtCs4M45Py2ANNS_4core3str6traits7FromStr8from_str0B9_
FNDA:48,_RNCNvXs2_NtCs5UU8ErMDLaj_7rust_vm4bitsINtB7_4BitsKj8_ENtNtNtCs4M45Py2ANNS_4core3str6traits7FromStr8from_strs_0B9_
FNDA:536,_RNCNvXsB_NtCs5UU8ErMDLaj_7rust_vm4bitshINtNtCs4M45Py2ANNS_4core7convert4FromINtB7_4BitsKj8_EE4from0B9_
FNDA:8,_RNCNvXsL_NtCs5UU8ErMDLaj_7rust_vm4bitshINtNtCs4M45Py2ANNS_4core7convert4FromRINtB7_4BitsKj8_EE4from0B9_
FNDA:8,_RNCNvXsw_NtCs5UU8ErMDLaj_7rust_vm4bitsaINtNtCs4M45Py2ANNS_4core7convert4FromINtB7_4BitsKj8_EE4from0B9_
FNDA:1,_RNvMs0_NtCs5UU8ErMDLaj_7rust_vm4bitsINtB5_4BitsKj10_E8to_usizeB7_
FNDA:1,_RNvMs0_NtCs5UU8ErMDLaj_7rust_vm4bitsINtB5_4BitsKj4_E4iterB7_
FNDA:1,_RNvMs0_NtCs5UU8ErMDLaj_7rust_vm4bitsINtB5_4BitsKj4_E8iter_mutB7_
FNDA:500,_RNvMs0_NtCs5UU8ErMDLaj_7rust_vm4bitsINtB5_4BitsKj4_E8to_usizeB7_
FNDA:54,_RNvMs0_NtCs5UU8ErMDLaj_7rust_vm4bitsINtB5_4BitsKj8_E8iter_mutB7_
FNDA:89,_RNvMs0_NtCs5UU8ErMDLaj_7rust_vm4bitsINtB5_4BitsKj8_E8to_usizeB7_
FNDA:0,_RNvMs0_NtCs5UU8ErMDLaj_7rust_vm4bitsINtB5_4BitsKja_E8iter_mutB7_
FNDA:23,_RNvMs0_NtCs5UU8ErMDLaj_7rust_vm4bitsINtB5_4BitsKja_E8to_usizeB7_
FNDA:34,_RNvXs1_NtCs5UU8ErMDLaj_7rust_vm4bitsINtB5_4BitsKj4_ENtNtCs4M45Py2ANNS_4core7default7Default7defaultB7_
FNDA:578,_RNvXs1_NtCs5UU8ErMDLaj_7rust_vm4bitsINtB5_4BitsKj8_ENtNtCs4M45Py2ANNS_4core7default7Default7defaultB7_
FNDA:6,_RNvXs1_NtCs5UU8ErMDLaj_7rust_vm4bitsINtB5_4BitsKja_ENtNtCs4M45Py2ANNS_4core7default7Default7defaultB7_
FNDA:191,_RNvXs2_NtCs5UU8ErMDLaj_7rust_vm4bitsINtB5_4BitsKj4_ENtNtNtCs4M45Py2ANNS_4core3str6traits7FromStr8from_strB7_
FNDA:11,_RNvXs2_NtCs5UU8ErMDLaj_7rust_vm4bitsINtB5_4BitsKj8_ENtNtNtCs4M45Py2ANNS_4core3str6traits7FromStr8from_strB7_
FNDA:128,_RNvXs3_NtCs5UU8ErMDLaj_7rust_vm4bitsINtB5_4BitsKj4_ENtNtCs4M45Py2ANNS_4core3fmt7Display3fmtB7_
FNDA:5,_RNvXs3_NtCs5UU8ErMDLaj_7rust_vm4bitsINtB5_4BitsKj8_ENtNtCs4M45Py2ANNS_4core3fmt7Display3fmtB7_
FNDA:1,_RNvXs4_NtCs5UU8ErMDLaj_7rust_vm4bitsINtB5_4BitsKj3_EINtNtCs4M45Py2ANNS_4core7convert4FromAbBK_E4fromB7_
FNDA:7,_RNvXs4_NtCs5UU8ErMDLaj_7rust_vm4bitsINtB5_4BitsKj4_EINtNtCs4M45Py2ANNS_4core7convert4FromAbBK_E4fromB7_
FNDA:94,_RNvXs4_NtCs5UU8ErMDLaj_7rust_vm4bitsINtB5_4BitsKj8_EINtNtCs4M45Py2ANNS_4core7convert4FromAbBK_E4fromB7_
FNDA:23,_RNvXs4_NtCs5UU8ErMDLaj_7rust_vm4bitsINtB5_4BitsKja_EINtNtCs4M45Py2ANNS_4core7convert4FromAbBK_E4fromB7_
FNDA:1,_RNvXs5_NtCs5UU8ErMDLaj_7rust_vm4bitsAbj4_INtNtCs4M45Py2ANNS_4core7convert4FromINtB5_4BitsKBA_EE4fromB7_
FNDA:1,_RNvXs6_NtCs5UU8ErMDLaj_7rust_vm4bitsINtB5_4BitsKj3_ENtNtNtNtCs4M45Py2ANNS_4core4iter6traits7collect12IntoIterator9into_iterB7_
FNDA:3,_RNvXs7_NtCs5UU8ErMDLaj_7rust_vm4bitsINtB5_4BitsKj10_EINtNtNtCs4M45Py2ANNS_4core3ops5index5IndexjE5indexB7_
FNDA:1424,_RNvXs7_NtCs5UU8ErMDLaj_7rust_vm4bitsINtB5_4BitsKj8_EINtNtNtCs4M45Py2ANNS_4core3ops5index5IndexjE5indexB7_
FNDA:460,_RNvXs7_NtCs5UU8ErMDLaj_7rust_vm4bitsINtB5_4BitsKja_EINtNtNtCs4M45Py2ANNS_4core3ops5index5IndexjE5indexB7_
FNDA:104,_RNvXs8_NtCs5UU8ErMDLaj_7rust_vm4bitsINtB5_4BitsKj4_ENtNtCs4M45Py2ANNS_4core3cmp9PartialEq2eqB7_
FNDA:18,_RNvXs8_NtCs5UU8ErMDLaj_7rust_vm4bitsINtB5_4BitsKj8_ENtNtCs4M45Py2ANNS_4core3cmp9PartialEq2eqB7_
FNDA:1,_RNvXs9_NtCs5UU8ErMDLaj_7rust_vm4bitsINtB5_4BitsKj8_ENtNtNtCs4M45Py2ANNS_4core3ops5arith3Add3addB7_
FNDA:23,_RNvXsa_NtCs5UU8ErMDLaj_7rust_vm4bitsINtB5_4BitsKja_ENtNtNtCs4M45Py2ANNS_4core3ops5arith9AddAssign10add_assignB7_
FNDA:1,_RNvXsb_NtCs5UU8ErMDLaj_7rust_vm4bitsINtB5_4BitsKj8_ENtNtNtCs4M45Py2ANNS_4core3ops5arith3Sub3subB7_
FNDA:1,_RNvXsc_NtCs5UU8ErMDLaj_7rust_vm4bitsINtB5_4BitsKj8_ENtNtNtCs4M45Py2ANNS_4core3ops5arith9SubAssign10sub_assignB7_
FNF:29
FNH:29
DA:18,5
DA:19,5
DA:20,1
DA:21,1
DA:23,1
DA:24,1
DA:26,2
DA:27,1
DA:28,1
DA:31,5
DA:42,1
DA:43,1
DA:44,1
DA:46,55
DA:47,55
DA:48,55
DA:50,613
DA:51,613
DA:52,613
DA:53,613
DA:54,2958
DA:55,613
DA:57,12
DA:58,12
DA:59,12
DA:60,12
DA:61,12
DA:62,12
DA:63,12
DA:64,1
DA:65,1
DA:66,1
DA:67,1
DA:68,11
DA:69,11
DA:70,11
DA:71,11
DA:72,11
DA:73,60
DA:74,11
DA:75,11
DA:76,12
DA:78,130
DA:79,130
DA:80,130
DA:81,862
DA:82,862
DA:83,862
DA:84,130
DA:85,130
DA:87,5
DA:88,5
DA:89,5
DA:90,12
DA:91,12
DA:92,12
DA:93,12
DA:94,12
DA:95,5
DA:96,5
DA:97,5
DA:101,618
DA:102,618
DA:103,618
DA:104,618
DA:105,618
DA:112,202
DA:113,202
DA:114,202
DA:115,202
DA:116,202
DA:117,1
DA:118,1
DA:119,1
DA:120,1
DA:122,201
DA:123,69
DA:124,69
DA:125,69
DA:127,67
DA:128,1
DA:129,1
DA:130,1
DA:131,1
DA:132,66
DA:133,66
DA:134,288
DA:135,288
DA:136,288
DA:137,66
DA:138,132
DA:139,530
DA:140,530
DA:141,392
DA:142,137
DA:144,1
DA:145,1
DA:146,1
DA:151,0
DA:154,197
DA:155,202
DA:159,133
DA:160,552
DA:161,552
DA:163,133
DA:164,133
DA:171,257
DA:172,257
DA:173,2312
DA:174,2312
DA:175,2312
DA:176,257
DA:177,257
DA:187,68
DA:188,68
DA:189,68
DA:190,68
DA:191,544
DA:192,68
DA:202,1
DA:203,1
DA:204,1
DA:205,1
DA:206,8
DA:207,1
DA:220,125
DA:221,125
DA:222,125
DA:226,1
DA:227,1
DA:228,1
DA:236,1
DA:237,1
DA:238,1
DA:244,1887
DA:245,1887
DA:246,1887
DA:250,122
DA:251,122
DA:252,122
DA:258,1
DA:259,1
DA:260,1
DA:261,1
DA:265,23
DA:266,23
DA:267,23
DA:268,23
DA:269,23
DA:275,1
DA:276,1
DA:277,1
DA:278,1
DA:282,1
DA:283,1
DA:284,1
DA:285,1
BRF:0
BRH:0
LF:166
LH:165
end_of_record
SF:C:\Users\quinn\Desktop\dev\rust_vm\src\control_rom.rs
FN:156,_RNvNtNtCs5UU8ErMDLaj_7rust_vm11control_rom5testss_19not_yet_implemented
FN:77,_RNvNtNtCs5UU8ErMDLaj_7rust_vm11control_rom5testss_3add
FN:103,_RNvNtNtCs5UU8ErMDLaj_7rust_vm11control_rom5testss_3and
FN:116,_RNvNtNtCs5UU8ErMDLaj_7rust_vm11control_rom5testss_3nor
FN:90,_RNvNtNtCs5UU8ErMDLaj_7rust_vm11control_rom5testss_3sub
FN:129,_RNvNtNtCs5UU8ErMDLaj_7rust_vm11control_rom5testss_3xor
FN:142,_RNvNtNtCs5UU8ErMDLaj_7rust_vm11control_rom5testss_6rshift
FN:15,_RNvMNtCs5UU8ErMDLaj_7rust_vm11control_romNtB2_10ControlRom19get_control_signals
FNDA:1,_RNvNtNtCs5UU8ErMDLaj_7rust_vm11control_rom5testss_19not_yet_implemented
FNDA:1,_RNvNtNtCs5UU8ErMDLaj_7rust_vm11control_rom5testss_3add
FNDA:1,_RNvNtNtCs5UU8ErMDLaj_7rust_vm11control_rom5testss_3and
FNDA:1,_RNvNtNtCs5UU8ErMDLaj_7rust_vm11control_rom5testss_3nor
FNDA:1,_RNvNtNtCs5UU8ErMDLaj_7rust_vm11control_rom5testss_3sub
FNDA:1,_RNvNtNtCs5UU8ErMDLaj_7rust_vm11control_rom5testss_3xor
FNDA:1,_RNvNtNtCs5UU8ErMDLaj_7rust_vm11control_rom5testss_6rshift
FNDA:30,_RNvMNtCs5UU8ErMDLaj_7rust_vm11control_romNtB2_10ControlRom19get_control_signals
FNF:8
FNH:8
DA:15,30
DA:16,30
DA:17,30
DA:18,1
DA:19,1
DA:20,1
DA:21,1
DA:22,1
DA:23,29
DA:24,6
DA:25,6
DA:26,23
DA:27,9
DA:28,9
DA:29,9
DA:30,9
DA:31,9
DA:32,14
DA:33,2
DA:34,2
DA:35,2
DA:36,2
DA:37,2
DA:38,12
DA:39,1
DA:40,1
DA:41,1
DA:42,1
DA:43,1
DA:44,11
DA:45,1
DA:46,1
DA:47,1
DA:48,1
DA:49,1
DA:50,10
DA:51,3
DA:52,3
DA:53,3
DA:54,3
DA:55,3
DA:56,7
DA:57,3
DA:58,3
DA:59,3
DA:60,3
DA:61,3
DA:62,4
DA:63,3
DA:64,3
DA:65,3
DA:66,3
DA:67,3
DA:68,1
DA:70,29
DA:77,1
DA:78,1
DA:79,1
DA:80,1
DA:81,1
DA:82,1
DA:83,1
DA:84,1
DA:85,1
DA:86,1
DA:87,1
DA:90,1
DA:91,1
DA:92,1
DA:93,1
DA:94,1
DA:95,1
DA:96,1
DA:97,1
DA:98,1
DA:99,1
DA:100,1
DA:103,1
DA:104,1
DA:105,1
DA:106,1
DA:107,1
DA:108,1
DA:109,1
DA:110,1
DA:111,1
DA:112,1
DA:113,1
DA:116,1
DA:117,1
DA:118,1
DA:119,1
DA:120,1
DA:121,1
DA:122,1
DA:123,1
DA:124,1
DA:125,1
DA:126,1
DA:129,1
DA:130,1
DA:131,1
DA:132,1
DA:133,1
DA:134,1
DA:135,1
DA:136,1
DA:137,1
DA:138,1
DA:139,1
DA:142,1
DA:143,1
DA:144,1
DA:145,1
DA:146,1
DA:147,1
DA:148,1
DA:149,1
DA:150,1
DA:151,1
DA:152,1
DA:156,1
DA:157,1
DA:158,1
BRF:0
BRH:0
LF:124
LH:124
end_of_record
SF:C:\Users\quinn\Desktop\dev\rust_vm\src\instruction_memory.rs
FN:18,_RNvMs_NtCs5UU8ErMDLaj_7rust_vm18instruction_memoryNtB4_17InstructionMemory17load_instructions
FN:10,_RNvXNtCs5UU8ErMDLaj_7rust_vm18instruction_memoryNtB2_17InstructionMemoryNtNtCs4M45Py2ANNS_4core7default7Default7default
FN:33,_RNvNtNtCs5UU8ErMDLaj_7rust_vm18instruction_memory5tests16make_instruction
FN:44,_RNvNtNtCs5UU8ErMDLaj_7rust_vm18instruction_memory5testss_38test_load_instructions_overflow_panics
FNDA:7,_RNvMs_NtCs5UU8ErMDLaj_7rust_vm18instruction_memoryNtB4_17InstructionMemory17load_instructions
FNDA:7,_RNvXNtCs5UU8ErMDLaj_7rust_vm18instruction_memoryNtB2_17InstructionMemoryNtNtCs4M45Py2ANNS_4core7default7Default7default
FNDA:1,_RNvNtNtCs5UU8ErMDLaj_7rust_vm18instruction_memory5tests16make_instruction
FNDA:1,_RNvNtNtCs5UU8ErMDLaj_7rust_vm18instruction_memory5testss_38test_load_instructions_overflow_panics
FNF:4
FNH:4
DA:10,7
DA:11,7
DA:12,7
DA:13,7
DA:14,7
DA:18,7
DA:19,1048
DA:20,1048
DA:21,1047
DA:22,1047
DA:23,1
DA:26,6
DA:33,1
DA:34,1
DA:35,1
DA:36,1
DA:37,1
DA:38,1
DA:39,1
DA:40,1
DA:44,1
DA:45,1
DA:46,1
DA:47,1
DA:48,1
BRF:0
BRH:0
LF:25
LH:25
end_of_record
SF:C:\Users\quinn\Desktop\dev\rust_vm\src\lib.rs
FN:140,_RNvNtCs5UU8ErMDLaj_7rust_vm5testss_17test_vm_execution
FN:186,_RNvNtCs5UU8ErMDLaj_7rust_vm5testss_17test_vm_program_3
FN:133,_RNvNtCs5UU8ErMDLaj_7rust_vm5testss_23test_vm_execute_program
FN:167,_RNvNtCs5UU8ErMDLaj_7rust_vm5testss_25test_vm_execute_program_2
FN:194,_RNvNtCs5UU8ErMDLaj_7rust_vm5testss_8test_fib
FN:157,_RNvNtCs5UU8ErMDLaj_7rust_vm5testss_8test_nop
FN:76,_RNvMCs5UU8ErMDLaj_7rust_vmNtB2_2VM19process_instruction
FN:33,_RNvMCs5UU8ErMDLaj_7rust_vmNtB2_2VM3new
FN:106,_RNvMCs5UU8ErMDLaj_7rust_vmNtB2_2VM5clock
FN:121,_RNvXs_Cs5UU8ErMDLaj_7rust_vmNtB4_2VMNtNtCs4M45Py2ANNS_4core7default7Default7default
FN:54,_RINvMCs5UU8ErMDLaj_7rust_vmNtB3_2VM12load_programRNtNtCs95AQCFfcpgw_3std4path4PathEB3_
FN:48,_RINvMCs5UU8ErMDLaj_7rust_vmNtB3_2VM15execute_programReEB3_
FN:62,_RNCINvMCs5UU8ErMDLaj_7rust_vmNtB5_2VM12load_programRNtNtCs95AQCFfcpgw_3std4path4PathE0B5_
FN:65,_RNCNCINvMCs5UU8ErMDLaj_7rust_vmNtB7_2VM12load_programRNtNtCs95AQCFfcpgw_3std4path4PathE00B7_
FNDA:1,_RNvNtCs5UU8ErMDLaj_7rust_vm5testss_17test_vm_execution
FNDA:1,_RNvNtCs5UU8ErMDLaj_7rust_vm5testss_17test_vm_program_3
FNDA:1,_RNvNtCs5UU8ErMDLaj_7rust_vm5testss_23test_vm_execute_program
FNDA:1,_RNvNtCs5UU8ErMDLaj_7rust_vm5testss_25test_vm_execute_program_2
FNDA:1,_RNvNtCs5UU8ErMDLaj_7rust_vm5testss_8test_fib
FNDA:1,_RNvNtCs5UU8ErMDLaj_7rust_vm5testss_8test_nop
FNDA:23,_RNvMCs5UU8ErMDLaj_7rust_vmNtB2_2VM19process_instruction
FNDA:6,_RNvMCs5UU8ErMDLaj_7rust_vmNtB2_2VM3new
FNDA:23,_RNvMCs5UU8ErMDLaj_7rust_vmNtB2_2VM5clock
FNDA:4,_RNvXs_Cs5UU8ErMDLaj_7rust_vmNtB4_2VMNtNtCs4M45Py2ANNS_4core7default7Default7default
FNDA:6,_RINvMCs5UU8ErMDLaj_7rust_vmNtB3_2VM12load_programRNtNtCs95AQCFfcpgw_3std4path4PathEB3_
FNDA:6,_RINvMCs5UU8ErMDLaj_7rust_vmNtB3_2VM15execute_programReEB3_
FNDA:23,_RNCINvMCs5UU8ErMDLaj_7rust_vmNtB5_2VM12load_programRNtNtCs95AQCFfcpgw_3std4path4PathE0B5_
FNDA:92,_RNCNCINvMCs5UU8ErMDLaj_7rust_vmNtB7_2VM12load_programRNtNtCs95AQCFfcpgw_3std4path4PathE00B7_
FNF:14
FNH:14
DA:33,6
DA:34,6
DA:35,6
DA:36,6
DA:37,6
DA:38,6
DA:39,6
DA:40,6
DA:41,6
DA:42,6
DA:43,6
DA:44,6
DA:45,6
DA:46,6
DA:48,6
DA:49,6
DA:50,6
DA:51,23
DA:52,6
DA:54,6
DA:55,6
DA:56,6
DA:57,6
DA:58,6
DA:59,6
DA:60,6
DA:61,6
DA:62,23
DA:63,23
DA:64,23
DA:65,92
DA:66,23
DA:67,23
DA:68,23
DA:69,23
DA:70,23
DA:71,6
DA:72,6
DA:73,6
DA:74,6
DA:76,23
DA:77,23
DA:78,23
DA:79,23
DA:80,23
DA:81,16
DA:82,16
DA:83,7
DA:84,7
DA:86,23
DA:87,23
DA:88,23
DA:89,23
DA:90,23
DA:91,23
DA:92,23
DA:93,23
DA:94,3
DA:95,3
DA:96,3
DA:97,3
DA:98,3
DA:99,20
DA:100,23
DA:101,3
DA:102,20
DA:103,23
DA:104,23
DA:106,23
DA:107,23
DA:108,23
DA:109,23
DA:110,23
DA:111,0
DA:112,23
DA:113,23
DA:114,23
DA:115,23
DA:116,23
DA:117,23
DA:121,4
DA:122,4
DA:123,4
DA:133,1
DA:134,1
DA:135,1
DA:136,1
DA:137,1
DA:140,1
DA:141,1
DA:142,1
DA:143,1
DA:144,1
DA:145,1
DA:146,1
DA:147,1
DA:148,1
DA:149,1
DA:150,1
DA:151,1
DA:152,1
DA:153,1
DA:154,1
DA:157,1
DA:158,1
DA:159,1
DA:160,1
DA:161,1
DA:162,1
DA:163,1
DA:164,1
DA:167,1
DA:168,1
DA:169,1
DA:170,1
DA:171,1
DA:172,1
DA:173,1
DA:174,1
DA:175,1
DA:176,1
DA:177,1
DA:179,1
DA:180,1
DA:181,1
DA:182,1
DA:183,1
DA:186,1
DA:187,1
DA:188,1
DA:189,1
DA:190,1
DA:191,1
DA:194,1
DA:195,1
DA:196,1
DA:197,1
DA:198,1
DA:199,1
DA:200,1
DA:201,1
DA:202,1
BRF:0
BRH:0
LF:145
LH:144
end_of_record
SF:C:\Users\quinn\Desktop\dev\rust_vm\src\parser.rs
FN:132,_RNvNtCs5UU8ErMDLaj_7rust_vm6parser17parse_instruction
FN:26,_RNvNtCs5UU8ErMDLaj_7rust_vm6parser21parse_register_string
FN:14,_RNvXNtCs5UU8ErMDLaj_7rust_vm6parserNtB2_11ParserErrorNtNtCs4M45Py2ANNS_4core3fmt7Display3fmt
FN:33,_RINvNtCs5UU8ErMDLaj_7rust_vm6parser13parse_programRNtNtCs95AQCFfcpgw_3std4path4PathEB4_
FN:33,_RINvNtCs5UU8ErMDLaj_7rust_vm6parser13parse_programReEB4_
FN:38,_RNCINvNtCs5UU8ErMDLaj_7rust_vm6parser13parse_programRNtNtCs95AQCFfcpgw_3std4path4PathE0B6_
FN:38,_RNCINvNtCs5UU8ErMDLaj_7rust_vm6parser13parse_programReE0B6_
FNDA:36,_RNvNtCs5UU8ErMDLaj_7rust_vm6parser17parse_instruction
FNDA:53,_RNvNtCs5UU8ErMDLaj_7rust_vm6parser21parse_register_string
FNDA:10,_RNvXNtCs5UU8ErMDLaj_7rust_vm6parserNtB2_11ParserErrorNtNtCs4M45Py2ANNS_4core3fmt7Display3fmt
FNDA:6,_RINvNtCs5UU8ErMDLaj_7rust_vm6parser13parse_programRNtNtCs95AQCFfcpgw_3std4path4PathEB4_
FNDA:15,_RINvNtCs5UU8ErMDLaj_7rust_vm6parser13parse_programReEB4_
FNDA:0,_RNCINvNtCs5UU8ErMDLaj_7rust_vm6parser13parse_programRNtNtCs95AQCFfcpgw_3std4path4PathE0B6_
FNDA:1,_RNCINvNtCs5UU8ErMDLaj_7rust_vm6parser13parse_programReE0B6_
FNF:5
FNH:5
DA:14,10
DA:15,10
DA:16,1
DA:17,1
DA:18,8
DA:20,10
DA:26,53
DA:27,53
DA:28,2
DA:29,51
DA:30,51
DA:31,53
DA:33,21
DA:34,21
DA:35,21
DA:36,21
DA:37,21
DA:38,21
DA:39,20
DA:41,50
DA:42,43
DA:43,43
DA:44,43
DA:45,41
DA:46,2
DA:48,41
DA:49,41
DA:50,41
DA:51,9
DA:52,9
DA:53,9
DA:54,9
DA:55,1
DA:56,8
DA:58,32
DA:59,18
DA:60,17
DA:61,1
DA:63,17
DA:64,16
DA:65,1
DA:67,16
DA:68,15
DA:69,1
DA:71,15
DA:72,1
DA:73,14
DA:74,14
DA:75,14
DA:76,14
DA:77,14
DA:79,14
DA:80,7
DA:81,6
DA:82,1
DA:84,6
DA:85,5
DA:86,1
DA:88,4
DA:89,1
DA:90,3
DA:91,3
DA:92,3
DA:93,9
DA:94,6
DA:95,6
DA:97,7
DA:98,6
DA:99,5
DA:100,1
DA:102,5
DA:103,4
DA:104,1
DA:106,4
DA:107,1
DA:108,3
DA:109,3
DA:110,3
DA:111,3
DA:112,3
DA:115,1
DA:116,1
DA:117,1
DA:120,28
DA:124,7
DA:125,34
DA:126,27
DA:129,7
DA:130,21
DA:132,36
DA:133,36
DA:134,36
DA:135,34
DA:136,27
DA:137,16
DA:138,14
DA:139,13
DA:140,12
DA:141,8
DA:142,4
DA:144,1
DA:145,1
DA:146,1
DA:149,35
DA:150,36
BRF:0
BRH:0
LF:106
LH:100
end_of_record
SF:C:\Users\quinn\Desktop\dev\rust_vm\src\program_counter.rs
FN:9,_RNvMNtCs5UU8ErMDLaj_7rust_vm15program_counterNtB2_2PC5clock
FN:15,_RNvMNtCs5UU8ErMDLaj_7rust_vm15program_counterNtB2_2PC9increment
FNDA:23,_RNvMNtCs5UU8ErMDLaj_7rust_vm15program_counterNtB2_2PC5clock
FNDA:23,_RNvMNtCs5UU8ErMDLaj_7rust_vm15program_counterNtB2_2PC9increment
FNF:2
FNH:2
DA:9,23
DA:10,23
DA:11,23
DA:12,23
DA:13,23
DA:15,23
DA:16,23
DA:17,23
BRF:0
BRH:0
LF:8
LH:8
end_of_record
SF:C:\Users\quinn\Desktop\dev\rust_vm\src\register.rs
FN:28,_RNvMNtCs5UU8ErMDLaj_7rust_vm8registerNtB2_12RegisterFile14is_valid_indexB4_
FN:45,_RNvMNtCs5UU8ErMDLaj_7rust_vm8registerNtB2_12RegisterFile14schedule_write
FN:34,_RNvMNtCs5UU8ErMDLaj_7rust_vm8registerNtB2_12RegisterFile18set_read_addresses
FN:20,_RNvMNtCs5UU8ErMDLaj_7rust_vm8registerNtB2_12RegisterFile3new
FN:65,_RNvMNtCs5UU8ErMDLaj_7rust_vm8registerNtB2_12RegisterFile5clock
FN:56,_RNvMNtCs5UU8ErMDLaj_7rust_vm8registerNtB2_12RegisterFile6enable
FN:51,_RNvMNtCs5UU8ErMDLaj_7rust_vm8registerNtB2_12RegisterFile7disable
FN:82,_RNvMNtCs5UU8ErMDLaj_7rust_vm8registerNtB2_12RegisterFile7display
FNDA:149,_RNvMNtCs5UU8ErMDLaj_7rust_vm8registerNtB2_12RegisterFile14is_valid_indexB4_
FNDA:31,_RNvMNtCs5UU8ErMDLaj_7rust_vm8registerNtB2_12RegisterFile14schedule_write
FNDA:29,_RNvMNtCs5UU8ErMDLaj_7rust_vm8registerNtB2_12RegisterFile18set_read_addresses
FNDA:2,_RNvMNtCs5UU8ErMDLaj_7rust_vm8registerNtB2_12RegisterFile3new
FNDA:31,_RNvMNtCs5UU8ErMDLaj_7rust_vm8registerNtB2_12RegisterFile5clock
FNDA:26,_RNvMNtCs5UU8ErMDLaj_7rust_vm8registerNtB2_12RegisterFile6enable
FNDA:9,_RNvMNtCs5UU8ErMDLaj_7rust_vm8registerNtB2_12RegisterFile7disable
FNDA:1,_RNvMNtCs5UU8ErMDLaj_7rust_vm8registerNtB2_12RegisterFile7display
FNF:8
FNH:8
DA:20,2
DA:21,2
DA:22,2
DA:23,2
DA:24,2
DA:25,2
DA:26,2
DA:28,149
DA:29,149
DA:30,149
DA:31,149
DA:34,29
DA:35,29
DA:36,44
DA:37,44
DA:38,44
DA:39,44
DA:40,44
DA:42,7
DA:43,29
DA:45,31
DA:46,31
DA:47,22
DA:48,22
DA:49,31
DA:51,9
DA:52,9
DA:53,9
DA:54,9
DA:56,26
DA:57,26
DA:58,52
DA:59,52
DA:60,52
DA:61,52
DA:63,26
DA:65,31
DA:66,31
DA:67,24
DA:68,46
DA:69,22
DA:70,44
DA:72,44
DA:73,44
DA:74,5
DA:75,39
DA:77,0
DA:79,7
DA:80,31
DA:82,1
DA:83,2
DA:84,2
DA:85,32
DA:86,32
DA:87,32
DA:88,2
DA:90,1
BRF:0
BRH:0
LF:57
LH:56
end_of_record