SF:C:\Users\quinn\Desktop\dev\rust_vm\src\alu.rs
FN:168,_RNCNvMs_NtCs5UU8ErMDLaj_7rust_vm3aluNtB6_3Alu7compute0B8_
FN:172,_RNCNvMs_NtCs5UU8ErMDLaj_7rust_vm3aluNtB6_3Alu7computes_0B8_
FN:36,_RNvMNtCs5UU8ErMDLaj_7rust_vm3aluNtB2_11AluSettings6config
FN:129,_RNvMNtCs5UU8ErMDLaj_7rust_vm3aluNtB2_11AluSettings9from_bits
FN:218,_RNvMs_NtCs5UU8ErMDLaj_7rust_vm3aluNtB4_3Alu11set_setting
FN:149,_RNvMs_NtCs5UU8ErMDLaj_7rust_vm3aluNtB4_3Alu3new
FN:154,_RNvMs_NtCs5UU8ErMDLaj_7rust_vm3aluNtB4_3Alu7compute
FNDA:224,_RNCNvMs_NtCs5UU8ErMDLaj_7rust_vm3aluNtB6_3Alu7compute0B8_
FNDA:176,_RNCNvMs_NtCs5UU8ErMDLaj_7rust_vm3aluNtB6_3Alu7computes_0B8_
FNDA:16,_RNvMNtCs5UU8ErMDLaj_7rust_vm3aluNtB2_11AluSettings6config
FNDA:10,_RNvMNtCs5UU8ErMDLaj_7rust_vm3aluNtB2_11AluSettings9from_bits
FNDA:3,_RNvMs_NtCs5UU8ErMDLaj_7rust_vm3aluNtB4_3Alu11set_setting
FNDA:13,_RNvMs_NtCs5UU8ErMDLaj_7rust_vm3aluNtB4_3Alu3new
FNDA:68,_RNvMs_NtCs5UU8ErMDLaj_7rust_vm3aluNtB4_3Alu7compute
FNF:7
FNH:7
DA:36,16
DA:37,16
DA:38,4
DA:39,4
DA:40,4
DA:41,4
DA:42,4
DA:43,4
DA:44,4
DA:45,4
DA:46,3
DA:47,3
DA:48,3
DA:49,3
DA:50,3
DA:51,3
DA:52,3
DA:53,3
DA:54,1
DA:55,1
DA:56,1
DA:57,1
DA:58,1
DA:59,1
DA:60,1
DA:61,1
DA:62,1
DA:63,1
DA:64,1
DA:65,1
DA:66,1
DA:67,1
DA:68,1
DA:69,1
DA:70,1
DA:71,1
DA:72,1
DA:73,1
DA:74,1
DA:75,1
DA:76,1
DA:77,1
DA:78,1
DA:79,1
DA:80,1
DA:81,1
DA:82,1
DA:83,1
DA:84,1
DA:85,1
DA:86,1
DA:87,1
DA:88,1
DA:89,1
DA:90,1
DA:91,1
DA:92,1
DA:93,1
DA:94,1
DA:95,1
DA:96,1
DA:97,1
DA:98,1
DA:99,1
DA:100,1
DA:101,1
DA:102,1
DA:103,1
DA:104,1
DA:105,1
DA:106,1
DA:107,1
DA:108,1
DA:109,1
DA:110,1
DA:111,1
DA:112,1
DA:113,1
DA:114,1
DA:115,1
DA:116,1
DA:117,1
DA:118,1
DA:119,1
DA:120,1
DA:121,1
DA:122,1
DA:123,1
DA:124,1
DA:125,1
DA:127,16
DA:129,10
DA:130,10
DA:131,10
DA:132,7
DA:133,5
DA:134,4
DA:135,3
DA:136,2
DA:137,1
DA:139,9
DA:149,13
DA:150,13
DA:151,13
DA:152,13
DA:154,68
DA:156,68
DA:157,68
DA:158,68
DA:159,2
DA:160,16
DA:161,14
DA:162,14
DA:163,2
DA:164,2
DA:165,66
DA:166,66
DA:167,66
DA:168,224
DA:169,38
DA:171,66
DA:172,176
DA:173,44
DA:175,66
DA:176,66
DA:177,66
DA:178,660
DA:179,594
DA:180,66
DA:181,10
DA:182,56
DA:184,66
DA:185,528
DA:186,528
DA:187,528
DA:188,528
DA:189,528
DA:190,272
DA:191,272
DA:192,256
DA:193,256
DA:194,39
DA:195,217
DA:196,85
DA:197,132
DA:201,66
DA:202,29
DA:203,37
DA:205,528
DA:206,528
DA:207,225
DA:208,225
DA:209,225
DA:210,303
DA:211,303
DA:212,303
DA:215,66
DA:216,68
DA:218,3
DA:219,3
DA:220,3
DA:221,3
BRF:0
BRH:0
LF:164
LH:164
end_of_record
SF:C:\Users\quinn\Desktop\dev\rust_vm\src\bits.rs
FN:15,_RNvXNtCs5UU8ErMDLaj_7rust_vm4bitsNtB2_14BitsParseErrorNtNtCs4M45Py2ANNS_4core3fmt7Display3fmt
FN:174,_RNvXsj_NtCs5UU8ErMDLaj_7rust_vm4bitsINtB5_4BitsKj8_EINtNtCs4M45Py2ANNS_4core7convert4FromhE4from
FN:174,_RNvXsk_NtCs5UU8ErMDLaj_7rust_vm4bitsINtB5_4BitsKj10_EINtNtCs4M45Py2ANNS_4core7convert4FromtE4from
FN:174,_RNvXso_NtCs5UU8ErMDLaj_7rust_vm4bitsINtB5_4BitsKj8_EINtNtCs4M45Py2ANNS_4core7convert4FromaE4from
FN:174,_RNvXsq_NtCs5UU8ErMDLaj_7rust_vm4bitsINtB5_4BitsKj20_EINtNtCs4M45Py2ANNS_4core7convert4FromlE4from
FN:190,_RNvXst_NtCs5UU8ErMDLaj_7rust_vm4bitsaINtNtCs4M45Py2ANNS_4core7convert4FromINtB5_4BitsKj8_EE4from
FN:190,_RNvXsy_NtCs5UU8ErMDLaj_7rust_vm4bitshINtNtCs4M45Py2ANNS_4core7convert4FromINtB5_4BitsKj8_EE4from
FN:51,_RNCNvMs0_NtCs5UU8ErMDLaj_7rust_vm4bitsINtB7_4BitsKpE8to_bytes0B9_
FN:194,_RNCNvXsA_NtCs5UU8ErMDLaj_7rust_vm4bitsmINtNtCs4M45Py2ANNS_4core7convert4FromINtB7_4BitsKj20_EE4from0B9_
FN:194,_RNCNvXsB_NtCs5UU8ErMDLaj_7rust_vm4bitsyINtNtCs4M45Py2ANNS_4core7convert4FromINtB7_4BitsKj40_EE4from0B9_
FN:194,_RNCNvXsC_NtCs5UU8ErMDLaj_7rust_vm4bitsjINtNtCs4M45Py2ANNS_4core7convert4FromINtB7_4BitsKj40_EE4from0B9_
FN:209,_RNCNvXsD_NtCs5UU8ErMDLaj_7rust_vm4bitsaINtNtCs4M45Py2ANNS_4core7convert4FromRINtB7_4BitsKj8_EE4from0B9_
FN:209,_RNCNvXsE_NtCs5UU8ErMDLaj_7rust_vm4bitssINtNtCs4M45Py2ANNS_4core7convert4FromRINtB7_4BitsKj10_EE4from0B9_
FN:209,_RNCNvXsF_NtCs5UU8ErMDLaj_7rust_vm4bitslINtNtCs4M45Py2ANNS_4core7convert4FromRINtB7_4BitsKj20_EE4from0B9_
FN:209,_RNCNvXsG_NtCs5UU8ErMDLaj_7rust_vm4bitsxINtNtCs4M45Py2ANNS_4core7convert4FromRINtB7_4BitsKj40_EE4from0B9_
FN:209,_RNCNvXsH_NtCs5UU8ErMDLaj_7rust_vm4bitsiINtNtCs4M45Py2ANNS_4core7convert4FromRINtB7_4BitsKj40_EE4from0B9_
FN:209,_RNCNvXsI_NtCs5UU8ErMDLaj_7rust_vm4bitshINtNtCs4M45Py2ANNS_4core7convert4FromRINtB7_4BitsKj8_EE4from0B9_
FN:209,_RNCNvXsJ_NtCs5UU8ErMDLaj_7rust_vm4bitstINtNtCs4M45Py2ANNS_4core7convert4FromRINtB7_4BitsKj10_EE4from0B9_
FN:209,_RNCNvXsK_NtCs5UU8ErMDLaj_7rust_vm4bitsmINtNtCs4M45Py2ANNS_4core7convert4FromRINtB7_4BitsKj20_EE4from0B9_
FN:209,_RNCNvXsL_NtCs5UU8ErMDLaj_7rust_vm4bitsyINtNtCs4M45Py2ANNS_4core7convert4FromRINtB7_4BitsKj40_EE4from0B9_
FN:209,_RNCNvXsM_NtCs5UU8ErMDLaj_7rust_vm4bitsjINtNtCs4M45Py2ANNS_4core7convert4FromRINtB7_4BitsKj40_EE4from0B9_
FN:194,_RNCNvXsu_NtCs5UU8ErMDLaj_7rust_vm4bitssINtNtCs4M45Py2ANNS_4core7convert4FromINtB7_4BitsKj10_EE4from0B9_
FN:194,_RNCNvXsv_NtCs5UU8ErMDLaj_7rust_vm4bitslINtNtCs4M45Py2ANNS_4core7convert4FromINtB7_4BitsKj20_EE4from0B9_
FN:194,_RNCNvXsw_NtCs5UU8ErMDLaj_7rust_vm4bitsxINtNtCs4M45Py2ANNS_4core7convert4FromINtB7_4BitsKj40_EE4from0B9_
FN:194,_RNCNvXsx_NtCs5UU8ErMDLaj_7rust_vm4bitsiINtNtCs4M45Py2ANNS_4core7convert4FromINtB7_4BitsKj40_EE4from0B9_
FN:194,_RNCNvXsz_NtCs5UU8ErMDLaj_7rust_vm4bitstINtNtCs4M45Py2ANNS_4core7convert4FromINtB7_4BitsKj10_EE4from0B9_
FN:44,_RNvMs0_NtCs5UU8ErMDLaj_7rust_vm4bitsINtB5_4BitsKpE3lenB7_
FN:48,_RNvMs0_NtCs5UU8ErMDLaj_7rust_vm4bitsINtB5_4BitsKpE8to_bytesB7_
FN:229,_RNvXININtCs5UU8ErMDLaj_7rust_vm4bitss5_0KpEAbpINtNtCs4M45Py2ANNS_4core7convert4FromINtB5_4BitsKpEE4fromB7_
FN:255,_RNvXININtCs5UU8ErMDLaj_7rust_vm4bitss8_0KpEINtB5_4BitsKpEINtNtNtCs4M45Py2ANNS_4core3ops5index5IndexINtNtBY_5range5RangejEE5indexB7_
FN:190,_RNvXsA_NtCs5UU8ErMDLaj_7rust_vm4bitsmINtNtCs4M45Py2ANNS_4core7convert4FromINtB5_4BitsKj20_EE4from
FN:190,_RNvXsB_NtCs5UU8ErMDLaj_7rust_vm4bitsyINtNtCs4M45Py2ANNS_4core7convert4FromINtB5_4BitsKj40_EE4from
FN:190,_RNvXsC_NtCs5UU8ErMDLaj_7rust_vm4bitsjINtNtCs4M45Py2ANNS_4core7convert4FromINtB5_4BitsKj40_EE4from
FN:205,_RNvXsD_NtCs5UU8ErMDLaj_7rust_vm4bitsaINtNtCs4M45Py2ANNS_4core7convert4FromRINtB5_4BitsKj8_EE4from
FN:205,_RNvXsE_NtCs5UU8ErMDLaj_7rust_vm4bitssINtNtCs4M45Py2ANNS_4core7convert4FromRINtB5_4BitsKj10_EE4from
FN:205,_RNvXsF_NtCs5UU8ErMDLaj_7rust_vm4bitslINtNtCs4M45Py2ANNS_4core7convert4FromRINtB5_4BitsKj20_EE4from
FN:205,_RNvXsG_NtCs5UU8ErMDLaj_7rust_vm4bitsxINtNtCs4M45Py2ANNS_4core7convert4FromRINtB5_4BitsKj40_EE4from
FN:205,_RNvXsH_NtCs5UU8ErMDLaj_7rust_vm4bitsiINtNtCs4M45Py2ANNS_4core7convert4FromRINtB5_4BitsKj40_EE4from
FN:205,_RNvXsI_NtCs5UU8ErMDLaj_7rust_vm4bitshINtNtCs4M45Py2ANNS_4core7convert4FromRINtB5_4BitsKj8_EE4from
FN:205,_RNvXsJ_NtCs5UU8ErMDLaj_7rust_vm4bitstINtNtCs4M45Py2ANNS_4core7convert4FromRINtB5_4BitsKj10_EE4from
FN:205,_RNvXsK_NtCs5UU8ErMDLaj_7rust_vm4bitsmINtNtCs4M45Py2ANNS_4core7convert4FromRINtB5_4BitsKj20_EE4from
FN:205,_RNvXsL_NtCs5UU8ErMDLaj_7rust_vm4bitsyINtNtCs4M45Py2ANNS_4core7convert4FromRINtB5_4BitsKj40_EE4from
FN:205,_RNvXsM_NtCs5UU8ErMDLaj_7rust_vm4bitsjINtNtCs4M45Py2ANNS_4core7convert4FromRINtB5_4BitsKj40_EE4from
FN:174,_RNvXsl_NtCs5UU8ErMDLaj_7rust_vm4bitsINtB5_4BitsKj20_EINtNtCs4M45Py2ANNS_4core7convert4FrommE4from
FN:174,_RNvXsm_NtCs5UU8ErMDLaj_7rust_vm4bitsINtB5_4BitsKj40_EINtNtCs4M45Py2ANNS_4core7convert4FromyE4from
FN:174,_RNvXsn_NtCs5UU8ErMDLaj_7rust_vm4bitsINtB5_4BitsKj40_EINtNtCs4M45Py2ANNS_4core7convert4FromjE4from
FN:174,_RNvXsp_NtCs5UU8ErMDLaj_7rust_vm4bitsINtB5_4BitsKj10_EINtNtCs4M45Py2ANNS_4core7convert4FromsE4from
FN:174,_RNvXsr_NtCs5UU8ErMDLaj_7rust_vm4bitsINtB5_4BitsKj40_EINtNtCs4M45Py2ANNS_4core7convert4FromxE4from
FN:174,_RNvXss_NtCs5UU8ErMDLaj_7rust_vm4bitsINtB5_4BitsKj40_EINtNtCs4M45Py2ANNS_4core7convert4FromiE4from
FN:190,_RNvXsu_NtCs5UU8ErMDLaj_7rust_vm4bitssINtNtCs4M45Py2ANNS_4core7convert4FromINtB5_4BitsKj10_EE4from
FN:190,_RNvXsv_NtCs5UU8ErMDLaj_7rust_vm4bitslINtNtCs4M45Py2ANNS_4core7convert4FromINtB5_4BitsKj20_EE4from
FN:190,_RNvXsw_NtCs5UU8ErMDLaj_7rust_vm4bitsxINtNtCs4M45Py2ANNS_4core7convert4FromINtB5_4BitsKj40_EE4from
FN:190,_RNvXsx_NtCs5UU8ErMDLaj_7rust_vm4bitsiINtNtCs4M45Py2ANNS_4core7convert4FromINtB5_4BitsKj40_EE4from
FN:190,_RNvXsz_NtCs5UU8ErMDLaj_7rust_vm4bitstINtNtCs4M45Py2ANNS_4core7convert4FromINtB5_4BitsKj10_EE4from
FN:90,_RINvMs0_NtCs5UU8ErMDLaj_7rust_vm4bitsINtB6_4BitsKj10_E9to_chunksKj4_EB8_
FN:81,_RINvMs0_NtCs5UU8ErMDLaj_7rust_vm4bitsINtB6_4BitsKj20_E6resizeKj4_EB8_
FN:63,_RINvMs0_NtCs5UU8ErMDLaj_7rust_vm4bitsINtB6_4BitsKj4_E24try_from_unsigned_numberhEB8_
FN:63,_RINvMs0_NtCs5UU8ErMDLaj_7rust_vm4bitsINtB6_4BitsKj8_E24try_from_unsigned_numberhEB8_
FN:81,_RINvMs0_NtCs5UU8ErMDLaj_7rust_vm4bitsINtB6_4BitsKj8_E6resizeKBL_EB8_
FN:81,_RINvMs0_NtCs5UU8ErMDLaj_7rust_vm4bitsINtB6_4BitsKj8_E6resizeKj4_EB8_
FN:84,_RNCINvMs0_NtCs5UU8ErMDLaj_7rust_vm4bitsINtB8_4BitsKj20_E6resizeKj4_E0Ba_
FN:76,_RNCINvMs0_NtCs5UU8ErMDLaj_7rust_vm4bitsINtB8_4BitsKj4_E24try_from_unsigned_numberhE0Ba_
FN:76,_RNCINvMs0_NtCs5UU8ErMDLaj_7rust_vm4bitsINtB8_4BitsKj8_E24try_from_unsigned_numberhE0Ba_
FN:84,_RNCINvMs0_NtCs5UU8ErMDLaj_7rust_vm4bitsINtB8_4BitsKj8_E6resizeKBN_E0Ba_
FN:84,_RNCINvMs0_NtCs5UU8ErMDLaj_7rust_vm4bitsINtB8_4BitsKj8_E6resizeKj4_E0Ba_
FN:60,_RNCNvMs0_NtCs5UU8ErMDLaj_7rust_vm4bitsINtB7_4BitsKj4_E8to_usize0B9_
FN:60,_RNCNvMs0_NtCs5UU8ErMDLaj_7rust_vm4bitsINtB7_4BitsKj8_E8to_usize0B9_
FN:127,_RNCNvXs2_NtCs5UU8ErMDLaj_7rust_vm4bitsINtB7_4BitsKj10_ENtNtNtCs4M45Py2ANNS_4core3str6traits7FromStr8from_str0B9_
FN:137,_RNCNvXs2_NtCs5UU8ErMDLaj_7rust_vm4bitsINtB7_4BitsKj10_ENtNtNtCs4M45Py2ANNS_4core3str6traits7FromStr8from_strs_0B9_
FN:127,_RNCNvXs2_NtCs5UU8ErMDLaj_7rust_vm4bitsINtB7_4BitsKj4_ENtNtNtCs4M45Py2ANNS_4core3str6traits7FromStr8from_str0B9_
FN:137,_RNCNvXs2_NtCs5UU8ErMDLaj_7rust_vm4bitsINtB7_4BitsKj4_ENtNtNtCs4M45Py2ANNS_4core3str6traits7FromStr8from_strs_0B9_
FN:127,_RNCNvXs2_NtCs5UU8ErMDLaj_7rust_vm4bitsINtB7_4BitsKj8_ENtNtNtCs4M45Py2ANNS_4core3str6traits7FromStr8from_str0B9_
FN:137,_RNCNvXs2_NtCs5UU8ErMDLaj_7rust_vm4bitsINtB7_4BitsKj8_ENtNtNtCs4M45Py2ANNS_4core3str6traits7FromStr8from_strs_0B9_
FN:194,_RNCNvXst_NtCs5UU8ErMDLaj_7rust_vm4bitsaINtNtCs4M45Py2ANNS_4core7convert4FromINtB7_4BitsKj8_EE4from0B9_
FN:194,_RNCNvXsy_NtCs5UU8ErMDLaj_7rust_vm4bitshINtNtCs4M45Py2ANNS_4core7convert4FromINtB7_4BitsKj8_EE4from0B9_
FN:36,_RNvMs0_NtCs5UU8ErMDLaj_7rust_vm4bitsINtB5_4BitsKj4_E4iterB7_
FN:40,_RNvMs0_NtCs5UU8ErMDLaj_7rust_vm4bitsINtB5_4BitsKj4_E8iter_mutB7_
FN:56,_RNvMs0_NtCs5UU8ErMDLaj_7rust_vm4bitsINtB5_4BitsKj4_E8to_usizeB7_
FN:40,_RNvMs0_NtCs5UU8ErMDLaj_7rust_vm4bitsINtB5_4BitsKj8_E8iter_mutB7_
FN:56,_RNvMs0_NtCs5UU8ErMDLaj_7rust_vm4bitsINtB5_4BitsKj8_E8to_usizeB7_
FN:103,_RNvXs1_NtCs5UU8ErMDLaj_7rust_vm4bitsINtB5_4BitsKj4_ENtNtCs4M45Py2ANNS_4core7default7Default7defaultB7_
FN:103,_RNvXs1_NtCs5UU8ErMDLaj_7rust_vm4bitsINtB5_4BitsKj8_ENtNtCs4M45Py2ANNS_4core7default7Default7defaultB7_
FN:114,_RNvXs2_NtCs5UU8ErMDLaj_7rust_vm4bitsINtB5_4BitsKj10_ENtNtNtCs4M45Py2ANNS_4core3str6traits7FromStr8from_strB7_
FN:114,_RNvXs2_NtCs5UU8ErMDLaj_7rust_vm4bitsINtB5_4BitsKj4_ENtNtNtCs4M45Py2ANNS_4core3str6traits7FromStr8from_strB7_
FN:114,_RNvXs2_NtCs5UU8ErMDLaj_7rust_vm4bitsINtB5_4BitsKj8_ENtNtNtCs4M45Py2ANNS_4core3str6traits7FromStr8from_strB7_
FN:162,_RNvXs3_NtCs5UU8ErMDLaj_7rust_vm4bitsINtB5_4BitsKj4_ENtNtCs4M45Py2ANNS_4core3fmt7Display3fmtB7_
FN:162,_RNvXs3_NtCs5UU8ErMDLaj_7rust_vm4bitsINtB5_4BitsKj8_ENtNtCs4M45Py2ANNS_4core3fmt7Display3fmtB7_
FN:223,_RNvXs4_NtCs5UU8ErMDLaj_7rust_vm4bitsINtB5_4BitsKj3_EINtNtCs4M45Py2ANNS_4core7convert4FromAbBK_E4fromB7_
FN:223,_RNvXs4_NtCs5UU8ErMDLaj_7rust_vm4bitsINtB5_4BitsKj4_EINtNtCs4M45Py2ANNS_4core7convert4FromAbBK_E4fromB7_
FN:223,_RNvXs4_NtCs5UU8ErMDLaj_7rust_vm4bitsINtB5_4BitsKj8_EINtNtCs4M45Py2ANNS_4core7convert4FromAbBK_E4fromB7_
FN:239,_RNvXs6_NtCs5UU8ErMDLaj_7rust_vm4bitsINtB5_4BitsKj3_ENtNtNtNtCs4M45Py2ANNS_4core4iter6traits7collect12IntoIterator9into_iterB7_
FN:247,_RNvXs7_NtCs5UU8ErMDLaj_7rust_vm4bitsINtB5_4BitsKj10_EINtNtNtCs4M45Py2ANNS_4core3ops5index5IndexjE5indexB7_
FN:247,_RNvXs7_NtCs5UU8ErMDLaj_7rust_vm4bitsINtB5_4BitsKj8_EINtNtNtCs4M45Py2ANNS_4core3ops5index5IndexjE5indexB7_
FN:261,_RNvXs9_NtCs5UU8ErMDLaj_7rust_vm4bitsINtB5_4BitsKj4_ENtNtCs4M45Py2ANNS_4core3cmp9PartialEq2eqB7_
FN:261,_RNvXs9_NtCs5UU8ErMDLaj_7rust_vm4bitsINtB5_4BitsKj8_ENtNtCs4M45Py2ANNS_4core3cmp9PartialEq2eqB7_
FNDA:0,_RNvXNtCs5UU8ErMDLaj_7rust_vm4bitsNtB2_14BitsParseErrorNtNtCs4M45Py2ANNS_4core3fmt7Display3fmt
FNDA:174,_RNvXsj_NtCs5UU8ErMDLaj_7rust_vm4bitsINtB5_4BitsKj8_EINtNtCs4M45Py2ANNS_4core7convert4FromhE4from
FNDA:1,_RNvXsk_NtCs5UU8ErMDLaj_7rust_vm4bitsINtB5_4BitsKj10_EINtNtCs4M45Py2ANNS_4core7convert4FromtE4from
FNDA:3,_RNvXso_NtCs5UU8ErMDLaj_7rust_vm4bitsINtB5_4BitsKj8_EINtNtCs4M45Py2ANNS_4core7convert4FromaE4from
FNDA:2,_RNvXsq_NtCs5UU8ErMDLaj_7rust_vm4bitsINtB5_4BitsKj20_EINtNtCs4M45Py2ANNS_4core7convert4FromlE4from
FNDA:1,_RNvXst_NtCs5UU8ErMDLaj_7rust_vm4bitsaINtNtCs4M45Py2ANNS_4core7convert4FromINtB5_4BitsKj8_EE4from
FNDA:67,_RNvXsy_NtCs5UU8ErMDLaj_7rust_vm4bitshINtNtCs4M45Py2ANNS_4core7convert4FromINtB5_4BitsKj8_EE4from
FNDA:0,_RNCNvMs0_NtCs5UU8ErMDLaj_7rust_vm4bitsINtB7_4BitsKpE8to_bytes0B9_
FNDA:0,_RNCNvXsA_NtCs5UU8ErMDLaj_7rust_vm4bitsmINtNtCs4M45Py2ANNS_4core7convert4FromINtB7_4BitsKj20_EE4from0B9_
FNDA:0,_RNCNvXsB_NtCs5UU8ErMDLaj_7rust_vm4bitsyINtNtCs4M45Py2ANNS_4core7convert4FromINtB7_4BitsKj40_EE4from0B9_
FNDA:0,_RNCNvXsC_NtCs5UU8ErMDLaj_7rust_vm4bitsjINtNtCs4M45Py2ANNS_4core7convert4FromINtB7_4BitsKj40_EE4from0B9_
FNDA:0,_RNCNvXsD_NtCs5UU8ErMDLaj_7rust_vm4bitsaINtNtCs4M45Py2ANNS_4core7convert4FromRINtB7_4BitsKj8_EE4from0B9_
FNDA:0,_RNCNvXsE_NtCs5UU8ErMDLaj_7rust_vm4bitssINtNtCs4M45Py2ANNS_4core7convert4FromRINtB7_4BitsKj10_EE4from0B9_
FNDA:0,_RNCNvXsF_NtCs5UU8ErMDLaj_7rust_vm4bitslINtNtCs4M45Py2ANNS_4core7convert4FromRINtB7_4BitsKj20_EE4from0B9_
FNDA:0,_RNCNvXsG_NtCs5UU8ErMDLaj_7rust_vm4bitsxINtNtCs4M45Py2ANNS_4core7convert4FromRINtB7_4BitsKj40_EE4from0B9_
FNDA:0,_RNCNvXsH_NtCs5UU8ErMDLaj_7rust_vm4bitsiINtNtCs4M45Py2ANNS_4core7convert4FromRINtB7_4BitsKj40_EE4from0B9_
FNDA:0,_RNCNvXsI_NtCs5UU8ErMDLaj_7rust_vm4bitshINtNtCs4M45Py2ANNS_4core7convert4FromRINtB7_4BitsKj8_EE4from0B9_
FNDA:0,_RNCNvXsJ_NtCs5UU8ErMDLaj_7rust_vm4bitstINtNtCs4M45Py2ANNS_4core7convert4FromRINtB7_4BitsKj10_EE4from0B9_
FNDA:0,_RNCNvXsK_NtCs5UU8ErMDLaj_7rust_vm4bitsmINtNtCs4M45Py2ANNS_4core7convert4FromRINtB7_4BitsKj20_EE4from0B9_
FNDA:0,_RNCNvXsL_NtCs5UU8ErMDLaj_7rust_vm4bitsyINtNtCs4M45Py2ANNS_4core7convert4FromRINtB7_4BitsKj40_EE4from0B9_
FNDA:0,_RNCNvXsM_NtCs5UU8ErMDLaj_7rust_vm4bitsjINtNtCs4M45Py2ANNS_4core7convert4FromRINtB7_4BitsKj40_EE4from0B9_
FNDA:0,_RNCNvXsu_NtCs5UU8ErMDLaj_7rust_vm4bitssINtNtCs4M45Py2ANNS_4core7convert4FromINtB7_4BitsKj10_EE4from0B9_
FNDA:0,_RNCNvXsv_NtCs5UU8ErMDLaj_7rust_vm4bitslINtNtCs4M45Py2ANNS_4core7convert4FromINtB7_4BitsKj20_EE4from0B9_
FNDA:0,_RNCNvXsw_NtCs5UU8ErMDLaj_7rust_vm4bitsxINtNtCs4M45Py2ANNS_4core7convert4FromINtB7_4BitsKj40_EE4from0B9_
FNDA:0,_RNCNvXsx_NtCs5UU8ErMDLaj_7rust_vm4bitsiINtNtCs4M45Py2ANNS_4core7convert4FromINtB7_4BitsKj40_EE4from0B9_
FNDA:0,_RNCNvXsz_NtCs5UU8ErMDLaj_7rust_vm4bitstINtNtCs4M45Py2ANNS_4core7convert4FromINtB7_4BitsKj10_EE4from0B9_
FNDA:0,_RNvMs0_NtCs5UU8ErMDLaj_7rust_vm4bitsINtB5_4BitsKpE3lenB7_
FNDA:0,_RNvMs0_NtCs5UU8ErMDLaj_7rust_vm4bitsINtB5_4BitsKpE8to_bytesB7_
FNDA:0,_RNvXININtCs5UU8ErMDLaj_7rust_vm4bitss5_0KpEAbpINtNtCs4M45Py2ANNS_4core7convert4FromINtB5_4BitsKpEE4fromB7_
FNDA:0,_RNvXININtCs5UU8ErMDLaj_7rust_vm4bitss8_0KpEINtB5_4BitsKpEINtNtNtCs4M45Py2ANNS_4core3ops5index5IndexINtNtBY_5range5RangejEE5indexB7_
FNDA:0,_RNvXsA_NtCs5UU8ErMDLaj_7rust_vm4bitsmINtNtCs4M45Py2ANNS_4core7convert4FromINtB5_4BitsKj20_EE4from
FNDA:0,_RNvXsB_NtCs5UU8ErMDLaj_7rust_vm4bitsyINtNtCs4M45Py2ANNS_4core7convert4FromINtB5_4BitsKj40_EE4from
FNDA:0,_RNvXsC_NtCs5UU8ErMDLaj_7rust_vm4bitsjINtNtCs4M45Py2ANNS_4core7convert4FromINtB5_4BitsKj40_EE4from
FNDA:0,_RNvXsD_NtCs5UU8ErMDLaj_7rust_vm4bitsaINtNtCs4M45Py2ANNS_4core7convert4FromRINtB5_4BitsKj8_EE4from
FNDA:0,_RNvXsE_NtCs5UU8ErMDLaj_7rust_vm4bitssINtNtCs4M45Py2ANNS_4core7convert4FromRINtB5_4BitsKj10_EE4from
FNDA:0,_RNvXsF_NtCs5UU8ErMDLaj_7rust_vm4bitslINtNtCs4M45Py2ANNS_4core7convert4FromRINtB5_4BitsKj20_EE4from
FNDA:0,_RNvXsG_NtCs5UU8ErMDLaj_7rust_vm4bitsxINtNtCs4M45Py2ANNS_4core7convert4FromRINtB5_4BitsKj40_EE4from
FNDA:0,_RNvXsH_NtCs5UU8ErMDLaj_7rust_vm4bitsiINtNtCs4M45Py2ANNS_4core7convert4FromRINtB5_4BitsKj40_EE4from
FNDA:0,_RNvXsI_NtCs5UU8ErMDLaj_7rust_vm4bitshINtNtCs4M45Py2ANNS_4core7convert4FromRINtB5_4BitsKj8_EE4from
FNDA:0,_RNvXsJ_NtCs5UU8ErMDLaj_7rust_vm4bitstINtNtCs4M45Py2ANNS_4core7convert4FromRINtB5_4BitsKj10_EE4from
FNDA:0,_RNvXsK_NtCs5UU8ErMDLaj_7rust_vm4bitsmINtNtCs4M45Py2ANNS_4core7convert4FromRINtB5_4BitsKj20_EE4from
FNDA:0,_RNvXsL_NtCs5UU8ErMDLaj_7rust_vm4bitsyINtNtCs4M45Py2ANNS_4core7convert4FromRINtB5_4BitsKj40_EE4from
FNDA:0,_RNvXsM_NtCs5UU8ErMDLaj_7rust_vm4bitsjINtNtCs4M45Py2ANNS_4core7convert4FromRINtB5_4BitsKj40_EE4from
FNDA:0,_RNvXsl_NtCs5UU8ErMDLaj_7rust_vm4bitsINtB5_4BitsKj20_EINtNtCs4M45Py2ANNS_4core7convert4FrommE4from
FNDA:0,_RNvXsm_NtCs5UU8ErMDLaj_7rust_vm4bitsINtB5_4BitsKj40_EINtNtCs4M45Py2ANNS_4core7convert4FromyE4from
FNDA:0,_RNvXsn_NtCs5UU8ErMDLaj_7rust_vm4bitsINtB5_4BitsKj40_EINtNtCs4M45Py2ANNS_4core7convert4FromjE4from
FNDA:0,_RNvXsp_NtCs5UU8ErMDLaj_7rust_vm4bitsINtB5_4BitsKj10_EINtNtCs4M45Py2ANNS_4core7convert4FromsE4from
FNDA:0,_RNvXsr_NtCs5UU8ErMDLaj_7rust_vm4bitsINtB5_4BitsKj40_EINtNtCs4M45Py2ANNS_4core7convert4FromxE4from
FNDA:0,_RNvXss_NtCs5UU8ErMDLaj_7rust_vm4bitsINtB5_4BitsKj40_EINtNtCs4M45Py2ANNS_4core7convert4FromiE4from
FNDA:0,_RNvXsu_NtCs5UU8ErMDLaj_7rust_vm4bitssINtNtCs4M45Py2ANNS_4core7convert4FromINtB5_4BitsKj10_EE4from
FNDA:0,_RNvXsv_NtCs5UU8ErMDLaj_7rust_vm4bitslINtNtCs4M45Py2ANNS_4core7convert4FromINtB5_4BitsKj20_EE4from
FNDA:0,_RNvXsw_NtCs5UU8ErMDLaj_7rust_vm4bitsxINtNtCs4M45Py2ANNS_4core7convert4FromINtB5_4BitsKj40_EE4from
FNDA:0,_RNvXsx_NtCs5UU8ErMDLaj_7rust_vm4bitsiINtNtCs4M45Py2ANNS_4core7convert4FromINtB5_4BitsKj40_EE4from
FNDA:0,_RNvXsz_NtCs5UU8ErMDLaj_7rust_vm4bitstINtNtCs4M45Py2ANNS_4core7convert4FromINtB5_4BitsKj10_EE4from
FNDA:3,_RINvMs0_NtCs5UU8ErMDLaj_7rust_vm4bitsINtB6_4BitsKj10_E9to_chunksKj4_EB8_
FNDA:2,_RINvMs0_NtCs5UU8ErMDLaj_7rust_vm4bitsINtB6_4BitsKj20_E6resizeKj4_EB8_
FNDA:6,_RINvMs0_NtCs5UU8ErMDLaj_7rust_vm4bitsINtB6_4BitsKj4_E24try_from_unsigned_numberhEB8_
FNDA:3,_RINvMs0_NtCs5UU8ErMDLaj_7rust_vm4bitsINtB6_4BitsKj8_E24try_from_unsigned_numberhEB8_
FNDA:20,_RINvMs0_NtCs5UU8ErMDLaj_7rust_vm4bitsINtB6_4BitsKj8_E6resizeKBL_EB8_
FNDA:11,_RINvMs0_NtCs5UU8ErMDLaj_7rust_vm4bitsINtB6_4BitsKj8_E6resizeKj4_EB8_
FNDA:8,_RNCINvMs0_NtCs5UU8ErMDLaj_7rust_vm4bitsINtB8_4BitsKj20_E6resizeKj4_E0Ba_
FNDA:24,_RNCINvMs0_NtCs5UU8ErMDLaj_7rust_vm4bitsINtB8_4BitsKj4_E24try_from_unsigned_numberhE0Ba_
FNDA:24,_RNCINvMs0_NtCs5UU8ErMDLaj_7rust_vm4bitsINtB8_4BitsKj8_E24try_from_unsigned_numberhE0Ba_
FNDA:160,_RNCINvMs0_NtCs5UU8ErMDLaj_7rust_vm4bitsINtB8_4BitsKj8_E6resizeKBN_E0Ba_
FNDA:44,_RNCINvMs0_NtCs5UU8ErMDLaj_7rust_vm4bitsINtB8_4BitsKj8_E6resizeKj4_E0Ba_
FNDA:552,_RNCNvMs0_NtCs5UU8ErMDLaj_7rust_vm4bitsINtB7_4BitsKj4_E8to_usize0B9_
FNDA:208,_RNCNvMs0_NtCs5UU8ErMDLaj_7rust_vm4bitsINtB7_4BitsKj8_E8to_usize0B9_
FNDA:0,_RNCNvXs2_NtCs5UU8ErMDLaj_7rust_vm4bitsINtB7_4BitsKj10_ENtNtNtCs4M45Py2ANNS_4core3str6traits7FromStr8from_str0B9_
FNDA:0,_RNCNvXs2_NtCs5UU8ErMDLaj_7rust_vm4bitsINtB7_4BitsKj10_ENtNtNtCs4M45Py2ANNS_4core3str6traits7FromStr8from_strs_0B9_
FNDA:0,_RNCNvXs2_NtCs5UU8ErMDLaj_7rust_vm4bitsINtB7_4BitsKj4_ENtNtNtCs4M45Py2ANNS_4core3str6traits7FromStr8from_str0B9_
FNDA:96,_RNCNvXs2_NtCs5UU8ErMDLaj_7rust_vm4bitsINtB7_4BitsKj4_ENtNtNtCs4M45Py2ANNS_4core3str6traits7FromStr8from_strs_0B9_
FNDA:0,_RNCNvXs2_NtCs5UU8ErMDLaj_7rust_vm4bitsINtB7_4BitsKj8_ENtNtNtCs4M45Py2ANNS_4core3str6traits7FromStr8from_str0B9_
FNDA:8,_RNCNvXs2_NtCs5UU8ErMDLaj_7rust_vm4bitsINtB7_4BitsKj8_ENtNtNtCs4M45Py2ANNS_4core3str6traits7FromStr8from_strs_0B9_
FNDA:8,_RNCNvXst_NtCs5UU8ErMDLaj_7rust_vm4bitsaINtNtCs4M45Py2ANNS_4core7convert4FromINtB7_4BitsKj8_EE4from0B9_
FNDA:536,_RNCNvXsy_NtCs5UU8ErMDLaj_7rust_vm4bitshINtNtCs4M45Py2ANNS_4core7convert4FromINtB7_4BitsKj8_EE4from0B9_
FNDA:1,_RNvMs0_NtCs5UU8ErMDLaj_7rust_vm4bitsINtB5_4BitsKj4_E4iterB7_
FNDA:1,_RNvMs0_NtCs5UU8ErMDLaj_7rust_vm4bitsINtB5_4BitsKj4_E8iter_mutB7_
FNDA:138,_RNvMs0_NtCs5UU8ErMDLaj_7rust_vm4bitsINtB5_4BitsKj4_E8to_usizeB7_
FNDA:50,_RNvMs0_NtCs5UU8ErMDLaj_7rust_vm4bitsINtB5_4BitsKj8_E8iter_mutB7_
FNDA:26,_RNvMs0_NtCs5UU8ErMDLaj_7rust_vm4bitsINtB5_4BitsKj8_E8to_usizeB7_
FNDA:18,_RNvXs1_NtCs5UU8ErMDLaj_7rust_vm4bitsINtB5_4BitsKj4_ENtNtCs4M45Py2ANNS_4core7default7Default7defaultB7_
FNDA:306,_RNvXs1_NtCs5UU8ErMDLaj_7rust_vm4bitsINtB5_4BitsKj8_ENtNtCs4M45Py2ANNS_4core7default7Default7defaultB7_
FNDA:3,_RNvXs2_NtCs5UU8ErMDLaj_7rust_vm4bitsINtB5_4BitsKj10_ENtNtNtCs4M45Py2ANNS_4core3str6traits7FromStr8from_strB7_
FNDA:36,_RNvXs2_NtCs5UU8ErMDLaj_7rust_vm4bitsINtB5_4BitsKj4_ENtNtNtCs4M45Py2ANNS_4core3str6traits7FromStr8from_strB7_
FNDA:1,_RNvXs2_NtCs5UU8ErMDLaj_7rust_vm4bitsINtB5_4BitsKj8_ENtNtNtCs4M45Py2ANNS_4core3str6traits7FromStr8from_strB7_
FNDA:36,_RNvXs3_NtCs5UU8ErMDLaj_7rust_vm4bitsINtB5_4BitsKj4_ENtNtCs4M45Py2ANNS_4core3fmt7Display3fmtB7_
FNDA:49,_RNvXs3_NtCs5UU8ErMDLaj_7rust_vm4bitsINtB5_4BitsKj8_ENtNtCs4M45Py2ANNS_4core3fmt7Display3fmtB7_
FNDA:1,_RNvXs4_NtCs5UU8ErMDLaj_7rust_vm4bitsINtB5_4BitsKj3_EINtNtCs4M45Py2ANNS_4core7convert4FromAbBK_E4fromB7_
FNDA:5,_RNvXs4_NtCs5UU8ErMDLaj_7rust_vm4bitsINtB5_4BitsKj4_EINtNtCs4M45Py2ANNS_4core7convert4FromAbBK_E4fromB7_
FNDA:68,_RNvXs4_NtCs5UU8ErMDLaj_7rust_vm4bitsINtB5_4BitsKj8_EINtNtCs4M45Py2ANNS_4core7convert4FromAbBK_E4fromB7_
FNDA:1,_RNvXs6_NtCs5UU8ErMDLaj_7rust_vm4bitsINtB5_4BitsKj3_ENtNtNtNtCs4M45Py2ANNS_4core4iter6traits7collect12IntoIterator9into_iterB7_
FNDA:3,_RNvXs7_NtCs5UU8ErMDLaj_7rust_vm4bitsINtB5_4BitsKj10_EINtNtNtCs4M45Py2ANNS_4core3ops5index5IndexjE5indexB7_
FNDA:1074,_RNvXs7_NtCs5UU8ErMDLaj_7rust_vm4bitsINtB5_4BitsKj8_EINtNtNtCs4M45Py2ANNS_4core3ops5index5IndexjE5indexB7_
FNDA:23,_RNvXs9_NtCs5UU8ErMDLaj_7rust_vm4bitsINtB5_4BitsKj4_ENtNtCs4M45Py2ANNS_4core3cmp9PartialEq2eqB7_
FNDA:13,_RNvXs9_NtCs5UU8ErMDLaj_7rust_vm4bitsINtB5_4BitsKj8_ENtNtCs4M45Py2ANNS_4core3cmp9PartialEq2eqB7_
FNF:29
FNH:20
DA:15,0
DA:16,0
DA:17,0
DA:18,0
DA:20,0
DA:21,0
DA:23,0
DA:25,0
DA:36,1
DA:37,1
DA:38,1
DA:40,51
DA:41,51
DA:42,51
DA:44,0
DA:45,0
DA:46,0
DA:48,0
DA:49,0
DA:50,0
DA:51,0
DA:52,0
DA:53,0
DA:54,0
DA:56,164
DA:57,164
DA:58,164
DA:59,164
DA:60,760
DA:61,164
DA:63,9
DA:64,9
DA:65,9
DA:66,9
DA:67,9
DA:68,9
DA:69,9
DA:70,0
DA:71,9
DA:72,9
DA:73,9
DA:74,9
DA:75,9
DA:76,48
DA:77,9
DA:78,9
DA:79,9
DA:81,33
DA:82,33
DA:83,33
DA:84,212
DA:85,212
DA:86,212
DA:87,33
DA:88,33
DA:90,3
DA:91,3
DA:92,3
DA:93,12
DA:94,12
DA:95,12
DA:96,12
DA:97,12
DA:98,3
DA:99,3
DA:103,324
DA:104,324
DA:105,324
DA:106,324
DA:107,324
DA:114,40
DA:115,40
DA:116,40
DA:117,40
DA:118,40
DA:119,0
DA:120,0
DA:121,0
DA:122,0
DA:124,40
DA:125,25
DA:126,25
DA:127,25
DA:129,25
DA:131,0
DA:132,0
DA:133,0
DA:134,0
DA:135,25
DA:136,25
DA:137,104
DA:138,104
DA:139,104
DA:140,25
DA:141,15
DA:142,96
DA:143,96
DA:144,61
DA:145,35
DA:147,0
DA:148,0
DA:149,0
DA:154,0
DA:157,40
DA:158,40
DA:162,85
DA:163,536
DA:164,536
DA:166,85
DA:167,85
DA:174,180
DA:175,180
DA:176,1496
DA:177,1496
DA:178,1496
DA:179,180
DA:180,180
DA:190,68
DA:191,68
DA:192,68
DA:193,68
DA:194,544
DA:195,68
DA:205,0
DA:206,0
DA:207,0
DA:208,0
DA:209,0
DA:210,0
DA:223,74
DA:224,74
DA:225,74
DA:229,0
DA:230,0
DA:231,0
DA:239,1
DA:240,1
DA:241,1
DA:247,1077
DA:248,1077
DA:249,1077
DA:255,0
DA:256,0
DA:257,0
DA:261,36
DA:262,36
DA:263,36
BRF:0
BRH:0
LF:157
LH:111
end_of_record
SF:C:\Users\quinn\Desktop\dev\rust_vm\src\control_rom.rs
FN:45,_RNvNtNtCs5UU8ErMDLaj_7rust_vm11control_rom5testss_15test_execute_as
FN:10,_RNCNvNtCs5UU8ErMDLaj_7rust_vm11control_rom10execute_as0B5_
FN:22,_RNCNvNtCs5UU8ErMDLaj_7rust_vm11control_rom10execute_ass_0B5_
FN:6,_RNvNtCs5UU8ErMDLaj_7rust_vm11control_rom10execute_as
FNDA:1,_RNvNtNtCs5UU8ErMDLaj_7rust_vm11control_rom5testss_15test_execute_as
FNDA:16,_RNCNvNtCs5UU8ErMDLaj_7rust_vm11control_rom10execute_as0B5_
FNDA:3,_RNCNvNtCs5UU8ErMDLaj_7rust_vm11control_rom10execute_ass_0B5_
FNDA:1,_RNvNtCs5UU8ErMDLaj_7rust_vm11control_rom10execute_as
FNF:4
FNH:4
DA:6,1
DA:7,1
DA:8,1
DA:9,1
DA:10,16
DA:11,1
DA:12,16
DA:13,16
DA:14,16
DA:15,1
DA:16,1
DA:17,1
DA:18,1
DA:19,1
DA:20,1
DA:21,1
DA:22,3
DA:23,1
DA:25,4
DA:26,3
DA:27,3
DA:28,3
DA:29,3
DA:30,3
DA:31,3
DA:32,3
DA:33,3
DA:34,3
DA:36,48
DA:37,48
DA:38,48
DA:40,1
DA:45,1
DA:46,1
DA:47,1
DA:48,1
BRF:0
BRH:0
LF:38
LH:38
end_of_record
SF:C:\Users\quinn\Desktop\dev\rust_vm\src\parser.rs
FN:24,_RNvNtCs5UU8ErMDLaj_7rust_vm6parser13parse_program
FN:82,_RNvNtCs5UU8ErMDLaj_7rust_vm6parser17parse_instruction
FN:13,_RNvXNtCs5UU8ErMDLaj_7rust_vm6parserNtB2_11ParserErrorNtNtCs4M45Py2ANNS_4core3fmt7Display3fmt
FN:31,_RNCNvNtCs5UU8ErMDLaj_7rust_vm6parser13parse_program0B5_
FN:104,_RNvNtNtCs5UU8ErMDLaj_7rust_vm6parser5testss_18test_parse_program
FNDA:2,_RNvNtCs5UU8ErMDLaj_7rust_vm6parser13parse_program
FNDA:6,_RNvNtCs5UU8ErMDLaj_7rust_vm6parser17parse_instruction
FNDA:0,_RNvXNtCs5UU8ErMDLaj_7rust_vm6parserNtB2_11ParserErrorNtNtCs4M45Py2ANNS_4core3fmt7Display3fmt
FNDA:0,_RNCNvNtCs5UU8ErMDLaj_7rust_vm6parser13parse_program0B5_
FNDA:1,_RNvNtNtCs5UU8ErMDLaj_7rust_vm6parser5testss_18test_parse_program
FNF:5
FNH:3
DA:13,0
DA:14,0
DA:15,0
DA:16,0
DA:17,0
DA:19,0
DA:24,2
DA:27,2
DA:28,2
DA:29,2
DA:30,2
DA:31,2
DA:32,2
DA:34,8
DA:35,6
DA:36,6
DA:37,6
DA:38,0
DA:39,6
DA:40,6
DA:41,0
DA:42,6
DA:43,6
DA:44,6
DA:45,6
DA:46,6
DA:47,6
DA:48,2
DA:49,0
DA:50,2
DA:51,2
DA:52,2
DA:53,2
DA:54,2
DA:55,2
DA:56,2
DA:57,2
DA:58,2
DA:59,4
DA:60,4
DA:61,4
DA:62,4
DA:63,4
DA:64,4
DA:65,4
DA:66,4
DA:67,4
DA:68,4
DA:69,4
DA:70,6
DA:74,2
DA:75,8
DA:76,6
DA:79,2
DA:80,2
DA:82,6
DA:83,6
DA:84,6
DA:85,4
DA:86,4
DA:87,4
DA:88,4
DA:89,2
DA:91,0
DA:92,0
DA:93,0
DA:96,6
DA:97,6
DA:104,1
DA:105,1
DA:106,1
DA:107,1
BRF:0
BRH:0
LF:73
LH:60
end_of_record
SF:C:\Users\quinn\Desktop\dev\rust_vm\src\register.rs
FN:28,_RNvMNtCs5UU8ErMDLaj_7rust_vm8registerNtB2_12RegisterFile14is_valid_indexB4_
FN:45,_RNvMNtCs5UU8ErMDLaj_7rust_vm8registerNtB2_12RegisterFile14schedule_write
FN:34,_RNvMNtCs5UU8ErMDLaj_7rust_vm8registerNtB2_12RegisterFile18set_read_addresses
FN:20,_RNvMNtCs5UU8ErMDLaj_7rust_vm8registerNtB2_12RegisterFile3new
FN:65,_RNvMNtCs5UU8ErMDLaj_7rust_vm8registerNtB2_12RegisterFile5clock
FN:56,_RNvMNtCs5UU8ErMDLaj_7rust_vm8registerNtB2_12RegisterFile6enable
FN:51,_RNvMNtCs5UU8ErMDLaj_7rust_vm8registerNtB2_12RegisterFile7disable
FNDA:55,_RNvMNtCs5UU8ErMDLaj_7rust_vm8registerNtB2_12RegisterFile14is_valid_indexB4_
FNDA:10,_RNvMNtCs5UU8ErMDLaj_7rust_vm8registerNtB2_12RegisterFile14schedule_write
FNDA:9,_RNvMNtCs5UU8ErMDLaj_7rust_vm8registerNtB2_12RegisterFile18set_read_addresses
FNDA:1,_RNvMNtCs5UU8ErMDLaj_7rust_vm8registerNtB2_12RegisterFile3new
FNDA:10,_RNvMNtCs5UU8ErMDLaj_7rust_vm8registerNtB2_12RegisterFile5clock
FNDA:9,_RNvMNtCs5UU8ErMDLaj_7rust_vm8registerNtB2_12RegisterFile6enable
FNDA:2,_RNvMNtCs5UU8ErMDLaj_7rust_vm8registerNtB2_12RegisterFile7disable
FNF:7
FNH:7
DA:20,1
DA:21,1
DA:22,1
DA:23,1
DA:24,1
DA:25,1
DA:26,1
DA:28,55
DA:29,55
DA:30,55
DA:31,55
DA:34,9
DA:35,9
DA:36,18
DA:37,18
DA:38,14
DA:39,14
DA:40,14
DA:42,0
DA:43,9
DA:45,10
DA:46,10
DA:47,9
DA:48,9
DA:49,10
DA:51,2
DA:52,2
DA:53,2
DA:54,2
DA:56,9
DA:57,9
DA:58,18
DA:59,18
DA:60,2
DA:61,16
DA:63,9
DA:65,10
DA:66,10
DA:67,10
DA:68,19
DA:69,9
DA:70,18
DA:72,18
DA:73,18
DA:74,0
DA:75,18
DA:77,0
DA:79,0
DA:80,10
BRF:0
BRH:0
LF:49
LH:45
end_of_record