SF:C:\Users\quinn\Desktop\dev\rust_vm\src\alu.rs
FN:156,_RNCNvMs_NtCs5UU8ErMDLaj_7rust_vm3aluNtB6_3Alu7compute0B8_
FN:160,_RNCNvMs_NtCs5UU8ErMDLaj_7rust_vm3aluNtB6_3Alu7computes_0B8_
FN:36,_RNvMNtCs5UU8ErMDLaj_7rust_vm3aluNtB2_11AluSettings6config
FN:206,_RNvMs_NtCs5UU8ErMDLaj_7rust_vm3aluNtB4_3Alu11set_setting
FN:137,_RNvMs_NtCs5UU8ErMDLaj_7rust_vm3aluNtB4_3Alu3new
FN:142,_RNvMs_NtCs5UU8ErMDLaj_7rust_vm3aluNtB4_3Alu7compute
FNDA:232,_RNCNvMs_NtCs5UU8ErMDLaj_7rust_vm3aluNtB6_3Alu7compute0B8_
FNDA:176,_RNCNvMs_NtCs5UU8ErMDLaj_7rust_vm3aluNtB6_3Alu7computes_0B8_
FNDA:20,_RNvMNtCs5UU8ErMDLaj_7rust_vm3aluNtB2_11AluSettings6config
FNDA:7,_RNvMs_NtCs5UU8ErMDLaj_7rust_vm3aluNtB4_3Alu11set_setting
FNDA:13,_RNvMs_NtCs5UU8ErMDLaj_7rust_vm3aluNtB4_3Alu3new
FNDA:71,_RNvMs_NtCs5UU8ErMDLaj_7rust_vm3aluNtB4_3Alu7compute
FNF:6
FNH:6
DA:36,20
DA:37,20
DA:38,5
DA:39,5
DA:40,5
DA:41,5
DA:42,5
DA:43,5
DA:44,5
DA:45,5
DA:46,2
DA:47,2
DA:48,2
DA:49,2
DA:50,2
DA:51,2
DA:52,2
DA:53,2
DA:54,3
DA:55,3
DA:56,3
DA:57,3
DA:58,3
DA:59,3
DA:60,3
DA:61,3
DA:62,1
DA:63,1
DA:64,1
DA:65,1
DA:66,1
DA:67,1
DA:68,1
DA:69,1
DA:70,1
DA:71,1
DA:72,1
DA:73,1
DA:74,1
DA:75,1
DA:76,1
DA:77,1
DA:78,1
DA:79,1
DA:80,1
DA:81,1
DA:82,1
DA:83,1
DA:84,1
DA:85,1
DA:86,1
DA:87,1
DA:88,1
DA:89,1
DA:90,1
DA:91,1
DA:92,1
DA:93,1
DA:94,1
DA:95,1
DA:96,1
DA:97,1
DA:98,1
DA:99,1
DA:100,1
DA:101,1
DA:102,1
DA:103,1
DA:104,1
DA:105,1
DA:106,1
DA:107,1
DA:108,1
DA:109,1
DA:110,1
DA:111,1
DA:112,1
DA:113,1
DA:114,1
DA:115,1
DA:116,1
DA:117,1
DA:118,3
DA:119,3
DA:120,3
DA:121,3
DA:122,3
DA:123,3
DA:124,3
DA:125,3
DA:127,20
DA:137,13
DA:138,13
DA:139,13
DA:140,13
DA:142,71
DA:144,71
DA:145,71
DA:146,71
DA:147,4
DA:148,32
DA:149,28
DA:150,28
DA:151,4
DA:152,4
DA:153,67
DA:154,67
DA:155,67
DA:156,232
DA:157,38
DA:159,67
DA:160,176
DA:161,45
DA:163,67
DA:164,67
DA:165,67
DA:166,670
DA:167,603
DA:168,67
DA:169,9
DA:170,58
DA:172,67
DA:173,536
DA:174,536
DA:175,536
DA:176,536
DA:177,536
DA:178,272
DA:179,272
DA:180,264
DA:181,264
DA:182,36
DA:183,228
DA:184,88
DA:185,140
DA:189,67
DA:190,31
DA:191,36
DA:193,536
DA:194,536
DA:195,225
DA:196,225
DA:197,225
DA:198,311
DA:199,311
DA:200,311
DA:203,67
DA:204,71
DA:206,7
DA:207,7
DA:208,7
DA:209,7
BRF:0
BRH:0
LF:154
LH:154
end_of_record
SF:C:\Users\quinn\Desktop\dev\rust_vm\src\bits.rs
FN:13,_RNvXNtCs5UU8ErMDLaj_7rust_vm4bitsNtB2_14BitsParseErrorNtNtCs4M45Py2ANNS_4core3fmt7Display3fmt
FN:197,_RNvXsH_NtCs5UU8ErMDLaj_7rust_vm4bitshINtNtCs4M45Py2ANNS_4core7convert4FromRINtB5_4BitsKj8_EE4from
FN:166,_RNvXsi_NtCs5UU8ErMDLaj_7rust_vm4bitsINtB5_4BitsKj8_EINtNtCs4M45Py2ANNS_4core7convert4FromhE4from
FN:166,_RNvXsj_NtCs5UU8ErMDLaj_7rust_vm4bitsINtB5_4BitsKj10_EINtNtCs4M45Py2ANNS_4core7convert4FromtE4from
FN:166,_RNvXsn_NtCs5UU8ErMDLaj_7rust_vm4bitsINtB5_4BitsKj8_EINtNtCs4M45Py2ANNS_4core7convert4FromaE4from
FN:166,_RNvXsp_NtCs5UU8ErMDLaj_7rust_vm4bitsINtB5_4BitsKj20_EINtNtCs4M45Py2ANNS_4core7convert4FromlE4from
FN:182,_RNvXss_NtCs5UU8ErMDLaj_7rust_vm4bitsaINtNtCs4M45Py2ANNS_4core7convert4FromINtB5_4BitsKj8_EE4from
FN:182,_RNvXsx_NtCs5UU8ErMDLaj_7rust_vm4bitshINtNtCs4M45Py2ANNS_4core7convert4FromINtB5_4BitsKj8_EE4from
FN:186,_RNCNvXsA_NtCs5UU8ErMDLaj_7rust_vm4bitsyINtNtCs4M45Py2ANNS_4core7convert4FromINtB7_4BitsKj40_EE4from0B9_
FN:186,_RNCNvXsB_NtCs5UU8ErMDLaj_7rust_vm4bitsjINtNtCs4M45Py2ANNS_4core7convert4FromINtB7_4BitsKj40_EE4from0B9_
FN:201,_RNCNvXsC_NtCs5UU8ErMDLaj_7rust_vm4bitsaINtNtCs4M45Py2ANNS_4core7convert4FromRINtB7_4BitsKj8_EE4from0B9_
FN:201,_RNCNvXsD_NtCs5UU8ErMDLaj_7rust_vm4bitssINtNtCs4M45Py2ANNS_4core7convert4FromRINtB7_4BitsKj10_EE4from0B9_
FN:201,_RNCNvXsE_NtCs5UU8ErMDLaj_7rust_vm4bitslINtNtCs4M45Py2ANNS_4core7convert4FromRINtB7_4BitsKj20_EE4from0B9_
FN:201,_RNCNvXsF_NtCs5UU8ErMDLaj_7rust_vm4bitsxINtNtCs4M45Py2ANNS_4core7convert4FromRINtB7_4BitsKj40_EE4from0B9_
FN:201,_RNCNvXsG_NtCs5UU8ErMDLaj_7rust_vm4bitsiINtNtCs4M45Py2ANNS_4core7convert4FromRINtB7_4BitsKj40_EE4from0B9_
FN:201,_RNCNvXsI_NtCs5UU8ErMDLaj_7rust_vm4bitstINtNtCs4M45Py2ANNS_4core7convert4FromRINtB7_4BitsKj10_EE4from0B9_
FN:201,_RNCNvXsJ_NtCs5UU8ErMDLaj_7rust_vm4bitsmINtNtCs4M45Py2ANNS_4core7convert4FromRINtB7_4BitsKj20_EE4from0B9_
FN:201,_RNCNvXsK_NtCs5UU8ErMDLaj_7rust_vm4bitsyINtNtCs4M45Py2ANNS_4core7convert4FromRINtB7_4BitsKj40_EE4from0B9_
FN:201,_RNCNvXsL_NtCs5UU8ErMDLaj_7rust_vm4bitsjINtNtCs4M45Py2ANNS_4core7convert4FromRINtB7_4BitsKj40_EE4from0B9_
FN:186,_RNCNvXst_NtCs5UU8ErMDLaj_7rust_vm4bitssINtNtCs4M45Py2ANNS_4core7convert4FromINtB7_4BitsKj10_EE4from0B9_
FN:186,_RNCNvXsu_NtCs5UU8ErMDLaj_7rust_vm4bitslINtNtCs4M45Py2ANNS_4core7convert4FromINtB7_4BitsKj20_EE4from0B9_
FN:186,_RNCNvXsv_NtCs5UU8ErMDLaj_7rust_vm4bitsxINtNtCs4M45Py2ANNS_4core7convert4FromINtB7_4BitsKj40_EE4from0B9_
FN:186,_RNCNvXsw_NtCs5UU8ErMDLaj_7rust_vm4bitsiINtNtCs4M45Py2ANNS_4core7convert4FromINtB7_4BitsKj40_EE4from0B9_
FN:186,_RNCNvXsy_NtCs5UU8ErMDLaj_7rust_vm4bitstINtNtCs4M45Py2ANNS_4core7convert4FromINtB7_4BitsKj10_EE4from0B9_
FN:186,_RNCNvXsz_NtCs5UU8ErMDLaj_7rust_vm4bitsmINtNtCs4M45Py2ANNS_4core7convert4FromINtB7_4BitsKj20_EE4from0B9_
FN:182,_RNvXsA_NtCs5UU8ErMDLaj_7rust_vm4bitsyINtNtCs4M45Py2ANNS_4core7convert4FromINtB5_4BitsKj40_EE4from
FN:182,_RNvXsB_NtCs5UU8ErMDLaj_7rust_vm4bitsjINtNtCs4M45Py2ANNS_4core7convert4FromINtB5_4BitsKj40_EE4from
FN:197,_RNvXsC_NtCs5UU8ErMDLaj_7rust_vm4bitsaINtNtCs4M45Py2ANNS_4core7convert4FromRINtB5_4BitsKj8_EE4from
FN:197,_RNvXsD_NtCs5UU8ErMDLaj_7rust_vm4bitssINtNtCs4M45Py2ANNS_4core7convert4FromRINtB5_4BitsKj10_EE4from
FN:197,_RNvXsE_NtCs5UU8ErMDLaj_7rust_vm4bitslINtNtCs4M45Py2ANNS_4core7convert4FromRINtB5_4BitsKj20_EE4from
FN:197,_RNvXsF_NtCs5UU8ErMDLaj_7rust_vm4bitsxINtNtCs4M45Py2ANNS_4core7convert4FromRINtB5_4BitsKj40_EE4from
FN:197,_RNvXsG_NtCs5UU8ErMDLaj_7rust_vm4bitsiINtNtCs4M45Py2ANNS_4core7convert4FromRINtB5_4BitsKj40_EE4from
FN:197,_RNvXsI_NtCs5UU8ErMDLaj_7rust_vm4bitstINtNtCs4M45Py2ANNS_4core7convert4FromRINtB5_4BitsKj10_EE4from
FN:197,_RNvXsJ_NtCs5UU8ErMDLaj_7rust_vm4bitsmINtNtCs4M45Py2ANNS_4core7convert4FromRINtB5_4BitsKj20_EE4from
FN:197,_RNvXsK_NtCs5UU8ErMDLaj_7rust_vm4bitsyINtNtCs4M45Py2ANNS_4core7convert4FromRINtB5_4BitsKj40_EE4from
FN:197,_RNvXsL_NtCs5UU8ErMDLaj_7rust_vm4bitsjINtNtCs4M45Py2ANNS_4core7convert4FromRINtB5_4BitsKj40_EE4from
FN:166,_RNvXsk_NtCs5UU8ErMDLaj_7rust_vm4bitsINtB5_4BitsKj20_EINtNtCs4M45Py2ANNS_4core7convert4FrommE4from
FN:166,_RNvXsl_NtCs5UU8ErMDLaj_7rust_vm4bitsINtB5_4BitsKj40_EINtNtCs4M45Py2ANNS_4core7convert4FromyE4from
FN:166,_RNvXsm_NtCs5UU8ErMDLaj_7rust_vm4bitsINtB5_4BitsKj40_EINtNtCs4M45Py2ANNS_4core7convert4FromjE4from
FN:166,_RNvXso_NtCs5UU8ErMDLaj_7rust_vm4bitsINtB5_4BitsKj10_EINtNtCs4M45Py2ANNS_4core7convert4FromsE4from
FN:166,_RNvXsq_NtCs5UU8ErMDLaj_7rust_vm4bitsINtB5_4BitsKj40_EINtNtCs4M45Py2ANNS_4core7convert4FromxE4from
FN:166,_RNvXsr_NtCs5UU8ErMDLaj_7rust_vm4bitsINtB5_4BitsKj40_EINtNtCs4M45Py2ANNS_4core7convert4FromiE4from
FN:182,_RNvXst_NtCs5UU8ErMDLaj_7rust_vm4bitssINtNtCs4M45Py2ANNS_4core7convert4FromINtB5_4BitsKj10_EE4from
FN:182,_RNvXsu_NtCs5UU8ErMDLaj_7rust_vm4bitslINtNtCs4M45Py2ANNS_4core7convert4FromINtB5_4BitsKj20_EE4from
FN:182,_RNvXsv_NtCs5UU8ErMDLaj_7rust_vm4bitsxINtNtCs4M45Py2ANNS_4core7convert4FromINtB5_4BitsKj40_EE4from
FN:182,_RNvXsw_NtCs5UU8ErMDLaj_7rust_vm4bitsiINtNtCs4M45Py2ANNS_4core7convert4FromINtB5_4BitsKj40_EE4from
FN:182,_RNvXsy_NtCs5UU8ErMDLaj_7rust_vm4bitstINtNtCs4M45Py2ANNS_4core7convert4FromINtB5_4BitsKj10_EE4from
FN:182,_RNvXsz_NtCs5UU8ErMDLaj_7rust_vm4bitsmINtNtCs4M45Py2ANNS_4core7convert4FromINtB5_4BitsKj20_EE4from
FN:82,_RINvMs0_NtCs5UU8ErMDLaj_7rust_vm4bitsINtB6_4BitsKj10_E17split_into_chunksKj4_EB8_
FN:73,_RINvMs0_NtCs5UU8ErMDLaj_7rust_vm4bitsINtB6_4BitsKj20_E6resizeKj4_EB8_
FN:52,_RINvMs0_NtCs5UU8ErMDLaj_7rust_vm4bitsINtB6_4BitsKj4_E24try_from_unsigned_numberhEB8_
FN:52,_RINvMs0_NtCs5UU8ErMDLaj_7rust_vm4bitsINtB6_4BitsKj8_E24try_from_unsigned_numberhEB8_
FN:73,_RINvMs0_NtCs5UU8ErMDLaj_7rust_vm4bitsINtB6_4BitsKj8_E6resizeKBL_EB8_
FN:73,_RINvMs0_NtCs5UU8ErMDLaj_7rust_vm4bitsINtB6_4BitsKj8_E6resizeKj4_EB8_
FN:76,_RNCINvMs0_NtCs5UU8ErMDLaj_7rust_vm4bitsINtB8_4BitsKj20_E6resizeKj4_E0Ba_
FN:68,_RNCINvMs0_NtCs5UU8ErMDLaj_7rust_vm4bitsINtB8_4BitsKj4_E24try_from_unsigned_numberhE0Ba_
FN:68,_RNCINvMs0_NtCs5UU8ErMDLaj_7rust_vm4bitsINtB8_4BitsKj8_E24try_from_unsigned_numberhE0Ba_
FN:76,_RNCINvMs0_NtCs5UU8ErMDLaj_7rust_vm4bitsINtB8_4BitsKj8_E6resizeKBN_E0Ba_
FN:76,_RNCINvMs0_NtCs5UU8ErMDLaj_7rust_vm4bitsINtB8_4BitsKj8_E6resizeKj4_E0Ba_
FN:49,_RNCNvMs0_NtCs5UU8ErMDLaj_7rust_vm4bitsINtB7_4BitsKj10_E8to_usize0B9_
FN:49,_RNCNvMs0_NtCs5UU8ErMDLaj_7rust_vm4bitsINtB7_4BitsKj4_E8to_usize0B9_
FN:49,_RNCNvMs0_NtCs5UU8ErMDLaj_7rust_vm4bitsINtB7_4BitsKj8_E8to_usize0B9_
FN:120,_RNCNvXs2_NtCs5UU8ErMDLaj_7rust_vm4bitsINtB7_4BitsKj4_ENtNtNtCs4M45Py2ANNS_4core3str6traits7FromStr8from_str0B9_
FN:129,_RNCNvXs2_NtCs5UU8ErMDLaj_7rust_vm4bitsINtB7_4BitsKj4_ENtNtNtCs4M45Py2ANNS_4core3str6traits7FromStr8from_strs_0B9_
FN:120,_RNCNvXs2_NtCs5UU8ErMDLaj_7rust_vm4bitsINtB7_4BitsKj8_ENtNtNtCs4M45Py2ANNS_4core3str6traits7FromStr8from_str0B9_
FN:129,_RNCNvXs2_NtCs5UU8ErMDLaj_7rust_vm4bitsINtB7_4BitsKj8_ENtNtNtCs4M45Py2ANNS_4core3str6traits7FromStr8from_strs_0B9_
FN:201,_RNCNvXsH_NtCs5UU8ErMDLaj_7rust_vm4bitshINtNtCs4M45Py2ANNS_4core7convert4FromRINtB7_4BitsKj8_EE4from0B9_
FN:186,_RNCNvXss_NtCs5UU8ErMDLaj_7rust_vm4bitsaINtNtCs4M45Py2ANNS_4core7convert4FromINtB7_4BitsKj8_EE4from0B9_
FN:186,_RNCNvXsx_NtCs5UU8ErMDLaj_7rust_vm4bitshINtNtCs4M45Py2ANNS_4core7convert4FromINtB7_4BitsKj8_EE4from0B9_
FN:45,_RNvMs0_NtCs5UU8ErMDLaj_7rust_vm4bitsINtB5_4BitsKj10_E8to_usizeB7_
FN:37,_RNvMs0_NtCs5UU8ErMDLaj_7rust_vm4bitsINtB5_4BitsKj4_E4iterB7_
FN:41,_RNvMs0_NtCs5UU8ErMDLaj_7rust_vm4bitsINtB5_4BitsKj4_E8iter_mutB7_
FN:45,_RNvMs0_NtCs5UU8ErMDLaj_7rust_vm4bitsINtB5_4BitsKj4_E8to_usizeB7_
FN:41,_RNvMs0_NtCs5UU8ErMDLaj_7rust_vm4bitsINtB5_4BitsKj8_E8iter_mutB7_
FN:45,_RNvMs0_NtCs5UU8ErMDLaj_7rust_vm4bitsINtB5_4BitsKj8_E8to_usizeB7_
FN:96,_RNvXs1_NtCs5UU8ErMDLaj_7rust_vm4bitsINtB5_4BitsKj4_ENtNtCs4M45Py2ANNS_4core7default7Default7defaultB7_
FN:96,_RNvXs1_NtCs5UU8ErMDLaj_7rust_vm4bitsINtB5_4BitsKj8_ENtNtCs4M45Py2ANNS_4core7default7Default7defaultB7_
FN:107,_RNvXs2_NtCs5UU8ErMDLaj_7rust_vm4bitsINtB5_4BitsKj4_ENtNtNtCs4M45Py2ANNS_4core3str6traits7FromStr8from_strB7_
FN:107,_RNvXs2_NtCs5UU8ErMDLaj_7rust_vm4bitsINtB5_4BitsKj8_ENtNtNtCs4M45Py2ANNS_4core3str6traits7FromStr8from_strB7_
FN:154,_RNvXs3_NtCs5UU8ErMDLaj_7rust_vm4bitsINtB5_4BitsKj4_ENtNtCs4M45Py2ANNS_4core3fmt7Display3fmtB7_
FN:154,_RNvXs3_NtCs5UU8ErMDLaj_7rust_vm4bitsINtB5_4BitsKj8_ENtNtCs4M45Py2ANNS_4core3fmt7Display3fmtB7_
FN:215,_RNvXs4_NtCs5UU8ErMDLaj_7rust_vm4bitsINtB5_4BitsKj3_EINtNtCs4M45Py2ANNS_4core7convert4FromAbBK_E4fromB7_
FN:215,_RNvXs4_NtCs5UU8ErMDLaj_7rust_vm4bitsINtB5_4BitsKj4_EINtNtCs4M45Py2ANNS_4core7convert4FromAbBK_E4fromB7_
FN:215,_RNvXs4_NtCs5UU8ErMDLaj_7rust_vm4bitsINtB5_4BitsKj8_EINtNtCs4M45Py2ANNS_4core7convert4FromAbBK_E4fromB7_
FN:221,_RNvXs5_NtCs5UU8ErMDLaj_7rust_vm4bitsAbj4_INtNtCs4M45Py2ANNS_4core7convert4FromINtB5_4BitsKBA_EE4fromB7_
FN:231,_RNvXs6_NtCs5UU8ErMDLaj_7rust_vm4bitsINtB5_4BitsKj3_ENtNtNtNtCs4M45Py2ANNS_4core4iter6traits7collect12IntoIterator9into_iterB7_
FN:239,_RNvXs7_NtCs5UU8ErMDLaj_7rust_vm4bitsINtB5_4BitsKj10_EINtNtNtCs4M45Py2ANNS_4core3ops5index5IndexjE5indexB7_
FN:239,_RNvXs7_NtCs5UU8ErMDLaj_7rust_vm4bitsINtB5_4BitsKj8_EINtNtNtCs4M45Py2ANNS_4core3ops5index5IndexjE5indexB7_
FN:245,_RNvXs8_NtCs5UU8ErMDLaj_7rust_vm4bitsINtB5_4BitsKj4_ENtNtCs4M45Py2ANNS_4core3cmp9PartialEq2eqB7_
FN:245,_RNvXs8_NtCs5UU8ErMDLaj_7rust_vm4bitsINtB5_4BitsKj8_ENtNtCs4M45Py2ANNS_4core3cmp9PartialEq2eqB7_
FNDA:4,_RNvXNtCs5UU8ErMDLaj_7rust_vm4bitsNtB2_14BitsParseErrorNtNtCs4M45Py2ANNS_4core3fmt7Display3fmt
FNDA:1,_RNvXsH_NtCs5UU8ErMDLaj_7rust_vm4bitshINtNtCs4M45Py2ANNS_4core7convert4FromRINtB5_4BitsKj8_EE4from
FNDA:163,_RNvXsi_NtCs5UU8ErMDLaj_7rust_vm4bitsINtB5_4BitsKj8_EINtNtCs4M45Py2ANNS_4core7convert4FromhE4from
FNDA:3,_RNvXsj_NtCs5UU8ErMDLaj_7rust_vm4bitsINtB5_4BitsKj10_EINtNtCs4M45Py2ANNS_4core7convert4FromtE4from
FNDA:3,_RNvXsn_NtCs5UU8ErMDLaj_7rust_vm4bitsINtB5_4BitsKj8_EINtNtCs4M45Py2ANNS_4core7convert4FromaE4from
FNDA:2,_RNvXsp_NtCs5UU8ErMDLaj_7rust_vm4bitsINtB5_4BitsKj20_EINtNtCs4M45Py2ANNS_4core7convert4FromlE4from
FNDA:1,_RNvXss_NtCs5UU8ErMDLaj_7rust_vm4bitsaINtNtCs4M45Py2ANNS_4core7convert4FromINtB5_4BitsKj8_EE4from
FNDA:67,_RNvXsx_NtCs5UU8ErMDLaj_7rust_vm4bitshINtNtCs4M45Py2ANNS_4core7convert4FromINtB5_4BitsKj8_EE4from
FNDA:0,_RNCNvXsA_NtCs5UU8ErMDLaj_7rust_vm4bitsyINtNtCs4M45Py2ANNS_4core7convert4FromINtB7_4BitsKj40_EE4from0B9_
FNDA:0,_RNCNvXsB_NtCs5UU8ErMDLaj_7rust_vm4bitsjINtNtCs4M45Py2ANNS_4core7convert4FromINtB7_4BitsKj40_EE4from0B9_
FNDA:0,_RNCNvXsC_NtCs5UU8ErMDLaj_7rust_vm4bitsaINtNtCs4M45Py2ANNS_4core7convert4FromRINtB7_4BitsKj8_EE4from0B9_
FNDA:0,_RNCNvXsD_NtCs5UU8ErMDLaj_7rust_vm4bitssINtNtCs4M45Py2ANNS_4core7convert4FromRINtB7_4BitsKj10_EE4from0B9_
FNDA:0,_RNCNvXsE_NtCs5UU8ErMDLaj_7rust_vm4bitslINtNtCs4M45Py2ANNS_4core7convert4FromRINtB7_4BitsKj20_EE4from0B9_
FNDA:0,_RNCNvXsF_NtCs5UU8ErMDLaj_7rust_vm4bitsxINtNtCs4M45Py2ANNS_4core7convert4FromRINtB7_4BitsKj40_EE4from0B9_
FNDA:0,_RNCNvXsG_NtCs5UU8ErMDLaj_7rust_vm4bitsiINtNtCs4M45Py2ANNS_4core7convert4FromRINtB7_4BitsKj40_EE4from0B9_
FNDA:0,_RNCNvXsI_NtCs5UU8ErMDLaj_7rust_vm4bitstINtNtCs4M45Py2ANNS_4core7convert4FromRINtB7_4BitsKj10_EE4from0B9_
FNDA:0,_RNCNvXsJ_NtCs5UU8ErMDLaj_7rust_vm4bitsmINtNtCs4M45Py2ANNS_4core7convert4FromRINtB7_4BitsKj20_EE4from0B9_
FNDA:0,_RNCNvXsK_NtCs5UU8ErMDLaj_7rust_vm4bitsyINtNtCs4M45Py2ANNS_4core7convert4FromRINtB7_4BitsKj40_EE4from0B9_
FNDA:0,_RNCNvXsL_NtCs5UU8ErMDLaj_7rust_vm4bitsjINtNtCs4M45Py2ANNS_4core7convert4FromRINtB7_4BitsKj40_EE4from0B9_
FNDA:0,_RNCNvXst_NtCs5UU8ErMDLaj_7rust_vm4bitssINtNtCs4M45Py2ANNS_4core7convert4FromINtB7_4BitsKj10_EE4from0B9_
FNDA:0,_RNCNvXsu_NtCs5UU8ErMDLaj_7rust_vm4bitslINtNtCs4M45Py2ANNS_4core7convert4FromINtB7_4BitsKj20_EE4from0B9_
FNDA:0,_RNCNvXsv_NtCs5UU8ErMDLaj_7rust_vm4bitsxINtNtCs4M45Py2ANNS_4core7convert4FromINtB7_4BitsKj40_EE4from0B9_
FNDA:0,_RNCNvXsw_NtCs5UU8ErMDLaj_7rust_vm4bitsiINtNtCs4M45Py2ANNS_4core7convert4FromINtB7_4BitsKj40_EE4from0B9_
FNDA:0,_RNCNvXsy_NtCs5UU8ErMDLaj_7rust_vm4bitstINtNtCs4M45Py2ANNS_4core7convert4FromINtB7_4BitsKj10_EE4from0B9_
FNDA:0,_RNCNvXsz_NtCs5UU8ErMDLaj_7rust_vm4bitsmINtNtCs4M45Py2ANNS_4core7convert4FromINtB7_4BitsKj20_EE4from0B9_
FNDA:0,_RNvXsA_NtCs5UU8ErMDLaj_7rust_vm4bitsyINtNtCs4M45Py2ANNS_4core7convert4FromINtB5_4BitsKj40_EE4from
FNDA:0,_RNvXsB_NtCs5UU8ErMDLaj_7rust_vm4bitsjINtNtCs4M45Py2ANNS_4core7convert4FromINtB5_4BitsKj40_EE4from
FNDA:0,_RNvXsC_NtCs5UU8ErMDLaj_7rust_vm4bitsaINtNtCs4M45Py2ANNS_4core7convert4FromRINtB5_4BitsKj8_EE4from
FNDA:0,_RNvXsD_NtCs5UU8ErMDLaj_7rust_vm4bitssINtNtCs4M45Py2ANNS_4core7convert4FromRINtB5_4BitsKj10_EE4from
FNDA:0,_RNvXsE_NtCs5UU8ErMDLaj_7rust_vm4bitslINtNtCs4M45Py2ANNS_4core7convert4FromRINtB5_4BitsKj20_EE4from
FNDA:0,_RNvXsF_NtCs5UU8ErMDLaj_7rust_vm4bitsxINtNtCs4M45Py2ANNS_4core7convert4FromRINtB5_4BitsKj40_EE4from
FNDA:0,_RNvXsG_NtCs5UU8ErMDLaj_7rust_vm4bitsiINtNtCs4M45Py2ANNS_4core7convert4FromRINtB5_4BitsKj40_EE4from
FNDA:0,_RNvXsI_NtCs5UU8ErMDLaj_7rust_vm4bitstINtNtCs4M45Py2ANNS_4core7convert4FromRINtB5_4BitsKj10_EE4from
FNDA:0,_RNvXsJ_NtCs5UU8ErMDLaj_7rust_vm4bitsmINtNtCs4M45Py2ANNS_4core7convert4FromRINtB5_4BitsKj20_EE4from
FNDA:0,_RNvXsK_NtCs5UU8ErMDLaj_7rust_vm4bitsyINtNtCs4M45Py2ANNS_4core7convert4FromRINtB5_4BitsKj40_EE4from
FNDA:0,_RNvXsL_NtCs5UU8ErMDLaj_7rust_vm4bitsjINtNtCs4M45Py2ANNS_4core7convert4FromRINtB5_4BitsKj40_EE4from
FNDA:0,_RNvXsk_NtCs5UU8ErMDLaj_7rust_vm4bitsINtB5_4BitsKj20_EINtNtCs4M45Py2ANNS_4core7convert4FrommE4from
FNDA:0,_RNvXsl_NtCs5UU8ErMDLaj_7rust_vm4bitsINtB5_4BitsKj40_EINtNtCs4M45Py2ANNS_4core7convert4FromyE4from
FNDA:0,_RNvXsm_NtCs5UU8ErMDLaj_7rust_vm4bitsINtB5_4BitsKj40_EINtNtCs4M45Py2ANNS_4core7convert4FromjE4from
FNDA:0,_RNvXso_NtCs5UU8ErMDLaj_7rust_vm4bitsINtB5_4BitsKj10_EINtNtCs4M45Py2ANNS_4core7convert4FromsE4from
FNDA:0,_RNvXsq_NtCs5UU8ErMDLaj_7rust_vm4bitsINtB5_4BitsKj40_EINtNtCs4M45Py2ANNS_4core7convert4FromxE4from
FNDA:0,_RNvXsr_NtCs5UU8ErMDLaj_7rust_vm4bitsINtB5_4BitsKj40_EINtNtCs4M45Py2ANNS_4core7convert4FromiE4from
FNDA:0,_RNvXst_NtCs5UU8ErMDLaj_7rust_vm4bitssINtNtCs4M45Py2ANNS_4core7convert4FromINtB5_4BitsKj10_EE4from
FNDA:0,_RNvXsu_NtCs5UU8ErMDLaj_7rust_vm4bitslINtNtCs4M45Py2ANNS_4core7convert4FromINtB5_4BitsKj20_EE4from
FNDA:0,_RNvXsv_NtCs5UU8ErMDLaj_7rust_vm4bitsxINtNtCs4M45Py2ANNS_4core7convert4FromINtB5_4BitsKj40_EE4from
FNDA:0,_RNvXsw_NtCs5UU8ErMDLaj_7rust_vm4bitsiINtNtCs4M45Py2ANNS_4core7convert4FromINtB5_4BitsKj40_EE4from
FNDA:0,_RNvXsy_NtCs5UU8ErMDLaj_7rust_vm4bitstINtNtCs4M45Py2ANNS_4core7convert4FromINtB5_4BitsKj10_EE4from
FNDA:0,_RNvXsz_NtCs5UU8ErMDLaj_7rust_vm4bitsmINtNtCs4M45Py2ANNS_4core7convert4FromINtB5_4BitsKj20_EE4from
FNDA:1,_RINvMs0_NtCs5UU8ErMDLaj_7rust_vm4bitsINtB6_4BitsKj10_E17split_into_chunksKj4_EB8_
FNDA:2,_RINvMs0_NtCs5UU8ErMDLaj_7rust_vm4bitsINtB6_4BitsKj20_E6resizeKj4_EB8_
FNDA:8,_RINvMs0_NtCs5UU8ErMDLaj_7rust_vm4bitsINtB6_4BitsKj4_E24try_from_unsigned_numberhEB8_
FNDA:4,_RINvMs0_NtCs5UU8ErMDLaj_7rust_vm4bitsINtB6_4BitsKj8_E24try_from_unsigned_numberhEB8_
FNDA:22,_RINvMs0_NtCs5UU8ErMDLaj_7rust_vm4bitsINtB6_4BitsKj8_E6resizeKBL_EB8_
FNDA:12,_RINvMs0_NtCs5UU8ErMDLaj_7rust_vm4bitsINtB6_4BitsKj8_E6resizeKj4_EB8_
FNDA:8,_RNCINvMs0_NtCs5UU8ErMDLaj_7rust_vm4bitsINtB8_4BitsKj20_E6resizeKj4_E0Ba_
FNDA:28,_RNCINvMs0_NtCs5UU8ErMDLaj_7rust_vm4bitsINtB8_4BitsKj4_E24try_from_unsigned_numberhE0Ba_
FNDA:32,_RNCINvMs0_NtCs5UU8ErMDLaj_7rust_vm4bitsINtB8_4BitsKj8_E24try_from_unsigned_numberhE0Ba_
FNDA:176,_RNCINvMs0_NtCs5UU8ErMDLaj_7rust_vm4bitsINtB8_4BitsKj8_E6resizeKBN_E0Ba_
FNDA:48,_RNCINvMs0_NtCs5UU8ErMDLaj_7rust_vm4bitsINtB8_4BitsKj8_E6resizeKj4_E0Ba_
FNDA:16,_RNCNvMs0_NtCs5UU8ErMDLaj_7rust_vm4bitsINtB7_4BitsKj10_E8to_usize0B9_
FNDA:572,_RNCNvMs0_NtCs5UU8ErMDLaj_7rust_vm4bitsINtB7_4BitsKj4_E8to_usize0B9_
FNDA:512,_RNCNvMs0_NtCs5UU8ErMDLaj_7rust_vm4bitsINtB7_4BitsKj8_E8to_usize0B9_
FNDA:0,_RNCNvXs2_NtCs5UU8ErMDLaj_7rust_vm4bitsINtB7_4BitsKj4_ENtNtNtCs4M45Py2ANNS_4core3str6traits7FromStr8from_str0B9_
FNDA:140,_RNCNvXs2_NtCs5UU8ErMDLaj_7rust_vm4bitsINtB7_4BitsKj4_ENtNtNtCs4M45Py2ANNS_4core3str6traits7FromStr8from_strs_0B9_
FNDA:1,_RNCNvXs2_NtCs5UU8ErMDLaj_7rust_vm4bitsINtB7_4BitsKj8_ENtNtNtCs4M45Py2ANNS_4core3str6traits7FromStr8from_str0B9_
FNDA:8,_RNCNvXs2_NtCs5UU8ErMDLaj_7rust_vm4bitsINtB7_4BitsKj8_ENtNtNtCs4M45Py2ANNS_4core3str6traits7FromStr8from_strs_0B9_
FNDA:8,_RNCNvXsH_NtCs5UU8ErMDLaj_7rust_vm4bitshINtNtCs4M45Py2ANNS_4core7convert4FromRINtB7_4BitsKj8_EE4from0B9_
FNDA:8,_RNCNvXss_NtCs5UU8ErMDLaj_7rust_vm4bitsaINtNtCs4M45Py2ANNS_4core7convert4FromINtB7_4BitsKj8_EE4from0B9_
FNDA:536,_RNCNvXsx_NtCs5UU8ErMDLaj_7rust_vm4bitshINtNtCs4M45Py2ANNS_4core7convert4FromINtB7_4BitsKj8_EE4from0B9_
FNDA:1,_RNvMs0_NtCs5UU8ErMDLaj_7rust_vm4bitsINtB5_4BitsKj10_E8to_usizeB7_
FNDA:1,_RNvMs0_NtCs5UU8ErMDLaj_7rust_vm4bitsINtB5_4BitsKj4_E4iterB7_
FNDA:1,_RNvMs0_NtCs5UU8ErMDLaj_7rust_vm4bitsINtB5_4BitsKj4_E8iter_mutB7_
FNDA:143,_RNvMs0_NtCs5UU8ErMDLaj_7rust_vm4bitsINtB5_4BitsKj4_E8to_usizeB7_
FNDA:51,_RNvMs0_NtCs5UU8ErMDLaj_7rust_vm4bitsINtB5_4BitsKj8_E8iter_mutB7_
FNDA:64,_RNvMs0_NtCs5UU8ErMDLaj_7rust_vm4bitsINtB5_4BitsKj8_E8to_usizeB7_
FNDA:24,_RNvXs1_NtCs5UU8ErMDLaj_7rust_vm4bitsINtB5_4BitsKj4_ENtNtCs4M45Py2ANNS_4core7default7Default7defaultB7_
FNDA:408,_RNvXs1_NtCs5UU8ErMDLaj_7rust_vm4bitsINtB5_4BitsKj8_ENtNtCs4M45Py2ANNS_4core7default7Default7defaultB7_
FNDA:85,_RNvXs2_NtCs5UU8ErMDLaj_7rust_vm4bitsINtB5_4BitsKj4_ENtNtNtCs4M45Py2ANNS_4core3str6traits7FromStr8from_strB7_
FNDA:5,_RNvXs2_NtCs5UU8ErMDLaj_7rust_vm4bitsINtB5_4BitsKj8_ENtNtNtCs4M45Py2ANNS_4core3str6traits7FromStr8from_strB7_
FNDA:65,_RNvXs3_NtCs5UU8ErMDLaj_7rust_vm4bitsINtB5_4BitsKj4_ENtNtCs4M45Py2ANNS_4core3fmt7Display3fmtB7_
FNDA:5,_RNvXs3_NtCs5UU8ErMDLaj_7rust_vm4bitsINtB5_4BitsKj8_ENtNtCs4M45Py2ANNS_4core3fmt7Display3fmtB7_
FNDA:1,_RNvXs4_NtCs5UU8ErMDLaj_7rust_vm4bitsINtB5_4BitsKj3_EINtNtCs4M45Py2ANNS_4core7convert4FromAbBK_E4fromB7_
FNDA:7,_RNvXs4_NtCs5UU8ErMDLaj_7rust_vm4bitsINtB5_4BitsKj4_EINtNtCs4M45Py2ANNS_4core7convert4FromAbBK_E4fromB7_
FNDA:71,_RNvXs4_NtCs5UU8ErMDLaj_7rust_vm4bitsINtB5_4BitsKj8_EINtNtCs4M45Py2ANNS_4core7convert4FromAbBK_E4fromB7_
FNDA:1,_RNvXs5_NtCs5UU8ErMDLaj_7rust_vm4bitsAbj4_INtNtCs4M45Py2ANNS_4core7convert4FromINtB5_4BitsKBA_EE4fromB7_
FNDA:1,_RNvXs6_NtCs5UU8ErMDLaj_7rust_vm4bitsINtB5_4BitsKj3_ENtNtNtNtCs4M45Py2ANNS_4core4iter6traits7collect12IntoIterator9into_iterB7_
FNDA:3,_RNvXs7_NtCs5UU8ErMDLaj_7rust_vm4bitsINtB5_4BitsKj10_EINtNtNtCs4M45Py2ANNS_4core3ops5index5IndexjE5indexB7_
FNDA:1104,_RNvXs7_NtCs5UU8ErMDLaj_7rust_vm4bitsINtB5_4BitsKj8_EINtNtNtCs4M45Py2ANNS_4core3ops5index5IndexjE5indexB7_
FNDA:24,_RNvXs8_NtCs5UU8ErMDLaj_7rust_vm4bitsINtB5_4BitsKj4_ENtNtCs4M45Py2ANNS_4core3cmp9PartialEq2eqB7_
FNDA:13,_RNvXs8_NtCs5UU8ErMDLaj_7rust_vm4bitsINtB5_4BitsKj8_ENtNtCs4M45Py2ANNS_4core3cmp9PartialEq2eqB7_
FNF:25
FNH:25
DA:13,4
DA:14,4
DA:15,1
DA:16,1
DA:18,1
DA:19,1
DA:21,1
DA:22,1
DA:23,1
DA:26,4
DA:37,1
DA:38,1
DA:39,1
DA:41,52
DA:42,52
DA:43,52
DA:45,208
DA:46,208
DA:47,208
DA:48,208
DA:49,1100
DA:50,208
DA:52,12
DA:53,12
DA:54,12
DA:55,12
DA:56,12
DA:57,12
DA:58,12
DA:59,1
DA:60,1
DA:61,1
DA:62,1
DA:63,11
DA:64,11
DA:65,11
DA:66,11
DA:67,11
DA:68,60
DA:69,11
DA:70,11
DA:71,12
DA:73,36
DA:74,36
DA:75,36
DA:76,232
DA:77,232
DA:78,232
DA:79,36
DA:80,36
DA:82,1
DA:83,1
DA:84,1
DA:85,4
DA:86,4
DA:87,4
DA:88,4
DA:89,4
DA:90,1
DA:91,1
DA:92,1
DA:96,432
DA:97,432
DA:98,432
DA:99,432
DA:100,432
DA:107,90
DA:108,90
DA:109,90
DA:110,90
DA:111,90
DA:112,1
DA:113,1
DA:114,1
DA:115,1
DA:117,89
DA:118,38
DA:119,38
DA:120,38
DA:122,37
DA:123,1
DA:124,1
DA:125,1
DA:126,1
DA:127,36
DA:128,36
DA:129,148
DA:130,148
DA:131,148
DA:132,36
DA:133,51
DA:134,206
DA:135,206
DA:136,135
DA:137,70
DA:139,1
DA:140,1
DA:141,1
DA:146,0
DA:149,86
DA:150,90
DA:154,70
DA:155,300
DA:156,300
DA:158,70
DA:159,70
DA:166,171
DA:167,171
DA:168,1440
DA:169,1440
DA:170,1440
DA:171,171
DA:172,171
DA:182,68
DA:183,68
DA:184,68
DA:185,68
DA:186,544
DA:187,68
DA:197,1
DA:198,1
DA:199,1
DA:200,1
DA:201,8
DA:202,1
DA:215,79
DA:216,79
DA:217,79
DA:221,1
DA:222,1
DA:223,1
DA:231,1
DA:232,1
DA:233,1
DA:239,1107
DA:240,1107
DA:241,1107
DA:245,37
DA:246,37
DA:247,37
BRF:0
BRH:0
LF:149
LH:148
end_of_record
SF:C:\Users\quinn\Desktop\dev\rust_vm\src\control_rom.rs
FN:125,_RNvNtNtCs5UU8ErMDLaj_7rust_vm11control_rom5testss_19not_yet_implemented
FN:52,_RNvNtNtCs5UU8ErMDLaj_7rust_vm11control_rom5testss_3add
FN:76,_RNvNtNtCs5UU8ErMDLaj_7rust_vm11control_rom5testss_3and
FN:88,_RNvNtNtCs5UU8ErMDLaj_7rust_vm11control_rom5testss_3nor
FN:64,_RNvNtNtCs5UU8ErMDLaj_7rust_vm11control_rom5testss_3sub
FN:100,_RNvNtNtCs5UU8ErMDLaj_7rust_vm11control_rom5testss_3xor
FN:112,_RNvNtNtCs5UU8ErMDLaj_7rust_vm11control_rom5testss_6rshift
FN:13,_RNvMNtCs5UU8ErMDLaj_7rust_vm11control_romNtB2_10ControlRom19get_control_signals
FNDA:1,_RNvNtNtCs5UU8ErMDLaj_7rust_vm11control_rom5testss_19not_yet_implemented
FNDA:1,_RNvNtNtCs5UU8ErMDLaj_7rust_vm11control_rom5testss_3add
FNDA:1,_RNvNtNtCs5UU8ErMDLaj_7rust_vm11control_rom5testss_3and
FNDA:1,_RNvNtNtCs5UU8ErMDLaj_7rust_vm11control_rom5testss_3nor
FNDA:1,_RNvNtNtCs5UU8ErMDLaj_7rust_vm11control_rom5testss_3sub
FNDA:1,_RNvNtNtCs5UU8ErMDLaj_7rust_vm11control_rom5testss_3xor
FNDA:1,_RNvNtNtCs5UU8ErMDLaj_7rust_vm11control_rom5testss_6rshift
FNDA:14,_RNvMNtCs5UU8ErMDLaj_7rust_vm11control_romNtB2_10ControlRom19get_control_signals
FNF:8
FNH:8
DA:13,14
DA:14,14
DA:15,14
DA:16,1
DA:17,1
DA:18,1
DA:19,13
DA:20,3
DA:21,3
DA:22,3
DA:23,10
DA:24,1
DA:25,1
DA:26,1
DA:27,9
DA:28,1
DA:29,1
DA:30,1
DA:31,8
DA:32,1
DA:33,1
DA:34,1
DA:35,7
DA:36,3
DA:37,3
DA:38,3
DA:39,4
DA:40,3
DA:41,3
DA:42,3
DA:43,1
DA:45,13
DA:52,1
DA:53,1
DA:54,1
DA:55,1
DA:56,1
DA:57,1
DA:58,1
DA:59,1
DA:60,1
DA:61,1
DA:64,1
DA:65,1
DA:66,1
DA:67,1
DA:68,1
DA:69,1
DA:70,1
DA:71,1
DA:72,1
DA:73,1
DA:76,1
DA:77,1
DA:78,1
DA:79,1
DA:80,1
DA:81,1
DA:82,1
DA:83,1
DA:84,1
DA:85,1
DA:88,1
DA:89,1
DA:90,1
DA:91,1
DA:92,1
DA:93,1
DA:94,1
DA:95,1
DA:96,1
DA:97,1
DA:100,1
DA:101,1
DA:102,1
DA:103,1
DA:104,1
DA:105,1
DA:106,1
DA:107,1
DA:108,1
DA:109,1
DA:112,1
DA:113,1
DA:114,1
DA:115,1
DA:116,1
DA:117,1
DA:118,1
DA:119,1
DA:120,1
DA:121,1
DA:125,1
DA:126,1
DA:127,1
BRF:0
BRH:0
LF:95
LH:95
end_of_record
SF:C:\Users\quinn\Desktop\dev\rust_vm\src\lib.rs
FN:95,_RNvNtCs5UU8ErMDLaj_7rust_vm5testss_17test_vm_execution
FN:88,_RNvNtCs5UU8ErMDLaj_7rust_vm5testss_23test_vm_execute_program
FN:115,_RNvNtCs5UU8ErMDLaj_7rust_vm5testss_8test_nop
FN:59,_RNvMCs5UU8ErMDLaj_7rust_vmNtB2_2VM19execute_instruction
FN:22,_RNvMCs5UU8ErMDLaj_7rust_vmNtB2_2VM3new
FN:76,_RNvXs_Cs5UU8ErMDLaj_7rust_vmNtB4_2VMNtNtCs4M45Py2ANNS_4core7default7Default7default
FN:41,_RINvMCs5UU8ErMDLaj_7rust_vmNtB3_2VM12load_programReEB3_
FN:33,_RINvMCs5UU8ErMDLaj_7rust_vmNtB3_2VM15execute_programReEB3_
FN:49,_RNCINvMCs5UU8ErMDLaj_7rust_vmNtB5_2VM12load_programReE0B5_
FN:51,_RNCNCINvMCs5UU8ErMDLaj_7rust_vmNtB7_2VM12load_programReE00B7_
FNDA:1,_RNvNtCs5UU8ErMDLaj_7rust_vm5testss_17test_vm_execution
FNDA:1,_RNvNtCs5UU8ErMDLaj_7rust_vm5testss_23test_vm_execute_program
FNDA:1,_RNvNtCs5UU8ErMDLaj_7rust_vm5testss_8test_nop
FNDA:7,_RNvMCs5UU8ErMDLaj_7rust_vmNtB2_2VM19execute_instruction
FNDA:3,_RNvMCs5UU8ErMDLaj_7rust_vmNtB2_2VM3new
FNDA:2,_RNvXs_Cs5UU8ErMDLaj_7rust_vmNtB4_2VMNtNtCs4M45Py2ANNS_4core7default7Default7default
FNDA:3,_RINvMCs5UU8ErMDLaj_7rust_vmNtB3_2VM12load_programReEB3_
FNDA:2,_RINvMCs5UU8ErMDLaj_7rust_vmNtB3_2VM15execute_programReEB3_
FNDA:7,_RNCINvMCs5UU8ErMDLaj_7rust_vmNtB5_2VM12load_programReE0B5_
FNDA:28,_RNCNCINvMCs5UU8ErMDLaj_7rust_vmNtB7_2VM12load_programReE00B7_
FNF:10
FNH:10
DA:22,3
DA:23,3
DA:24,3
DA:25,3
DA:26,3
DA:27,3
DA:28,3
DA:29,3
DA:30,3
DA:31,3
DA:33,2
DA:34,2
DA:35,2
DA:36,6
DA:37,4
DA:38,4
DA:39,2
DA:41,3
DA:42,3
DA:43,3
DA:44,3
DA:45,3
DA:46,3
DA:47,3
DA:48,3
DA:49,7
DA:50,7
DA:51,28
DA:52,7
DA:53,7
DA:54,3
DA:55,3
DA:56,3
DA:57,3
DA:59,7
DA:60,7
DA:61,7
DA:62,7
DA:63,7
DA:64,6
DA:65,6
DA:66,6
DA:67,6
DA:68,6
DA:69,6
DA:70,6
DA:71,6
DA:72,7
DA:76,2
DA:77,2
DA:78,2
DA:88,1
DA:89,1
DA:90,1
DA:91,1
DA:92,1
DA:95,1
DA:96,1
DA:97,1
DA:98,1
DA:99,1
DA:100,1
DA:101,1
DA:102,1
DA:103,4
DA:104,3
DA:105,3
DA:106,1
DA:107,1
DA:108,1
DA:109,1
DA:110,1
DA:111,1
DA:112,1
DA:115,1
DA:116,1
DA:117,1
DA:118,1
DA:119,1
DA:120,1
DA:121,1
BRF:0
BRH:0
LF:84
LH:84
end_of_record
SF:C:\Users\quinn\Desktop\dev\rust_vm\src\parser.rs
FN:110,_RNvNtCs5UU8ErMDLaj_7rust_vm6parser17parse_instruction
FN:25,_RNvNtCs5UU8ErMDLaj_7rust_vm6parser21parse_register_string
FN:14,_RNvXNtCs5UU8ErMDLaj_7rust_vm6parserNtB2_11ParserErrorNtNtCs4M45Py2ANNS_4core3fmt7Display3fmt
FN:29,_RINvNtCs5UU8ErMDLaj_7rust_vm6parser13parse_programRNtNtCs95AQCFfcpgw_3std4path4PathEB4_
FN:29,_RINvNtCs5UU8ErMDLaj_7rust_vm6parser13parse_programReEB4_
FN:34,_RNCINvNtCs5UU8ErMDLaj_7rust_vm6parser13parse_programRNtNtCs95AQCFfcpgw_3std4path4PathE0B6_
FN:34,_RNCINvNtCs5UU8ErMDLaj_7rust_vm6parser13parse_programReE0B6_
FNDA:19,_RNvNtCs5UU8ErMDLaj_7rust_vm6parser17parse_instruction
FNDA:27,_RNvNtCs5UU8ErMDLaj_7rust_vm6parser21parse_register_string
FNDA:10,_RNvXNtCs5UU8ErMDLaj_7rust_vm6parserNtB2_11ParserErrorNtNtCs4M45Py2ANNS_4core3fmt7Display3fmt
FNDA:3,_RINvNtCs5UU8ErMDLaj_7rust_vm6parser13parse_programRNtNtCs95AQCFfcpgw_3std4path4PathEB4_
FNDA:11,_RINvNtCs5UU8ErMDLaj_7rust_vm6parser13parse_programReEB4_
FNDA:0,_RNCINvNtCs5UU8ErMDLaj_7rust_vm6parser13parse_programRNtNtCs95AQCFfcpgw_3std4path4PathE0B6_
FNDA:1,_RNCINvNtCs5UU8ErMDLaj_7rust_vm6parser13parse_programReE0B6_
FNF:5
FNH:5
DA:14,10
DA:15,10
DA:16,1
DA:17,1
DA:18,8
DA:20,10
DA:25,27
DA:26,27
DA:27,27
DA:29,14
DA:30,14
DA:31,14
DA:32,14
DA:33,14
DA:34,14
DA:35,13
DA:37,26
DA:38,22
DA:39,22
DA:40,22
DA:41,20
DA:42,2
DA:44,20
DA:45,20
DA:46,20
DA:47,2
DA:48,2
DA:49,2
DA:50,2
DA:51,1
DA:52,1
DA:54,18
DA:55,11
DA:56,10
DA:57,1
DA:59,10
DA:60,9
DA:61,1
DA:63,9
DA:64,8
DA:65,1
DA:67,8
DA:68,1
DA:69,7
DA:70,7
DA:71,7
DA:72,7
DA:73,7
DA:75,7
DA:76,6
DA:77,5
DA:78,1
DA:80,5
DA:81,4
DA:82,1
DA:84,4
DA:85,1
DA:86,3
DA:87,3
DA:88,3
DA:89,3
DA:90,3
DA:93,1
DA:94,1
DA:95,1
DA:98,11
DA:102,4
DA:103,14
DA:104,10
DA:107,4
DA:108,14
DA:110,19
DA:111,19
DA:112,19
DA:113,17
DA:114,12
DA:115,11
DA:116,10
DA:117,9
DA:118,5
DA:120,1
DA:121,1
DA:122,1
DA:125,18
DA:126,19
BRF:0
BRH:0
LF:86
LH:85
end_of_record
SF:C:\Users\quinn\Desktop\dev\rust_vm\src\register.rs
FN:28,_RNvMNtCs5UU8ErMDLaj_7rust_vm8registerNtB2_12RegisterFile14is_valid_indexB4_
FN:45,_RNvMNtCs5UU8ErMDLaj_7rust_vm8registerNtB2_12RegisterFile14schedule_write
FN:34,_RNvMNtCs5UU8ErMDLaj_7rust_vm8registerNtB2_12RegisterFile18set_read_addresses
FN:20,_RNvMNtCs5UU8ErMDLaj_7rust_vm8registerNtB2_12RegisterFile3new
FN:65,_RNvMNtCs5UU8ErMDLaj_7rust_vm8registerNtB2_12RegisterFile5clock
FN:56,_RNvMNtCs5UU8ErMDLaj_7rust_vm8registerNtB2_12RegisterFile6enable
FN:51,_RNvMNtCs5UU8ErMDLaj_7rust_vm8registerNtB2_12RegisterFile7disable
FN:82,_RNvMNtCs5UU8ErMDLaj_7rust_vm8registerNtB2_12RegisterFile7display
FNDA:58,_RNvMNtCs5UU8ErMDLaj_7rust_vm8registerNtB2_12RegisterFile14is_valid_indexB4_
FNDA:13,_RNvMNtCs5UU8ErMDLaj_7rust_vm8registerNtB2_12RegisterFile14schedule_write
FNDA:12,_RNvMNtCs5UU8ErMDLaj_7rust_vm8registerNtB2_12RegisterFile18set_read_addresses
FNDA:1,_RNvMNtCs5UU8ErMDLaj_7rust_vm8registerNtB2_12RegisterFile3new
FNDA:13,_RNvMNtCs5UU8ErMDLaj_7rust_vm8registerNtB2_12RegisterFile5clock
FNDA:9,_RNvMNtCs5UU8ErMDLaj_7rust_vm8registerNtB2_12RegisterFile6enable
FNDA:2,_RNvMNtCs5UU8ErMDLaj_7rust_vm8registerNtB2_12RegisterFile7disable
FNDA:1,_RNvMNtCs5UU8ErMDLaj_7rust_vm8registerNtB2_12RegisterFile7display
FNF:8
FNH:8
DA:20,1
DA:21,1
DA:22,1
DA:23,1
DA:24,1
DA:25,1
DA:26,1
DA:28,58
DA:29,58
DA:30,58
DA:31,58
DA:34,12
DA:35,12
DA:36,18
DA:37,18
DA:38,14
DA:39,14
DA:40,14
DA:42,3
DA:43,12
DA:45,13
DA:46,13
DA:47,12
DA:48,12
DA:49,13
DA:51,2
DA:52,2
DA:53,2
DA:54,2
DA:56,9
DA:57,9
DA:58,18
DA:59,18
DA:60,2
DA:61,16
DA:63,9
DA:65,13
DA:66,13
DA:67,10
DA:68,19
DA:69,9
DA:70,18
DA:72,18
DA:73,18
DA:74,2
DA:75,16
DA:77,0
DA:79,3
DA:80,13
DA:82,1
DA:83,2
DA:84,2
DA:85,32
DA:86,32
DA:87,32
DA:88,2
DA:90,1
BRF:0
BRH:0
LF:57
LH:56
end_of_record