SF:C:\Users\quinn\Desktop\dev\rust_vm\src\alu\alu_flags.rs
FN:10,_RNvMNtNtCshrGKrJ5NDIV_7rust_vm3alu9alu_flagsNtB2_8AluFlags8set_zero
FN:18,_RNvMNtNtCshrGKrJ5NDIV_7rust_vm3alu9alu_flagsNtB2_8AluFlags9cond_true
FN:14,_RNvMNtNtCshrGKrJ5NDIV_7rust_vm3alu9alu_flagsNtB2_8AluFlags9set_carry
FNDA:202,_RNvMNtNtCshrGKrJ5NDIV_7rust_vm3alu9alu_flagsNtB2_8AluFlags8set_zero
FNDA:11,_RNvMNtNtCshrGKrJ5NDIV_7rust_vm3alu9alu_flagsNtB2_8AluFlags9cond_true
FNDA:202,_RNvMNtNtCshrGKrJ5NDIV_7rust_vm3alu9alu_flagsNtB2_8AluFlags9set_carry
FNF:3
FNH:3
DA:10,202
DA:11,202
DA:12,202
DA:14,202
DA:15,202
DA:16,202
DA:18,11
DA:19,11
DA:20,11
DA:21,10
DA:22,9
DA:23,9
DA:24,0
DA:26,11
BRF:0
BRH:0
LF:14
LH:13
end_of_record
SF:C:\Users\quinn\Desktop\dev\rust_vm\src\alu\alu_settings.rs
FN:28,_RNvMNtNtCshrGKrJ5NDIV_7rust_vm3alu12alu_settingsNtB2_11AluSettings6config
FNDA:115,_RNvMNtNtCshrGKrJ5NDIV_7rust_vm3alu12alu_settingsNtB2_11AluSettings6config
FNF:1
FNH:1
DA:28,115
DA:29,115
DA:30,96
DA:31,96
DA:32,96
DA:33,96
DA:34,96
DA:35,96
DA:36,96
DA:37,96
DA:38,6
DA:39,6
DA:40,6
DA:41,6
DA:42,6
DA:43,6
DA:44,6
DA:45,6
DA:46,3
DA:47,3
DA:48,3
DA:49,3
DA:50,3
DA:51,3
DA:52,3
DA:53,3
DA:54,1
DA:55,1
DA:56,1
DA:57,1
DA:58,1
DA:59,1
DA:60,1
DA:61,1
DA:62,1
DA:63,1
DA:64,1
DA:65,1
DA:66,1
DA:67,1
DA:68,1
DA:69,1
DA:70,1
DA:71,1
DA:72,1
DA:73,1
DA:74,1
DA:75,1
DA:76,1
DA:77,1
DA:78,1
DA:79,1
DA:80,1
DA:81,1
DA:82,1
DA:83,1
DA:84,1
DA:85,1
DA:86,1
DA:87,1
DA:88,1
DA:89,1
DA:90,1
DA:91,1
DA:92,1
DA:93,1
DA:94,1
DA:95,1
DA:96,1
DA:97,1
DA:98,1
DA:99,1
DA:100,1
DA:101,1
DA:102,1
DA:103,1
DA:104,1
DA:105,1
DA:106,1
DA:107,1
DA:108,1
DA:109,1
DA:110,3
DA:111,3
DA:112,3
DA:113,3
DA:114,3
DA:115,3
DA:116,3
DA:117,3
DA:119,115
BRF:0
BRH:0
LF:91
LH:91
end_of_record
SF:C:\Users\quinn\Desktop\dev\rust_vm\src\alu\mod.rs
FN:99,_RNvMNtCshrGKrJ5NDIV_7rust_vm3aluNtB2_3Alu11set_setting
FN:24,_RNvMNtCshrGKrJ5NDIV_7rust_vm3aluNtB2_3Alu3new
FN:33,_RINvMNtCshrGKrJ5NDIV_7rust_vm3aluNtB3_3Alu7computeKj8_EB5_
FN:33,_RINvMNtCshrGKrJ5NDIV_7rust_vm3aluNtB3_3Alu7computeKja_EB5_
FN:46,_RNCINvMNtCshrGKrJ5NDIV_7rust_vm3aluNtB5_3Alu7computeKj8_E0B7_
FN:50,_RNCINvMNtCshrGKrJ5NDIV_7rust_vm3aluNtB5_3Alu7computeKj8_Es_0B7_
FN:46,_RNCINvMNtCshrGKrJ5NDIV_7rust_vm3aluNtB5_3Alu7computeKja_E0B7_
FN:50,_RNCINvMNtCshrGKrJ5NDIV_7rust_vm3aluNtB5_3Alu7computeKja_Es_0B7_
FNDA:100,_RNvMNtCshrGKrJ5NDIV_7rust_vm3aluNtB2_3Alu11set_setting
FNDA:15,_RNvMNtCshrGKrJ5NDIV_7rust_vm3aluNtB2_3Alu3new
FNDA:106,_RINvMNtCshrGKrJ5NDIV_7rust_vm3aluNtB3_3Alu7computeKj8_EB5_
FNDA:100,_RINvMNtCshrGKrJ5NDIV_7rust_vm3aluNtB3_3Alu7computeKja_EB5_
FNDA:216,_RNCINvMNtCshrGKrJ5NDIV_7rust_vm3aluNtB5_3Alu7computeKj8_E0B7_
FNDA:96,_RNCINvMNtCshrGKrJ5NDIV_7rust_vm3aluNtB5_3Alu7computeKj8_Es_0B7_
FNDA:0,_RNCINvMNtCshrGKrJ5NDIV_7rust_vm3aluNtB5_3Alu7computeKja_E0B7_
FNDA:0,_RNCINvMNtCshrGKrJ5NDIV_7rust_vm3aluNtB5_3Alu7computeKja_Es_0B7_
FNF:5
FNH:5
DA:24,15
DA:25,15
DA:26,15
DA:27,15
DA:28,15
DA:29,15
DA:30,15
DA:31,15
DA:33,206
DA:34,206
DA:36,206
DA:37,4
DA:38,28
DA:39,28
DA:40,28
DA:41,4
DA:42,4
DA:43,202
DA:45,202
DA:46,216
DA:47,175
DA:49,202
DA:50,96
DA:51,190
DA:53,202
DA:54,202
DA:55,202
DA:56,2018
DA:57,2018
DA:58,202
DA:59,13
DA:60,189
DA:62,202
DA:63,1816
DA:64,1816
DA:65,1816
DA:67,1816
DA:68,144
DA:69,144
DA:70,1672
DA:71,1672
DA:72,113
DA:73,1559
DA:74,1130
DA:75,1130
DA:79,202
DA:80,23
DA:81,179
DA:83,2018
DA:84,1816
DA:85,1395
DA:86,1395
DA:87,1395
DA:88,421
DA:89,421
DA:90,421
DA:93,202
DA:94,202
DA:95,202
DA:96,202
DA:97,206
DA:99,100
DA:100,100
DA:101,100
DA:102,100
BRF:0
BRH:0
LF:67
LH:67
end_of_record
SF:C:\Users\quinn\Desktop\dev\rust_vm\src\bits\error.rs
FN:10,_RNvXNtNtCshrGKrJ5NDIV_7rust_vm4bits5errorNtB2_14BitsParseErrorNtNtCs5cb5cxfFw7H_4core3fmt7Display3fmt
FNDA:4,_RNvXNtNtCshrGKrJ5NDIV_7rust_vm4bits5errorNtB2_14BitsParseErrorNtNtCs5cb5cxfFw7H_4core3fmt7Display3fmt
FNF:1
FNH:1
DA:10,4
DA:11,4
DA:12,1
DA:13,1
DA:15,1
DA:16,1
DA:18,1
DA:19,1
DA:20,1
DA:23,4
BRF:0
BRH:0
LF:10
LH:10
end_of_record
SF:C:\Users\quinn\Desktop\dev\rust_vm\src\bits\from_impl.rs
FN:71,_RNCNvXNtNtCshrGKrJ5NDIV_7rust_vm4bits9from_implINtB6_4BitsKj10_ENtNtNtCs5cb5cxfFw7H_4core3str6traits7FromStr8from_str0B8_
FN:80,_RNCNvXNtNtCshrGKrJ5NDIV_7rust_vm4bits9from_implINtB6_4BitsKj10_ENtNtNtCs5cb5cxfFw7H_4core3str6traits7FromStr8from_strs_0B8_
FN:71,_RNCNvXNtNtCshrGKrJ5NDIV_7rust_vm4bits9from_implINtB6_4BitsKj2_ENtNtNtCs5cb5cxfFw7H_4core3str6traits7FromStr8from_str0B8_
FN:80,_RNCNvXNtNtCshrGKrJ5NDIV_7rust_vm4bits9from_implINtB6_4BitsKj2_ENtNtNtCs5cb5cxfFw7H_4core3str6traits7FromStr8from_strs_0B8_
FN:71,_RNCNvXNtNtCshrGKrJ5NDIV_7rust_vm4bits9from_implINtB6_4BitsKj4_ENtNtNtCs5cb5cxfFw7H_4core3str6traits7FromStr8from_str0B8_
FN:80,_RNCNvXNtNtCshrGKrJ5NDIV_7rust_vm4bits9from_implINtB6_4BitsKj4_ENtNtNtCs5cb5cxfFw7H_4core3str6traits7FromStr8from_strs_0B8_
FN:71,_RNCNvXNtNtCshrGKrJ5NDIV_7rust_vm4bits9from_implINtB6_4BitsKj8_ENtNtNtCs5cb5cxfFw7H_4core3str6traits7FromStr8from_str0B8_
FN:80,_RNCNvXNtNtCshrGKrJ5NDIV_7rust_vm4bits9from_implINtB6_4BitsKj8_ENtNtNtCs5cb5cxfFw7H_4core3str6traits7FromStr8from_strs_0B8_
FN:71,_RNCNvXNtNtCshrGKrJ5NDIV_7rust_vm4bits9from_implINtB6_4BitsKja_ENtNtNtCs5cb5cxfFw7H_4core3str6traits7FromStr8from_str0B8_
FN:80,_RNCNvXNtNtCshrGKrJ5NDIV_7rust_vm4bits9from_implINtB6_4BitsKja_ENtNtNtCs5cb5cxfFw7H_4core3str6traits7FromStr8from_strs_0B8_
FN:29,_RNCNvXs9_NtNtCshrGKrJ5NDIV_7rust_vm4bits9from_implaINtNtCs5cb5cxfFw7H_4core7convert4FromINtB9_4BitsKj8_EE4from0Bb_
FN:29,_RNCNvXsa_NtNtCshrGKrJ5NDIV_7rust_vm4bits9from_implsINtNtCs5cb5cxfFw7H_4core7convert4FromINtB9_4BitsKj10_EE4from0Bb_
FN:29,_RNCNvXse_NtNtCshrGKrJ5NDIV_7rust_vm4bits9from_implhINtNtCs5cb5cxfFw7H_4core7convert4FromINtB9_4BitsKj8_EE4from0Bb_
FN:44,_RNCNvXso_NtNtCshrGKrJ5NDIV_7rust_vm4bits9from_implhINtNtCs5cb5cxfFw7H_4core7convert4FromRINtB9_4BitsKj8_EE4from0Bb_
FN:58,_RNvXNtNtCshrGKrJ5NDIV_7rust_vm4bits9from_implINtB4_4BitsKj10_ENtNtNtCs5cb5cxfFw7H_4core3str6traits7FromStr8from_strB6_
FN:58,_RNvXNtNtCshrGKrJ5NDIV_7rust_vm4bits9from_implINtB4_4BitsKj2_ENtNtNtCs5cb5cxfFw7H_4core3str6traits7FromStr8from_strB6_
FN:58,_RNvXNtNtCshrGKrJ5NDIV_7rust_vm4bits9from_implINtB4_4BitsKj4_ENtNtNtCs5cb5cxfFw7H_4core3str6traits7FromStr8from_strB6_
FN:58,_RNvXNtNtCshrGKrJ5NDIV_7rust_vm4bits9from_implINtB4_4BitsKj8_ENtNtNtCs5cb5cxfFw7H_4core3str6traits7FromStr8from_strB6_
FN:58,_RNvXNtNtCshrGKrJ5NDIV_7rust_vm4bits9from_implINtB4_4BitsKja_ENtNtNtCs5cb5cxfFw7H_4core3str6traits7FromStr8from_strB6_
FN:9,_RNvXs0_NtNtCshrGKrJ5NDIV_7rust_vm4bits9from_implINtB7_4BitsKj10_EINtNtCs5cb5cxfFw7H_4core7convert4FromtE4from
FN:9,_RNvXs3_NtNtCshrGKrJ5NDIV_7rust_vm4bits9from_implINtB7_4BitsKj40_EINtNtCs5cb5cxfFw7H_4core7convert4FromjE4from
FN:9,_RNvXs4_NtNtCshrGKrJ5NDIV_7rust_vm4bits9from_implINtB7_4BitsKj8_EINtNtCs5cb5cxfFw7H_4core7convert4FromaE4from
FN:9,_RNvXs5_NtNtCshrGKrJ5NDIV_7rust_vm4bits9from_implINtB7_4BitsKj10_EINtNtCs5cb5cxfFw7H_4core7convert4FromsE4from
FN:9,_RNvXs6_NtNtCshrGKrJ5NDIV_7rust_vm4bits9from_implINtB7_4BitsKj20_EINtNtCs5cb5cxfFw7H_4core7convert4FromlE4from
FN:9,_RNvXs_NtNtCshrGKrJ5NDIV_7rust_vm4bits9from_implINtB6_4BitsKj8_EINtNtCs5cb5cxfFw7H_4core7convert4FromhE4from
FN:25,_RNvXs9_NtNtCshrGKrJ5NDIV_7rust_vm4bits9from_implaINtNtCs5cb5cxfFw7H_4core7convert4FromINtB7_4BitsKj8_EE4from
FN:25,_RNvXsa_NtNtCshrGKrJ5NDIV_7rust_vm4bits9from_implsINtNtCs5cb5cxfFw7H_4core7convert4FromINtB7_4BitsKj10_EE4from
FN:25,_RNvXse_NtNtCshrGKrJ5NDIV_7rust_vm4bits9from_implhINtNtCs5cb5cxfFw7H_4core7convert4FromINtB7_4BitsKj8_EE4from
FN:40,_RNvXso_NtNtCshrGKrJ5NDIV_7rust_vm4bits9from_implhINtNtCs5cb5cxfFw7H_4core7convert4FromRINtB7_4BitsKj8_EE4from
FN:29,_RNCNvXsb_NtNtCshrGKrJ5NDIV_7rust_vm4bits9from_impllINtNtCs5cb5cxfFw7H_4core7convert4FromINtB9_4BitsKj20_EE4from0Bb_
FN:29,_RNCNvXsc_NtNtCshrGKrJ5NDIV_7rust_vm4bits9from_implxINtNtCs5cb5cxfFw7H_4core7convert4FromINtB9_4BitsKj40_EE4from0Bb_
FN:29,_RNCNvXsd_NtNtCshrGKrJ5NDIV_7rust_vm4bits9from_impliINtNtCs5cb5cxfFw7H_4core7convert4FromINtB9_4BitsKj40_EE4from0Bb_
FN:29,_RNCNvXsf_NtNtCshrGKrJ5NDIV_7rust_vm4bits9from_impltINtNtCs5cb5cxfFw7H_4core7convert4FromINtB9_4BitsKj10_EE4from0Bb_
FN:29,_RNCNvXsg_NtNtCshrGKrJ5NDIV_7rust_vm4bits9from_implmINtNtCs5cb5cxfFw7H_4core7convert4FromINtB9_4BitsKj20_EE4from0Bb_
FN:29,_RNCNvXsh_NtNtCshrGKrJ5NDIV_7rust_vm4bits9from_implyINtNtCs5cb5cxfFw7H_4core7convert4FromINtB9_4BitsKj40_EE4from0Bb_
FN:29,_RNCNvXsi_NtNtCshrGKrJ5NDIV_7rust_vm4bits9from_impljINtNtCs5cb5cxfFw7H_4core7convert4FromINtB9_4BitsKj40_EE4from0Bb_
FN:44,_RNCNvXsj_NtNtCshrGKrJ5NDIV_7rust_vm4bits9from_implaINtNtCs5cb5cxfFw7H_4core7convert4FromRINtB9_4BitsKj8_EE4from0Bb_
FN:44,_RNCNvXsk_NtNtCshrGKrJ5NDIV_7rust_vm4bits9from_implsINtNtCs5cb5cxfFw7H_4core7convert4FromRINtB9_4BitsKj10_EE4from0Bb_
FN:44,_RNCNvXsl_NtNtCshrGKrJ5NDIV_7rust_vm4bits9from_impllINtNtCs5cb5cxfFw7H_4core7convert4FromRINtB9_4BitsKj20_EE4from0Bb_
FN:44,_RNCNvXsm_NtNtCshrGKrJ5NDIV_7rust_vm4bits9from_implxINtNtCs5cb5cxfFw7H_4core7convert4FromRINtB9_4BitsKj40_EE4from0Bb_
FN:44,_RNCNvXsn_NtNtCshrGKrJ5NDIV_7rust_vm4bits9from_impliINtNtCs5cb5cxfFw7H_4core7convert4FromRINtB9_4BitsKj40_EE4from0Bb_
FN:44,_RNCNvXsp_NtNtCshrGKrJ5NDIV_7rust_vm4bits9from_impltINtNtCs5cb5cxfFw7H_4core7convert4FromRINtB9_4BitsKj10_EE4from0Bb_
FN:44,_RNCNvXsq_NtNtCshrGKrJ5NDIV_7rust_vm4bits9from_implmINtNtCs5cb5cxfFw7H_4core7convert4FromRINtB9_4BitsKj20_EE4from0Bb_
FN:44,_RNCNvXsr_NtNtCshrGKrJ5NDIV_7rust_vm4bits9from_implyINtNtCs5cb5cxfFw7H_4core7convert4FromRINtB9_4BitsKj40_EE4from0Bb_
FN:44,_RNCNvXss_NtNtCshrGKrJ5NDIV_7rust_vm4bits9from_impljINtNtCs5cb5cxfFw7H_4core7convert4FromRINtB9_4BitsKj40_EE4from0Bb_
FN:9,_RNvXs1_NtNtCshrGKrJ5NDIV_7rust_vm4bits9from_implINtB7_4BitsKj20_EINtNtCs5cb5cxfFw7H_4core7convert4FrommE4from
FN:9,_RNvXs2_NtNtCshrGKrJ5NDIV_7rust_vm4bits9from_implINtB7_4BitsKj40_EINtNtCs5cb5cxfFw7H_4core7convert4FromyE4from
FN:9,_RNvXs7_NtNtCshrGKrJ5NDIV_7rust_vm4bits9from_implINtB7_4BitsKj40_EINtNtCs5cb5cxfFw7H_4core7convert4FromxE4from
FN:9,_RNvXs8_NtNtCshrGKrJ5NDIV_7rust_vm4bits9from_implINtB7_4BitsKj40_EINtNtCs5cb5cxfFw7H_4core7convert4FromiE4from
FN:25,_RNvXsb_NtNtCshrGKrJ5NDIV_7rust_vm4bits9from_impllINtNtCs5cb5cxfFw7H_4core7convert4FromINtB7_4BitsKj20_EE4from
FN:25,_RNvXsc_NtNtCshrGKrJ5NDIV_7rust_vm4bits9from_implxINtNtCs5cb5cxfFw7H_4core7convert4FromINtB7_4BitsKj40_EE4from
FN:25,_RNvXsd_NtNtCshrGKrJ5NDIV_7rust_vm4bits9from_impliINtNtCs5cb5cxfFw7H_4core7convert4FromINtB7_4BitsKj40_EE4from
FN:25,_RNvXsf_NtNtCshrGKrJ5NDIV_7rust_vm4bits9from_impltINtNtCs5cb5cxfFw7H_4core7convert4FromINtB7_4BitsKj10_EE4from
FN:25,_RNvXsg_NtNtCshrGKrJ5NDIV_7rust_vm4bits9from_implmINtNtCs5cb5cxfFw7H_4core7convert4FromINtB7_4BitsKj20_EE4from
FN:25,_RNvXsh_NtNtCshrGKrJ5NDIV_7rust_vm4bits9from_implyINtNtCs5cb5cxfFw7H_4core7convert4FromINtB7_4BitsKj40_EE4from
FN:25,_RNvXsi_NtNtCshrGKrJ5NDIV_7rust_vm4bits9from_impljINtNtCs5cb5cxfFw7H_4core7convert4FromINtB7_4BitsKj40_EE4from
FN:40,_RNvXsj_NtNtCshrGKrJ5NDIV_7rust_vm4bits9from_implaINtNtCs5cb5cxfFw7H_4core7convert4FromRINtB7_4BitsKj8_EE4from
FN:40,_RNvXsk_NtNtCshrGKrJ5NDIV_7rust_vm4bits9from_implsINtNtCs5cb5cxfFw7H_4core7convert4FromRINtB7_4BitsKj10_EE4from
FN:40,_RNvXsl_NtNtCshrGKrJ5NDIV_7rust_vm4bits9from_impllINtNtCs5cb5cxfFw7H_4core7convert4FromRINtB7_4BitsKj20_EE4from
FN:40,_RNvXsm_NtNtCshrGKrJ5NDIV_7rust_vm4bits9from_implxINtNtCs5cb5cxfFw7H_4core7convert4FromRINtB7_4BitsKj40_EE4from
FN:40,_RNvXsn_NtNtCshrGKrJ5NDIV_7rust_vm4bits9from_impliINtNtCs5cb5cxfFw7H_4core7convert4FromRINtB7_4BitsKj40_EE4from
FN:40,_RNvXsp_NtNtCshrGKrJ5NDIV_7rust_vm4bits9from_impltINtNtCs5cb5cxfFw7H_4core7convert4FromRINtB7_4BitsKj10_EE4from
FN:40,_RNvXsq_NtNtCshrGKrJ5NDIV_7rust_vm4bits9from_implmINtNtCs5cb5cxfFw7H_4core7convert4FromRINtB7_4BitsKj20_EE4from
FN:40,_RNvXsr_NtNtCshrGKrJ5NDIV_7rust_vm4bits9from_implyINtNtCs5cb5cxfFw7H_4core7convert4FromRINtB7_4BitsKj40_EE4from
FN:40,_RNvXss_NtNtCshrGKrJ5NDIV_7rust_vm4bits9from_impljINtNtCs5cb5cxfFw7H_4core7convert4FromRINtB7_4BitsKj40_EE4from
FNDA:0,_RNCNvXNtNtCshrGKrJ5NDIV_7rust_vm4bits9from_implINtB6_4BitsKj10_ENtNtNtCs5cb5cxfFw7H_4core3str6traits7FromStr8from_str0B8_
FNDA:0,_RNCNvXNtNtCshrGKrJ5NDIV_7rust_vm4bits9from_implINtB6_4BitsKj10_ENtNtNtCs5cb5cxfFw7H_4core3str6traits7FromStr8from_strs_0B8_
FNDA:0,_RNCNvXNtNtCshrGKrJ5NDIV_7rust_vm4bits9from_implINtB6_4BitsKj2_ENtNtNtCs5cb5cxfFw7H_4core3str6traits7FromStr8from_str0B8_
FNDA:0,_RNCNvXNtNtCshrGKrJ5NDIV_7rust_vm4bits9from_implINtB6_4BitsKj2_ENtNtNtCs5cb5cxfFw7H_4core3str6traits7FromStr8from_strs_0B8_
FNDA:3,_RNCNvXNtNtCshrGKrJ5NDIV_7rust_vm4bits9from_implINtB6_4BitsKj4_ENtNtNtCs5cb5cxfFw7H_4core3str6traits7FromStr8from_str0B8_
FNDA:376,_RNCNvXNtNtCshrGKrJ5NDIV_7rust_vm4bits9from_implINtB6_4BitsKj4_ENtNtNtCs5cb5cxfFw7H_4core3str6traits7FromStr8from_strs_0B8_
FNDA:2,_RNCNvXNtNtCshrGKrJ5NDIV_7rust_vm4bits9from_implINtB6_4BitsKj8_ENtNtNtCs5cb5cxfFw7H_4core3str6traits7FromStr8from_str0B8_
FNDA:120,_RNCNvXNtNtCshrGKrJ5NDIV_7rust_vm4bits9from_implINtB6_4BitsKj8_ENtNtNtCs5cb5cxfFw7H_4core3str6traits7FromStr8from_strs_0B8_
FNDA:0,_RNCNvXNtNtCshrGKrJ5NDIV_7rust_vm4bits9from_implINtB6_4BitsKja_ENtNtNtCs5cb5cxfFw7H_4core3str6traits7FromStr8from_str0B8_
FNDA:50,_RNCNvXNtNtCshrGKrJ5NDIV_7rust_vm4bits9from_implINtB6_4BitsKja_ENtNtNtCs5cb5cxfFw7H_4core3str6traits7FromStr8from_strs_0B8_
FNDA:8,_RNCNvXs9_NtNtCshrGKrJ5NDIV_7rust_vm4bits9from_implaINtNtCs5cb5cxfFw7H_4core7convert4FromINtB9_4BitsKj8_EE4from0Bb_
FNDA:16,_RNCNvXsa_NtNtCshrGKrJ5NDIV_7rust_vm4bits9from_implsINtNtCs5cb5cxfFw7H_4core7convert4FromINtB9_4BitsKj10_EE4from0Bb_
FNDA:408,_RNCNvXse_NtNtCshrGKrJ5NDIV_7rust_vm4bits9from_implhINtNtCs5cb5cxfFw7H_4core7convert4FromINtB9_4BitsKj8_EE4from0Bb_
FNDA:8,_RNCNvXso_NtNtCshrGKrJ5NDIV_7rust_vm4bits9from_implhINtNtCs5cb5cxfFw7H_4core7convert4FromRINtB9_4BitsKj8_EE4from0Bb_
FNDA:66,_RNvXNtNtCshrGKrJ5NDIV_7rust_vm4bits9from_implINtB4_4BitsKj10_ENtNtNtCs5cb5cxfFw7H_4core3str6traits7FromStr8from_strB6_
FNDA:10,_RNvXNtNtCshrGKrJ5NDIV_7rust_vm4bits9from_implINtB4_4BitsKj2_ENtNtNtCs5cb5cxfFw7H_4core3str6traits7FromStr8from_strB6_
FNDA:189,_RNvXNtNtCshrGKrJ5NDIV_7rust_vm4bits9from_implINtB4_4BitsKj4_ENtNtNtCs5cb5cxfFw7H_4core3str6traits7FromStr8from_strB6_
FNDA:22,_RNvXNtNtCshrGKrJ5NDIV_7rust_vm4bits9from_implINtB4_4BitsKj8_ENtNtNtCs5cb5cxfFw7H_4core3str6traits7FromStr8from_strB6_
FNDA:5,_RNvXNtNtCshrGKrJ5NDIV_7rust_vm4bits9from_implINtB4_4BitsKja_ENtNtNtCs5cb5cxfFw7H_4core3str6traits7FromStr8from_strB6_
FNDA:118,_RNvXs0_NtNtCshrGKrJ5NDIV_7rust_vm4bits9from_implINtB7_4BitsKj10_EINtNtCs5cb5cxfFw7H_4core7convert4FromtE4from
FNDA:6,_RNvXs3_NtNtCshrGKrJ5NDIV_7rust_vm4bits9from_implINtB7_4BitsKj40_EINtNtCs5cb5cxfFw7H_4core7convert4FromjE4from
FNDA:3,_RNvXs4_NtNtCshrGKrJ5NDIV_7rust_vm4bits9from_implINtB7_4BitsKj8_EINtNtCs5cb5cxfFw7H_4core7convert4FromaE4from
FNDA:1,_RNvXs5_NtNtCshrGKrJ5NDIV_7rust_vm4bits9from_implINtB7_4BitsKj10_EINtNtCs5cb5cxfFw7H_4core7convert4FromsE4from
FNDA:2,_RNvXs6_NtNtCshrGKrJ5NDIV_7rust_vm4bits9from_implINtB7_4BitsKj20_EINtNtCs5cb5cxfFw7H_4core7convert4FromlE4from
FNDA:537,_RNvXs_NtNtCshrGKrJ5NDIV_7rust_vm4bits9from_implINtB6_4BitsKj8_EINtNtCs5cb5cxfFw7H_4core7convert4FromhE4from
FNDA:1,_RNvXs9_NtNtCshrGKrJ5NDIV_7rust_vm4bits9from_implaINtNtCs5cb5cxfFw7H_4core7convert4FromINtB7_4BitsKj8_EE4from
FNDA:1,_RNvXsa_NtNtCshrGKrJ5NDIV_7rust_vm4bits9from_implsINtNtCs5cb5cxfFw7H_4core7convert4FromINtB7_4BitsKj10_EE4from
FNDA:51,_RNvXse_NtNtCshrGKrJ5NDIV_7rust_vm4bits9from_implhINtNtCs5cb5cxfFw7H_4core7convert4FromINtB7_4BitsKj8_EE4from
FNDA:1,_RNvXso_NtNtCshrGKrJ5NDIV_7rust_vm4bits9from_implhINtNtCs5cb5cxfFw7H_4core7convert4FromRINtB7_4BitsKj8_EE4from
FNDA:0,_RNCNvXsb_NtNtCshrGKrJ5NDIV_7rust_vm4bits9from_impllINtNtCs5cb5cxfFw7H_4core7convert4FromINtB9_4BitsKj20_EE4from0Bb_
FNDA:0,_RNCNvXsc_NtNtCshrGKrJ5NDIV_7rust_vm4bits9from_implxINtNtCs5cb5cxfFw7H_4core7convert4FromINtB9_4BitsKj40_EE4from0Bb_
FNDA:0,_RNCNvXsd_NtNtCshrGKrJ5NDIV_7rust_vm4bits9from_impliINtNtCs5cb5cxfFw7H_4core7convert4FromINtB9_4BitsKj40_EE4from0Bb_
FNDA:0,_RNCNvXsf_NtNtCshrGKrJ5NDIV_7rust_vm4bits9from_impltINtNtCs5cb5cxfFw7H_4core7convert4FromINtB9_4BitsKj10_EE4from0Bb_
FNDA:0,_RNCNvXsg_NtNtCshrGKrJ5NDIV_7rust_vm4bits9from_implmINtNtCs5cb5cxfFw7H_4core7convert4FromINtB9_4BitsKj20_EE4from0Bb_
FNDA:0,_RNCNvXsh_NtNtCshrGKrJ5NDIV_7rust_vm4bits9from_implyINtNtCs5cb5cxfFw7H_4core7convert4FromINtB9_4BitsKj40_EE4from0Bb_
FNDA:0,_RNCNvXsi_NtNtCshrGKrJ5NDIV_7rust_vm4bits9from_impljINtNtCs5cb5cxfFw7H_4core7convert4FromINtB9_4BitsKj40_EE4from0Bb_
FNDA:0,_RNCNvXsj_NtNtCshrGKrJ5NDIV_7rust_vm4bits9from_implaINtNtCs5cb5cxfFw7H_4core7convert4FromRINtB9_4BitsKj8_EE4from0Bb_
FNDA:0,_RNCNvXsk_NtNtCshrGKrJ5NDIV_7rust_vm4bits9from_implsINtNtCs5cb5cxfFw7H_4core7convert4FromRINtB9_4BitsKj10_EE4from0Bb_
FNDA:0,_RNCNvXsl_NtNtCshrGKrJ5NDIV_7rust_vm4bits9from_impllINtNtCs5cb5cxfFw7H_4core7convert4FromRINtB9_4BitsKj20_EE4from0Bb_
FNDA:0,_RNCNvXsm_NtNtCshrGKrJ5NDIV_7rust_vm4bits9from_implxINtNtCs5cb5cxfFw7H_4core7convert4FromRINtB9_4BitsKj40_EE4from0Bb_
FNDA:0,_RNCNvXsn_NtNtCshrGKrJ5NDIV_7rust_vm4bits9from_impliINtNtCs5cb5cxfFw7H_4core7convert4FromRINtB9_4BitsKj40_EE4from0Bb_
FNDA:0,_RNCNvXsp_NtNtCshrGKrJ5NDIV_7rust_vm4bits9from_impltINtNtCs5cb5cxfFw7H_4core7convert4FromRINtB9_4BitsKj10_EE4from0Bb_
FNDA:0,_RNCNvXsq_NtNtCshrGKrJ5NDIV_7rust_vm4bits9from_implmINtNtCs5cb5cxfFw7H_4core7convert4FromRINtB9_4BitsKj20_EE4from0Bb_
FNDA:0,_RNCNvXsr_NtNtCshrGKrJ5NDIV_7rust_vm4bits9from_implyINtNtCs5cb5cxfFw7H_4core7convert4FromRINtB9_4BitsKj40_EE4from0Bb_
FNDA:0,_RNCNvXss_NtNtCshrGKrJ5NDIV_7rust_vm4bits9from_impljINtNtCs5cb5cxfFw7H_4core7convert4FromRINtB9_4BitsKj40_EE4from0Bb_
FNDA:0,_RNvXs1_NtNtCshrGKrJ5NDIV_7rust_vm4bits9from_implINtB7_4BitsKj20_EINtNtCs5cb5cxfFw7H_4core7convert4FrommE4from
FNDA:0,_RNvXs2_NtNtCshrGKrJ5NDIV_7rust_vm4bits9from_implINtB7_4BitsKj40_EINtNtCs5cb5cxfFw7H_4core7convert4FromyE4from
FNDA:0,_RNvXs7_NtNtCshrGKrJ5NDIV_7rust_vm4bits9from_implINtB7_4BitsKj40_EINtNtCs5cb5cxfFw7H_4core7convert4FromxE4from
FNDA:0,_RNvXs8_NtNtCshrGKrJ5NDIV_7rust_vm4bits9from_implINtB7_4BitsKj40_EINtNtCs5cb5cxfFw7H_4core7convert4FromiE4from
FNDA:0,_RNvXsb_NtNtCshrGKrJ5NDIV_7rust_vm4bits9from_impllINtNtCs5cb5cxfFw7H_4core7convert4FromINtB7_4BitsKj20_EE4from
FNDA:0,_RNvXsc_NtNtCshrGKrJ5NDIV_7rust_vm4bits9from_implxINtNtCs5cb5cxfFw7H_4core7convert4FromINtB7_4BitsKj40_EE4from
FNDA:0,_RNvXsd_NtNtCshrGKrJ5NDIV_7rust_vm4bits9from_impliINtNtCs5cb5cxfFw7H_4core7convert4FromINtB7_4BitsKj40_EE4from
FNDA:0,_RNvXsf_NtNtCshrGKrJ5NDIV_7rust_vm4bits9from_impltINtNtCs5cb5cxfFw7H_4core7convert4FromINtB7_4BitsKj10_EE4from
FNDA:0,_RNvXsg_NtNtCshrGKrJ5NDIV_7rust_vm4bits9from_implmINtNtCs5cb5cxfFw7H_4core7convert4FromINtB7_4BitsKj20_EE4from
FNDA:0,_RNvXsh_NtNtCshrGKrJ5NDIV_7rust_vm4bits9from_implyINtNtCs5cb5cxfFw7H_4core7convert4FromINtB7_4BitsKj40_EE4from
FNDA:0,_RNvXsi_NtNtCshrGKrJ5NDIV_7rust_vm4bits9from_impljINtNtCs5cb5cxfFw7H_4core7convert4FromINtB7_4BitsKj40_EE4from
FNDA:0,_RNvXsj_NtNtCshrGKrJ5NDIV_7rust_vm4bits9from_implaINtNtCs5cb5cxfFw7H_4core7convert4FromRINtB7_4BitsKj8_EE4from
FNDA:0,_RNvXsk_NtNtCshrGKrJ5NDIV_7rust_vm4bits9from_implsINtNtCs5cb5cxfFw7H_4core7convert4FromRINtB7_4BitsKj10_EE4from
FNDA:0,_RNvXsl_NtNtCshrGKrJ5NDIV_7rust_vm4bits9from_impllINtNtCs5cb5cxfFw7H_4core7convert4FromRINtB7_4BitsKj20_EE4from
FNDA:0,_RNvXsm_NtNtCshrGKrJ5NDIV_7rust_vm4bits9from_implxINtNtCs5cb5cxfFw7H_4core7convert4FromRINtB7_4BitsKj40_EE4from
FNDA:0,_RNvXsn_NtNtCshrGKrJ5NDIV_7rust_vm4bits9from_impliINtNtCs5cb5cxfFw7H_4core7convert4FromRINtB7_4BitsKj40_EE4from
FNDA:0,_RNvXsp_NtNtCshrGKrJ5NDIV_7rust_vm4bits9from_impltINtNtCs5cb5cxfFw7H_4core7convert4FromRINtB7_4BitsKj10_EE4from
FNDA:0,_RNvXsq_NtNtCshrGKrJ5NDIV_7rust_vm4bits9from_implmINtNtCs5cb5cxfFw7H_4core7convert4FromRINtB7_4BitsKj20_EE4from
FNDA:0,_RNvXsr_NtNtCshrGKrJ5NDIV_7rust_vm4bits9from_implyINtNtCs5cb5cxfFw7H_4core7convert4FromRINtB7_4BitsKj40_EE4from
FNDA:0,_RNvXss_NtNtCshrGKrJ5NDIV_7rust_vm4bits9from_impljINtNtCs5cb5cxfFw7H_4core7convert4FromRINtB7_4BitsKj40_EE4from
FNF:8
FNH:8
DA:9,667
DA:10,667
DA:11,6672
DA:12,6672
DA:13,6672
DA:14,667
DA:15,667
DA:25,53
DA:26,53
DA:27,53
DA:28,53
DA:29,432
DA:30,53
DA:40,1
DA:41,1
DA:42,1
DA:43,1
DA:44,8
DA:45,1
DA:58,292
DA:59,292
DA:61,292
DA:62,292
DA:63,1
DA:64,1
DA:65,1
DA:66,1
DA:68,291
DA:69,123
DA:70,123
DA:71,123
DA:73,118
DA:74,4
DA:75,4
DA:76,4
DA:77,4
DA:78,114
DA:80,546
DA:81,546
DA:82,546
DA:84,168
DA:85,1450
DA:86,1450
DA:87,1049
DA:88,400
DA:90,1
DA:91,1
DA:92,1
DA:97,0
DA:100,281
DA:101,292
BRF:0
BRH:0
LF:55
LH:54
end_of_record
SF:C:\Users\quinn\Desktop\dev\rust_vm\src\bits\mod.rs
FN:68,_RINvMNtCshrGKrJ5NDIV_7rust_vm4bitsINtB3_4BitsKj10_E17split_into_chunksKj4_EB5_
FN:20,_RINvMNtCshrGKrJ5NDIV_7rust_vm4bitsINtB3_4BitsKj10_E5sliceKj2_EB5_
FN:20,_RINvMNtCshrGKrJ5NDIV_7rust_vm4bitsINtB3_4BitsKj10_E5sliceKj4_EB5_
FN:20,_RINvMNtCshrGKrJ5NDIV_7rust_vm4bitsINtB3_4BitsKj10_E5sliceKj8_EB5_
FN:20,_RINvMNtCshrGKrJ5NDIV_7rust_vm4bitsINtB3_4BitsKj10_E5sliceKja_EB5_
FN:59,_RINvMNtCshrGKrJ5NDIV_7rust_vm4bitsINtB3_4BitsKj10_E6resizeKja_EB5_
FN:59,_RINvMNtCshrGKrJ5NDIV_7rust_vm4bitsINtB3_4BitsKj20_E6resizeKj4_EB5_
FN:59,_RINvMNtCshrGKrJ5NDIV_7rust_vm4bitsINtB3_4BitsKj40_E6resizeKja_EB5_
FN:38,_RINvMNtCshrGKrJ5NDIV_7rust_vm4bitsINtB3_4BitsKj4_E24try_from_unsigned_numberhEB5_
FN:38,_RINvMNtCshrGKrJ5NDIV_7rust_vm4bitsINtB3_4BitsKj8_E24try_from_unsigned_numberhEB5_
FN:59,_RINvMNtCshrGKrJ5NDIV_7rust_vm4bitsINtB3_4BitsKj8_E6resizeKBI_EB5_
FN:59,_RINvMNtCshrGKrJ5NDIV_7rust_vm4bitsINtB3_4BitsKj8_E6resizeKj4_EB5_
FN:62,_RNCINvMNtCshrGKrJ5NDIV_7rust_vm4bitsINtB5_4BitsKj10_E6resizeKja_E0B7_
FN:62,_RNCINvMNtCshrGKrJ5NDIV_7rust_vm4bitsINtB5_4BitsKj20_E6resizeKj4_E0B7_
FN:62,_RNCINvMNtCshrGKrJ5NDIV_7rust_vm4bitsINtB5_4BitsKj40_E6resizeKja_E0B7_
FN:54,_RNCINvMNtCshrGKrJ5NDIV_7rust_vm4bitsINtB5_4BitsKj4_E24try_from_unsigned_numberhE0B7_
FN:54,_RNCINvMNtCshrGKrJ5NDIV_7rust_vm4bitsINtB5_4BitsKj8_E24try_from_unsigned_numberhE0B7_
FN:62,_RNCINvMNtCshrGKrJ5NDIV_7rust_vm4bitsINtB5_4BitsKj8_E6resizeKBK_E0B7_
FN:62,_RNCINvMNtCshrGKrJ5NDIV_7rust_vm4bitsINtB5_4BitsKj8_E6resizeKj4_E0B7_
FN:35,_RNCNvMNtCshrGKrJ5NDIV_7rust_vm4bitsINtB4_4BitsKj10_E8to_usize0B6_
FN:35,_RNCNvMNtCshrGKrJ5NDIV_7rust_vm4bitsINtB4_4BitsKj4_E8to_usize0B6_
FN:35,_RNCNvMNtCshrGKrJ5NDIV_7rust_vm4bitsINtB4_4BitsKj8_E8to_usize0B6_
FN:35,_RNCNvMNtCshrGKrJ5NDIV_7rust_vm4bitsINtB4_4BitsKja_E8to_usize0B6_
FN:31,_RNvMNtCshrGKrJ5NDIV_7rust_vm4bitsINtB2_4BitsKj10_E8to_usizeB4_
FN:16,_RNvMNtCshrGKrJ5NDIV_7rust_vm4bitsINtB2_4BitsKj4_E4iterB4_
FN:27,_RNvMNtCshrGKrJ5NDIV_7rust_vm4bitsINtB2_4BitsKj4_E8iter_mutB4_
FN:31,_RNvMNtCshrGKrJ5NDIV_7rust_vm4bitsINtB2_4BitsKj4_E8to_usizeB4_
FN:27,_RNvMNtCshrGKrJ5NDIV_7rust_vm4bitsINtB2_4BitsKj8_E8iter_mutB4_
FN:31,_RNvMNtCshrGKrJ5NDIV_7rust_vm4bitsINtB2_4BitsKj8_E8to_usizeB4_
FN:27,_RNvMNtCshrGKrJ5NDIV_7rust_vm4bitsINtB2_4BitsKja_E8iter_mutB4_
FN:31,_RNvMNtCshrGKrJ5NDIV_7rust_vm4bitsINtB2_4BitsKja_E8to_usizeB4_
FN:90,_RNvXs0_NtCshrGKrJ5NDIV_7rust_vm4bitsINtB5_4BitsKj2_ENtNtCs5cb5cxfFw7H_4core3fmt7Display3fmtB7_
FN:90,_RNvXs0_NtCshrGKrJ5NDIV_7rust_vm4bitsINtB5_4BitsKj4_ENtNtCs5cb5cxfFw7H_4core3fmt7Display3fmtB7_
FN:90,_RNvXs0_NtCshrGKrJ5NDIV_7rust_vm4bitsINtB5_4BitsKj8_ENtNtCs5cb5cxfFw7H_4core3fmt7Display3fmtB7_
FN:90,_RNvXs0_NtCshrGKrJ5NDIV_7rust_vm4bitsINtB5_4BitsKja_ENtNtCs5cb5cxfFw7H_4core3fmt7Display3fmtB7_
FN:99,_RNvXs1_NtCshrGKrJ5NDIV_7rust_vm4bitsINtB5_4BitsKj3_EINtNtCs5cb5cxfFw7H_4core7convert4FromAbBK_E4fromB7_
FN:99,_RNvXs1_NtCshrGKrJ5NDIV_7rust_vm4bitsINtB5_4BitsKj4_EINtNtCs5cb5cxfFw7H_4core7convert4FromAbBK_E4fromB7_
FN:99,_RNvXs1_NtCshrGKrJ5NDIV_7rust_vm4bitsINtB5_4BitsKj8_EINtNtCs5cb5cxfFw7H_4core7convert4FromAbBK_E4fromB7_
FN:99,_RNvXs1_NtCshrGKrJ5NDIV_7rust_vm4bitsINtB5_4BitsKja_EINtNtCs5cb5cxfFw7H_4core7convert4FromAbBK_E4fromB7_
FN:105,_RNvXs2_NtCshrGKrJ5NDIV_7rust_vm4bitsAbj4_INtNtCs5cb5cxfFw7H_4core7convert4FromINtB5_4BitsKBA_EE4fromB7_
FN:105,_RNvXs2_NtCshrGKrJ5NDIV_7rust_vm4bitsAbj8_INtNtCs5cb5cxfFw7H_4core7convert4FromINtB5_4BitsKBA_EE4fromB7_
FN:113,_RNvXs3_NtCshrGKrJ5NDIV_7rust_vm4bitsINtB5_4BitsKj3_ENtNtNtNtCs5cb5cxfFw7H_4core4iter6traits7collect12IntoIterator9into_iterB7_
FN:120,_RNvXs4_NtCshrGKrJ5NDIV_7rust_vm4bitsINtB5_4BitsKj10_EINtNtNtCs5cb5cxfFw7H_4core3ops5index5IndexjE5indexB7_
FN:120,_RNvXs4_NtCshrGKrJ5NDIV_7rust_vm4bitsINtB5_4BitsKj8_EINtNtNtCs5cb5cxfFw7H_4core3ops5index5IndexjE5indexB7_
FN:120,_RNvXs4_NtCshrGKrJ5NDIV_7rust_vm4bitsINtB5_4BitsKja_EINtNtNtCs5cb5cxfFw7H_4core3ops5index5IndexjE5indexB7_
FN:126,_RNvXs5_NtCshrGKrJ5NDIV_7rust_vm4bitsINtB5_4BitsKj4_ENtNtCs5cb5cxfFw7H_4core3cmp9PartialEq2eqB7_
FN:126,_RNvXs5_NtCshrGKrJ5NDIV_7rust_vm4bitsINtB5_4BitsKj8_ENtNtCs5cb5cxfFw7H_4core3cmp9PartialEq2eqB7_
FN:126,_RNvXs5_NtCshrGKrJ5NDIV_7rust_vm4bitsINtB5_4BitsKja_EINtNtCs5cb5cxfFw7H_4core3cmp9PartialEqIBz_Kj8_EE2eqB7_
FN:133,_RNvXs6_NtCshrGKrJ5NDIV_7rust_vm4bitsINtB5_4BitsKj8_ENtNtNtCs5cb5cxfFw7H_4core3ops5arith3Add3addB7_
FN:133,_RNvXs6_NtCshrGKrJ5NDIV_7rust_vm4bitsINtB5_4BitsKja_ENtNtNtCs5cb5cxfFw7H_4core3ops5arith3Add3addB7_
FN:149,_RNvXs8_NtCshrGKrJ5NDIV_7rust_vm4bitsINtB5_4BitsKj8_ENtNtNtCs5cb5cxfFw7H_4core3ops5arith3Sub3subB7_
FN:156,_RNvXs9_NtCshrGKrJ5NDIV_7rust_vm4bitsINtB5_4BitsKj8_ENtNtNtCs5cb5cxfFw7H_4core3ops5arith9SubAssign10sub_assignB7_
FN:82,_RNvXs_NtCshrGKrJ5NDIV_7rust_vm4bitsINtB4_4BitsKj4_ENtNtCs5cb5cxfFw7H_4core7default7Default7defaultB6_
FN:82,_RNvXs_NtCshrGKrJ5NDIV_7rust_vm4bitsINtB4_4BitsKj8_ENtNtCs5cb5cxfFw7H_4core7default7Default7defaultB6_
FN:82,_RNvXs_NtCshrGKrJ5NDIV_7rust_vm4bitsINtB4_4BitsKja_ENtNtCs5cb5cxfFw7H_4core7default7Default7defaultB6_
FN:140,_RNvXININtCshrGKrJ5NDIV_7rust_vm4bitss7_0KpEINtB5_4BitsKpENtNtNtCs5cb5cxfFw7H_4core3ops5arith9AddAssign10add_assignB7_
FNDA:1,_RINvMNtCshrGKrJ5NDIV_7rust_vm4bitsINtB3_4BitsKj10_E17split_into_chunksKj4_EB5_
FNDA:11,_RINvMNtCshrGKrJ5NDIV_7rust_vm4bitsINtB3_4BitsKj10_E5sliceKj2_EB5_
FNDA:500,_RINvMNtCshrGKrJ5NDIV_7rust_vm4bitsINtB3_4BitsKj10_E5sliceKj4_EB5_
FNDA:26,_RINvMNtCshrGKrJ5NDIV_7rust_vm4bitsINtB3_4BitsKj10_E5sliceKj8_EB5_
FNDA:12,_RINvMNtCshrGKrJ5NDIV_7rust_vm4bitsINtB3_4BitsKj10_E5sliceKja_EB5_
FNDA:100,_RINvMNtCshrGKrJ5NDIV_7rust_vm4bitsINtB3_4BitsKj10_E6resizeKja_EB5_
FNDA:2,_RINvMNtCshrGKrJ5NDIV_7rust_vm4bitsINtB3_4BitsKj20_E6resizeKj4_EB5_
FNDA:6,_RINvMNtCshrGKrJ5NDIV_7rust_vm4bitsINtB3_4BitsKj40_E6resizeKja_EB5_
FNDA:8,_RINvMNtCshrGKrJ5NDIV_7rust_vm4bitsINtB3_4BitsKj4_E24try_from_unsigned_numberhEB5_
FNDA:4,_RINvMNtCshrGKrJ5NDIV_7rust_vm4bitsINtB3_4BitsKj8_E24try_from_unsigned_numberhEB5_
FNDA:179,_RINvMNtCshrGKrJ5NDIV_7rust_vm4bitsINtB3_4BitsKj8_E6resizeKBI_EB5_
FNDA:120,_RINvMNtCshrGKrJ5NDIV_7rust_vm4bitsINtB3_4BitsKj8_E6resizeKj4_EB5_
FNDA:1000,_RNCINvMNtCshrGKrJ5NDIV_7rust_vm4bitsINtB5_4BitsKj10_E6resizeKja_E0B7_
FNDA:8,_RNCINvMNtCshrGKrJ5NDIV_7rust_vm4bitsINtB5_4BitsKj20_E6resizeKj4_E0B7_
FNDA:60,_RNCINvMNtCshrGKrJ5NDIV_7rust_vm4bitsINtB5_4BitsKj40_E6resizeKja_E0B7_
FNDA:28,_RNCINvMNtCshrGKrJ5NDIV_7rust_vm4bitsINtB5_4BitsKj4_E24try_from_unsigned_numberhE0B7_
FNDA:32,_RNCINvMNtCshrGKrJ5NDIV_7rust_vm4bitsINtB5_4BitsKj8_E24try_from_unsigned_numberhE0B7_
FNDA:1432,_RNCINvMNtCshrGKrJ5NDIV_7rust_vm4bitsINtB5_4BitsKj8_E6resizeKBK_E0B7_
FNDA:480,_RNCINvMNtCshrGKrJ5NDIV_7rust_vm4bitsINtB5_4BitsKj8_E6resizeKj4_E0B7_
FNDA:16,_RNCNvMNtCshrGKrJ5NDIV_7rust_vm4bitsINtB4_4BitsKj10_E8to_usize0B6_
FNDA:6476,_RNCNvMNtCshrGKrJ5NDIV_7rust_vm4bitsINtB4_4BitsKj4_E8to_usize0B6_
FNDA:3176,_RNCNvMNtCshrGKrJ5NDIV_7rust_vm4bitsINtB4_4BitsKj8_E8to_usize0B6_
FNDA:2000,_RNCNvMNtCshrGKrJ5NDIV_7rust_vm4bitsINtB4_4BitsKja_E8to_usize0B6_
FNDA:1,_RNvMNtCshrGKrJ5NDIV_7rust_vm4bitsINtB2_4BitsKj10_E8to_usizeB4_
FNDA:1,_RNvMNtCshrGKrJ5NDIV_7rust_vm4bitsINtB2_4BitsKj4_E4iterB4_
FNDA:1,_RNvMNtCshrGKrJ5NDIV_7rust_vm4bitsINtB2_4BitsKj4_E8iter_mutB4_
FNDA:1619,_RNvMNtCshrGKrJ5NDIV_7rust_vm4bitsINtB2_4BitsKj4_E8to_usizeB4_
FNDA:39,_RNvMNtCshrGKrJ5NDIV_7rust_vm4bitsINtB2_4BitsKj8_E8iter_mutB4_
FNDA:397,_RNvMNtCshrGKrJ5NDIV_7rust_vm4bitsINtB2_4BitsKj8_E8to_usizeB4_
FNDA:0,_RNvMNtCshrGKrJ5NDIV_7rust_vm4bitsINtB2_4BitsKja_E8iter_mutB4_
FNDA:200,_RNvMNtCshrGKrJ5NDIV_7rust_vm4bitsINtB2_4BitsKja_E8to_usizeB4_
FNDA:21,_RNvXs0_NtCshrGKrJ5NDIV_7rust_vm4bitsINtB5_4BitsKj2_ENtNtCs5cb5cxfFw7H_4core3fmt7Display3fmtB7_
FNDA:284,_RNvXs0_NtCshrGKrJ5NDIV_7rust_vm4bitsINtB5_4BitsKj4_ENtNtCs5cb5cxfFw7H_4core3fmt7Display3fmtB7_
FNDA:27,_RNvXs0_NtCshrGKrJ5NDIV_7rust_vm4bitsINtB5_4BitsKj8_ENtNtCs5cb5cxfFw7H_4core3fmt7Display3fmtB7_
FNDA:10,_RNvXs0_NtCshrGKrJ5NDIV_7rust_vm4bitsINtB5_4BitsKja_ENtNtCs5cb5cxfFw7H_4core3fmt7Display3fmtB7_
FNDA:1,_RNvXs1_NtCshrGKrJ5NDIV_7rust_vm4bitsINtB5_4BitsKj3_EINtNtCs5cb5cxfFw7H_4core7convert4FromAbBK_E4fromB7_
FNDA:6,_RNvXs1_NtCshrGKrJ5NDIV_7rust_vm4bitsINtB5_4BitsKj4_EINtNtCs5cb5cxfFw7H_4core7convert4FromAbBK_E4fromB7_
FNDA:107,_RNvXs1_NtCshrGKrJ5NDIV_7rust_vm4bitsINtB5_4BitsKj8_EINtNtCs5cb5cxfFw7H_4core7convert4FromAbBK_E4fromB7_
FNDA:100,_RNvXs1_NtCshrGKrJ5NDIV_7rust_vm4bitsINtB5_4BitsKja_EINtNtCs5cb5cxfFw7H_4core7convert4FromAbBK_E4fromB7_
FNDA:1,_RNvXs2_NtCshrGKrJ5NDIV_7rust_vm4bitsAbj4_INtNtCs5cb5cxfFw7H_4core7convert4FromINtB5_4BitsKBA_EE4fromB7_
FNDA:1,_RNvXs2_NtCshrGKrJ5NDIV_7rust_vm4bitsAbj8_INtNtCs5cb5cxfFw7H_4core7convert4FromINtB5_4BitsKBA_EE4fromB7_
FNDA:1,_RNvXs3_NtCshrGKrJ5NDIV_7rust_vm4bitsINtB5_4BitsKj3_ENtNtNtNtCs5cb5cxfFw7H_4core4iter6traits7collect12IntoIterator9into_iterB7_
FNDA:3,_RNvXs4_NtCshrGKrJ5NDIV_7rust_vm4bitsINtB5_4BitsKj10_EINtNtNtCs5cb5cxfFw7H_4core3ops5index5IndexjE5indexB7_
FNDA:1664,_RNvXs4_NtCshrGKrJ5NDIV_7rust_vm4bitsINtB5_4BitsKj8_EINtNtNtCs5cb5cxfFw7H_4core3ops5index5IndexjE5indexB7_
FNDA:2000,_RNvXs4_NtCshrGKrJ5NDIV_7rust_vm4bitsINtB5_4BitsKja_EINtNtNtCs5cb5cxfFw7H_4core3ops5index5IndexjE5indexB7_
FNDA:358,_RNvXs5_NtCshrGKrJ5NDIV_7rust_vm4bitsINtB5_4BitsKj4_ENtNtCs5cb5cxfFw7H_4core3cmp9PartialEq2eqB7_
FNDA:120,_RNvXs5_NtCshrGKrJ5NDIV_7rust_vm4bitsINtB5_4BitsKj8_ENtNtCs5cb5cxfFw7H_4core3cmp9PartialEq2eqB7_
FNDA:100,_RNvXs5_NtCshrGKrJ5NDIV_7rust_vm4bitsINtB5_4BitsKja_EINtNtCs5cb5cxfFw7H_4core3cmp9PartialEqIBz_Kj8_EE2eqB7_
FNDA:1,_RNvXs6_NtCshrGKrJ5NDIV_7rust_vm4bitsINtB5_4BitsKj8_ENtNtNtCs5cb5cxfFw7H_4core3ops5arith3Add3addB7_
FNDA:100,_RNvXs6_NtCshrGKrJ5NDIV_7rust_vm4bitsINtB5_4BitsKja_ENtNtNtCs5cb5cxfFw7H_4core3ops5arith3Add3addB7_
FNDA:1,_RNvXs8_NtCshrGKrJ5NDIV_7rust_vm4bitsINtB5_4BitsKj8_ENtNtNtCs5cb5cxfFw7H_4core3ops5arith3Sub3subB7_
FNDA:1,_RNvXs9_NtCshrGKrJ5NDIV_7rust_vm4bitsINtB5_4BitsKj8_ENtNtNtCs5cb5cxfFw7H_4core3ops5arith9SubAssign10sub_assignB7_
FNDA:72,_RNvXs_NtCshrGKrJ5NDIV_7rust_vm4bitsINtB4_4BitsKj4_ENtNtCs5cb5cxfFw7H_4core7default7Default7defaultB6_
FNDA:840,_RNvXs_NtCshrGKrJ5NDIV_7rust_vm4bitsINtB4_4BitsKj8_ENtNtCs5cb5cxfFw7H_4core7default7Default7defaultB6_
FNDA:13,_RNvXs_NtCshrGKrJ5NDIV_7rust_vm4bitsINtB4_4BitsKja_ENtNtCs5cb5cxfFw7H_4core7default7Default7defaultB6_
FNDA:0,_RNvXININtCshrGKrJ5NDIV_7rust_vm4bitss7_0KpEINtB5_4BitsKpENtNtNtCs5cb5cxfFw7H_4core3ops5arith9AddAssign10add_assignB7_
FNF:21
FNH:20
DA:16,1
DA:17,1
DA:18,1
DA:20,549
DA:21,549
DA:22,549
DA:23,549
DA:24,549
DA:25,549
DA:27,40
DA:28,40
DA:29,40
DA:31,2217
DA:32,2217
DA:33,2217
DA:34,2217
DA:35,11668
DA:36,2217
DA:38,12
DA:39,12
DA:40,12
DA:42,12
DA:44,12
DA:45,1
DA:46,1
DA:47,1
DA:48,1
DA:49,11
DA:51,11
DA:52,11
DA:53,11
DA:54,60
DA:56,11
DA:57,12
DA:59,407
DA:60,407
DA:61,407
DA:62,2980
DA:63,2980
DA:64,2980
DA:65,407
DA:66,407
DA:68,1
DA:69,1
DA:70,1
DA:71,4
DA:72,4
DA:73,4
DA:74,4
DA:75,4
DA:76,1
DA:77,1
DA:78,1
DA:82,925
DA:83,925
DA:84,925
DA:85,925
DA:86,925
DA:90,342
DA:91,1494
DA:92,1494
DA:94,342
DA:95,342
DA:99,214
DA:100,214
DA:101,214
DA:105,2
DA:106,2
DA:107,2
DA:113,1
DA:114,1
DA:115,1
DA:120,3667
DA:121,3667
DA:122,3667
DA:126,578
DA:127,578
DA:128,578
DA:133,101
DA:134,101
DA:135,101
DA:136,101
DA:140,0
DA:141,0
DA:142,0
DA:143,0
DA:144,0
DA:149,1
DA:150,1
DA:151,1
DA:152,1
DA:156,1
DA:157,1
DA:158,1
DA:159,1
BRF:0
BRH:0
LF:98
LH:93
end_of_record
SF:C:\Users\quinn\Desktop\dev\rust_vm\src\call_stack.rs
FN:17,_RNvMs_NtCshrGKrJ5NDIV_7rust_vm10call_stackNtB4_9CallStack3new
FN:27,_RNvMs_NtCshrGKrJ5NDIV_7rust_vm10call_stackNtB4_9CallStack3pop
FN:11,_RNvXNtCshrGKrJ5NDIV_7rust_vm10call_stackNtB2_9CallStackNtNtCs5cb5cxfFw7H_4core7default7Default7default
FN:23,_RNvMs_NtCshrGKrJ5NDIV_7rust_vm10call_stackNtB4_9CallStack4push
FNDA:13,_RNvMs_NtCshrGKrJ5NDIV_7rust_vm10call_stackNtB4_9CallStack3new
FNDA:0,_RNvMs_NtCshrGKrJ5NDIV_7rust_vm10call_stackNtB4_9CallStack3pop
FNDA:11,_RNvXNtCshrGKrJ5NDIV_7rust_vm10call_stackNtB2_9CallStackNtNtCs5cb5cxfFw7H_4core7default7Default7default
FNDA:0,_RNvMs_NtCshrGKrJ5NDIV_7rust_vm10call_stackNtB4_9CallStack4push
FNF:4
FNH:2
DA:11,11
DA:12,11
DA:13,11
DA:17,13
DA:18,13
DA:19,13
DA:20,13
DA:21,13
DA:23,0
DA:24,0
DA:25,0
DA:27,0
DA:28,0
DA:29,0
BRF:0
BRH:0
LF:14
LH:8
end_of_record
SF:C:\Users\quinn\Desktop\dev\rust_vm\src\control_rom.rs
FN:28,_RNvMNtCshrGKrJ5NDIV_7rust_vm11control_romNtB2_10ControlRom19get_control_signals
FN:204,_RNvNtNtCshrGKrJ5NDIV_7rust_vm11control_rom5testss_19not_yet_implemented
FN:119,_RNvNtNtCshrGKrJ5NDIV_7rust_vm11control_rom5testss_3add
FN:147,_RNvNtNtCshrGKrJ5NDIV_7rust_vm11control_rom5testss_3and
FN:161,_RNvNtNtCshrGKrJ5NDIV_7rust_vm11control_rom5testss_3nor
FN:133,_RNvNtNtCshrGKrJ5NDIV_7rust_vm11control_rom5testss_3sub
FN:175,_RNvNtNtCshrGKrJ5NDIV_7rust_vm11control_rom5testss_3xor
FN:189,_RNvNtNtCshrGKrJ5NDIV_7rust_vm11control_rom5testss_6rshift
FNDA:107,_RNvMNtCshrGKrJ5NDIV_7rust_vm11control_romNtB2_10ControlRom19get_control_signals
FNDA:1,_RNvNtNtCshrGKrJ5NDIV_7rust_vm11control_rom5testss_19not_yet_implemented
FNDA:1,_RNvNtNtCshrGKrJ5NDIV_7rust_vm11control_rom5testss_3add
FNDA:1,_RNvNtNtCshrGKrJ5NDIV_7rust_vm11control_rom5testss_3and
FNDA:1,_RNvNtNtCshrGKrJ5NDIV_7rust_vm11control_rom5testss_3nor
FNDA:1,_RNvNtNtCshrGKrJ5NDIV_7rust_vm11control_rom5testss_3sub
FNDA:1,_RNvNtNtCshrGKrJ5NDIV_7rust_vm11control_rom5testss_3xor
FNDA:1,_RNvNtNtCshrGKrJ5NDIV_7rust_vm11control_rom5testss_6rshift
FNF:8
FNH:8
DA:28,107
DA:29,107
DA:30,107
DA:31,1
DA:32,1
DA:33,1
DA:34,1
DA:35,106
DA:36,13
DA:37,13
DA:38,13
DA:39,13
DA:40,93
DA:41,33
DA:42,33
DA:43,33
DA:44,33
DA:45,33
DA:46,60
DA:47,3
DA:48,3
DA:49,3
DA:50,3
DA:51,3
DA:52,57
DA:53,1
DA:54,1
DA:55,1
DA:56,1
DA:57,1
DA:58,56
DA:59,1
DA:60,1
DA:61,1
DA:62,1
DA:63,1
DA:64,55
DA:65,3
DA:66,3
DA:67,3
DA:68,3
DA:69,3
DA:70,52
DA:71,3
DA:72,3
DA:73,3
DA:74,3
DA:75,3
DA:76,49
DA:77,10
DA:78,10
DA:79,10
DA:80,10
DA:81,10
DA:82,10
DA:83,39
DA:84,16
DA:85,16
DA:86,16
DA:87,16
DA:88,16
DA:89,16
DA:90,16
DA:91,23
DA:92,10
DA:93,10
DA:94,10
DA:95,10
DA:96,13
DA:97,11
DA:98,11
DA:99,11
DA:100,11
DA:101,2
DA:102,1
DA:103,1
DA:104,1
DA:105,1
DA:106,0
DA:107,0
DA:108,0
DA:110,1
DA:112,106
DA:119,1
DA:120,1
DA:121,1
DA:123,1
DA:124,1
DA:125,1
DA:126,1
DA:127,1
DA:128,1
DA:130,1
DA:133,1
DA:134,1
DA:135,1
DA:137,1
DA:138,1
DA:139,1
DA:140,1
DA:141,1
DA:142,1
DA:144,1
DA:147,1
DA:148,1
DA:149,1
DA:151,1
DA:152,1
DA:153,1
DA:154,1
DA:155,1
DA:156,1
DA:158,1
DA:161,1
DA:162,1
DA:163,1
DA:165,1
DA:166,1
DA:167,1
DA:168,1
DA:169,1
DA:170,1
DA:172,1
DA:175,1
DA:176,1
DA:177,1
DA:179,1
DA:180,1
DA:181,1
DA:182,1
DA:183,1
DA:184,1
DA:186,1
DA:189,1
DA:190,1
DA:191,1
DA:193,1
DA:194,1
DA:195,1
DA:196,1
DA:197,1
DA:198,1
DA:200,1
DA:204,1
DA:205,1
DA:206,1
BRF:0
BRH:0
LF:146
LH:143
end_of_record
SF:C:\Users\quinn\Desktop\dev\rust_vm\src\error.rs
FN:15,_RNvXNtCshrGKrJ5NDIV_7rust_vm5errorNtB2_7VmErrorNtNtCs5cb5cxfFw7H_4core3fmt7Display3fmt
FN:28,_RNvXs0_NtCshrGKrJ5NDIV_7rust_vm5errorNtB5_7VmErrorINtNtCs5cb5cxfFw7H_4core7convert4FromNtNtNtB7_6parser5error11ParserErrorE4from
FN:33,_RNvXs1_NtCshrGKrJ5NDIV_7rust_vm5errorNtB5_7VmErrorINtNtCs5cb5cxfFw7H_4core7convert4FromNtNtNtB7_4bits5error14BitsParseErrorE4from
FN:38,_RNvXs2_NtCshrGKrJ5NDIV_7rust_vm5errorNtB5_7VmErrorINtNtCs5cb5cxfFw7H_4core7convert4FromNtNtNtCsja4ZeDc2XAj_3std2io5error5ErrorE4from
FNDA:7,_RNvXNtCshrGKrJ5NDIV_7rust_vm5errorNtB2_7VmErrorNtNtCs5cb5cxfFw7H_4core3fmt7Display3fmt
FNDA:13,_RNvXs0_NtCshrGKrJ5NDIV_7rust_vm5errorNtB5_7VmErrorINtNtCs5cb5cxfFw7H_4core7convert4FromNtNtNtB7_6parser5error11ParserErrorE4from
FNDA:7,_RNvXs1_NtCshrGKrJ5NDIV_7rust_vm5errorNtB5_7VmErrorINtNtCs5cb5cxfFw7H_4core7convert4FromNtNtNtB7_4bits5error14BitsParseErrorE4from
FNDA:0,_RNvXs2_NtCshrGKrJ5NDIV_7rust_vm5errorNtB5_7VmErrorINtNtCs5cb5cxfFw7H_4core7convert4FromNtNtNtCsja4ZeDc2XAj_3std2io5error5ErrorE4from
FNF:4
FNH:3
DA:15,7
DA:16,7
DA:17,7
DA:18,0
DA:19,0
DA:20,0
DA:22,7
DA:28,13
DA:29,13
DA:30,13
DA:33,7
DA:34,7
DA:35,7
DA:38,0
DA:39,0
DA:40,0
BRF:0
BRH:0
LF:16
LH:10
end_of_record
SF:C:\Users\quinn\Desktop\dev\rust_vm\src\instruction_memory.rs
FN:17,_RNvMs_NtCshrGKrJ5NDIV_7rust_vm18instruction_memoryNtB4_17InstructionMemory17load_instructions
FN:9,_RNvXNtCshrGKrJ5NDIV_7rust_vm18instruction_memoryNtB2_17InstructionMemoryNtNtCs5cb5cxfFw7H_4core7default7Default7default
FN:36,_RNvNtNtCshrGKrJ5NDIV_7rust_vm18instruction_memory5tests16make_instruction
FN:42,_RNvNtNtCshrGKrJ5NDIV_7rust_vm18instruction_memory5testss_33load_instructions_overflow_panics
FNDA:14,_RNvMs_NtCshrGKrJ5NDIV_7rust_vm18instruction_memoryNtB4_17InstructionMemory17load_instructions
FNDA:14,_RNvXNtCshrGKrJ5NDIV_7rust_vm18instruction_memoryNtB2_17InstructionMemoryNtNtCs5cb5cxfFw7H_4core7default7Default7default
FNDA:1,_RNvNtNtCshrGKrJ5NDIV_7rust_vm18instruction_memory5tests16make_instruction
FNDA:1,_RNvNtNtCshrGKrJ5NDIV_7rust_vm18instruction_memory5testss_33load_instructions_overflow_panics
FNF:4
FNH:4
DA:9,14
DA:10,14
DA:11,14
DA:12,14
DA:13,14
DA:17,14
DA:18,14
DA:19,14
DA:20,14
DA:21,1091
DA:22,1091
DA:23,1090
DA:24,1090
DA:25,1
DA:28,13
DA:29,14
DA:36,1
DA:37,1
DA:38,1
DA:42,1
DA:43,1
DA:44,1
DA:45,1
DA:46,1
DA:47,1
DA:48,0
DA:50,1
BRF:0
BRH:0
LF:27
LH:26
end_of_record
SF:C:\Users\quinn\Desktop\dev\rust_vm\src\parser\error.rs
FN:12,_RNvXNtNtCshrGKrJ5NDIV_7rust_vm6parser5errorNtB2_11ParserErrorNtNtCs5cb5cxfFw7H_4core3fmt7Display3fmt
FNDA:7,_RNvXNtNtCshrGKrJ5NDIV_7rust_vm6parser5errorNtB2_11ParserErrorNtNtCs5cb5cxfFw7H_4core3fmt7Display3fmt
FNF:1
FNH:1
DA:12,7
DA:13,7
DA:14,1
DA:15,1
DA:16,5
DA:17,0
DA:18,0
DA:20,7
BRF:0
BRH:0
LF:8
LH:6
end_of_record
SF:C:\Users\quinn\Desktop\dev\rust_vm\src\parser\mod.rs
FN:17,_RINvNtCshrGKrJ5NDIV_7rust_vm6parser13parse_programRNtNtCsja4ZeDc2XAj_3std4path4PathEB4_
FN:17,_RINvNtCshrGKrJ5NDIV_7rust_vm6parser13parse_programReEB4_
FN:22,_RNCINvNtCshrGKrJ5NDIV_7rust_vm6parser13parse_programRNtNtCsja4ZeDc2XAj_3std4path4PathE0B6_
FN:22,_RNCINvNtCshrGKrJ5NDIV_7rust_vm6parser13parse_programReE0B6_
FNDA:14,_RINvNtCshrGKrJ5NDIV_7rust_vm6parser13parse_programRNtNtCsja4ZeDc2XAj_3std4path4PathEB4_
FNDA:19,_RINvNtCshrGKrJ5NDIV_7rust_vm6parser13parse_programReEB4_
FNDA:0,_RNCINvNtCshrGKrJ5NDIV_7rust_vm6parser13parse_programRNtNtCsja4ZeDc2XAj_3std4path4PathE0B6_
FNDA:1,_RNCINvNtCshrGKrJ5NDIV_7rust_vm6parser13parse_programReE0B6_
FNF:2
FNH:2
DA:17,33
DA:18,33
DA:20,33
DA:21,33
DA:22,33
DA:24,32
DA:25,32
DA:26,91
DA:27,91
DA:28,91
DA:29,91
DA:30,89
DA:31,2
DA:33,89
DA:34,89
DA:35,89
DA:36,19
DA:37,19
DA:38,1
DA:40,18
DA:41,18
DA:42,18
DA:44,70
DA:45,8
DA:46,8
DA:47,0
DA:49,8
DA:50,4
DA:51,4
DA:52,4
DA:54,4
DA:55,4
DA:56,4
DA:59,62
DA:60,7
DA:61,7
DA:62,0
DA:64,7
DA:65,7
DA:66,7
DA:68,55
DA:69,1
DA:70,1
DA:71,0
DA:74,1
DA:75,1
DA:76,1
DA:77,1
DA:79,54
DA:80,19
DA:81,17
DA:82,1
DA:84,16
DA:85,16
DA:86,15
DA:88,35
DA:89,4
DA:90,4
DA:91,4
DA:92,4
DA:93,4
DA:94,3
DA:95,3
DA:97,0
DA:100,31
DA:101,27
DA:102,24
DA:103,1
DA:105,23
DA:106,23
DA:107,18
DA:108,18
DA:110,4
DA:111,3
DA:112,3
DA:113,0
DA:115,3
DA:116,3
DA:117,3
DA:119,1
DA:121,71
DA:125,14
DA:126,84
DA:127,70
DA:129,14
DA:130,33
BRF:0
BRH:0
LF:87
LH:77
end_of_record
SF:C:\Users\quinn\Desktop\dev\rust_vm\src\parser\utils.rs
FN:14,_RNvNtNtCshrGKrJ5NDIV_7rust_vm6parser5utils10parse_cond
FN:24,_RNvNtNtCshrGKrJ5NDIV_7rust_vm6parser5utils13parse_address
FN:38,_RNvNtNtCshrGKrJ5NDIV_7rust_vm6parser5utils17parse_instruction
FN:60,_RNvNtNtCshrGKrJ5NDIV_7rust_vm6parser5utils20parse_as_instruction
FN:6,_RNvNtNtCshrGKrJ5NDIV_7rust_vm6parser5utils21parse_register_string
FN:71,_RNvNtNtCshrGKrJ5NDIV_7rust_vm6parser5utils22find_and_remove_labels
FN:65,_RNvNtNtCshrGKrJ5NDIV_7rust_vm6parser5utils8is_label
FN:98,_RINvNtNtCshrGKrJ5NDIV_7rust_vm6parser5utils18extract_n_operandsNtNtNtCs5cb5cxfFw7H_4core3str4iter15SplitWhitespaceEB6_
FN:61,_RNCNvNtNtCshrGKrJ5NDIV_7rust_vm6parser5utils20parse_as_instruction0B7_
FNDA:3,_RNvNtNtCshrGKrJ5NDIV_7rust_vm6parser5utils10parse_cond
FNDA:10,_RNvNtNtCshrGKrJ5NDIV_7rust_vm6parser5utils13parse_address
FNDA:87,_RNvNtNtCshrGKrJ5NDIV_7rust_vm6parser5utils17parse_instruction
FNDA:66,_RNvNtNtCshrGKrJ5NDIV_7rust_vm6parser5utils20parse_as_instruction
FNDA:92,_RNvNtNtCshrGKrJ5NDIV_7rust_vm6parser5utils21parse_register_string
FNDA:32,_RNvNtNtCshrGKrJ5NDIV_7rust_vm6parser5utils22find_and_remove_labels
FNDA:93,_RNvNtNtCshrGKrJ5NDIV_7rust_vm6parser5utils8is_label
FNDA:88,_RINvNtNtCshrGKrJ5NDIV_7rust_vm6parser5utils18extract_n_operandsNtNtNtCs5cb5cxfFw7H_4core3str4iter15SplitWhitespaceEB6_
FNDA:1223,_RNCNvNtNtCshrGKrJ5NDIV_7rust_vm6parser5utils20parse_as_instruction0B7_
FNF:9
FNH:9
DA:6,92
DA:7,92
DA:8,2
DA:9,90
DA:10,90
DA:11,92
DA:14,3
DA:15,3
DA:16,3
DA:17,2
DA:18,1
DA:19,1
DA:20,0
DA:22,3
DA:24,10
DA:25,10
DA:26,10
DA:27,10
DA:28,10
DA:29,5
DA:30,5
DA:31,0
DA:32,0
DA:33,5
DA:34,5
DA:35,10
DA:38,87
DA:39,87
DA:40,87
DA:41,86
DA:42,72
DA:43,52
DA:44,49
DA:45,48
DA:46,47
DA:47,43
DA:48,38
DA:49,25
DA:50,14
DA:51,10
DA:52,7
DA:53,4
DA:54,1
DA:56,86
DA:57,87
DA:60,66
DA:61,1223
DA:62,66
DA:63,66
DA:65,93
DA:66,93
DA:67,93
DA:71,32
DA:72,32
DA:73,32
DA:74,32
DA:75,32
DA:76,93
DA:77,93
DA:78,6
DA:79,6
DA:80,6
DA:81,6
DA:82,6
DA:83,0
DA:84,0
DA:85,6
DA:87,6
DA:88,6
DA:89,0
DA:90,87
DA:91,87
DA:92,87
DA:93,87
DA:95,32
DA:96,32
DA:98,88
DA:99,88
DA:100,88
DA:101,88
DA:102,88
DA:103,88
DA:104,88
DA:105,146
DA:106,141
DA:107,5
DA:110,83
DA:111,3
DA:112,3
DA:113,83
DA:114,88
BRF:0
BRH:0
LF:92
LH:86
end_of_record
SF:C:\Users\quinn\Desktop\dev\rust_vm\src\program_counter.rs
FN:9,_RNvMNtCshrGKrJ5NDIV_7rust_vm15program_counterNtB2_2PC5clock
FNDA:100,_RNvMNtCshrGKrJ5NDIV_7rust_vm15program_counterNtB2_2PC5clock
FNF:1
FNH:1
DA:9,100
DA:10,100
DA:11,100
BRF:0
BRH:0
LF:3
LH:3
end_of_record
SF:C:\Users\quinn\Desktop\dev\rust_vm\src\register\mod.rs
FN:28,_RNvMNtCshrGKrJ5NDIV_7rust_vm8registerNtB2_12RegisterFile14is_valid_indexB4_
FN:44,_RNvMNtCshrGKrJ5NDIV_7rust_vm8registerNtB2_12RegisterFile14schedule_write
FN:33,_RNvMNtCshrGKrJ5NDIV_7rust_vm8registerNtB2_12RegisterFile18set_read_addresses
FN:20,_RNvMNtCshrGKrJ5NDIV_7rust_vm8registerNtB2_12RegisterFile3new
FN:64,_RNvMNtCshrGKrJ5NDIV_7rust_vm8registerNtB2_12RegisterFile5clock
FN:55,_RNvMNtCshrGKrJ5NDIV_7rust_vm8registerNtB2_12RegisterFile6enable
FN:50,_RNvMNtCshrGKrJ5NDIV_7rust_vm8registerNtB2_12RegisterFile7disable
FN:79,_RNvMNtCshrGKrJ5NDIV_7rust_vm8registerNtB2_12RegisterFile7display
FNDA:468,_RNvMNtCshrGKrJ5NDIV_7rust_vm8registerNtB2_12RegisterFile14is_valid_indexB4_
FNDA:108,_RNvMNtCshrGKrJ5NDIV_7rust_vm8registerNtB2_12RegisterFile14schedule_write
FNDA:106,_RNvMNtCshrGKrJ5NDIV_7rust_vm8registerNtB2_12RegisterFile18set_read_addresses
FNDA:2,_RNvMNtCshrGKrJ5NDIV_7rust_vm8registerNtB2_12RegisterFile3new
FNDA:108,_RNvMNtCshrGKrJ5NDIV_7rust_vm8registerNtB2_12RegisterFile5clock
FNDA:74,_RNvMNtCshrGKrJ5NDIV_7rust_vm8registerNtB2_12RegisterFile6enable
FNDA:38,_RNvMNtCshrGKrJ5NDIV_7rust_vm8registerNtB2_12RegisterFile7disable
FNDA:1,_RNvMNtCshrGKrJ5NDIV_7rust_vm8registerNtB2_12RegisterFile7display
FNF:8
FNH:8
DA:20,2
DA:21,2
DA:22,2
DA:23,2
DA:24,2
DA:25,2
DA:26,2
DA:28,468
DA:29,468
DA:30,468
DA:31,468
DA:33,106
DA:34,106
DA:35,140
DA:36,140
DA:37,140
DA:38,140
DA:39,140
DA:41,36
DA:42,106
DA:44,108
DA:45,108
DA:46,91
DA:47,91
DA:48,108
DA:50,38
DA:51,38
DA:52,38
DA:53,38
DA:55,74
DA:56,74
DA:57,148
DA:58,148
DA:59,148
DA:60,148
DA:62,74
DA:64,108
DA:65,108
DA:66,72
DA:67,72
DA:68,144
DA:70,144
DA:71,144
DA:72,33
DA:73,111
DA:75,0
DA:76,36
DA:77,108
DA:79,1
DA:80,2
DA:81,2
DA:82,32
DA:83,32
DA:84,32
DA:85,2
DA:87,1
BRF:0
BRH:0
LF:56
LH:55
end_of_record
SF:C:\Users\quinn\Desktop\dev\rust_vm\src\vm\mod.rs
FN:49,_RINvMNtCshrGKrJ5NDIV_7rust_vm2vmNtB3_2VM12load_programRNtNtCsja4ZeDc2XAj_3std4path4PathEB5_
FN:42,_RINvMNtCshrGKrJ5NDIV_7rust_vm2vmNtB3_2VM15execute_programReEB5_
FN:62,_RNvMNtCshrGKrJ5NDIV_7rust_vm2vmNtB2_2VM19process_instruction
FN:25,_RNvMNtCshrGKrJ5NDIV_7rust_vm2vmNtB2_2VM3new
FN:118,_RNvMNtCshrGKrJ5NDIV_7rust_vm2vmNtB2_2VM5clock
FNDA:13,_RINvMNtCshrGKrJ5NDIV_7rust_vm2vmNtB3_2VM12load_programRNtNtCsja4ZeDc2XAj_3std4path4PathEB5_
FNDA:13,_RINvMNtCshrGKrJ5NDIV_7rust_vm2vmNtB3_2VM15execute_programReEB5_
FNDA:100,_RNvMNtCshrGKrJ5NDIV_7rust_vm2vmNtB2_2VM19process_instruction
FNDA:2,_RNvMNtCshrGKrJ5NDIV_7rust_vm2vmNtB2_2VM3new
FNDA:100,_RNvMNtCshrGKrJ5NDIV_7rust_vm2vmNtB2_2VM5clock
FNF:5
FNH:5
DA:25,2
DA:26,2
DA:27,2
DA:28,2
DA:29,2
DA:30,2
DA:31,2
DA:32,2
DA:33,2
DA:34,2
DA:35,2
DA:36,2
DA:37,2
DA:38,2
DA:39,2
DA:40,2
DA:42,13
DA:43,13
DA:44,13
DA:45,100
DA:46,13
DA:47,13
DA:49,13
DA:50,13
DA:51,13
DA:52,13
DA:53,13
DA:54,13
DA:55,13
DA:56,13
DA:57,13
DA:58,13
DA:59,13
DA:60,13
DA:62,100
DA:63,100
DA:64,100
DA:66,100
DA:67,100
DA:68,100
DA:69,90
DA:70,10
DA:72,0
DA:73,0
DA:76,0
DA:77,0
DA:82,100
DA:83,11
DA:84,11
DA:85,2
DA:86,9
DA:87,89
DA:89,100
DA:90,100
DA:91,64
DA:92,64
DA:93,36
DA:94,36
DA:95,100
DA:96,100
DA:97,100
DA:98,100
DA:99,100
DA:100,100
DA:101,16
DA:102,84
DA:103,100
DA:104,54
DA:105,46
DA:106,10
DA:109,36
DA:111,100
DA:112,26
DA:113,74
DA:114,100
DA:115,100
DA:116,100
DA:118,100
DA:119,100
DA:120,100
DA:121,0
DA:122,100
DA:123,100
DA:124,100
DA:125,100
DA:126,100
DA:127,100
BRF:0
BRH:0
LF:87
LH:82
end_of_record
SF:C:\Users\quinn\Desktop\dev\rust_vm\src\vm\tests.rs
FN:13,_RNvNtNtCshrGKrJ5NDIV_7rust_vm2vm5testss_12vm_execution
FN:58,_RNvNtNtCshrGKrJ5NDIV_7rust_vm2vm5testss_12vm_program_3
FN:77,_RNvNtNtCshrGKrJ5NDIV_7rust_vm2vm5testss_12vm_program_4
FN:84,_RNvNtNtCshrGKrJ5NDIV_7rust_vm2vm5testss_12vm_program_5
FN:91,_RNvNtNtCshrGKrJ5NDIV_7rust_vm2vm5testss_12vm_program_6
FN:98,_RNvNtNtCshrGKrJ5NDIV_7rust_vm2vm5testss_12vm_program_7
FN:104,_RNvNtNtCshrGKrJ5NDIV_7rust_vm2vm5testss_12vm_program_8
FN:117,_RNvNtNtCshrGKrJ5NDIV_7rust_vm2vm5testss_12vm_program_9
FN:6,_RNvNtNtCshrGKrJ5NDIV_7rust_vm2vm5testss_18vm_execute_program
FN:40,_RNvNtNtCshrGKrJ5NDIV_7rust_vm2vm5testss_20vm_execute_program_2
FN:66,_RNvNtNtCshrGKrJ5NDIV_7rust_vm2vm5testss_3fib
FN:30,_RNvNtNtCshrGKrJ5NDIV_7rust_vm2vm5testss_3nop
FN:110,_RNvNtNtCshrGKrJ5NDIV_7rust_vm2vm5testss_8vm_fib_2
FNDA:1,_RNvNtNtCshrGKrJ5NDIV_7rust_vm2vm5testss_12vm_execution
FNDA:1,_RNvNtNtCshrGKrJ5NDIV_7rust_vm2vm5testss_12vm_program_3
FNDA:1,_RNvNtNtCshrGKrJ5NDIV_7rust_vm2vm5testss_12vm_program_4
FNDA:1,_RNvNtNtCshrGKrJ5NDIV_7rust_vm2vm5testss_12vm_program_5
FNDA:1,_RNvNtNtCshrGKrJ5NDIV_7rust_vm2vm5testss_12vm_program_6
FNDA:1,_RNvNtNtCshrGKrJ5NDIV_7rust_vm2vm5testss_12vm_program_7
FNDA:1,_RNvNtNtCshrGKrJ5NDIV_7rust_vm2vm5testss_12vm_program_8
FNDA:1,_RNvNtNtCshrGKrJ5NDIV_7rust_vm2vm5testss_12vm_program_9
FNDA:1,_RNvNtNtCshrGKrJ5NDIV_7rust_vm2vm5testss_18vm_execute_program
FNDA:1,_RNvNtNtCshrGKrJ5NDIV_7rust_vm2vm5testss_20vm_execute_program_2
FNDA:1,_RNvNtNtCshrGKrJ5NDIV_7rust_vm2vm5testss_3fib
FNDA:1,_RNvNtNtCshrGKrJ5NDIV_7rust_vm2vm5testss_3nop
FNDA:1,_RNvNtNtCshrGKrJ5NDIV_7rust_vm2vm5testss_8vm_fib_2
FNF:13
FNH:13
DA:6,1
DA:7,1
DA:8,1
DA:9,1
DA:10,1
DA:13,1
DA:14,1
DA:15,1
DA:16,1
DA:17,1
DA:18,1
DA:19,1
DA:20,1
DA:21,1
DA:22,1
DA:23,1
DA:24,1
DA:25,1
DA:26,1
DA:27,1
DA:30,1
DA:31,1
DA:32,1
DA:33,1
DA:34,1
DA:35,1
DA:36,1
DA:37,1
DA:40,1
DA:41,1
DA:42,1
DA:43,1
DA:44,1
DA:45,1
DA:46,1
DA:47,1
DA:48,1
DA:49,1
DA:50,1
DA:51,1
DA:52,1
DA:53,1
DA:54,1
DA:55,1
DA:58,1
DA:59,1
DA:60,1
DA:61,1
DA:62,1
DA:63,1
DA:66,1
DA:67,1
DA:68,1
DA:69,1
DA:70,1
DA:71,1
DA:72,1
DA:73,1
DA:74,1
DA:77,1
DA:78,1
DA:79,1
DA:80,1
DA:81,1
DA:84,1
DA:85,1
DA:86,1
DA:87,1
DA:88,1
DA:91,1
DA:92,1
DA:93,1
DA:94,1
DA:95,1
DA:98,1
DA:99,1
DA:100,1
DA:101,1
DA:104,1
DA:105,1
DA:106,1
DA:107,1
DA:110,1
DA:111,1
DA:112,1
DA:113,1
DA:114,1
DA:117,1
DA:118,1
DA:119,1
DA:120,1
BRF:0
BRH:0
LF:91
LH:91
end_of_record