SF:C:\Users\quinn\Desktop\dev\rust_vm\src\alu\alu_settings.rs
FN:28,_RNvMNtNtCshrGKrJ5NDIV_7rust_vm3alu12alu_settingsNtB2_11AluSettings6config
FNDA:40,_RNvMNtNtCshrGKrJ5NDIV_7rust_vm3alu12alu_settingsNtB2_11AluSettings6config
FNF:1
FNH:1
DA:28,40
DA:29,40
DA:30,22
DA:31,22
DA:32,22
DA:33,22
DA:34,22
DA:35,22
DA:36,22
DA:37,22
DA:38,5
DA:39,5
DA:40,5
DA:41,5
DA:42,5
DA:43,5
DA:44,5
DA:45,5
DA:46,3
DA:47,3
DA:48,3
DA:49,3
DA:50,3
DA:51,3
DA:52,3
DA:53,3
DA:54,1
DA:55,1
DA:56,1
DA:57,1
DA:58,1
DA:59,1
DA:60,1
DA:61,1
DA:62,1
DA:63,1
DA:64,1
DA:65,1
DA:66,1
DA:67,1
DA:68,1
DA:69,1
DA:70,1
DA:71,1
DA:72,1
DA:73,1
DA:74,1
DA:75,1
DA:76,1
DA:77,1
DA:78,1
DA:79,1
DA:80,1
DA:81,1
DA:82,1
DA:83,1
DA:84,1
DA:85,1
DA:86,1
DA:87,1
DA:88,1
DA:89,1
DA:90,1
DA:91,1
DA:92,1
DA:93,1
DA:94,1
DA:95,1
DA:96,1
DA:97,1
DA:98,1
DA:99,1
DA:100,1
DA:101,1
DA:102,1
DA:103,1
DA:104,1
DA:105,1
DA:106,1
DA:107,1
DA:108,1
DA:109,1
DA:110,3
DA:111,3
DA:112,3
DA:113,3
DA:114,3
DA:115,3
DA:116,3
DA:117,3
DA:119,40
BRF:0
BRH:0
LF:91
LH:91
end_of_record
SF:C:\Users\quinn\Desktop\dev\rust_vm\src\alu\mod.rs
FN:89,_RNvMNtCshrGKrJ5NDIV_7rust_vm3aluNtB2_3Alu11set_setting
FN:21,_RNvMNtCshrGKrJ5NDIV_7rust_vm3aluNtB2_3Alu3new
FN:26,_RINvMNtCshrGKrJ5NDIV_7rust_vm3aluNtB3_3Alu7computeKj8_EB5_
FN:26,_RINvMNtCshrGKrJ5NDIV_7rust_vm3aluNtB3_3Alu7computeKja_EB5_
FN:39,_RNCINvMNtCshrGKrJ5NDIV_7rust_vm3aluNtB5_3Alu7computeKj8_E0B7_
FN:43,_RNCINvMNtCshrGKrJ5NDIV_7rust_vm3aluNtB5_3Alu7computeKj8_Es_0B7_
FN:39,_RNCINvMNtCshrGKrJ5NDIV_7rust_vm3aluNtB5_3Alu7computeKja_E0B7_
FN:43,_RNCINvMNtCshrGKrJ5NDIV_7rust_vm3aluNtB5_3Alu7computeKja_Es_0B7_
FNDA:25,_RNvMNtCshrGKrJ5NDIV_7rust_vm3aluNtB2_3Alu11set_setting
FNDA:15,_RNvMNtCshrGKrJ5NDIV_7rust_vm3aluNtB2_3Alu3new
FNDA:77,_RINvMNtCshrGKrJ5NDIV_7rust_vm3aluNtB3_3Alu7computeKj8_EB5_
FNDA:25,_RINvMNtCshrGKrJ5NDIV_7rust_vm3aluNtB3_3Alu7computeKja_EB5_
FNDA:208,_RNCINvMNtCshrGKrJ5NDIV_7rust_vm3aluNtB5_3Alu7computeKj8_E0B7_
FNDA:96,_RNCINvMNtCshrGKrJ5NDIV_7rust_vm3aluNtB5_3Alu7computeKj8_Es_0B7_
FNDA:0,_RNCINvMNtCshrGKrJ5NDIV_7rust_vm3aluNtB5_3Alu7computeKja_E0B7_
FNDA:0,_RNCINvMNtCshrGKrJ5NDIV_7rust_vm3aluNtB5_3Alu7computeKja_Es_0B7_
FNF:5
FNH:5
DA:21,15
DA:22,15
DA:23,15
DA:24,15
DA:26,102
DA:27,102
DA:29,102
DA:30,4
DA:31,28
DA:32,28
DA:33,28
DA:34,4
DA:35,4
DA:36,98
DA:38,98
DA:39,208
DA:40,72
DA:42,98
DA:43,96
DA:44,86
DA:46,98
DA:47,98
DA:48,98
DA:49,932
DA:50,932
DA:51,98
DA:52,12
DA:53,86
DA:55,98
DA:56,834
DA:57,834
DA:58,834
DA:60,834
DA:61,144
DA:62,144
DA:63,690
DA:64,690
DA:65,56
DA:66,634
DA:67,441
DA:68,441
DA:72,98
DA:73,23
DA:74,75
DA:76,932
DA:77,834
DA:78,545
DA:79,545
DA:80,545
DA:81,289
DA:82,289
DA:83,289
DA:86,98
DA:87,102
DA:89,25
DA:90,25
DA:91,25
DA:92,25
BRF:0
BRH:0
LF:60
LH:60
end_of_record
SF:C:\Users\quinn\Desktop\dev\rust_vm\src\bits\error.rs
FN:10,_RNvXNtNtCshrGKrJ5NDIV_7rust_vm4bits5errorNtB2_14BitsParseErrorNtNtCs5cb5cxfFw7H_4core3fmt7Display3fmt
FNDA:4,_RNvXNtNtCshrGKrJ5NDIV_7rust_vm4bits5errorNtB2_14BitsParseErrorNtNtCs5cb5cxfFw7H_4core3fmt7Display3fmt
FNF:1
FNH:1
DA:10,4
DA:11,4
DA:12,1
DA:13,1
DA:15,1
DA:16,1
DA:18,1
DA:19,1
DA:20,1
DA:23,4
BRF:0
BRH:0
LF:10
LH:10
end_of_record
SF:C:\Users\quinn\Desktop\dev\rust_vm\src\bits\from_impl.rs
FN:71,_RNCNvXNtNtCshrGKrJ5NDIV_7rust_vm4bits9from_implINtB6_4BitsKj10_ENtNtNtCs5cb5cxfFw7H_4core3str6traits7FromStr8from_str0B8_
FN:80,_RNCNvXNtNtCshrGKrJ5NDIV_7rust_vm4bits9from_implINtB6_4BitsKj10_ENtNtNtCs5cb5cxfFw7H_4core3str6traits7FromStr8from_strs_0B8_
FN:71,_RNCNvXNtNtCshrGKrJ5NDIV_7rust_vm4bits9from_implINtB6_4BitsKj4_ENtNtNtCs5cb5cxfFw7H_4core3str6traits7FromStr8from_str0B8_
FN:80,_RNCNvXNtNtCshrGKrJ5NDIV_7rust_vm4bits9from_implINtB6_4BitsKj4_ENtNtNtCs5cb5cxfFw7H_4core3str6traits7FromStr8from_strs_0B8_
FN:71,_RNCNvXNtNtCshrGKrJ5NDIV_7rust_vm4bits9from_implINtB6_4BitsKj8_ENtNtNtCs5cb5cxfFw7H_4core3str6traits7FromStr8from_str0B8_
FN:80,_RNCNvXNtNtCshrGKrJ5NDIV_7rust_vm4bits9from_implINtB6_4BitsKj8_ENtNtNtCs5cb5cxfFw7H_4core3str6traits7FromStr8from_strs_0B8_
FN:29,_RNCNvXs9_NtNtCshrGKrJ5NDIV_7rust_vm4bits9from_implaINtNtCs5cb5cxfFw7H_4core7convert4FromINtB9_4BitsKj8_EE4from0Bb_
FN:29,_RNCNvXsa_NtNtCshrGKrJ5NDIV_7rust_vm4bits9from_implsINtNtCs5cb5cxfFw7H_4core7convert4FromINtB9_4BitsKj10_EE4from0Bb_
FN:29,_RNCNvXse_NtNtCshrGKrJ5NDIV_7rust_vm4bits9from_implhINtNtCs5cb5cxfFw7H_4core7convert4FromINtB9_4BitsKj8_EE4from0Bb_
FN:44,_RNCNvXso_NtNtCshrGKrJ5NDIV_7rust_vm4bits9from_implhINtNtCs5cb5cxfFw7H_4core7convert4FromRINtB9_4BitsKj8_EE4from0Bb_
FN:58,_RNvXNtNtCshrGKrJ5NDIV_7rust_vm4bits9from_implINtB4_4BitsKj10_ENtNtNtCs5cb5cxfFw7H_4core3str6traits7FromStr8from_strB6_
FN:58,_RNvXNtNtCshrGKrJ5NDIV_7rust_vm4bits9from_implINtB4_4BitsKj4_ENtNtNtCs5cb5cxfFw7H_4core3str6traits7FromStr8from_strB6_
FN:58,_RNvXNtNtCshrGKrJ5NDIV_7rust_vm4bits9from_implINtB4_4BitsKj8_ENtNtNtCs5cb5cxfFw7H_4core3str6traits7FromStr8from_strB6_
FN:9,_RNvXs0_NtNtCshrGKrJ5NDIV_7rust_vm4bits9from_implINtB7_4BitsKj10_EINtNtCs5cb5cxfFw7H_4core7convert4FromtE4from
FN:9,_RNvXs4_NtNtCshrGKrJ5NDIV_7rust_vm4bits9from_implINtB7_4BitsKj8_EINtNtCs5cb5cxfFw7H_4core7convert4FromaE4from
FN:9,_RNvXs5_NtNtCshrGKrJ5NDIV_7rust_vm4bits9from_implINtB7_4BitsKj10_EINtNtCs5cb5cxfFw7H_4core7convert4FromsE4from
FN:9,_RNvXs6_NtNtCshrGKrJ5NDIV_7rust_vm4bits9from_implINtB7_4BitsKj20_EINtNtCs5cb5cxfFw7H_4core7convert4FromlE4from
FN:9,_RNvXs_NtNtCshrGKrJ5NDIV_7rust_vm4bits9from_implINtB6_4BitsKj8_EINtNtCs5cb5cxfFw7H_4core7convert4FromhE4from
FN:25,_RNvXs9_NtNtCshrGKrJ5NDIV_7rust_vm4bits9from_implaINtNtCs5cb5cxfFw7H_4core7convert4FromINtB7_4BitsKj8_EE4from
FN:25,_RNvXsa_NtNtCshrGKrJ5NDIV_7rust_vm4bits9from_implsINtNtCs5cb5cxfFw7H_4core7convert4FromINtB7_4BitsKj10_EE4from
FN:25,_RNvXse_NtNtCshrGKrJ5NDIV_7rust_vm4bits9from_implhINtNtCs5cb5cxfFw7H_4core7convert4FromINtB7_4BitsKj8_EE4from
FN:40,_RNvXso_NtNtCshrGKrJ5NDIV_7rust_vm4bits9from_implhINtNtCs5cb5cxfFw7H_4core7convert4FromRINtB7_4BitsKj8_EE4from
FN:29,_RNCNvXsb_NtNtCshrGKrJ5NDIV_7rust_vm4bits9from_impllINtNtCs5cb5cxfFw7H_4core7convert4FromINtB9_4BitsKj20_EE4from0Bb_
FN:29,_RNCNvXsc_NtNtCshrGKrJ5NDIV_7rust_vm4bits9from_implxINtNtCs5cb5cxfFw7H_4core7convert4FromINtB9_4BitsKj40_EE4from0Bb_
FN:29,_RNCNvXsd_NtNtCshrGKrJ5NDIV_7rust_vm4bits9from_impliINtNtCs5cb5cxfFw7H_4core7convert4FromINtB9_4BitsKj40_EE4from0Bb_
FN:29,_RNCNvXsf_NtNtCshrGKrJ5NDIV_7rust_vm4bits9from_impltINtNtCs5cb5cxfFw7H_4core7convert4FromINtB9_4BitsKj10_EE4from0Bb_
FN:29,_RNCNvXsg_NtNtCshrGKrJ5NDIV_7rust_vm4bits9from_implmINtNtCs5cb5cxfFw7H_4core7convert4FromINtB9_4BitsKj20_EE4from0Bb_
FN:29,_RNCNvXsh_NtNtCshrGKrJ5NDIV_7rust_vm4bits9from_implyINtNtCs5cb5cxfFw7H_4core7convert4FromINtB9_4BitsKj40_EE4from0Bb_
FN:29,_RNCNvXsi_NtNtCshrGKrJ5NDIV_7rust_vm4bits9from_impljINtNtCs5cb5cxfFw7H_4core7convert4FromINtB9_4BitsKj40_EE4from0Bb_
FN:44,_RNCNvXsj_NtNtCshrGKrJ5NDIV_7rust_vm4bits9from_implaINtNtCs5cb5cxfFw7H_4core7convert4FromRINtB9_4BitsKj8_EE4from0Bb_
FN:44,_RNCNvXsk_NtNtCshrGKrJ5NDIV_7rust_vm4bits9from_implsINtNtCs5cb5cxfFw7H_4core7convert4FromRINtB9_4BitsKj10_EE4from0Bb_
FN:44,_RNCNvXsl_NtNtCshrGKrJ5NDIV_7rust_vm4bits9from_impllINtNtCs5cb5cxfFw7H_4core7convert4FromRINtB9_4BitsKj20_EE4from0Bb_
FN:44,_RNCNvXsm_NtNtCshrGKrJ5NDIV_7rust_vm4bits9from_implxINtNtCs5cb5cxfFw7H_4core7convert4FromRINtB9_4BitsKj40_EE4from0Bb_
FN:44,_RNCNvXsn_NtNtCshrGKrJ5NDIV_7rust_vm4bits9from_impliINtNtCs5cb5cxfFw7H_4core7convert4FromRINtB9_4BitsKj40_EE4from0Bb_
FN:44,_RNCNvXsp_NtNtCshrGKrJ5NDIV_7rust_vm4bits9from_impltINtNtCs5cb5cxfFw7H_4core7convert4FromRINtB9_4BitsKj10_EE4from0Bb_
FN:44,_RNCNvXsq_NtNtCshrGKrJ5NDIV_7rust_vm4bits9from_implmINtNtCs5cb5cxfFw7H_4core7convert4FromRINtB9_4BitsKj20_EE4from0Bb_
FN:44,_RNCNvXsr_NtNtCshrGKrJ5NDIV_7rust_vm4bits9from_implyINtNtCs5cb5cxfFw7H_4core7convert4FromRINtB9_4BitsKj40_EE4from0Bb_
FN:44,_RNCNvXss_NtNtCshrGKrJ5NDIV_7rust_vm4bits9from_impljINtNtCs5cb5cxfFw7H_4core7convert4FromRINtB9_4BitsKj40_EE4from0Bb_
FN:9,_RNvXs1_NtNtCshrGKrJ5NDIV_7rust_vm4bits9from_implINtB7_4BitsKj20_EINtNtCs5cb5cxfFw7H_4core7convert4FrommE4from
FN:9,_RNvXs2_NtNtCshrGKrJ5NDIV_7rust_vm4bits9from_implINtB7_4BitsKj40_EINtNtCs5cb5cxfFw7H_4core7convert4FromyE4from
FN:9,_RNvXs3_NtNtCshrGKrJ5NDIV_7rust_vm4bits9from_implINtB7_4BitsKj40_EINtNtCs5cb5cxfFw7H_4core7convert4FromjE4from
FN:9,_RNvXs7_NtNtCshrGKrJ5NDIV_7rust_vm4bits9from_implINtB7_4BitsKj40_EINtNtCs5cb5cxfFw7H_4core7convert4FromxE4from
FN:9,_RNvXs8_NtNtCshrGKrJ5NDIV_7rust_vm4bits9from_implINtB7_4BitsKj40_EINtNtCs5cb5cxfFw7H_4core7convert4FromiE4from
FN:25,_RNvXsb_NtNtCshrGKrJ5NDIV_7rust_vm4bits9from_impllINtNtCs5cb5cxfFw7H_4core7convert4FromINtB7_4BitsKj20_EE4from
FN:25,_RNvXsc_NtNtCshrGKrJ5NDIV_7rust_vm4bits9from_implxINtNtCs5cb5cxfFw7H_4core7convert4FromINtB7_4BitsKj40_EE4from
FN:25,_RNvXsd_NtNtCshrGKrJ5NDIV_7rust_vm4bits9from_impliINtNtCs5cb5cxfFw7H_4core7convert4FromINtB7_4BitsKj40_EE4from
FN:25,_RNvXsf_NtNtCshrGKrJ5NDIV_7rust_vm4bits9from_impltINtNtCs5cb5cxfFw7H_4core7convert4FromINtB7_4BitsKj10_EE4from
FN:25,_RNvXsg_NtNtCshrGKrJ5NDIV_7rust_vm4bits9from_implmINtNtCs5cb5cxfFw7H_4core7convert4FromINtB7_4BitsKj20_EE4from
FN:25,_RNvXsh_NtNtCshrGKrJ5NDIV_7rust_vm4bits9from_implyINtNtCs5cb5cxfFw7H_4core7convert4FromINtB7_4BitsKj40_EE4from
FN:25,_RNvXsi_NtNtCshrGKrJ5NDIV_7rust_vm4bits9from_impljINtNtCs5cb5cxfFw7H_4core7convert4FromINtB7_4BitsKj40_EE4from
FN:40,_RNvXsj_NtNtCshrGKrJ5NDIV_7rust_vm4bits9from_implaINtNtCs5cb5cxfFw7H_4core7convert4FromRINtB7_4BitsKj8_EE4from
FN:40,_RNvXsk_NtNtCshrGKrJ5NDIV_7rust_vm4bits9from_implsINtNtCs5cb5cxfFw7H_4core7convert4FromRINtB7_4BitsKj10_EE4from
FN:40,_RNvXsl_NtNtCshrGKrJ5NDIV_7rust_vm4bits9from_impllINtNtCs5cb5cxfFw7H_4core7convert4FromRINtB7_4BitsKj20_EE4from
FN:40,_RNvXsm_NtNtCshrGKrJ5NDIV_7rust_vm4bits9from_implxINtNtCs5cb5cxfFw7H_4core7convert4FromRINtB7_4BitsKj40_EE4from
FN:40,_RNvXsn_NtNtCshrGKrJ5NDIV_7rust_vm4bits9from_impliINtNtCs5cb5cxfFw7H_4core7convert4FromRINtB7_4BitsKj40_EE4from
FN:40,_RNvXsp_NtNtCshrGKrJ5NDIV_7rust_vm4bits9from_impltINtNtCs5cb5cxfFw7H_4core7convert4FromRINtB7_4BitsKj10_EE4from
FN:40,_RNvXsq_NtNtCshrGKrJ5NDIV_7rust_vm4bits9from_implmINtNtCs5cb5cxfFw7H_4core7convert4FromRINtB7_4BitsKj20_EE4from
FN:40,_RNvXsr_NtNtCshrGKrJ5NDIV_7rust_vm4bits9from_implyINtNtCs5cb5cxfFw7H_4core7convert4FromRINtB7_4BitsKj40_EE4from
FN:40,_RNvXss_NtNtCshrGKrJ5NDIV_7rust_vm4bits9from_impljINtNtCs5cb5cxfFw7H_4core7convert4FromRINtB7_4BitsKj40_EE4from
FNDA:0,_RNCNvXNtNtCshrGKrJ5NDIV_7rust_vm4bits9from_implINtB6_4BitsKj10_ENtNtNtCs5cb5cxfFw7H_4core3str6traits7FromStr8from_str0B8_
FNDA:0,_RNCNvXNtNtCshrGKrJ5NDIV_7rust_vm4bits9from_implINtB6_4BitsKj10_ENtNtNtCs5cb5cxfFw7H_4core3str6traits7FromStr8from_strs_0B8_
FNDA:3,_RNCNvXNtNtCshrGKrJ5NDIV_7rust_vm4bits9from_implINtB6_4BitsKj4_ENtNtNtCs5cb5cxfFw7H_4core3str6traits7FromStr8from_str0B8_
FNDA:244,_RNCNvXNtNtCshrGKrJ5NDIV_7rust_vm4bits9from_implINtB6_4BitsKj4_ENtNtNtCs5cb5cxfFw7H_4core3str6traits7FromStr8from_strs_0B8_
FNDA:2,_RNCNvXNtNtCshrGKrJ5NDIV_7rust_vm4bits9from_implINtB6_4BitsKj8_ENtNtNtCs5cb5cxfFw7H_4core3str6traits7FromStr8from_str0B8_
FNDA:64,_RNCNvXNtNtCshrGKrJ5NDIV_7rust_vm4bits9from_implINtB6_4BitsKj8_ENtNtNtCs5cb5cxfFw7H_4core3str6traits7FromStr8from_strs_0B8_
FNDA:8,_RNCNvXs9_NtNtCshrGKrJ5NDIV_7rust_vm4bits9from_implaINtNtCs5cb5cxfFw7H_4core7convert4FromINtB9_4BitsKj8_EE4from0Bb_
FNDA:16,_RNCNvXsa_NtNtCshrGKrJ5NDIV_7rust_vm4bits9from_implsINtNtCs5cb5cxfFw7H_4core7convert4FromINtB9_4BitsKj10_EE4from0Bb_
FNDA:408,_RNCNvXse_NtNtCshrGKrJ5NDIV_7rust_vm4bits9from_implhINtNtCs5cb5cxfFw7H_4core7convert4FromINtB9_4BitsKj8_EE4from0Bb_
FNDA:8,_RNCNvXso_NtNtCshrGKrJ5NDIV_7rust_vm4bits9from_implhINtNtCs5cb5cxfFw7H_4core7convert4FromRINtB9_4BitsKj8_EE4from0Bb_
FNDA:25,_RNvXNtNtCshrGKrJ5NDIV_7rust_vm4bits9from_implINtB4_4BitsKj10_ENtNtNtCs5cb5cxfFw7H_4core3str6traits7FromStr8from_strB6_
FNDA:114,_RNvXNtNtCshrGKrJ5NDIV_7rust_vm4bits9from_implINtB4_4BitsKj4_ENtNtNtCs5cb5cxfFw7H_4core3str6traits7FromStr8from_strB6_
FNDA:15,_RNvXNtNtCshrGKrJ5NDIV_7rust_vm4bits9from_implINtB4_4BitsKj8_ENtNtNtCs5cb5cxfFw7H_4core3str6traits7FromStr8from_strB6_
FNDA:37,_RNvXs0_NtNtCshrGKrJ5NDIV_7rust_vm4bits9from_implINtB7_4BitsKj10_EINtNtCs5cb5cxfFw7H_4core7convert4FromtE4from
FNDA:3,_RNvXs4_NtNtCshrGKrJ5NDIV_7rust_vm4bits9from_implINtB7_4BitsKj8_EINtNtCs5cb5cxfFw7H_4core7convert4FromaE4from
FNDA:1,_RNvXs5_NtNtCshrGKrJ5NDIV_7rust_vm4bits9from_implINtB7_4BitsKj10_EINtNtCs5cb5cxfFw7H_4core7convert4FromsE4from
FNDA:2,_RNvXs6_NtNtCshrGKrJ5NDIV_7rust_vm4bits9from_implINtB7_4BitsKj20_EINtNtCs5cb5cxfFw7H_4core7convert4FromlE4from
FNDA:188,_RNvXs_NtNtCshrGKrJ5NDIV_7rust_vm4bits9from_implINtB6_4BitsKj8_EINtNtCs5cb5cxfFw7H_4core7convert4FromhE4from
FNDA:1,_RNvXs9_NtNtCshrGKrJ5NDIV_7rust_vm4bits9from_implaINtNtCs5cb5cxfFw7H_4core7convert4FromINtB7_4BitsKj8_EE4from
FNDA:1,_RNvXsa_NtNtCshrGKrJ5NDIV_7rust_vm4bits9from_implsINtNtCs5cb5cxfFw7H_4core7convert4FromINtB7_4BitsKj10_EE4from
FNDA:51,_RNvXse_NtNtCshrGKrJ5NDIV_7rust_vm4bits9from_implhINtNtCs5cb5cxfFw7H_4core7convert4FromINtB7_4BitsKj8_EE4from
FNDA:1,_RNvXso_NtNtCshrGKrJ5NDIV_7rust_vm4bits9from_implhINtNtCs5cb5cxfFw7H_4core7convert4FromRINtB7_4BitsKj8_EE4from
FNDA:0,_RNCNvXsb_NtNtCshrGKrJ5NDIV_7rust_vm4bits9from_impllINtNtCs5cb5cxfFw7H_4core7convert4FromINtB9_4BitsKj20_EE4from0Bb_
FNDA:0,_RNCNvXsc_NtNtCshrGKrJ5NDIV_7rust_vm4bits9from_implxINtNtCs5cb5cxfFw7H_4core7convert4FromINtB9_4BitsKj40_EE4from0Bb_
FNDA:0,_RNCNvXsd_NtNtCshrGKrJ5NDIV_7rust_vm4bits9from_impliINtNtCs5cb5cxfFw7H_4core7convert4FromINtB9_4BitsKj40_EE4from0Bb_
FNDA:0,_RNCNvXsf_NtNtCshrGKrJ5NDIV_7rust_vm4bits9from_impltINtNtCs5cb5cxfFw7H_4core7convert4FromINtB9_4BitsKj10_EE4from0Bb_
FNDA:0,_RNCNvXsg_NtNtCshrGKrJ5NDIV_7rust_vm4bits9from_implmINtNtCs5cb5cxfFw7H_4core7convert4FromINtB9_4BitsKj20_EE4from0Bb_
FNDA:0,_RNCNvXsh_NtNtCshrGKrJ5NDIV_7rust_vm4bits9from_implyINtNtCs5cb5cxfFw7H_4core7convert4FromINtB9_4BitsKj40_EE4from0Bb_
FNDA:0,_RNCNvXsi_NtNtCshrGKrJ5NDIV_7rust_vm4bits9from_impljINtNtCs5cb5cxfFw7H_4core7convert4FromINtB9_4BitsKj40_EE4from0Bb_
FNDA:0,_RNCNvXsj_NtNtCshrGKrJ5NDIV_7rust_vm4bits9from_implaINtNtCs5cb5cxfFw7H_4core7convert4FromRINtB9_4BitsKj8_EE4from0Bb_
FNDA:0,_RNCNvXsk_NtNtCshrGKrJ5NDIV_7rust_vm4bits9from_implsINtNtCs5cb5cxfFw7H_4core7convert4FromRINtB9_4BitsKj10_EE4from0Bb_
FNDA:0,_RNCNvXsl_NtNtCshrGKrJ5NDIV_7rust_vm4bits9from_impllINtNtCs5cb5cxfFw7H_4core7convert4FromRINtB9_4BitsKj20_EE4from0Bb_
FNDA:0,_RNCNvXsm_NtNtCshrGKrJ5NDIV_7rust_vm4bits9from_implxINtNtCs5cb5cxfFw7H_4core7convert4FromRINtB9_4BitsKj40_EE4from0Bb_
FNDA:0,_RNCNvXsn_NtNtCshrGKrJ5NDIV_7rust_vm4bits9from_impliINtNtCs5cb5cxfFw7H_4core7convert4FromRINtB9_4BitsKj40_EE4from0Bb_
FNDA:0,_RNCNvXsp_NtNtCshrGKrJ5NDIV_7rust_vm4bits9from_impltINtNtCs5cb5cxfFw7H_4core7convert4FromRINtB9_4BitsKj10_EE4from0Bb_
FNDA:0,_RNCNvXsq_NtNtCshrGKrJ5NDIV_7rust_vm4bits9from_implmINtNtCs5cb5cxfFw7H_4core7convert4FromRINtB9_4BitsKj20_EE4from0Bb_
FNDA:0,_RNCNvXsr_NtNtCshrGKrJ5NDIV_7rust_vm4bits9from_implyINtNtCs5cb5cxfFw7H_4core7convert4FromRINtB9_4BitsKj40_EE4from0Bb_
FNDA:0,_RNCNvXss_NtNtCshrGKrJ5NDIV_7rust_vm4bits9from_impljINtNtCs5cb5cxfFw7H_4core7convert4FromRINtB9_4BitsKj40_EE4from0Bb_
FNDA:0,_RNvXs1_NtNtCshrGKrJ5NDIV_7rust_vm4bits9from_implINtB7_4BitsKj20_EINtNtCs5cb5cxfFw7H_4core7convert4FrommE4from
FNDA:0,_RNvXs2_NtNtCshrGKrJ5NDIV_7rust_vm4bits9from_implINtB7_4BitsKj40_EINtNtCs5cb5cxfFw7H_4core7convert4FromyE4from
FNDA:0,_RNvXs3_NtNtCshrGKrJ5NDIV_7rust_vm4bits9from_implINtB7_4BitsKj40_EINtNtCs5cb5cxfFw7H_4core7convert4FromjE4from
FNDA:0,_RNvXs7_NtNtCshrGKrJ5NDIV_7rust_vm4bits9from_implINtB7_4BitsKj40_EINtNtCs5cb5cxfFw7H_4core7convert4FromxE4from
FNDA:0,_RNvXs8_NtNtCshrGKrJ5NDIV_7rust_vm4bits9from_implINtB7_4BitsKj40_EINtNtCs5cb5cxfFw7H_4core7convert4FromiE4from
FNDA:0,_RNvXsb_NtNtCshrGKrJ5NDIV_7rust_vm4bits9from_impllINtNtCs5cb5cxfFw7H_4core7convert4FromINtB7_4BitsKj20_EE4from
FNDA:0,_RNvXsc_NtNtCshrGKrJ5NDIV_7rust_vm4bits9from_implxINtNtCs5cb5cxfFw7H_4core7convert4FromINtB7_4BitsKj40_EE4from
FNDA:0,_RNvXsd_NtNtCshrGKrJ5NDIV_7rust_vm4bits9from_impliINtNtCs5cb5cxfFw7H_4core7convert4FromINtB7_4BitsKj40_EE4from
FNDA:0,_RNvXsf_NtNtCshrGKrJ5NDIV_7rust_vm4bits9from_impltINtNtCs5cb5cxfFw7H_4core7convert4FromINtB7_4BitsKj10_EE4from
FNDA:0,_RNvXsg_NtNtCshrGKrJ5NDIV_7rust_vm4bits9from_implmINtNtCs5cb5cxfFw7H_4core7convert4FromINtB7_4BitsKj20_EE4from
FNDA:0,_RNvXsh_NtNtCshrGKrJ5NDIV_7rust_vm4bits9from_implyINtNtCs5cb5cxfFw7H_4core7convert4FromINtB7_4BitsKj40_EE4from
FNDA:0,_RNvXsi_NtNtCshrGKrJ5NDIV_7rust_vm4bits9from_impljINtNtCs5cb5cxfFw7H_4core7convert4FromINtB7_4BitsKj40_EE4from
FNDA:0,_RNvXsj_NtNtCshrGKrJ5NDIV_7rust_vm4bits9from_implaINtNtCs5cb5cxfFw7H_4core7convert4FromRINtB7_4BitsKj8_EE4from
FNDA:0,_RNvXsk_NtNtCshrGKrJ5NDIV_7rust_vm4bits9from_implsINtNtCs5cb5cxfFw7H_4core7convert4FromRINtB7_4BitsKj10_EE4from
FNDA:0,_RNvXsl_NtNtCshrGKrJ5NDIV_7rust_vm4bits9from_impllINtNtCs5cb5cxfFw7H_4core7convert4FromRINtB7_4BitsKj20_EE4from
FNDA:0,_RNvXsm_NtNtCshrGKrJ5NDIV_7rust_vm4bits9from_implxINtNtCs5cb5cxfFw7H_4core7convert4FromRINtB7_4BitsKj40_EE4from
FNDA:0,_RNvXsn_NtNtCshrGKrJ5NDIV_7rust_vm4bits9from_impliINtNtCs5cb5cxfFw7H_4core7convert4FromRINtB7_4BitsKj40_EE4from
FNDA:0,_RNvXsp_NtNtCshrGKrJ5NDIV_7rust_vm4bits9from_impltINtNtCs5cb5cxfFw7H_4core7convert4FromRINtB7_4BitsKj10_EE4from
FNDA:0,_RNvXsq_NtNtCshrGKrJ5NDIV_7rust_vm4bits9from_implmINtNtCs5cb5cxfFw7H_4core7convert4FromRINtB7_4BitsKj20_EE4from
FNDA:0,_RNvXsr_NtNtCshrGKrJ5NDIV_7rust_vm4bits9from_implyINtNtCs5cb5cxfFw7H_4core7convert4FromRINtB7_4BitsKj40_EE4from
FNDA:0,_RNvXss_NtNtCshrGKrJ5NDIV_7rust_vm4bits9from_impljINtNtCs5cb5cxfFw7H_4core7convert4FromRINtB7_4BitsKj40_EE4from
FNF:8
FNH:8
DA:9,231
DA:10,231
DA:11,2200
DA:12,2200
DA:13,2200
DA:14,231
DA:15,231
DA:25,53
DA:26,53
DA:27,53
DA:28,53
DA:29,432
DA:30,53
DA:40,1
DA:41,1
DA:42,1
DA:43,1
DA:44,8
DA:45,1
DA:58,154
DA:59,154
DA:61,154
DA:62,154
DA:63,1
DA:64,1
DA:65,1
DA:66,1
DA:68,153
DA:69,78
DA:70,78
DA:71,78
DA:73,73
DA:74,4
DA:75,4
DA:76,4
DA:77,4
DA:78,69
DA:80,308
DA:81,308
DA:82,308
DA:84,75
DA:85,606
DA:86,606
DA:87,446
DA:88,159
DA:90,1
DA:91,1
DA:92,1
DA:97,0
DA:100,143
DA:101,154
BRF:0
BRH:0
LF:55
LH:54
end_of_record
SF:C:\Users\quinn\Desktop\dev\rust_vm\src\bits\mod.rs
FN:68,_RINvMNtCshrGKrJ5NDIV_7rust_vm4bitsINtB3_4BitsKj10_E17split_into_chunksKj4_EB5_
FN:20,_RINvMNtCshrGKrJ5NDIV_7rust_vm4bitsINtB3_4BitsKj10_E5sliceKj4_EB5_
FN:20,_RINvMNtCshrGKrJ5NDIV_7rust_vm4bitsINtB3_4BitsKj10_E5sliceKj8_EB5_
FN:59,_RINvMNtCshrGKrJ5NDIV_7rust_vm4bitsINtB3_4BitsKj10_E6resizeKja_EB5_
FN:59,_RINvMNtCshrGKrJ5NDIV_7rust_vm4bitsINtB3_4BitsKj20_E6resizeKj4_EB5_
FN:38,_RINvMNtCshrGKrJ5NDIV_7rust_vm4bitsINtB3_4BitsKj4_E24try_from_unsigned_numberhEB5_
FN:38,_RINvMNtCshrGKrJ5NDIV_7rust_vm4bitsINtB3_4BitsKj8_E24try_from_unsigned_numberhEB5_
FN:59,_RINvMNtCshrGKrJ5NDIV_7rust_vm4bitsINtB3_4BitsKj8_E6resizeKBI_EB5_
FN:59,_RINvMNtCshrGKrJ5NDIV_7rust_vm4bitsINtB3_4BitsKj8_E6resizeKj4_EB5_
FN:62,_RNCINvMNtCshrGKrJ5NDIV_7rust_vm4bitsINtB5_4BitsKj10_E6resizeKja_E0B7_
FN:62,_RNCINvMNtCshrGKrJ5NDIV_7rust_vm4bitsINtB5_4BitsKj20_E6resizeKj4_E0B7_
FN:54,_RNCINvMNtCshrGKrJ5NDIV_7rust_vm4bitsINtB5_4BitsKj4_E24try_from_unsigned_numberhE0B7_
FN:54,_RNCINvMNtCshrGKrJ5NDIV_7rust_vm4bitsINtB5_4BitsKj8_E24try_from_unsigned_numberhE0B7_
FN:62,_RNCINvMNtCshrGKrJ5NDIV_7rust_vm4bitsINtB5_4BitsKj8_E6resizeKBK_E0B7_
FN:62,_RNCINvMNtCshrGKrJ5NDIV_7rust_vm4bitsINtB5_4BitsKj8_E6resizeKj4_E0B7_
FN:35,_RNCNvMNtCshrGKrJ5NDIV_7rust_vm4bitsINtB4_4BitsKj10_E8to_usize0B6_
FN:35,_RNCNvMNtCshrGKrJ5NDIV_7rust_vm4bitsINtB4_4BitsKj4_E8to_usize0B6_
FN:35,_RNCNvMNtCshrGKrJ5NDIV_7rust_vm4bitsINtB4_4BitsKj8_E8to_usize0B6_
FN:35,_RNCNvMNtCshrGKrJ5NDIV_7rust_vm4bitsINtB4_4BitsKja_E8to_usize0B6_
FN:31,_RNvMNtCshrGKrJ5NDIV_7rust_vm4bitsINtB2_4BitsKj10_E8to_usizeB4_
FN:16,_RNvMNtCshrGKrJ5NDIV_7rust_vm4bitsINtB2_4BitsKj4_E4iterB4_
FN:27,_RNvMNtCshrGKrJ5NDIV_7rust_vm4bitsINtB2_4BitsKj4_E8iter_mutB4_
FN:31,_RNvMNtCshrGKrJ5NDIV_7rust_vm4bitsINtB2_4BitsKj4_E8to_usizeB4_
FN:27,_RNvMNtCshrGKrJ5NDIV_7rust_vm4bitsINtB2_4BitsKj8_E8iter_mutB4_
FN:31,_RNvMNtCshrGKrJ5NDIV_7rust_vm4bitsINtB2_4BitsKj8_E8to_usizeB4_
FN:27,_RNvMNtCshrGKrJ5NDIV_7rust_vm4bitsINtB2_4BitsKja_E8iter_mutB4_
FN:31,_RNvMNtCshrGKrJ5NDIV_7rust_vm4bitsINtB2_4BitsKja_E8to_usizeB4_
FN:90,_RNvXs0_NtCshrGKrJ5NDIV_7rust_vm4bitsINtB5_4BitsKj4_ENtNtCs5cb5cxfFw7H_4core3fmt7Display3fmtB7_
FN:90,_RNvXs0_NtCshrGKrJ5NDIV_7rust_vm4bitsINtB5_4BitsKj8_ENtNtCs5cb5cxfFw7H_4core3fmt7Display3fmtB7_
FN:99,_RNvXs1_NtCshrGKrJ5NDIV_7rust_vm4bitsINtB5_4BitsKj3_EINtNtCs5cb5cxfFw7H_4core7convert4FromAbBK_E4fromB7_
FN:99,_RNvXs1_NtCshrGKrJ5NDIV_7rust_vm4bitsINtB5_4BitsKj4_EINtNtCs5cb5cxfFw7H_4core7convert4FromAbBK_E4fromB7_
FN:99,_RNvXs1_NtCshrGKrJ5NDIV_7rust_vm4bitsINtB5_4BitsKj8_EINtNtCs5cb5cxfFw7H_4core7convert4FromAbBK_E4fromB7_
FN:99,_RNvXs1_NtCshrGKrJ5NDIV_7rust_vm4bitsINtB5_4BitsKja_EINtNtCs5cb5cxfFw7H_4core7convert4FromAbBK_E4fromB7_
FN:105,_RNvXs2_NtCshrGKrJ5NDIV_7rust_vm4bitsAbj4_INtNtCs5cb5cxfFw7H_4core7convert4FromINtB5_4BitsKBA_EE4fromB7_
FN:105,_RNvXs2_NtCshrGKrJ5NDIV_7rust_vm4bitsAbj8_INtNtCs5cb5cxfFw7H_4core7convert4FromINtB5_4BitsKBA_EE4fromB7_
FN:113,_RNvXs3_NtCshrGKrJ5NDIV_7rust_vm4bitsINtB5_4BitsKj3_ENtNtNtNtCs5cb5cxfFw7H_4core4iter6traits7collect12IntoIterator9into_iterB7_
FN:120,_RNvXs4_NtCshrGKrJ5NDIV_7rust_vm4bitsINtB5_4BitsKj10_EINtNtNtCs5cb5cxfFw7H_4core3ops5index5IndexjE5indexB7_
FN:120,_RNvXs4_NtCshrGKrJ5NDIV_7rust_vm4bitsINtB5_4BitsKj8_EINtNtNtCs5cb5cxfFw7H_4core3ops5index5IndexjE5indexB7_
FN:120,_RNvXs4_NtCshrGKrJ5NDIV_7rust_vm4bitsINtB5_4BitsKja_EINtNtNtCs5cb5cxfFw7H_4core3ops5index5IndexjE5indexB7_
FN:126,_RNvXs5_NtCshrGKrJ5NDIV_7rust_vm4bitsINtB5_4BitsKj4_ENtNtCs5cb5cxfFw7H_4core3cmp9PartialEq2eqB7_
FN:126,_RNvXs5_NtCshrGKrJ5NDIV_7rust_vm4bitsINtB5_4BitsKj8_ENtNtCs5cb5cxfFw7H_4core3cmp9PartialEq2eqB7_
FN:133,_RNvXs6_NtCshrGKrJ5NDIV_7rust_vm4bitsINtB5_4BitsKj8_ENtNtNtCs5cb5cxfFw7H_4core3ops5arith3Add3addB7_
FN:140,_RNvXs7_NtCshrGKrJ5NDIV_7rust_vm4bitsINtB5_4BitsKja_ENtNtNtCs5cb5cxfFw7H_4core3ops5arith9AddAssign10add_assignB7_
FN:149,_RNvXs8_NtCshrGKrJ5NDIV_7rust_vm4bitsINtB5_4BitsKj8_ENtNtNtCs5cb5cxfFw7H_4core3ops5arith3Sub3subB7_
FN:156,_RNvXs9_NtCshrGKrJ5NDIV_7rust_vm4bitsINtB5_4BitsKj8_ENtNtNtCs5cb5cxfFw7H_4core3ops5arith9SubAssign10sub_assignB7_
FN:82,_RNvXs_NtCshrGKrJ5NDIV_7rust_vm4bitsINtB4_4BitsKj4_ENtNtCs5cb5cxfFw7H_4core7default7Default7defaultB6_
FN:82,_RNvXs_NtCshrGKrJ5NDIV_7rust_vm4bitsINtB4_4BitsKj8_ENtNtCs5cb5cxfFw7H_4core7default7Default7defaultB6_
FN:82,_RNvXs_NtCshrGKrJ5NDIV_7rust_vm4bitsINtB4_4BitsKja_ENtNtCs5cb5cxfFw7H_4core7default7Default7defaultB6_
FNDA:1,_RINvMNtCshrGKrJ5NDIV_7rust_vm4bitsINtB3_4BitsKj10_E17split_into_chunksKj4_EB5_
FNDA:125,_RINvMNtCshrGKrJ5NDIV_7rust_vm4bitsINtB3_4BitsKj10_E5sliceKj4_EB5_
FNDA:4,_RINvMNtCshrGKrJ5NDIV_7rust_vm4bitsINtB3_4BitsKj10_E5sliceKj8_EB5_
FNDA:25,_RINvMNtCshrGKrJ5NDIV_7rust_vm4bitsINtB3_4BitsKj10_E6resizeKja_EB5_
FNDA:2,_RINvMNtCshrGKrJ5NDIV_7rust_vm4bitsINtB3_4BitsKj20_E6resizeKj4_EB5_
FNDA:8,_RINvMNtCshrGKrJ5NDIV_7rust_vm4bitsINtB3_4BitsKj4_E24try_from_unsigned_numberhEB5_
FNDA:4,_RINvMNtCshrGKrJ5NDIV_7rust_vm4bitsINtB3_4BitsKj8_E24try_from_unsigned_numberhEB5_
FNDA:54,_RINvMNtCshrGKrJ5NDIV_7rust_vm4bitsINtB3_4BitsKj8_E6resizeKBI_EB5_
FNDA:45,_RINvMNtCshrGKrJ5NDIV_7rust_vm4bitsINtB3_4BitsKj8_E6resizeKj4_EB5_
FNDA:250,_RNCINvMNtCshrGKrJ5NDIV_7rust_vm4bitsINtB5_4BitsKj10_E6resizeKja_E0B7_
FNDA:8,_RNCINvMNtCshrGKrJ5NDIV_7rust_vm4bitsINtB5_4BitsKj20_E6resizeKj4_E0B7_
FNDA:28,_RNCINvMNtCshrGKrJ5NDIV_7rust_vm4bitsINtB5_4BitsKj4_E24try_from_unsigned_numberhE0B7_
FNDA:32,_RNCINvMNtCshrGKrJ5NDIV_7rust_vm4bitsINtB5_4BitsKj8_E24try_from_unsigned_numberhE0B7_
FNDA:432,_RNCINvMNtCshrGKrJ5NDIV_7rust_vm4bitsINtB5_4BitsKj8_E6resizeKBK_E0B7_
FNDA:180,_RNCINvMNtCshrGKrJ5NDIV_7rust_vm4bitsINtB5_4BitsKj8_E6resizeKj4_E0B7_
FNDA:16,_RNCNvMNtCshrGKrJ5NDIV_7rust_vm4bitsINtB4_4BitsKj10_E8to_usize0B6_
FNDA:2100,_RNCNvMNtCshrGKrJ5NDIV_7rust_vm4bitsINtB4_4BitsKj4_E8to_usize0B6_
FNDA:720,_RNCNvMNtCshrGKrJ5NDIV_7rust_vm4bitsINtB4_4BitsKj8_E8to_usize0B6_
FNDA:250,_RNCNvMNtCshrGKrJ5NDIV_7rust_vm4bitsINtB4_4BitsKja_E8to_usize0B6_
FNDA:1,_RNvMNtCshrGKrJ5NDIV_7rust_vm4bitsINtB2_4BitsKj10_E8to_usizeB4_
FNDA:1,_RNvMNtCshrGKrJ5NDIV_7rust_vm4bitsINtB2_4BitsKj4_E4iterB4_
FNDA:1,_RNvMNtCshrGKrJ5NDIV_7rust_vm4bitsINtB2_4BitsKj4_E8iter_mutB4_
FNDA:525,_RNvMNtCshrGKrJ5NDIV_7rust_vm4bitsINtB2_4BitsKj4_E8to_usizeB4_
FNDA:38,_RNvMNtCshrGKrJ5NDIV_7rust_vm4bitsINtB2_4BitsKj8_E8iter_mutB4_
FNDA:90,_RNvMNtCshrGKrJ5NDIV_7rust_vm4bitsINtB2_4BitsKj8_E8to_usizeB4_
FNDA:0,_RNvMNtCshrGKrJ5NDIV_7rust_vm4bitsINtB2_4BitsKja_E8iter_mutB4_
FNDA:25,_RNvMNtCshrGKrJ5NDIV_7rust_vm4bitsINtB2_4BitsKja_E8to_usizeB4_
FNDA:134,_RNvXs0_NtCshrGKrJ5NDIV_7rust_vm4bitsINtB5_4BitsKj4_ENtNtCs5cb5cxfFw7H_4core3fmt7Display3fmtB7_
FNDA:10,_RNvXs0_NtCshrGKrJ5NDIV_7rust_vm4bitsINtB5_4BitsKj8_ENtNtCs5cb5cxfFw7H_4core3fmt7Display3fmtB7_
FNDA:1,_RNvXs1_NtCshrGKrJ5NDIV_7rust_vm4bitsINtB5_4BitsKj3_EINtNtCs5cb5cxfFw7H_4core7convert4FromAbBK_E4fromB7_
FNDA:6,_RNvXs1_NtCshrGKrJ5NDIV_7rust_vm4bitsINtB5_4BitsKj4_EINtNtCs5cb5cxfFw7H_4core7convert4FromAbBK_E4fromB7_
FNDA:78,_RNvXs1_NtCshrGKrJ5NDIV_7rust_vm4bitsINtB5_4BitsKj8_EINtNtCs5cb5cxfFw7H_4core7convert4FromAbBK_E4fromB7_
FNDA:25,_RNvXs1_NtCshrGKrJ5NDIV_7rust_vm4bitsINtB5_4BitsKja_EINtNtCs5cb5cxfFw7H_4core7convert4FromAbBK_E4fromB7_
FNDA:1,_RNvXs2_NtCshrGKrJ5NDIV_7rust_vm4bitsAbj4_INtNtCs5cb5cxfFw7H_4core7convert4FromINtB5_4BitsKBA_EE4fromB7_
FNDA:1,_RNvXs2_NtCshrGKrJ5NDIV_7rust_vm4bitsAbj8_INtNtCs5cb5cxfFw7H_4core7convert4FromINtB5_4BitsKBA_EE4fromB7_
FNDA:1,_RNvXs3_NtCshrGKrJ5NDIV_7rust_vm4bitsINtB5_4BitsKj3_ENtNtNtNtCs5cb5cxfFw7H_4core4iter6traits7collect12IntoIterator9into_iterB7_
FNDA:3,_RNvXs4_NtCshrGKrJ5NDIV_7rust_vm4bitsINtB5_4BitsKj10_EINtNtNtCs5cb5cxfFw7H_4core3ops5index5IndexjE5indexB7_
FNDA:1200,_RNvXs4_NtCshrGKrJ5NDIV_7rust_vm4bitsINtB5_4BitsKj8_EINtNtNtCs5cb5cxfFw7H_4core3ops5index5IndexjE5indexB7_
FNDA:500,_RNvXs4_NtCshrGKrJ5NDIV_7rust_vm4bitsINtB5_4BitsKja_EINtNtNtCs5cb5cxfFw7H_4core3ops5index5IndexjE5indexB7_
FNDA:110,_RNvXs5_NtCshrGKrJ5NDIV_7rust_vm4bitsINtB5_4BitsKj4_ENtNtCs5cb5cxfFw7H_4core3cmp9PartialEq2eqB7_
FNDA:18,_RNvXs5_NtCshrGKrJ5NDIV_7rust_vm4bitsINtB5_4BitsKj8_ENtNtCs5cb5cxfFw7H_4core3cmp9PartialEq2eqB7_
FNDA:1,_RNvXs6_NtCshrGKrJ5NDIV_7rust_vm4bitsINtB5_4BitsKj8_ENtNtNtCs5cb5cxfFw7H_4core3ops5arith3Add3addB7_
FNDA:25,_RNvXs7_NtCshrGKrJ5NDIV_7rust_vm4bitsINtB5_4BitsKja_ENtNtNtCs5cb5cxfFw7H_4core3ops5arith9AddAssign10add_assignB7_
FNDA:1,_RNvXs8_NtCshrGKrJ5NDIV_7rust_vm4bitsINtB5_4BitsKj8_ENtNtNtCs5cb5cxfFw7H_4core3ops5arith3Sub3subB7_
FNDA:1,_RNvXs9_NtCshrGKrJ5NDIV_7rust_vm4bitsINtB5_4BitsKj8_ENtNtNtCs5cb5cxfFw7H_4core3ops5arith9SubAssign10sub_assignB7_
FNDA:36,_RNvXs_NtCshrGKrJ5NDIV_7rust_vm4bitsINtB4_4BitsKj4_ENtNtCs5cb5cxfFw7H_4core7default7Default7defaultB6_
FNDA:612,_RNvXs_NtCshrGKrJ5NDIV_7rust_vm4bitsINtB4_4BitsKj8_ENtNtCs5cb5cxfFw7H_4core7default7Default7defaultB6_
FNDA:7,_RNvXs_NtCshrGKrJ5NDIV_7rust_vm4bitsINtB4_4BitsKja_ENtNtCs5cb5cxfFw7H_4core7default7Default7defaultB6_
FNF:21
FNH:21
DA:16,1
DA:17,1
DA:18,1
DA:20,129
DA:21,129
DA:22,129
DA:23,129
DA:24,129
DA:25,129
DA:27,39
DA:28,39
DA:29,39
DA:31,641
DA:32,641
DA:33,641
DA:34,641
DA:35,3086
DA:36,641
DA:38,12
DA:39,12
DA:40,12
DA:42,12
DA:44,12
DA:45,1
DA:46,1
DA:47,1
DA:48,1
DA:49,11
DA:51,11
DA:52,11
DA:53,11
DA:54,60
DA:56,11
DA:57,12
DA:59,126
DA:60,126
DA:61,126
DA:62,870
DA:63,870
DA:64,870
DA:65,126
DA:66,126
DA:68,1
DA:69,1
DA:70,1
DA:71,4
DA:72,4
DA:73,4
DA:74,4
DA:75,4
DA:76,1
DA:77,1
DA:78,1
DA:82,655
DA:83,655
DA:84,655
DA:85,655
DA:86,655
DA:90,144
DA:91,616
DA:92,616
DA:94,144
DA:95,144
DA:99,110
DA:100,110
DA:101,110
DA:105,2
DA:106,2
DA:107,2
DA:113,1
DA:114,1
DA:115,1
DA:120,1703
DA:121,1703
DA:122,1703
DA:126,128
DA:127,128
DA:128,128
DA:133,1
DA:134,1
DA:135,1
DA:136,1
DA:140,25
DA:141,25
DA:142,25
DA:143,25
DA:144,25
DA:149,1
DA:150,1
DA:151,1
DA:152,1
DA:156,1
DA:157,1
DA:158,1
DA:159,1
BRF:0
BRH:0
LF:98
LH:98
end_of_record
SF:C:\Users\quinn\Desktop\dev\rust_vm\src\control_rom.rs
FN:16,_RNvMNtCshrGKrJ5NDIV_7rust_vm11control_romNtB2_10ControlRom19get_control_signals
FN:158,_RNvNtNtCshrGKrJ5NDIV_7rust_vm11control_rom5testss_19not_yet_implemented
FN:79,_RNvNtNtCshrGKrJ5NDIV_7rust_vm11control_rom5testss_3add
FN:105,_RNvNtNtCshrGKrJ5NDIV_7rust_vm11control_rom5testss_3and
FN:118,_RNvNtNtCshrGKrJ5NDIV_7rust_vm11control_rom5testss_3nor
FN:92,_RNvNtNtCshrGKrJ5NDIV_7rust_vm11control_rom5testss_3sub
FN:131,_RNvNtNtCshrGKrJ5NDIV_7rust_vm11control_rom5testss_3xor
FN:144,_RNvNtNtCshrGKrJ5NDIV_7rust_vm11control_rom5testss_6rshift
FNDA:32,_RNvMNtCshrGKrJ5NDIV_7rust_vm11control_romNtB2_10ControlRom19get_control_signals
FNDA:1,_RNvNtNtCshrGKrJ5NDIV_7rust_vm11control_rom5testss_19not_yet_implemented
FNDA:1,_RNvNtNtCshrGKrJ5NDIV_7rust_vm11control_rom5testss_3add
FNDA:1,_RNvNtNtCshrGKrJ5NDIV_7rust_vm11control_rom5testss_3and
FNDA:1,_RNvNtNtCshrGKrJ5NDIV_7rust_vm11control_rom5testss_3nor
FNDA:1,_RNvNtNtCshrGKrJ5NDIV_7rust_vm11control_rom5testss_3sub
FNDA:1,_RNvNtNtCshrGKrJ5NDIV_7rust_vm11control_rom5testss_3xor
FNDA:1,_RNvNtNtCshrGKrJ5NDIV_7rust_vm11control_rom5testss_6rshift
FNF:8
FNH:8
DA:16,32
DA:17,32
DA:18,32
DA:19,1
DA:20,1
DA:21,1
DA:22,31
DA:23,7
DA:24,7
DA:25,7
DA:26,24
DA:27,9
DA:28,9
DA:29,9
DA:30,9
DA:31,15
DA:32,2
DA:33,2
DA:34,2
DA:35,2
DA:36,13
DA:37,1
DA:38,1
DA:39,1
DA:40,1
DA:41,12
DA:42,1
DA:43,1
DA:44,1
DA:45,1
DA:46,11
DA:47,3
DA:48,3
DA:49,3
DA:50,3
DA:51,8
DA:52,3
DA:53,3
DA:54,3
DA:55,3
DA:56,5
DA:57,3
DA:58,3
DA:59,3
DA:60,3
DA:61,3
DA:62,2
DA:63,1
DA:64,1
DA:65,1
DA:66,1
DA:67,1
DA:68,1
DA:70,1
DA:72,31
DA:79,1
DA:80,1
DA:81,1
DA:83,1
DA:84,1
DA:85,1
DA:86,1
DA:87,1
DA:89,1
DA:92,1
DA:93,1
DA:94,1
DA:96,1
DA:97,1
DA:98,1
DA:99,1
DA:100,1
DA:102,1
DA:105,1
DA:106,1
DA:107,1
DA:109,1
DA:110,1
DA:111,1
DA:112,1
DA:113,1
DA:115,1
DA:118,1
DA:119,1
DA:120,1
DA:122,1
DA:123,1
DA:124,1
DA:125,1
DA:126,1
DA:128,1
DA:131,1
DA:132,1
DA:133,1
DA:135,1
DA:136,1
DA:137,1
DA:138,1
DA:139,1
DA:141,1
DA:144,1
DA:145,1
DA:146,1
DA:148,1
DA:149,1
DA:150,1
DA:151,1
DA:152,1
DA:154,1
DA:158,1
DA:159,1
DA:160,1
BRF:0
BRH:0
LF:112
LH:112
end_of_record
SF:C:\Users\quinn\Desktop\dev\rust_vm\src\error.rs
FN:15,_RNvXNtCshrGKrJ5NDIV_7rust_vm5errorNtB2_7VmErrorNtNtCs5cb5cxfFw7H_4core3fmt7Display3fmt
FN:28,_RNvXs0_NtCshrGKrJ5NDIV_7rust_vm5errorNtB5_7VmErrorINtNtCs5cb5cxfFw7H_4core7convert4FromNtNtB7_6parser11ParserErrorE4from
FN:33,_RNvXs1_NtCshrGKrJ5NDIV_7rust_vm5errorNtB5_7VmErrorINtNtCs5cb5cxfFw7H_4core7convert4FromNtNtNtB7_4bits5error14BitsParseErrorE4from
FN:38,_RNvXs2_NtCshrGKrJ5NDIV_7rust_vm5errorNtB5_7VmErrorINtNtCs5cb5cxfFw7H_4core7convert4FromNtNtNtCsja4ZeDc2XAj_3std2io5error5ErrorE4from
FNDA:7,_RNvXNtCshrGKrJ5NDIV_7rust_vm5errorNtB2_7VmErrorNtNtCs5cb5cxfFw7H_4core3fmt7Display3fmt
FNDA:13,_RNvXs0_NtCshrGKrJ5NDIV_7rust_vm5errorNtB5_7VmErrorINtNtCs5cb5cxfFw7H_4core7convert4FromNtNtB7_6parser11ParserErrorE4from
FNDA:7,_RNvXs1_NtCshrGKrJ5NDIV_7rust_vm5errorNtB5_7VmErrorINtNtCs5cb5cxfFw7H_4core7convert4FromNtNtNtB7_4bits5error14BitsParseErrorE4from
FNDA:0,_RNvXs2_NtCshrGKrJ5NDIV_7rust_vm5errorNtB5_7VmErrorINtNtCs5cb5cxfFw7H_4core7convert4FromNtNtNtCsja4ZeDc2XAj_3std2io5error5ErrorE4from
FNF:4
FNH:3
DA:15,7
DA:16,7
DA:17,7
DA:18,0
DA:19,0
DA:20,0
DA:22,7
DA:28,13
DA:29,13
DA:30,13
DA:33,7
DA:34,7
DA:35,7
DA:38,0
DA:39,0
DA:40,0
BRF:0
BRH:0
LF:16
LH:10
end_of_record
SF:C:\Users\quinn\Desktop\dev\rust_vm\src\instruction_memory.rs
FN:18,_RNvMs_NtCshrGKrJ5NDIV_7rust_vm18instruction_memoryNtB4_17InstructionMemory17load_instructions
FN:10,_RNvXNtCshrGKrJ5NDIV_7rust_vm18instruction_memoryNtB2_17InstructionMemoryNtNtCs5cb5cxfFw7H_4core7default7Default7default
FN:37,_RNvNtNtCshrGKrJ5NDIV_7rust_vm18instruction_memory5tests16make_instruction
FN:43,_RNvNtNtCshrGKrJ5NDIV_7rust_vm18instruction_memory5testss_33load_instructions_overflow_panics
FNDA:8,_RNvMs_NtCshrGKrJ5NDIV_7rust_vm18instruction_memoryNtB4_17InstructionMemory17load_instructions
FNDA:8,_RNvXNtCshrGKrJ5NDIV_7rust_vm18instruction_memoryNtB2_17InstructionMemoryNtNtCs5cb5cxfFw7H_4core7default7Default7default
FNDA:1,_RNvNtNtCshrGKrJ5NDIV_7rust_vm18instruction_memory5tests16make_instruction
FNDA:1,_RNvNtNtCshrGKrJ5NDIV_7rust_vm18instruction_memory5testss_33load_instructions_overflow_panics
FNF:4
FNH:4
DA:10,8
DA:11,8
DA:12,8
DA:13,8
DA:14,8
DA:18,8
DA:19,8
DA:20,8
DA:21,8
DA:22,1050
DA:23,1050
DA:24,1049
DA:25,1049
DA:26,1
DA:29,7
DA:30,8
DA:37,1
DA:38,1
DA:39,1
DA:43,1
DA:44,1
DA:45,1
DA:46,1
DA:47,1
DA:48,1
DA:49,0
DA:51,1
BRF:0
BRH:0
LF:27
LH:26
end_of_record
SF:C:\Users\quinn\Desktop\dev\rust_vm\src\parser\mod.rs
FN:35,_RINvNtCshrGKrJ5NDIV_7rust_vm6parser13parse_programRNtNtCsja4ZeDc2XAj_3std4path4PathEB4_
FN:35,_RINvNtCshrGKrJ5NDIV_7rust_vm6parser13parse_programReEB4_
FN:40,_RNCINvNtCshrGKrJ5NDIV_7rust_vm6parser13parse_programRNtNtCsja4ZeDc2XAj_3std4path4PathE0B6_
FN:40,_RNCINvNtCshrGKrJ5NDIV_7rust_vm6parser13parse_programReE0B6_
FN:128,_RNvNtCshrGKrJ5NDIV_7rust_vm6parser17parse_instruction
FN:27,_RNvNtCshrGKrJ5NDIV_7rust_vm6parser21parse_register_string
FN:15,_RNvXNtCshrGKrJ5NDIV_7rust_vm6parserNtB2_11ParserErrorNtNtCs5cb5cxfFw7H_4core3fmt7Display3fmt
FNDA:7,_RINvNtCshrGKrJ5NDIV_7rust_vm6parser13parse_programRNtNtCsja4ZeDc2XAj_3std4path4PathEB4_
FNDA:20,_RINvNtCshrGKrJ5NDIV_7rust_vm6parser13parse_programReEB4_
FNDA:0,_RNCINvNtCshrGKrJ5NDIV_7rust_vm6parser13parse_programRNtNtCsja4ZeDc2XAj_3std4path4PathE0B6_
FNDA:1,_RNCINvNtCshrGKrJ5NDIV_7rust_vm6parser13parse_programReE0B6_
FNDA:45,_RNvNtCshrGKrJ5NDIV_7rust_vm6parser17parse_instruction
FNDA:59,_RNvNtCshrGKrJ5NDIV_7rust_vm6parser21parse_register_string
FNDA:7,_RNvXNtCshrGKrJ5NDIV_7rust_vm6parserNtB2_11ParserErrorNtNtCs5cb5cxfFw7H_4core3fmt7Display3fmt
FNF:5
FNH:5
DA:15,7
DA:16,7
DA:17,1
DA:18,1
DA:19,5
DA:21,7
DA:27,59
DA:28,59
DA:29,2
DA:30,57
DA:31,57
DA:32,59
DA:35,27
DA:36,27
DA:38,27
DA:39,27
DA:40,27
DA:41,26
DA:43,58
DA:44,50
DA:45,50
DA:46,50
DA:47,48
DA:48,2
DA:50,48
DA:51,48
DA:52,48
DA:53,10
DA:54,10
DA:55,10
DA:56,10
DA:57,1
DA:58,9
DA:60,38
DA:61,23
DA:62,22
DA:63,1
DA:65,22
DA:66,21
DA:67,1
DA:69,21
DA:70,20
DA:71,1
DA:73,20
DA:74,1
DA:75,19
DA:76,19
DA:77,19
DA:78,14
DA:79,14
DA:81,15
DA:82,10
DA:83,9
DA:84,1
DA:86,9
DA:87,8
DA:88,1
DA:90,6
DA:91,1
DA:92,5
DA:93,5
DA:94,5
DA:95,4
DA:97,5
DA:98,4
DA:99,4
DA:100,0
DA:102,4
DA:103,4
DA:104,0
DA:106,4
DA:107,0
DA:108,4
DA:109,4
DA:110,4
DA:111,3
DA:112,3
DA:114,1
DA:116,30
DA:120,8
DA:121,37
DA:122,29
DA:124,8
DA:125,27
DA:128,45
DA:129,45
DA:130,45
DA:131,43
DA:132,35
DA:133,19
DA:134,17
DA:135,16
DA:136,15
DA:137,11
DA:138,6
DA:139,2
DA:140,1
DA:142,44
DA:143,45
BRF:0
BRH:0
LF:100
LH:96
end_of_record
SF:C:\Users\quinn\Desktop\dev\rust_vm\src\program_counter.rs
FN:9,_RNvMNtCshrGKrJ5NDIV_7rust_vm15program_counterNtB2_2PC5clock
FN:15,_RNvMNtCshrGKrJ5NDIV_7rust_vm15program_counterNtB2_2PC9increment
FNDA:25,_RNvMNtCshrGKrJ5NDIV_7rust_vm15program_counterNtB2_2PC5clock
FNDA:25,_RNvMNtCshrGKrJ5NDIV_7rust_vm15program_counterNtB2_2PC9increment
FNF:2
FNH:2
DA:9,25
DA:10,25
DA:11,25
DA:12,25
DA:13,25
DA:15,25
DA:16,25
DA:17,25
BRF:0
BRH:0
LF:8
LH:8
end_of_record
SF:C:\Users\quinn\Desktop\dev\rust_vm\src\register\mod.rs
FN:29,_RNvMNtCshrGKrJ5NDIV_7rust_vm8registerNtB2_12RegisterFile14is_valid_indexB4_
FN:45,_RNvMNtCshrGKrJ5NDIV_7rust_vm8registerNtB2_12RegisterFile14schedule_write
FN:34,_RNvMNtCshrGKrJ5NDIV_7rust_vm8registerNtB2_12RegisterFile18set_read_addresses
FN:21,_RNvMNtCshrGKrJ5NDIV_7rust_vm8registerNtB2_12RegisterFile3new
FN:65,_RNvMNtCshrGKrJ5NDIV_7rust_vm8registerNtB2_12RegisterFile5clock
FN:56,_RNvMNtCshrGKrJ5NDIV_7rust_vm8registerNtB2_12RegisterFile6enable
FN:51,_RNvMNtCshrGKrJ5NDIV_7rust_vm8registerNtB2_12RegisterFile7disable
FN:82,_RNvMNtCshrGKrJ5NDIV_7rust_vm8registerNtB2_12RegisterFile7display
FNDA:156,_RNvMNtCshrGKrJ5NDIV_7rust_vm8registerNtB2_12RegisterFile14is_valid_indexB4_
FNDA:33,_RNvMNtCshrGKrJ5NDIV_7rust_vm8registerNtB2_12RegisterFile14schedule_write
FNDA:31,_RNvMNtCshrGKrJ5NDIV_7rust_vm8registerNtB2_12RegisterFile18set_read_addresses
FNDA:2,_RNvMNtCshrGKrJ5NDIV_7rust_vm8registerNtB2_12RegisterFile3new
FNDA:33,_RNvMNtCshrGKrJ5NDIV_7rust_vm8registerNtB2_12RegisterFile5clock
FNDA:27,_RNvMNtCshrGKrJ5NDIV_7rust_vm8registerNtB2_12RegisterFile6enable
FNDA:10,_RNvMNtCshrGKrJ5NDIV_7rust_vm8registerNtB2_12RegisterFile7disable
FNDA:1,_RNvMNtCshrGKrJ5NDIV_7rust_vm8registerNtB2_12RegisterFile7display
FNF:8
FNH:8
DA:21,2
DA:22,2
DA:23,2
DA:24,2
DA:25,2
DA:26,2
DA:27,2
DA:29,156
DA:30,156
DA:31,156
DA:32,156
DA:34,31
DA:35,31
DA:36,46
DA:37,46
DA:38,46
DA:39,46
DA:40,46
DA:42,8
DA:43,31
DA:45,33
DA:46,33
DA:47,23
DA:48,23
DA:49,33
DA:51,10
DA:52,10
DA:53,10
DA:54,10
DA:56,27
DA:57,27
DA:58,54
DA:59,54
DA:60,54
DA:61,54
DA:63,27
DA:65,33
DA:66,33
DA:67,25
DA:68,48
DA:69,23
DA:70,46
DA:72,46
DA:73,46
DA:74,6
DA:75,40
DA:77,0
DA:79,8
DA:80,33
DA:82,1
DA:83,2
DA:84,2
DA:85,32
DA:86,32
DA:87,32
DA:88,2
DA:90,1
BRF:0
BRH:0
LF:57
LH:56
end_of_record
SF:C:\Users\quinn\Desktop\dev\rust_vm\src\utils.rs
FN:5,_RNvNtCshrGKrJ5NDIV_7rust_vm5utils20parse_as_instruction
FN:6,_RNCNvNtCshrGKrJ5NDIV_7rust_vm5utils20parse_as_instruction0B5_
FNDA:25,_RNvNtCshrGKrJ5NDIV_7rust_vm5utils20parse_as_instruction
FNDA:471,_RNCNvNtCshrGKrJ5NDIV_7rust_vm5utils20parse_as_instruction0B5_
FNF:2
FNH:2
DA:5,25
DA:6,471
DA:7,25
DA:8,25
BRF:0
BRH:0
LF:5
LH:5
end_of_record
SF:C:\Users\quinn\Desktop\dev\rust_vm\src\vm\mod.rs
FN:46,_RINvMNtCshrGKrJ5NDIV_7rust_vm2vmNtB3_2VM12load_programRNtNtCsja4ZeDc2XAj_3std4path4PathEB5_
FN:39,_RINvMNtCshrGKrJ5NDIV_7rust_vm2vmNtB3_2VM15execute_programReEB5_
FN:59,_RNvMNtCshrGKrJ5NDIV_7rust_vm2vmNtB2_2VM19process_instruction
FN:24,_RNvMNtCshrGKrJ5NDIV_7rust_vm2vmNtB2_2VM3new
FN:86,_RNvMNtCshrGKrJ5NDIV_7rust_vm2vmNtB2_2VM5clock
FN:101,_RNvXs_NtCshrGKrJ5NDIV_7rust_vm2vmNtB4_2VMNtNtCs5cb5cxfFw7H_4core7default7Default7default
FNDA:7,_RINvMNtCshrGKrJ5NDIV_7rust_vm2vmNtB3_2VM12load_programRNtNtCsja4ZeDc2XAj_3std4path4PathEB5_
FNDA:7,_RINvMNtCshrGKrJ5NDIV_7rust_vm2vmNtB3_2VM15execute_programReEB5_
FNDA:25,_RNvMNtCshrGKrJ5NDIV_7rust_vm2vmNtB2_2VM19process_instruction
FNDA:7,_RNvMNtCshrGKrJ5NDIV_7rust_vm2vmNtB2_2VM3new
FNDA:25,_RNvMNtCshrGKrJ5NDIV_7rust_vm2vmNtB2_2VM5clock
FNDA:5,_RNvXs_NtCshrGKrJ5NDIV_7rust_vm2vmNtB4_2VMNtNtCs5cb5cxfFw7H_4core7default7Default7default
FNF:6
FNH:6
DA:24,7
DA:25,7
DA:26,7
DA:27,7
DA:28,7
DA:29,7
DA:30,7
DA:31,7
DA:32,7
DA:33,7
DA:34,7
DA:35,7
DA:36,7
DA:37,7
DA:39,7
DA:40,7
DA:41,7
DA:42,25
DA:43,7
DA:44,7
DA:46,7
DA:47,7
DA:48,7
DA:49,7
DA:50,7
DA:51,7
DA:52,7
DA:53,7
DA:54,7
DA:55,7
DA:56,7
DA:57,7
DA:59,25
DA:60,25
DA:61,25
DA:62,25
DA:63,25
DA:64,17
DA:65,17
DA:66,8
DA:67,8
DA:68,25
DA:69,25
DA:70,25
DA:71,25
DA:72,25
DA:73,25
DA:74,1
DA:75,24
DA:76,25
DA:77,25
DA:78,3
DA:79,22
DA:80,25
DA:81,4
DA:82,21
DA:83,25
DA:84,25
DA:86,25
DA:87,25
DA:88,25
DA:89,0
DA:90,25
DA:91,25
DA:92,25
DA:93,25
DA:94,25
DA:95,25
DA:101,5
DA:102,5
DA:103,5
BRF:0
BRH:0
LF:71
LH:70
end_of_record
SF:C:\Users\quinn\Desktop\dev\rust_vm\src\vm\tests.rs
FN:13,_RNvNtNtCshrGKrJ5NDIV_7rust_vm2vm5testss_12vm_execution
FN:58,_RNvNtNtCshrGKrJ5NDIV_7rust_vm2vm5testss_12vm_program_3
FN:77,_RNvNtNtCshrGKrJ5NDIV_7rust_vm2vm5testss_12vm_program_4
FN:6,_RNvNtNtCshrGKrJ5NDIV_7rust_vm2vm5testss_18vm_execute_program
FN:40,_RNvNtNtCshrGKrJ5NDIV_7rust_vm2vm5testss_20vm_execute_program_2
FN:66,_RNvNtNtCshrGKrJ5NDIV_7rust_vm2vm5testss_3fib
FN:30,_RNvNtNtCshrGKrJ5NDIV_7rust_vm2vm5testss_3nop
FNDA:1,_RNvNtNtCshrGKrJ5NDIV_7rust_vm2vm5testss_12vm_execution
FNDA:1,_RNvNtNtCshrGKrJ5NDIV_7rust_vm2vm5testss_12vm_program_3
FNDA:1,_RNvNtNtCshrGKrJ5NDIV_7rust_vm2vm5testss_12vm_program_4
FNDA:1,_RNvNtNtCshrGKrJ5NDIV_7rust_vm2vm5testss_18vm_execute_program
FNDA:1,_RNvNtNtCshrGKrJ5NDIV_7rust_vm2vm5testss_20vm_execute_program_2
FNDA:1,_RNvNtNtCshrGKrJ5NDIV_7rust_vm2vm5testss_3fib
FNDA:1,_RNvNtNtCshrGKrJ5NDIV_7rust_vm2vm5testss_3nop
FNF:7
FNH:7
DA:6,1
DA:7,1
DA:8,1
DA:9,1
DA:10,1
DA:13,1
DA:14,1
DA:15,1
DA:16,1
DA:17,1
DA:18,1
DA:19,1
DA:20,1
DA:21,1
DA:22,1
DA:23,1
DA:24,1
DA:25,1
DA:26,1
DA:27,1
DA:30,1
DA:31,1
DA:32,1
DA:33,1
DA:34,1
DA:35,1
DA:36,1
DA:37,1
DA:40,1
DA:41,1
DA:42,1
DA:43,1
DA:44,1
DA:45,1
DA:46,1
DA:47,1
DA:48,1
DA:49,1
DA:50,1
DA:51,1
DA:52,1
DA:53,1
DA:54,1
DA:55,1
DA:58,1
DA:59,1
DA:60,1
DA:61,1
DA:62,1
DA:63,1
DA:66,1
DA:67,1
DA:68,1
DA:69,1
DA:70,1
DA:71,1
DA:72,1
DA:73,1
DA:74,1
DA:77,1
DA:78,1
DA:79,1
DA:80,1
DA:81,1
BRF:0
BRH:0
LF:64
LH:64
end_of_record