SF:C:\Users\quinn\Desktop\dev\rust_vm\main.rs
FN:48,_RNvCsjAiwQ0jDBkQ_7rust_vm16screen_to_buffer
FN:16,_RNvCsjAiwQ0jDBkQ_7rust_vm4main
FN:48,_RNvCs99zfWB6tWEP_7rust_vm16screen_to_buffer
FN:16,_RNvCs99zfWB6tWEP_7rust_vm4main
FNDA:0,_RNvCsjAiwQ0jDBkQ_7rust_vm16screen_to_buffer
FNDA:0,_RNvCsjAiwQ0jDBkQ_7rust_vm4main
FNDA:0,_RNvCs99zfWB6tWEP_7rust_vm16screen_to_buffer
FNDA:0,_RNvCs99zfWB6tWEP_7rust_vm4main
FNF:2
FNH:0
DA:16,0
DA:17,0
DA:18,0
DA:20,0
DA:21,0
DA:22,0
DA:24,0
DA:25,0
DA:26,0
DA:27,0
DA:28,0
DA:31,0
DA:32,0
DA:34,0
DA:36,0
DA:37,0
DA:38,0
DA:39,0
DA:41,0
DA:44,0
DA:46,0
DA:48,0
DA:49,0
DA:50,0
DA:51,0
DA:52,0
DA:53,0
DA:54,0
DA:55,0
DA:56,0
DA:57,0
DA:58,0
DA:59,0
DA:60,0
DA:65,0
BRF:0
BRH:0
LF:35
LH:0
end_of_record
SF:C:\Users\quinn\Desktop\dev\rust_vm\src\alu\alu_flags.rs
FN:18,_RNvMNtNtCskgzLNBcMEMk_7rust_vm3alu9alu_flagsNtB2_8AluFlags9cond_true
FN:10,_RNvMNtNtCskgzLNBcMEMk_7rust_vm3alu9alu_flagsNtB2_8AluFlags8set_zero
FN:14,_RNvMNtNtCskgzLNBcMEMk_7rust_vm3alu9alu_flagsNtB2_8AluFlags9set_carry
FN:10,_RNvMNtNtCs9ttwBx61el6_7rust_vm3alu9alu_flagsNtB2_8AluFlags8set_zero
FN:18,_RNvMNtNtCs9ttwBx61el6_7rust_vm3alu9alu_flagsNtB2_8AluFlags9cond_true
FN:14,_RNvMNtNtCs9ttwBx61el6_7rust_vm3alu9alu_flagsNtB2_8AluFlags9set_carry
FNDA:0,_RNvMNtNtCskgzLNBcMEMk_7rust_vm3alu9alu_flagsNtB2_8AluFlags9cond_true
FNDA:47,_RNvMNtNtCskgzLNBcMEMk_7rust_vm3alu9alu_flagsNtB2_8AluFlags8set_zero
FNDA:47,_RNvMNtNtCskgzLNBcMEMk_7rust_vm3alu9alu_flagsNtB2_8AluFlags9set_carry
FNDA:980,_RNvMNtNtCs9ttwBx61el6_7rust_vm3alu9alu_flagsNtB2_8AluFlags8set_zero
FNDA:201,_RNvMNtNtCs9ttwBx61el6_7rust_vm3alu9alu_flagsNtB2_8AluFlags9cond_true
FNDA:980,_RNvMNtNtCs9ttwBx61el6_7rust_vm3alu9alu_flagsNtB2_8AluFlags9set_carry
FNF:3
FNH:3
DA:10,1027
DA:11,1027
DA:12,1027
DA:14,1027
DA:15,1027
DA:16,1027
DA:18,201
DA:19,201
DA:20,201
DA:21,200
DA:22,199
DA:23,99
DA:24,0
DA:26,201
BRF:0
BRH:0
LF:14
LH:13
end_of_record
SF:C:\Users\quinn\Desktop\dev\rust_vm\src\alu\alu_settings.rs
FN:28,_RNvMNtNtCskgzLNBcMEMk_7rust_vm3alu12alu_settingsNtB2_11AluSettings6config
FN:28,_RNvMNtNtCs9ttwBx61el6_7rust_vm3alu12alu_settingsNtB2_11AluSettings6config
FNDA:13,_RNvMNtNtCskgzLNBcMEMk_7rust_vm3alu12alu_settingsNtB2_11AluSettings6config
FNDA:982,_RNvMNtNtCs9ttwBx61el6_7rust_vm3alu12alu_settingsNtB2_11AluSettings6config
FNF:1
FNH:1
DA:28,995
DA:29,995
DA:30,888
DA:31,888
DA:32,888
DA:33,888
DA:34,888
DA:35,888
DA:36,888
DA:37,888
DA:38,94
DA:39,94
DA:40,94
DA:41,94
DA:42,94
DA:43,94
DA:44,94
DA:45,94
DA:46,3
DA:47,3
DA:48,3
DA:49,3
DA:50,3
DA:51,3
DA:52,3
DA:53,3
DA:54,1
DA:55,1
DA:56,1
DA:57,1
DA:58,1
DA:59,1
DA:60,1
DA:61,1
DA:62,1
DA:63,1
DA:64,1
DA:65,1
DA:66,1
DA:67,1
DA:68,1
DA:69,1
DA:70,1
DA:71,1
DA:72,1
DA:73,1
DA:74,1
DA:75,1
DA:76,1
DA:77,1
DA:78,1
DA:79,1
DA:80,1
DA:81,1
DA:82,1
DA:83,1
DA:84,1
DA:85,1
DA:86,1
DA:87,1
DA:88,1
DA:89,1
DA:90,1
DA:91,1
DA:92,1
DA:93,1
DA:94,1
DA:95,1
DA:96,1
DA:97,1
DA:98,1
DA:99,1
DA:100,1
DA:101,1
DA:102,1
DA:103,1
DA:104,1
DA:105,1
DA:106,1
DA:107,1
DA:108,1
DA:109,1
DA:110,3
DA:111,3
DA:112,3
DA:113,3
DA:114,3
DA:115,3
DA:116,3
DA:117,3
DA:119,995
BRF:0
BRH:0
LF:91
LH:91
end_of_record
SF:C:\Users\quinn\Desktop\dev\rust_vm\src\alu\mod.rs
FN:100,_RNvMNtCskgzLNBcMEMk_7rust_vm3aluNtB2_3Alu11set_setting
FN:34,_RINvMNtCskgzLNBcMEMk_7rust_vm3aluNtB3_3Alu7computeKj8_EB5_
FN:47,_RNCINvMNtCskgzLNBcMEMk_7rust_vm3aluNtB5_3Alu7computeKj8_E0B7_
FN:51,_RNCINvMNtCskgzLNBcMEMk_7rust_vm3aluNtB5_3Alu7computeKj8_Es_0B7_
FN:25,_RNvMNtCskgzLNBcMEMk_7rust_vm3aluNtB2_3Alu3new
FN:34,_RINvMNtCs9ttwBx61el6_7rust_vm3aluNtB3_3Alu7computeKj8_EB5_
FN:47,_RNCINvMNtCs9ttwBx61el6_7rust_vm3aluNtB5_3Alu7computeKj8_E0B7_
FN:51,_RNCINvMNtCs9ttwBx61el6_7rust_vm3aluNtB5_3Alu7computeKj8_Es_0B7_
FN:100,_RNvMNtCs9ttwBx61el6_7rust_vm3aluNtB2_3Alu11set_setting
FN:25,_RNvMNtCs9ttwBx61el6_7rust_vm3aluNtB2_3Alu3new
FNDA:0,_RNvMNtCskgzLNBcMEMk_7rust_vm3aluNtB2_3Alu11set_setting
FNDA:49,_RINvMNtCskgzLNBcMEMk_7rust_vm3aluNtB3_3Alu7computeKj8_EB5_
FNDA:168,_RNCINvMNtCskgzLNBcMEMk_7rust_vm3aluNtB5_3Alu7computeKj8_E0B7_
FNDA:96,_RNCINvMNtCskgzLNBcMEMk_7rust_vm3aluNtB5_3Alu7computeKj8_Es_0B7_
FNDA:13,_RNvMNtCskgzLNBcMEMk_7rust_vm3aluNtB2_3Alu3new
FNDA:982,_RINvMNtCs9ttwBx61el6_7rust_vm3aluNtB3_3Alu7computeKj8_EB5_
FNDA:752,_RNCINvMNtCs9ttwBx61el6_7rust_vm3aluNtB5_3Alu7computeKj8_E0B7_
FNDA:0,_RNCINvMNtCs9ttwBx61el6_7rust_vm3aluNtB5_3Alu7computeKj8_Es_0B7_
FNDA:982,_RNvMNtCs9ttwBx61el6_7rust_vm3aluNtB2_3Alu11set_setting
FNDA:0,_RNvMNtCs9ttwBx61el6_7rust_vm3aluNtB2_3Alu3new
FNF:5
FNH:5
DA:25,13
DA:26,13
DA:27,13
DA:28,13
DA:29,13
DA:30,13
DA:31,13
DA:32,13
DA:34,1031
DA:35,1031
DA:37,1031
DA:38,4
DA:39,28
DA:40,28
DA:41,28
DA:42,4
DA:43,4
DA:44,1027
DA:46,1027
DA:47,920
DA:48,912
DA:50,1027
DA:51,96
DA:52,1015
DA:54,1027
DA:55,1027
DA:56,1027
DA:57,9243
DA:58,9243
DA:59,1027
DA:60,101
DA:61,926
DA:63,1027
DA:64,8216
DA:65,8216
DA:66,8216
DA:68,8216
DA:69,144
DA:70,144
DA:71,8072
DA:72,8072
DA:73,374
DA:74,7698
DA:75,5335
DA:76,5335
DA:80,1027
DA:81,23
DA:82,1004
DA:84,9243
DA:85,8216
DA:86,6887
DA:87,6887
DA:88,6887
DA:89,1329
DA:90,1329
DA:91,1329
DA:94,1027
DA:95,1027
DA:96,1027
DA:97,1027
DA:98,1031
DA:100,982
DA:101,982
DA:102,982
DA:103,982
BRF:0
BRH:0
LF:67
LH:67
end_of_record
SF:C:\Users\quinn\Desktop\dev\rust_vm\src\bits\error.rs
FN:22,_RNvXNtNtCskgzLNBcMEMk_7rust_vm4bits5errorNtB2_14BitsParseErrorNtNtCs5cb5cxfFw7H_4core3fmt7Display3fmt
FN:22,_RNvXNtNtCs9ttwBx61el6_7rust_vm4bits5errorNtB2_14BitsParseErrorNtNtCs5cb5cxfFw7H_4core3fmt7Display3fmt
FNDA:4,_RNvXNtNtCskgzLNBcMEMk_7rust_vm4bits5errorNtB2_14BitsParseErrorNtNtCs5cb5cxfFw7H_4core3fmt7Display3fmt
FNDA:0,_RNvXNtNtCs9ttwBx61el6_7rust_vm4bits5errorNtB2_14BitsParseErrorNtNtCs5cb5cxfFw7H_4core3fmt7Display3fmt
FNF:1
FNH:1
DA:22,4
DA:23,4
DA:25,1
DA:26,1
DA:27,1
DA:29,1
DA:30,1
DA:31,1
DA:34,1
DA:35,1
DA:37,1
DA:38,1
DA:40,1
DA:41,1
DA:44,4
BRF:0
BRH:0
LF:15
LH:15
end_of_record
SF:C:\Users\quinn\Desktop\dev\rust_vm\src\bits\from_impl.rs
FN:25,_RNvXs9_NtNtCskgzLNBcMEMk_7rust_vm4bits9from_implhINtNtCs5cb5cxfFw7H_4core7convert4FromINtB7_4BitsKj8_EE4from
FN:40,_RNvXse_NtNtCskgzLNBcMEMk_7rust_vm4bits9from_implaINtNtCs5cb5cxfFw7H_4core7convert4FromINtB7_4BitsKj8_EE4from
FN:40,_RNvXsf_NtNtCskgzLNBcMEMk_7rust_vm4bits9from_implsINtNtCs5cb5cxfFw7H_4core7convert4FromINtB7_4BitsKj10_EE4from
FN:29,_RNCNvXsa_NtNtCskgzLNBcMEMk_7rust_vm4bits9from_impltINtNtCs5cb5cxfFw7H_4core7convert4FromINtB9_4BitsKj10_EE4from0Bb_
FN:29,_RNCNvXsb_NtNtCskgzLNBcMEMk_7rust_vm4bits9from_implmINtNtCs5cb5cxfFw7H_4core7convert4FromINtB9_4BitsKj20_EE4from0Bb_
FN:29,_RNCNvXsc_NtNtCskgzLNBcMEMk_7rust_vm4bits9from_implyINtNtCs5cb5cxfFw7H_4core7convert4FromINtB9_4BitsKj40_EE4from0Bb_
FN:29,_RNCNvXsd_NtNtCskgzLNBcMEMk_7rust_vm4bits9from_impljINtNtCs5cb5cxfFw7H_4core7convert4FromINtB9_4BitsKj40_EE4from0Bb_
FN:9,_RNvXs1_NtNtCskgzLNBcMEMk_7rust_vm4bits9from_implINtB7_4BitsKj20_EINtNtCs5cb5cxfFw7H_4core7convert4FrommE4from
FN:9,_RNvXs2_NtNtCskgzLNBcMEMk_7rust_vm4bits9from_implINtB7_4BitsKj40_EINtNtCs5cb5cxfFw7H_4core7convert4FromyE4from
FN:9,_RNvXs7_NtNtCskgzLNBcMEMk_7rust_vm4bits9from_implINtB7_4BitsKj40_EINtNtCs5cb5cxfFw7H_4core7convert4FromxE4from
FN:9,_RNvXs8_NtNtCskgzLNBcMEMk_7rust_vm4bits9from_implINtB7_4BitsKj40_EINtNtCs5cb5cxfFw7H_4core7convert4FromiE4from
FN:25,_RNvXsa_NtNtCskgzLNBcMEMk_7rust_vm4bits9from_impltINtNtCs5cb5cxfFw7H_4core7convert4FromINtB7_4BitsKj10_EE4from
FN:25,_RNvXsb_NtNtCskgzLNBcMEMk_7rust_vm4bits9from_implmINtNtCs5cb5cxfFw7H_4core7convert4FromINtB7_4BitsKj20_EE4from
FN:25,_RNvXsc_NtNtCskgzLNBcMEMk_7rust_vm4bits9from_implyINtNtCs5cb5cxfFw7H_4core7convert4FromINtB7_4BitsKj40_EE4from
FN:25,_RNvXsd_NtNtCskgzLNBcMEMk_7rust_vm4bits9from_impljINtNtCs5cb5cxfFw7H_4core7convert4FromINtB7_4BitsKj40_EE4from
FN:40,_RNvXsg_NtNtCskgzLNBcMEMk_7rust_vm4bits9from_impllINtNtCs5cb5cxfFw7H_4core7convert4FromINtB7_4BitsKj20_EE4from
FN:40,_RNvXsh_NtNtCskgzLNBcMEMk_7rust_vm4bits9from_implxINtNtCs5cb5cxfFw7H_4core7convert4FromINtB7_4BitsKj40_EE4from
FN:40,_RNvXsi_NtNtCskgzLNBcMEMk_7rust_vm4bits9from_impliINtNtCs5cb5cxfFw7H_4core7convert4FromINtB7_4BitsKj40_EE4from
FN:88,_RNCNvXNtNtCskgzLNBcMEMk_7rust_vm4bits9from_implINtB6_4BitsKj10_ENtNtNtCs5cb5cxfFw7H_4core3str6traits7FromStr8from_str0B8_
FN:100,_RNCNvXNtNtCskgzLNBcMEMk_7rust_vm4bits9from_implINtB6_4BitsKj10_ENtNtNtCs5cb5cxfFw7H_4core3str6traits7FromStr8from_strs_0B8_
FN:88,_RNCNvXNtNtCskgzLNBcMEMk_7rust_vm4bits9from_implINtB6_4BitsKj2_ENtNtNtCs5cb5cxfFw7H_4core3str6traits7FromStr8from_str0B8_
FN:100,_RNCNvXNtNtCskgzLNBcMEMk_7rust_vm4bits9from_implINtB6_4BitsKj2_ENtNtNtCs5cb5cxfFw7H_4core3str6traits7FromStr8from_strs_0B8_
FN:88,_RNCNvXNtNtCskgzLNBcMEMk_7rust_vm4bits9from_implINtB6_4BitsKj4_ENtNtNtCs5cb5cxfFw7H_4core3str6traits7FromStr8from_str0B8_
FN:100,_RNCNvXNtNtCskgzLNBcMEMk_7rust_vm4bits9from_implINtB6_4BitsKj4_ENtNtNtCs5cb5cxfFw7H_4core3str6traits7FromStr8from_strs_0B8_
FN:88,_RNCNvXNtNtCskgzLNBcMEMk_7rust_vm4bits9from_implINtB6_4BitsKj8_ENtNtNtCs5cb5cxfFw7H_4core3str6traits7FromStr8from_str0B8_
FN:100,_RNCNvXNtNtCskgzLNBcMEMk_7rust_vm4bits9from_implINtB6_4BitsKj8_ENtNtNtCs5cb5cxfFw7H_4core3str6traits7FromStr8from_strs_0B8_
FN:88,_RNCNvXNtNtCskgzLNBcMEMk_7rust_vm4bits9from_implINtB6_4BitsKja_ENtNtNtCs5cb5cxfFw7H_4core3str6traits7FromStr8from_str0B8_
FN:100,_RNCNvXNtNtCskgzLNBcMEMk_7rust_vm4bits9from_implINtB6_4BitsKja_ENtNtNtCs5cb5cxfFw7H_4core3str6traits7FromStr8from_strs_0B8_
FN:29,_RNCNvXs9_NtNtCskgzLNBcMEMk_7rust_vm4bits9from_implhINtNtCs5cb5cxfFw7H_4core7convert4FromINtB9_4BitsKj8_EE4from0Bb_
FN:64,_RNvXNtNtCskgzLNBcMEMk_7rust_vm4bits9from_implINtB4_4BitsKj10_ENtNtNtCs5cb5cxfFw7H_4core3str6traits7FromStr8from_strB6_
FN:64,_RNvXNtNtCskgzLNBcMEMk_7rust_vm4bits9from_implINtB4_4BitsKj2_ENtNtNtCs5cb5cxfFw7H_4core3str6traits7FromStr8from_strB6_
FN:64,_RNvXNtNtCskgzLNBcMEMk_7rust_vm4bits9from_implINtB4_4BitsKj4_ENtNtNtCs5cb5cxfFw7H_4core3str6traits7FromStr8from_strB6_
FN:64,_RNvXNtNtCskgzLNBcMEMk_7rust_vm4bits9from_implINtB4_4BitsKj8_ENtNtNtCs5cb5cxfFw7H_4core3str6traits7FromStr8from_strB6_
FN:64,_RNvXNtNtCskgzLNBcMEMk_7rust_vm4bits9from_implINtB4_4BitsKja_ENtNtNtCs5cb5cxfFw7H_4core3str6traits7FromStr8from_strB6_
FN:9,_RNvXs0_NtNtCskgzLNBcMEMk_7rust_vm4bits9from_implINtB7_4BitsKj10_EINtNtCs5cb5cxfFw7H_4core7convert4FromtE4from
FN:9,_RNvXs3_NtNtCskgzLNBcMEMk_7rust_vm4bits9from_implINtB7_4BitsKj40_EINtNtCs5cb5cxfFw7H_4core7convert4FromjE4from
FN:9,_RNvXs4_NtNtCskgzLNBcMEMk_7rust_vm4bits9from_implINtB7_4BitsKj8_EINtNtCs5cb5cxfFw7H_4core7convert4FromaE4from
FN:9,_RNvXs5_NtNtCskgzLNBcMEMk_7rust_vm4bits9from_implINtB7_4BitsKj10_EINtNtCs5cb5cxfFw7H_4core7convert4FromsE4from
FN:9,_RNvXs6_NtNtCskgzLNBcMEMk_7rust_vm4bits9from_implINtB7_4BitsKj20_EINtNtCs5cb5cxfFw7H_4core7convert4FromlE4from
FN:9,_RNvXs_NtNtCskgzLNBcMEMk_7rust_vm4bits9from_implINtB6_4BitsKj8_EINtNtCs5cb5cxfFw7H_4core7convert4FromhE4from
FN:64,_RNvXNtNtCs9ttwBx61el6_7rust_vm4bits9from_implINtB4_4BitsKj10_ENtNtNtCs5cb5cxfFw7H_4core3str6traits7FromStr8from_strB6_
FN:64,_RNvXNtNtCs9ttwBx61el6_7rust_vm4bits9from_implINtB4_4BitsKj2_ENtNtNtCs5cb5cxfFw7H_4core3str6traits7FromStr8from_strB6_
FN:64,_RNvXNtNtCs9ttwBx61el6_7rust_vm4bits9from_implINtB4_4BitsKj4_ENtNtNtCs5cb5cxfFw7H_4core3str6traits7FromStr8from_strB6_
FN:64,_RNvXNtNtCs9ttwBx61el6_7rust_vm4bits9from_implINtB4_4BitsKj8_ENtNtNtCs5cb5cxfFw7H_4core3str6traits7FromStr8from_strB6_
FN:64,_RNvXNtNtCs9ttwBx61el6_7rust_vm4bits9from_implINtB4_4BitsKja_ENtNtNtCs5cb5cxfFw7H_4core3str6traits7FromStr8from_strB6_
FN:9,_RNvXs0_NtNtCs9ttwBx61el6_7rust_vm4bits9from_implINtB7_4BitsKj10_EINtNtCs5cb5cxfFw7H_4core7convert4FromtE4from
FN:9,_RNvXs1_NtNtCs9ttwBx61el6_7rust_vm4bits9from_implINtB7_4BitsKj20_EINtNtCs5cb5cxfFw7H_4core7convert4FrommE4from
FN:9,_RNvXs2_NtNtCs9ttwBx61el6_7rust_vm4bits9from_implINtB7_4BitsKj40_EINtNtCs5cb5cxfFw7H_4core7convert4FromyE4from
FN:9,_RNvXs3_NtNtCs9ttwBx61el6_7rust_vm4bits9from_implINtB7_4BitsKj40_EINtNtCs5cb5cxfFw7H_4core7convert4FromjE4from
FN:9,_RNvXs4_NtNtCs9ttwBx61el6_7rust_vm4bits9from_implINtB7_4BitsKj8_EINtNtCs5cb5cxfFw7H_4core7convert4FromaE4from
FN:9,_RNvXs5_NtNtCs9ttwBx61el6_7rust_vm4bits9from_implINtB7_4BitsKj10_EINtNtCs5cb5cxfFw7H_4core7convert4FromsE4from
FN:9,_RNvXs6_NtNtCs9ttwBx61el6_7rust_vm4bits9from_implINtB7_4BitsKj20_EINtNtCs5cb5cxfFw7H_4core7convert4FromlE4from
FN:9,_RNvXs7_NtNtCs9ttwBx61el6_7rust_vm4bits9from_implINtB7_4BitsKj40_EINtNtCs5cb5cxfFw7H_4core7convert4FromxE4from
FN:9,_RNvXs8_NtNtCs9ttwBx61el6_7rust_vm4bits9from_implINtB7_4BitsKj40_EINtNtCs5cb5cxfFw7H_4core7convert4FromiE4from
FN:9,_RNvXs_NtNtCs9ttwBx61el6_7rust_vm4bits9from_implINtB6_4BitsKj8_EINtNtCs5cb5cxfFw7H_4core7convert4FromhE4from
FN:88,_RNCNvXNtNtCs9ttwBx61el6_7rust_vm4bits9from_implINtB6_4BitsKj10_ENtNtNtCs5cb5cxfFw7H_4core3str6traits7FromStr8from_str0B8_
FN:100,_RNCNvXNtNtCs9ttwBx61el6_7rust_vm4bits9from_implINtB6_4BitsKj10_ENtNtNtCs5cb5cxfFw7H_4core3str6traits7FromStr8from_strs_0B8_
FN:88,_RNCNvXNtNtCs9ttwBx61el6_7rust_vm4bits9from_implINtB6_4BitsKj2_ENtNtNtCs5cb5cxfFw7H_4core3str6traits7FromStr8from_str0B8_
FN:100,_RNCNvXNtNtCs9ttwBx61el6_7rust_vm4bits9from_implINtB6_4BitsKj2_ENtNtNtCs5cb5cxfFw7H_4core3str6traits7FromStr8from_strs_0B8_
FN:88,_RNCNvXNtNtCs9ttwBx61el6_7rust_vm4bits9from_implINtB6_4BitsKj4_ENtNtNtCs5cb5cxfFw7H_4core3str6traits7FromStr8from_str0B8_
FN:100,_RNCNvXNtNtCs9ttwBx61el6_7rust_vm4bits9from_implINtB6_4BitsKj4_ENtNtNtCs5cb5cxfFw7H_4core3str6traits7FromStr8from_strs_0B8_
FN:88,_RNCNvXNtNtCs9ttwBx61el6_7rust_vm4bits9from_implINtB6_4BitsKj8_ENtNtNtCs5cb5cxfFw7H_4core3str6traits7FromStr8from_str0B8_
FN:100,_RNCNvXNtNtCs9ttwBx61el6_7rust_vm4bits9from_implINtB6_4BitsKj8_ENtNtNtCs5cb5cxfFw7H_4core3str6traits7FromStr8from_strs_0B8_
FN:88,_RNCNvXNtNtCs9ttwBx61el6_7rust_vm4bits9from_implINtB6_4BitsKja_ENtNtNtCs5cb5cxfFw7H_4core3str6traits7FromStr8from_str0B8_
FN:100,_RNCNvXNtNtCs9ttwBx61el6_7rust_vm4bits9from_implINtB6_4BitsKja_ENtNtNtCs5cb5cxfFw7H_4core3str6traits7FromStr8from_strs_0B8_
FN:29,_RNCNvXs9_NtNtCs9ttwBx61el6_7rust_vm4bits9from_implhINtNtCs5cb5cxfFw7H_4core7convert4FromINtB9_4BitsKj8_EE4from0Bb_
FN:29,_RNCNvXsa_NtNtCs9ttwBx61el6_7rust_vm4bits9from_impltINtNtCs5cb5cxfFw7H_4core7convert4FromINtB9_4BitsKj10_EE4from0Bb_
FN:29,_RNCNvXsb_NtNtCs9ttwBx61el6_7rust_vm4bits9from_implmINtNtCs5cb5cxfFw7H_4core7convert4FromINtB9_4BitsKj20_EE4from0Bb_
FN:29,_RNCNvXsc_NtNtCs9ttwBx61el6_7rust_vm4bits9from_implyINtNtCs5cb5cxfFw7H_4core7convert4FromINtB9_4BitsKj40_EE4from0Bb_
FN:29,_RNCNvXsd_NtNtCs9ttwBx61el6_7rust_vm4bits9from_impljINtNtCs5cb5cxfFw7H_4core7convert4FromINtB9_4BitsKj40_EE4from0Bb_
FN:25,_RNvXs9_NtNtCs9ttwBx61el6_7rust_vm4bits9from_implhINtNtCs5cb5cxfFw7H_4core7convert4FromINtB7_4BitsKj8_EE4from
FN:25,_RNvXsa_NtNtCs9ttwBx61el6_7rust_vm4bits9from_impltINtNtCs5cb5cxfFw7H_4core7convert4FromINtB7_4BitsKj10_EE4from
FN:25,_RNvXsb_NtNtCs9ttwBx61el6_7rust_vm4bits9from_implmINtNtCs5cb5cxfFw7H_4core7convert4FromINtB7_4BitsKj20_EE4from
FN:25,_RNvXsc_NtNtCs9ttwBx61el6_7rust_vm4bits9from_implyINtNtCs5cb5cxfFw7H_4core7convert4FromINtB7_4BitsKj40_EE4from
FN:25,_RNvXsd_NtNtCs9ttwBx61el6_7rust_vm4bits9from_impljINtNtCs5cb5cxfFw7H_4core7convert4FromINtB7_4BitsKj40_EE4from
FN:40,_RNvXse_NtNtCs9ttwBx61el6_7rust_vm4bits9from_implaINtNtCs5cb5cxfFw7H_4core7convert4FromINtB7_4BitsKj8_EE4from
FN:40,_RNvXsf_NtNtCs9ttwBx61el6_7rust_vm4bits9from_implsINtNtCs5cb5cxfFw7H_4core7convert4FromINtB7_4BitsKj10_EE4from
FN:40,_RNvXsg_NtNtCs9ttwBx61el6_7rust_vm4bits9from_impllINtNtCs5cb5cxfFw7H_4core7convert4FromINtB7_4BitsKj20_EE4from
FN:40,_RNvXsh_NtNtCs9ttwBx61el6_7rust_vm4bits9from_implxINtNtCs5cb5cxfFw7H_4core7convert4FromINtB7_4BitsKj40_EE4from
FN:40,_RNvXsi_NtNtCs9ttwBx61el6_7rust_vm4bits9from_impliINtNtCs5cb5cxfFw7H_4core7convert4FromINtB7_4BitsKj40_EE4from
FNDA:52,_RNvXs9_NtNtCskgzLNBcMEMk_7rust_vm4bits9from_implhINtNtCs5cb5cxfFw7H_4core7convert4FromINtB7_4BitsKj8_EE4from
FNDA:1,_RNvXse_NtNtCskgzLNBcMEMk_7rust_vm4bits9from_implaINtNtCs5cb5cxfFw7H_4core7convert4FromINtB7_4BitsKj8_EE4from
FNDA:1,_RNvXsf_NtNtCskgzLNBcMEMk_7rust_vm4bits9from_implsINtNtCs5cb5cxfFw7H_4core7convert4FromINtB7_4BitsKj10_EE4from
FNDA:0,_RNCNvXsa_NtNtCskgzLNBcMEMk_7rust_vm4bits9from_impltINtNtCs5cb5cxfFw7H_4core7convert4FromINtB9_4BitsKj10_EE4from0Bb_
FNDA:0,_RNCNvXsb_NtNtCskgzLNBcMEMk_7rust_vm4bits9from_implmINtNtCs5cb5cxfFw7H_4core7convert4FromINtB9_4BitsKj20_EE4from0Bb_
FNDA:0,_RNCNvXsc_NtNtCskgzLNBcMEMk_7rust_vm4bits9from_implyINtNtCs5cb5cxfFw7H_4core7convert4FromINtB9_4BitsKj40_EE4from0Bb_
FNDA:0,_RNCNvXsd_NtNtCskgzLNBcMEMk_7rust_vm4bits9from_impljINtNtCs5cb5cxfFw7H_4core7convert4FromINtB9_4BitsKj40_EE4from0Bb_
FNDA:0,_RNvXs1_NtNtCskgzLNBcMEMk_7rust_vm4bits9from_implINtB7_4BitsKj20_EINtNtCs5cb5cxfFw7H_4core7convert4FrommE4from
FNDA:0,_RNvXs2_NtNtCskgzLNBcMEMk_7rust_vm4bits9from_implINtB7_4BitsKj40_EINtNtCs5cb5cxfFw7H_4core7convert4FromyE4from
FNDA:0,_RNvXs7_NtNtCskgzLNBcMEMk_7rust_vm4bits9from_implINtB7_4BitsKj40_EINtNtCs5cb5cxfFw7H_4core7convert4FromxE4from
FNDA:0,_RNvXs8_NtNtCskgzLNBcMEMk_7rust_vm4bits9from_implINtB7_4BitsKj40_EINtNtCs5cb5cxfFw7H_4core7convert4FromiE4from
FNDA:0,_RNvXsa_NtNtCskgzLNBcMEMk_7rust_vm4bits9from_impltINtNtCs5cb5cxfFw7H_4core7convert4FromINtB7_4BitsKj10_EE4from
FNDA:0,_RNvXsb_NtNtCskgzLNBcMEMk_7rust_vm4bits9from_implmINtNtCs5cb5cxfFw7H_4core7convert4FromINtB7_4BitsKj20_EE4from
FNDA:0,_RNvXsc_NtNtCskgzLNBcMEMk_7rust_vm4bits9from_implyINtNtCs5cb5cxfFw7H_4core7convert4FromINtB7_4BitsKj40_EE4from
FNDA:0,_RNvXsd_NtNtCskgzLNBcMEMk_7rust_vm4bits9from_impljINtNtCs5cb5cxfFw7H_4core7convert4FromINtB7_4BitsKj40_EE4from
FNDA:0,_RNvXsg_NtNtCskgzLNBcMEMk_7rust_vm4bits9from_impllINtNtCs5cb5cxfFw7H_4core7convert4FromINtB7_4BitsKj20_EE4from
FNDA:0,_RNvXsh_NtNtCskgzLNBcMEMk_7rust_vm4bits9from_implxINtNtCs5cb5cxfFw7H_4core7convert4FromINtB7_4BitsKj40_EE4from
FNDA:0,_RNvXsi_NtNtCskgzLNBcMEMk_7rust_vm4bits9from_impliINtNtCs5cb5cxfFw7H_4core7convert4FromINtB7_4BitsKj40_EE4from
FNDA:0,_RNCNvXNtNtCskgzLNBcMEMk_7rust_vm4bits9from_implINtB6_4BitsKj10_ENtNtNtCs5cb5cxfFw7H_4core3str6traits7FromStr8from_str0B8_
FNDA:0,_RNCNvXNtNtCskgzLNBcMEMk_7rust_vm4bits9from_implINtB6_4BitsKj10_ENtNtNtCs5cb5cxfFw7H_4core3str6traits7FromStr8from_strs_0B8_
FNDA:0,_RNCNvXNtNtCskgzLNBcMEMk_7rust_vm4bits9from_implINtB6_4BitsKj2_ENtNtNtCs5cb5cxfFw7H_4core3str6traits7FromStr8from_str0B8_
FNDA:0,_RNCNvXNtNtCskgzLNBcMEMk_7rust_vm4bits9from_implINtB6_4BitsKj2_ENtNtNtCs5cb5cxfFw7H_4core3str6traits7FromStr8from_strs_0B8_
FNDA:2,_RNCNvXNtNtCskgzLNBcMEMk_7rust_vm4bits9from_implINtB6_4BitsKj4_ENtNtNtCs5cb5cxfFw7H_4core3str6traits7FromStr8from_str0B8_
FNDA:14152,_RNCNvXNtNtCskgzLNBcMEMk_7rust_vm4bits9from_implINtB6_4BitsKj4_ENtNtNtCs5cb5cxfFw7H_4core3str6traits7FromStr8from_strs_0B8_
FNDA:2,_RNCNvXNtNtCskgzLNBcMEMk_7rust_vm4bits9from_implINtB6_4BitsKj8_ENtNtNtCs5cb5cxfFw7H_4core3str6traits7FromStr8from_str0B8_
FNDA:3440,_RNCNvXNtNtCskgzLNBcMEMk_7rust_vm4bits9from_implINtB6_4BitsKj8_ENtNtNtCs5cb5cxfFw7H_4core3str6traits7FromStr8from_strs_0B8_
FNDA:0,_RNCNvXNtNtCskgzLNBcMEMk_7rust_vm4bits9from_implINtB6_4BitsKja_ENtNtNtCs5cb5cxfFw7H_4core3str6traits7FromStr8from_str0B8_
FNDA:0,_RNCNvXNtNtCskgzLNBcMEMk_7rust_vm4bits9from_implINtB6_4BitsKja_ENtNtNtCs5cb5cxfFw7H_4core3str6traits7FromStr8from_strs_0B8_
FNDA:416,_RNCNvXs9_NtNtCskgzLNBcMEMk_7rust_vm4bits9from_implhINtNtCs5cb5cxfFw7H_4core7convert4FromINtB9_4BitsKj8_EE4from0Bb_
FNDA:2524,_RNvXNtNtCskgzLNBcMEMk_7rust_vm4bits9from_implINtB4_4BitsKj10_ENtNtNtCs5cb5cxfFw7H_4core3str6traits7FromStr8from_strB6_
FNDA:459,_RNvXNtNtCskgzLNBcMEMk_7rust_vm4bits9from_implINtB4_4BitsKj2_ENtNtNtCs5cb5cxfFw7H_4core3str6traits7FromStr8from_strB6_
FNDA:6086,_RNvXNtNtCskgzLNBcMEMk_7rust_vm4bits9from_implINtB4_4BitsKj4_ENtNtNtCs5cb5cxfFw7H_4core3str6traits7FromStr8from_strB6_
FNDA:651,_RNvXNtNtCskgzLNBcMEMk_7rust_vm4bits9from_implINtB4_4BitsKj8_ENtNtNtCs5cb5cxfFw7H_4core3str6traits7FromStr8from_strB6_
FNDA:0,_RNvXNtNtCskgzLNBcMEMk_7rust_vm4bits9from_implINtB4_4BitsKja_ENtNtNtCs5cb5cxfFw7H_4core3str6traits7FromStr8from_strB6_
FNDA:21,_RNvXs0_NtNtCskgzLNBcMEMk_7rust_vm4bits9from_implINtB7_4BitsKj10_EINtNtCs5cb5cxfFw7H_4core7convert4FromtE4from
FNDA:70,_RNvXs3_NtNtCskgzLNBcMEMk_7rust_vm4bits9from_implINtB7_4BitsKj40_EINtNtCs5cb5cxfFw7H_4core7convert4FromjE4from
FNDA:3,_RNvXs4_NtNtCskgzLNBcMEMk_7rust_vm4bits9from_implINtB7_4BitsKj8_EINtNtCs5cb5cxfFw7H_4core7convert4FromaE4from
FNDA:1,_RNvXs5_NtNtCskgzLNBcMEMk_7rust_vm4bits9from_implINtB7_4BitsKj10_EINtNtCs5cb5cxfFw7H_4core7convert4FromsE4from
FNDA:293,_RNvXs6_NtNtCskgzLNBcMEMk_7rust_vm4bits9from_implINtB7_4BitsKj20_EINtNtCs5cb5cxfFw7H_4core7convert4FromlE4from
FNDA:620,_RNvXs_NtNtCskgzLNBcMEMk_7rust_vm4bits9from_implINtB6_4BitsKj8_EINtNtCs5cb5cxfFw7H_4core7convert4FromhE4from
FNDA:127,_RNvXNtNtCs9ttwBx61el6_7rust_vm4bits9from_implINtB4_4BitsKj10_ENtNtNtCs5cb5cxfFw7H_4core3str6traits7FromStr8from_strB6_
FNDA:13,_RNvXNtNtCs9ttwBx61el6_7rust_vm4bits9from_implINtB4_4BitsKj2_ENtNtNtCs5cb5cxfFw7H_4core3str6traits7FromStr8from_strB6_
FNDA:301,_RNvXNtNtCs9ttwBx61el6_7rust_vm4bits9from_implINtB4_4BitsKj4_ENtNtNtCs5cb5cxfFw7H_4core3str6traits7FromStr8from_strB6_
FNDA:22,_RNvXNtNtCs9ttwBx61el6_7rust_vm4bits9from_implINtB4_4BitsKj8_ENtNtNtCs5cb5cxfFw7H_4core3str6traits7FromStr8from_strB6_
FNDA:5,_RNvXNtNtCs9ttwBx61el6_7rust_vm4bits9from_implINtB4_4BitsKja_ENtNtNtCs5cb5cxfFw7H_4core3str6traits7FromStr8from_strB6_
FNDA:1021,_RNvXs0_NtNtCs9ttwBx61el6_7rust_vm4bits9from_implINtB7_4BitsKj10_EINtNtCs5cb5cxfFw7H_4core7convert4FromtE4from
FNDA:0,_RNvXs1_NtNtCs9ttwBx61el6_7rust_vm4bits9from_implINtB7_4BitsKj20_EINtNtCs5cb5cxfFw7H_4core7convert4FrommE4from
FNDA:10,_RNvXs2_NtNtCs9ttwBx61el6_7rust_vm4bits9from_implINtB7_4BitsKj40_EINtNtCs5cb5cxfFw7H_4core7convert4FromyE4from
FNDA:0,_RNvXs3_NtNtCs9ttwBx61el6_7rust_vm4bits9from_implINtB7_4BitsKj40_EINtNtCs5cb5cxfFw7H_4core7convert4FromjE4from
FNDA:0,_RNvXs4_NtNtCs9ttwBx61el6_7rust_vm4bits9from_implINtB7_4BitsKj8_EINtNtCs5cb5cxfFw7H_4core7convert4FromaE4from
FNDA:0,_RNvXs5_NtNtCs9ttwBx61el6_7rust_vm4bits9from_implINtB7_4BitsKj10_EINtNtCs5cb5cxfFw7H_4core7convert4FromsE4from
FNDA:9,_RNvXs6_NtNtCs9ttwBx61el6_7rust_vm4bits9from_implINtB7_4BitsKj20_EINtNtCs5cb5cxfFw7H_4core7convert4FromlE4from
FNDA:0,_RNvXs7_NtNtCs9ttwBx61el6_7rust_vm4bits9from_implINtB7_4BitsKj40_EINtNtCs5cb5cxfFw7H_4core7convert4FromxE4from
FNDA:0,_RNvXs8_NtNtCs9ttwBx61el6_7rust_vm4bits9from_implINtB7_4BitsKj40_EINtNtCs5cb5cxfFw7H_4core7convert4FromiE4from
FNDA:3479,_RNvXs_NtNtCs9ttwBx61el6_7rust_vm4bits9from_implINtB6_4BitsKj8_EINtNtCs5cb5cxfFw7H_4core7convert4FromhE4from
FNDA:0,_RNCNvXNtNtCs9ttwBx61el6_7rust_vm4bits9from_implINtB6_4BitsKj10_ENtNtNtCs5cb5cxfFw7H_4core3str6traits7FromStr8from_str0B8_
FNDA:0,_RNCNvXNtNtCs9ttwBx61el6_7rust_vm4bits9from_implINtB6_4BitsKj10_ENtNtNtCs5cb5cxfFw7H_4core3str6traits7FromStr8from_strs_0B8_
FNDA:0,_RNCNvXNtNtCs9ttwBx61el6_7rust_vm4bits9from_implINtB6_4BitsKj2_ENtNtNtCs5cb5cxfFw7H_4core3str6traits7FromStr8from_str0B8_
FNDA:0,_RNCNvXNtNtCs9ttwBx61el6_7rust_vm4bits9from_implINtB6_4BitsKj2_ENtNtNtCs5cb5cxfFw7H_4core3str6traits7FromStr8from_strs_0B8_
FNDA:0,_RNCNvXNtNtCs9ttwBx61el6_7rust_vm4bits9from_implINtB6_4BitsKj4_ENtNtNtCs5cb5cxfFw7H_4core3str6traits7FromStr8from_str0B8_
FNDA:696,_RNCNvXNtNtCs9ttwBx61el6_7rust_vm4bits9from_implINtB6_4BitsKj4_ENtNtNtCs5cb5cxfFw7H_4core3str6traits7FromStr8from_strs_0B8_
FNDA:0,_RNCNvXNtNtCs9ttwBx61el6_7rust_vm4bits9from_implINtB6_4BitsKj8_ENtNtNtCs5cb5cxfFw7H_4core3str6traits7FromStr8from_str0B8_
FNDA:176,_RNCNvXNtNtCs9ttwBx61el6_7rust_vm4bits9from_implINtB6_4BitsKj8_ENtNtNtCs5cb5cxfFw7H_4core3str6traits7FromStr8from_strs_0B8_
FNDA:0,_RNCNvXNtNtCs9ttwBx61el6_7rust_vm4bits9from_implINtB6_4BitsKja_ENtNtNtCs5cb5cxfFw7H_4core3str6traits7FromStr8from_str0B8_
FNDA:50,_RNCNvXNtNtCs9ttwBx61el6_7rust_vm4bits9from_implINtB6_4BitsKja_ENtNtNtCs5cb5cxfFw7H_4core3str6traits7FromStr8from_strs_0B8_
FNDA:32,_RNCNvXs9_NtNtCs9ttwBx61el6_7rust_vm4bits9from_implhINtNtCs5cb5cxfFw7H_4core7convert4FromINtB9_4BitsKj8_EE4from0Bb_
FNDA:0,_RNCNvXsa_NtNtCs9ttwBx61el6_7rust_vm4bits9from_impltINtNtCs5cb5cxfFw7H_4core7convert4FromINtB9_4BitsKj10_EE4from0Bb_
FNDA:0,_RNCNvXsb_NtNtCs9ttwBx61el6_7rust_vm4bits9from_implmINtNtCs5cb5cxfFw7H_4core7convert4FromINtB9_4BitsKj20_EE4from0Bb_
FNDA:0,_RNCNvXsc_NtNtCs9ttwBx61el6_7rust_vm4bits9from_implyINtNtCs5cb5cxfFw7H_4core7convert4FromINtB9_4BitsKj40_EE4from0Bb_
FNDA:0,_RNCNvXsd_NtNtCs9ttwBx61el6_7rust_vm4bits9from_impljINtNtCs5cb5cxfFw7H_4core7convert4FromINtB9_4BitsKj40_EE4from0Bb_
FNDA:4,_RNvXs9_NtNtCs9ttwBx61el6_7rust_vm4bits9from_implhINtNtCs5cb5cxfFw7H_4core7convert4FromINtB7_4BitsKj8_EE4from
FNDA:0,_RNvXsa_NtNtCs9ttwBx61el6_7rust_vm4bits9from_impltINtNtCs5cb5cxfFw7H_4core7convert4FromINtB7_4BitsKj10_EE4from
FNDA:0,_RNvXsb_NtNtCs9ttwBx61el6_7rust_vm4bits9from_implmINtNtCs5cb5cxfFw7H_4core7convert4FromINtB7_4BitsKj20_EE4from
FNDA:0,_RNvXsc_NtNtCs9ttwBx61el6_7rust_vm4bits9from_implyINtNtCs5cb5cxfFw7H_4core7convert4FromINtB7_4BitsKj40_EE4from
FNDA:0,_RNvXsd_NtNtCs9ttwBx61el6_7rust_vm4bits9from_impljINtNtCs5cb5cxfFw7H_4core7convert4FromINtB7_4BitsKj40_EE4from
FNDA:1,_RNvXse_NtNtCs9ttwBx61el6_7rust_vm4bits9from_implaINtNtCs5cb5cxfFw7H_4core7convert4FromINtB7_4BitsKj8_EE4from
FNDA:0,_RNvXsf_NtNtCs9ttwBx61el6_7rust_vm4bits9from_implsINtNtCs5cb5cxfFw7H_4core7convert4FromINtB7_4BitsKj10_EE4from
FNDA:0,_RNvXsg_NtNtCs9ttwBx61el6_7rust_vm4bits9from_impllINtNtCs5cb5cxfFw7H_4core7convert4FromINtB7_4BitsKj20_EE4from
FNDA:0,_RNvXsh_NtNtCs9ttwBx61el6_7rust_vm4bits9from_implxINtNtCs5cb5cxfFw7H_4core7convert4FromINtB7_4BitsKj40_EE4from
FNDA:0,_RNvXsi_NtNtCs9ttwBx61el6_7rust_vm4bits9from_impliINtNtCs5cb5cxfFw7H_4core7convert4FromINtB7_4BitsKj40_EE4from
FNF:7
FNH:7
DA:9,5527
DA:10,5527
DA:11,64288
DA:12,64288
DA:13,64288
DA:14,5527
DA:15,5527
DA:25,56
DA:26,56
DA:27,56
DA:28,56
DA:29,448
DA:30,56
DA:40,3
DA:41,3
DA:42,3
DA:43,32
DA:44,32
DA:45,32
DA:46,3
DA:47,0
DA:48,0
DA:49,3
DA:50,3
DA:51,3
DA:64,10188
DA:65,10188
DA:67,10188
DA:68,79
DA:69,10109
DA:71,10109
DA:72,135
DA:73,9974
DA:75,9974
DA:76,9974
DA:77,1
DA:78,1
DA:79,1
DA:80,1
DA:81,1
DA:82,1
DA:84,9973
DA:85,4177
DA:86,4177
DA:87,4177
DA:88,4
DA:89,4
DA:90,4
DA:92,4173
DA:93,4
DA:94,4
DA:95,4
DA:96,4
DA:97,4
DA:98,4169
DA:100,18514
DA:101,18514
DA:102,18514
DA:104,5796
DA:105,54058
DA:106,54058
DA:107,29341
DA:108,24716
DA:110,1
DA:111,1
DA:112,1
DA:113,1
DA:118,0
DA:121,9964
DA:122,10188
BRF:0
BRH:0
LF:73
LH:70
end_of_record
SF:C:\Users\quinn\Desktop\dev\rust_vm\src\bits\impl_ops.rs
FN:131,_RNvXININtNtCskgzLNBcMEMk_7rust_vm4bits8impl_opssa_0KpEINtB7_4BitsKpENtNtCs5cb5cxfFw7H_4core3cmp3Ord3cmpB9_
FN:6,_RNvXNtNtCskgzLNBcMEMk_7rust_vm4bits8impl_opsINtB4_4BitsKj8_ENtNtNtCs5cb5cxfFw7H_4core3ops5arith3Add3addB6_
FN:29,_RNvXs0_NtNtCskgzLNBcMEMk_7rust_vm4bits8impl_opsINtB7_4BitsKj8_ENtNtNtCs5cb5cxfFw7H_4core3ops5arith3Sub3subB9_
FN:38,_RNvXs1_NtNtCskgzLNBcMEMk_7rust_vm4bits8impl_opsINtB7_4BitsKj8_ENtNtNtCs5cb5cxfFw7H_4core3ops5arith9SubAssign10sub_assignB9_
FN:45,_RNvXs2_NtNtCskgzLNBcMEMk_7rust_vm4bits8impl_opsINtB7_4BitsKj8_ENtNtNtCs5cb5cxfFw7H_4core3ops3bit6BitAnd6bitandB9_
FN:59,_RNvXs3_NtNtCskgzLNBcMEMk_7rust_vm4bits8impl_opsINtB7_4BitsKj8_ENtNtNtCs5cb5cxfFw7H_4core3ops3bit5BitOr5bitorB9_
FN:73,_RNvXs4_NtNtCskgzLNBcMEMk_7rust_vm4bits8impl_opsINtB7_4BitsKj8_ENtNtNtCs5cb5cxfFw7H_4core3ops3bit6BitXor6bitxorB9_
FN:87,_RNvXs5_NtNtCskgzLNBcMEMk_7rust_vm4bits8impl_opsINtB7_4BitsKj8_ENtNtNtCs5cb5cxfFw7H_4core3ops3bit3Not3notB9_
FN:96,_RNvXs6_NtNtCskgzLNBcMEMk_7rust_vm4bits8impl_opsINtB7_4BitsKj8_ENtNtNtCs5cb5cxfFw7H_4core3ops3bit3Shr3shrB9_
FN:108,_RNvXs7_NtNtCskgzLNBcMEMk_7rust_vm4bits8impl_opsINtB7_4BitsKj8_ENtNtNtCs5cb5cxfFw7H_4core3ops3bit3Shl3shlB9_
FN:119,_RNvXs8_NtNtCskgzLNBcMEMk_7rust_vm4bits8impl_opsINtB7_4BitsKj10_EINtNtNtCs5cb5cxfFw7H_4core3ops5index5IndexjE5indexB9_
FN:119,_RNvXs8_NtNtCskgzLNBcMEMk_7rust_vm4bits8impl_opsINtB7_4BitsKj8_EINtNtNtCs5cb5cxfFw7H_4core3ops5index5IndexjE5indexB9_
FN:125,_RNvXs9_NtNtCskgzLNBcMEMk_7rust_vm4bits8impl_opsINtB7_4BitsKj8_ENtNtCs5cb5cxfFw7H_4core3cmp10PartialOrd11partial_cmpB9_
FN:22,_RNvXs_NtNtCskgzLNBcMEMk_7rust_vm4bits8impl_opsINtB6_4BitsKj8_ENtNtNtCs5cb5cxfFw7H_4core3ops5arith9AddAssign10add_assignB8_
FN:88,_RNCNvXs5_NtNtCskgzLNBcMEMk_7rust_vm4bits8impl_opsINtB9_4BitsKj8_ENtNtNtCs5cb5cxfFw7H_4core3ops3bit3Not3not0Bb_
FN:6,_RNvXNtNtCs9ttwBx61el6_7rust_vm4bits8impl_opsINtB4_4BitsKja_ENtNtNtCs5cb5cxfFw7H_4core3ops5arith3Add3addB6_
FN:45,_RNvXs2_NtNtCs9ttwBx61el6_7rust_vm4bits8impl_opsINtB7_4BitsKj8_ENtNtNtCs5cb5cxfFw7H_4core3ops3bit6BitAnd6bitandB9_
FN:59,_RNvXs3_NtNtCs9ttwBx61el6_7rust_vm4bits8impl_opsINtB7_4BitsKj8_ENtNtNtCs5cb5cxfFw7H_4core3ops3bit5BitOr5bitorB9_
FN:73,_RNvXs4_NtNtCs9ttwBx61el6_7rust_vm4bits8impl_opsINtB7_4BitsKj8_ENtNtNtCs5cb5cxfFw7H_4core3ops3bit6BitXor6bitxorB9_
FN:96,_RNvXs6_NtNtCs9ttwBx61el6_7rust_vm4bits8impl_opsINtB7_4BitsKj8_ENtNtNtCs5cb5cxfFw7H_4core3ops3bit3Shr3shrB9_
FN:108,_RNvXs7_NtNtCs9ttwBx61el6_7rust_vm4bits8impl_opsINtB7_4BitsKj8_ENtNtNtCs5cb5cxfFw7H_4core3ops3bit3Shl3shlB9_
FN:119,_RNvXs8_NtNtCs9ttwBx61el6_7rust_vm4bits8impl_opsINtB7_4BitsKj8_EINtNtNtCs5cb5cxfFw7H_4core3ops5index5IndexjE5indexB9_
FN:125,_RNvXs9_NtNtCs9ttwBx61el6_7rust_vm4bits8impl_opsINtB7_4BitsKj8_ENtNtCs5cb5cxfFw7H_4core3cmp10PartialOrd11partial_cmpB9_
FN:88,_RNCNvXININtNtCs9ttwBx61el6_7rust_vm4bits8impl_opss5_0KpEINtB9_4BitsKpENtNtNtCs5cb5cxfFw7H_4core3ops3bit3Not3not0Bb_
FN:29,_RNvXININtNtCs9ttwBx61el6_7rust_vm4bits8impl_opss0_0KpEINtB7_4BitsKpENtNtNtCs5cb5cxfFw7H_4core3ops5arith3Sub3subB9_
FN:38,_RNvXININtNtCs9ttwBx61el6_7rust_vm4bits8impl_opss1_0KpEINtB7_4BitsKpENtNtNtCs5cb5cxfFw7H_4core3ops5arith9SubAssign10sub_assignB9_
FN:87,_RNvXININtNtCs9ttwBx61el6_7rust_vm4bits8impl_opss5_0KpEINtB7_4BitsKpENtNtNtCs5cb5cxfFw7H_4core3ops3bit3Not3notB9_
FN:22,_RNvXININtNtCs9ttwBx61el6_7rust_vm4bits8impl_opss_0KpEINtB7_4BitsKpENtNtNtCs5cb5cxfFw7H_4core3ops5arith9AddAssign10add_assignB9_
FN:131,_RNvXININtNtCs9ttwBx61el6_7rust_vm4bits8impl_opssa_0KpEINtB7_4BitsKpENtNtCs5cb5cxfFw7H_4core3cmp3Ord3cmpB9_
FNDA:0,_RNvXININtNtCskgzLNBcMEMk_7rust_vm4bits8impl_opssa_0KpEINtB7_4BitsKpENtNtCs5cb5cxfFw7H_4core3cmp3Ord3cmpB9_
FNDA:6,_RNvXNtNtCskgzLNBcMEMk_7rust_vm4bits8impl_opsINtB4_4BitsKj8_ENtNtNtCs5cb5cxfFw7H_4core3ops5arith3Add3addB6_
FNDA:2,_RNvXs0_NtNtCskgzLNBcMEMk_7rust_vm4bits8impl_opsINtB7_4BitsKj8_ENtNtNtCs5cb5cxfFw7H_4core3ops5arith3Sub3subB9_
FNDA:1,_RNvXs1_NtNtCskgzLNBcMEMk_7rust_vm4bits8impl_opsINtB7_4BitsKj8_ENtNtNtCs5cb5cxfFw7H_4core3ops5arith9SubAssign10sub_assignB9_
FNDA:10,_RNvXs2_NtNtCskgzLNBcMEMk_7rust_vm4bits8impl_opsINtB7_4BitsKj8_ENtNtNtCs5cb5cxfFw7H_4core3ops3bit6BitAnd6bitandB9_
FNDA:10,_RNvXs3_NtNtCskgzLNBcMEMk_7rust_vm4bits8impl_opsINtB7_4BitsKj8_ENtNtNtCs5cb5cxfFw7H_4core3ops3bit5BitOr5bitorB9_
FNDA:30,_RNvXs4_NtNtCskgzLNBcMEMk_7rust_vm4bits8impl_opsINtB7_4BitsKj8_ENtNtNtCs5cb5cxfFw7H_4core3ops3bit6BitXor6bitxorB9_
FNDA:2,_RNvXs5_NtNtCskgzLNBcMEMk_7rust_vm4bits8impl_opsINtB7_4BitsKj8_ENtNtNtCs5cb5cxfFw7H_4core3ops3bit3Not3notB9_
FNDA:40,_RNvXs6_NtNtCskgzLNBcMEMk_7rust_vm4bits8impl_opsINtB7_4BitsKj8_ENtNtNtCs5cb5cxfFw7H_4core3ops3bit3Shr3shrB9_
FNDA:10,_RNvXs7_NtNtCskgzLNBcMEMk_7rust_vm4bits8impl_opsINtB7_4BitsKj8_ENtNtNtCs5cb5cxfFw7H_4core3ops3bit3Shl3shlB9_
FNDA:3,_RNvXs8_NtNtCskgzLNBcMEMk_7rust_vm4bits8impl_opsINtB7_4BitsKj10_EINtNtNtCs5cb5cxfFw7H_4core3ops5index5IndexjE5indexB9_
FNDA:770,_RNvXs8_NtNtCskgzLNBcMEMk_7rust_vm4bits8impl_opsINtB7_4BitsKj8_EINtNtNtCs5cb5cxfFw7H_4core3ops5index5IndexjE5indexB9_
FNDA:11,_RNvXs9_NtNtCskgzLNBcMEMk_7rust_vm4bits8impl_opsINtB7_4BitsKj8_ENtNtCs5cb5cxfFw7H_4core3cmp10PartialOrd11partial_cmpB9_
FNDA:1,_RNvXs_NtNtCskgzLNBcMEMk_7rust_vm4bits8impl_opsINtB6_4BitsKj8_ENtNtNtCs5cb5cxfFw7H_4core3ops5arith9AddAssign10add_assignB8_
FNDA:16,_RNCNvXs5_NtNtCskgzLNBcMEMk_7rust_vm4bits8impl_opsINtB9_4BitsKj8_ENtNtNtCs5cb5cxfFw7H_4core3ops3bit3Not3not0Bb_
FNDA:982,_RNvXNtNtCs9ttwBx61el6_7rust_vm4bits8impl_opsINtB4_4BitsKja_ENtNtNtCs5cb5cxfFw7H_4core3ops5arith3Add3addB6_
FNDA:0,_RNvXs2_NtNtCs9ttwBx61el6_7rust_vm4bits8impl_opsINtB7_4BitsKj8_ENtNtNtCs5cb5cxfFw7H_4core3ops3bit6BitAnd6bitandB9_
FNDA:0,_RNvXs3_NtNtCs9ttwBx61el6_7rust_vm4bits8impl_opsINtB7_4BitsKj8_ENtNtNtCs5cb5cxfFw7H_4core3ops3bit5BitOr5bitorB9_
FNDA:0,_RNvXs4_NtNtCs9ttwBx61el6_7rust_vm4bits8impl_opsINtB7_4BitsKj8_ENtNtNtCs5cb5cxfFw7H_4core3ops3bit6BitXor6bitxorB9_
FNDA:0,_RNvXs6_NtNtCs9ttwBx61el6_7rust_vm4bits8impl_opsINtB7_4BitsKj8_ENtNtNtCs5cb5cxfFw7H_4core3ops3bit3Shr3shrB9_
FNDA:0,_RNvXs7_NtNtCs9ttwBx61el6_7rust_vm4bits8impl_opsINtB7_4BitsKj8_ENtNtNtCs5cb5cxfFw7H_4core3ops3bit3Shl3shlB9_
FNDA:15694,_RNvXs8_NtNtCs9ttwBx61el6_7rust_vm4bits8impl_opsINtB7_4BitsKj8_EINtNtNtCs5cb5cxfFw7H_4core3ops5index5IndexjE5indexB9_
FNDA:1162,_RNvXs9_NtNtCs9ttwBx61el6_7rust_vm4bits8impl_opsINtB7_4BitsKj8_ENtNtCs5cb5cxfFw7H_4core3cmp10PartialOrd11partial_cmpB9_
FNDA:0,_RNCNvXININtNtCs9ttwBx61el6_7rust_vm4bits8impl_opss5_0KpEINtB9_4BitsKpENtNtNtCs5cb5cxfFw7H_4core3ops3bit3Not3not0Bb_
FNDA:0,_RNvXININtNtCs9ttwBx61el6_7rust_vm4bits8impl_opss0_0KpEINtB7_4BitsKpENtNtNtCs5cb5cxfFw7H_4core3ops5arith3Sub3subB9_
FNDA:0,_RNvXININtNtCs9ttwBx61el6_7rust_vm4bits8impl_opss1_0KpEINtB7_4BitsKpENtNtNtCs5cb5cxfFw7H_4core3ops5arith9SubAssign10sub_assignB9_
FNDA:0,_RNvXININtNtCs9ttwBx61el6_7rust_vm4bits8impl_opss5_0KpEINtB7_4BitsKpENtNtNtCs5cb5cxfFw7H_4core3ops3bit3Not3notB9_
FNDA:0,_RNvXININtNtCs9ttwBx61el6_7rust_vm4bits8impl_opss_0KpEINtB7_4BitsKpENtNtNtCs5cb5cxfFw7H_4core3ops5arith9AddAssign10add_assignB9_
FNDA:0,_RNvXININtNtCs9ttwBx61el6_7rust_vm4bits8impl_opssa_0KpEINtB7_4BitsKpENtNtCs5cb5cxfFw7H_4core3cmp3Ord3cmpB9_
FNF:14
FNH:13
DA:6,988
DA:7,988
DA:8,988
DA:9,9868
DA:10,988
DA:11,988
DA:12,988
DA:13,9868
DA:14,9868
DA:15,9868
DA:16,9868
DA:17,988
DA:18,988
DA:22,1
DA:23,1
DA:24,1
DA:29,2
DA:31,2
DA:32,2
DA:33,2
DA:34,2
DA:38,1
DA:39,1
DA:40,1
DA:45,10
DA:46,10
DA:47,80
DA:48,10
DA:49,10
DA:50,80
DA:51,80
DA:52,80
DA:53,10
DA:54,10
DA:59,10
DA:60,10
DA:61,80
DA:62,10
DA:63,10
DA:64,80
DA:65,80
DA:66,80
DA:67,10
DA:68,10
DA:73,30
DA:74,30
DA:75,240
DA:76,30
DA:77,30
DA:78,240
DA:79,240
DA:80,240
DA:81,30
DA:82,30
DA:87,2
DA:88,16
DA:89,2
DA:90,2
DA:96,40
DA:97,40
DA:98,40
DA:99,40
DA:100,40
DA:101,40
DA:102,40
DA:108,10
DA:109,10
DA:110,10
DA:111,10
DA:112,10
DA:113,10
DA:114,10
DA:119,16467
DA:120,16467
DA:121,16467
DA:125,1173
DA:126,1173
DA:127,1173
DA:131,0
DA:132,0
DA:133,0
BRF:0
BRH:0
LF:82
LH:79
end_of_record
SF:C:\Users\quinn\Desktop\dev\rust_vm\src\bits\mod.rs
FN:18,_RINvMNtCskgzLNBcMEMk_7rust_vm4bitsINtB3_4BitsKpE5sliceKpEB5_
FN:36,_RNvMNtCskgzLNBcMEMk_7rust_vm4bitsINtB2_4BitsKpE9to_signedB4_
FN:102,_RINvMNtCskgzLNBcMEMk_7rust_vm4bitsINtB3_4BitsKj10_E17split_into_chunksKj4_EB5_
FN:50,_RINvMNtCskgzLNBcMEMk_7rust_vm4bitsINtB3_4BitsKj10_E22try_from_signed_numberxEB5_
FN:93,_RINvMNtCskgzLNBcMEMk_7rust_vm4bitsINtB3_4BitsKj10_E6resizeKja_EB5_
FN:93,_RINvMNtCskgzLNBcMEMk_7rust_vm4bitsINtB3_4BitsKj20_E6resizeKj4_EB5_
FN:93,_RINvMNtCskgzLNBcMEMk_7rust_vm4bitsINtB3_4BitsKj20_E6resizeKj8_EB5_
FN:93,_RINvMNtCskgzLNBcMEMk_7rust_vm4bitsINtB3_4BitsKj20_E6resizeKja_EB5_
FN:50,_RINvMNtCskgzLNBcMEMk_7rust_vm4bitsINtB3_4BitsKj2_E22try_from_signed_numberxEB5_
FN:93,_RINvMNtCskgzLNBcMEMk_7rust_vm4bitsINtB3_4BitsKj40_E6resizeKj8_EB5_
FN:50,_RINvMNtCskgzLNBcMEMk_7rust_vm4bitsINtB3_4BitsKj4_E22try_from_signed_numberxEB5_
FN:72,_RINvMNtCskgzLNBcMEMk_7rust_vm4bitsINtB3_4BitsKj4_E24try_from_unsigned_numberhEB5_
FN:93,_RINvMNtCskgzLNBcMEMk_7rust_vm4bitsINtB3_4BitsKj4_E6resizeKBI_EB5_
FN:50,_RINvMNtCskgzLNBcMEMk_7rust_vm4bitsINtB3_4BitsKj8_E22try_from_signed_numberxEB5_
FN:72,_RINvMNtCskgzLNBcMEMk_7rust_vm4bitsINtB3_4BitsKj8_E24try_from_unsigned_numberhEB5_
FN:93,_RINvMNtCskgzLNBcMEMk_7rust_vm4bitsINtB3_4BitsKj8_E6resizeKBI_EB5_
FN:93,_RINvMNtCskgzLNBcMEMk_7rust_vm4bitsINtB3_4BitsKj8_E6resizeKj4_EB5_
FN:50,_RINvMNtCskgzLNBcMEMk_7rust_vm4bitsINtB3_4BitsKja_E22try_from_signed_numberxEB5_
FN:67,_RNCINvMNtCskgzLNBcMEMk_7rust_vm4bitsINtB5_4BitsKj10_E22try_from_signed_numberxE0B7_
FN:96,_RNCINvMNtCskgzLNBcMEMk_7rust_vm4bitsINtB5_4BitsKj10_E6resizeKja_E0B7_
FN:96,_RNCINvMNtCskgzLNBcMEMk_7rust_vm4bitsINtB5_4BitsKj20_E6resizeKj4_E0B7_
FN:96,_RNCINvMNtCskgzLNBcMEMk_7rust_vm4bitsINtB5_4BitsKj20_E6resizeKj8_E0B7_
FN:96,_RNCINvMNtCskgzLNBcMEMk_7rust_vm4bitsINtB5_4BitsKj20_E6resizeKja_E0B7_
FN:67,_RNCINvMNtCskgzLNBcMEMk_7rust_vm4bitsINtB5_4BitsKj2_E22try_from_signed_numberxE0B7_
FN:96,_RNCINvMNtCskgzLNBcMEMk_7rust_vm4bitsINtB5_4BitsKj40_E6resizeKj8_E0B7_
FN:67,_RNCINvMNtCskgzLNBcMEMk_7rust_vm4bitsINtB5_4BitsKj4_E22try_from_signed_numberxE0B7_
FN:88,_RNCINvMNtCskgzLNBcMEMk_7rust_vm4bitsINtB5_4BitsKj4_E24try_from_unsigned_numberhE0B7_
FN:96,_RNCINvMNtCskgzLNBcMEMk_7rust_vm4bitsINtB5_4BitsKj4_E6resizeKBK_E0B7_
FN:67,_RNCINvMNtCskgzLNBcMEMk_7rust_vm4bitsINtB5_4BitsKj8_E22try_from_signed_numberxE0B7_
FN:88,_RNCINvMNtCskgzLNBcMEMk_7rust_vm4bitsINtB5_4BitsKj8_E24try_from_unsigned_numberhE0B7_
FN:96,_RNCINvMNtCskgzLNBcMEMk_7rust_vm4bitsINtB5_4BitsKj8_E6resizeKBK_E0B7_
FN:96,_RNCINvMNtCskgzLNBcMEMk_7rust_vm4bitsINtB5_4BitsKj8_E6resizeKj4_E0B7_
FN:67,_RNCINvMNtCskgzLNBcMEMk_7rust_vm4bitsINtB5_4BitsKja_E22try_from_signed_numberxE0B7_
FN:33,_RNCNvMNtCskgzLNBcMEMk_7rust_vm4bitsINtB4_4BitsKj10_E8to_usize0B6_
FN:33,_RNCNvMNtCskgzLNBcMEMk_7rust_vm4bitsINtB4_4BitsKj20_E8to_usize0B6_
FN:33,_RNCNvMNtCskgzLNBcMEMk_7rust_vm4bitsINtB4_4BitsKj4_E8to_usize0B6_
FN:33,_RNCNvMNtCskgzLNBcMEMk_7rust_vm4bitsINtB4_4BitsKj8_E8to_usize0B6_
FN:114,_RNvMNtCskgzLNBcMEMk_7rust_vm4bitsINtB2_4BitsKj10_E15from_str_binaryB4_
FN:29,_RNvMNtCskgzLNBcMEMk_7rust_vm4bitsINtB2_4BitsKj10_E8to_usizeB4_
FN:29,_RNvMNtCskgzLNBcMEMk_7rust_vm4bitsINtB2_4BitsKj20_E8to_usizeB4_
FN:114,_RNvMNtCskgzLNBcMEMk_7rust_vm4bitsINtB2_4BitsKj2_E15from_str_binaryB4_
FN:114,_RNvMNtCskgzLNBcMEMk_7rust_vm4bitsINtB2_4BitsKj4_E15from_str_binaryB4_
FN:14,_RNvMNtCskgzLNBcMEMk_7rust_vm4bitsINtB2_4BitsKj4_E4iterB4_
FN:25,_RNvMNtCskgzLNBcMEMk_7rust_vm4bitsINtB2_4BitsKj4_E8iter_mutB4_
FN:29,_RNvMNtCskgzLNBcMEMk_7rust_vm4bitsINtB2_4BitsKj4_E8to_usizeB4_
FN:114,_RNvMNtCskgzLNBcMEMk_7rust_vm4bitsINtB2_4BitsKj8_E15from_str_binaryB4_
FN:25,_RNvMNtCskgzLNBcMEMk_7rust_vm4bitsINtB2_4BitsKj8_E8iter_mutB4_
FN:29,_RNvMNtCskgzLNBcMEMk_7rust_vm4bitsINtB2_4BitsKj8_E8to_usizeB4_
FN:114,_RNvMNtCskgzLNBcMEMk_7rust_vm4bitsINtB2_4BitsKja_E15from_str_binaryB4_
FN:156,_RNvXs0_NtCskgzLNBcMEMk_7rust_vm4bitsINtB5_4BitsKj2_ENtNtCs5cb5cxfFw7H_4core3fmt7Display3fmtB7_
FN:156,_RNvXs0_NtCskgzLNBcMEMk_7rust_vm4bitsINtB5_4BitsKj4_ENtNtCs5cb5cxfFw7H_4core3fmt7Display3fmtB7_
FN:156,_RNvXs0_NtCskgzLNBcMEMk_7rust_vm4bitsINtB5_4BitsKj8_ENtNtCs5cb5cxfFw7H_4core3fmt7Display3fmtB7_
FN:156,_RNvXs0_NtCskgzLNBcMEMk_7rust_vm4bitsINtB5_4BitsKja_ENtNtCs5cb5cxfFw7H_4core3fmt7Display3fmtB7_
FN:165,_RNvXs1_NtCskgzLNBcMEMk_7rust_vm4bitsINtB5_4BitsKj3_EINtNtCs5cb5cxfFw7H_4core7convert4FromAbBK_E4fromB7_
FN:165,_RNvXs1_NtCskgzLNBcMEMk_7rust_vm4bitsINtB5_4BitsKj4_EINtNtCs5cb5cxfFw7H_4core7convert4FromAbBK_E4fromB7_
FN:165,_RNvXs1_NtCskgzLNBcMEMk_7rust_vm4bitsINtB5_4BitsKj8_EINtNtCs5cb5cxfFw7H_4core7convert4FromAbBK_E4fromB7_
FN:171,_RNvXs2_NtCskgzLNBcMEMk_7rust_vm4bitsAbj4_INtNtCs5cb5cxfFw7H_4core7convert4FromINtB5_4BitsKBA_EE4fromB7_
FN:171,_RNvXs2_NtCskgzLNBcMEMk_7rust_vm4bitsAbj8_INtNtCs5cb5cxfFw7H_4core7convert4FromINtB5_4BitsKBA_EE4fromB7_
FN:179,_RNvXs3_NtCskgzLNBcMEMk_7rust_vm4bitsINtB5_4BitsKj3_ENtNtNtNtCs5cb5cxfFw7H_4core4iter6traits7collect12IntoIterator9into_iterB7_
FN:185,_RNvXs4_NtCskgzLNBcMEMk_7rust_vm4bitsINtB5_4BitsKj4_ENtNtCs5cb5cxfFw7H_4core3cmp9PartialEq2eqB7_
FN:185,_RNvXs4_NtCskgzLNBcMEMk_7rust_vm4bitsINtB5_4BitsKj8_EINtNtCs5cb5cxfFw7H_4core3cmp9PartialEqIBz_Kj20_EE2eqB7_
FN:185,_RNvXs4_NtCskgzLNBcMEMk_7rust_vm4bitsINtB5_4BitsKj8_ENtNtCs5cb5cxfFw7H_4core3cmp9PartialEq2eqB7_
FN:148,_RNvXs_NtCskgzLNBcMEMk_7rust_vm4bitsINtB4_4BitsKj4_ENtNtCs5cb5cxfFw7H_4core7default7Default7defaultB6_
FN:148,_RNvXs_NtCskgzLNBcMEMk_7rust_vm4bitsINtB4_4BitsKj8_ENtNtCs5cb5cxfFw7H_4core7default7Default7defaultB6_
FN:148,_RNvXs_NtCskgzLNBcMEMk_7rust_vm4bitsINtB4_4BitsKja_ENtNtCs5cb5cxfFw7H_4core7default7Default7defaultB6_
FN:156,_RNvXs0_NtCs9ttwBx61el6_7rust_vm4bitsINtB5_4BitsKj8_ENtNtCs5cb5cxfFw7H_4core3fmt7Display3fmtCs99zfWB6tWEP_7rust_vm
FN:156,_RNvXs0_NtCs9ttwBx61el6_7rust_vm4bitsINtB5_4BitsKja_ENtNtCs5cb5cxfFw7H_4core3fmt7Display3fmtCs99zfWB6tWEP_7rust_vm
FN:50,_RINvMNtCs9ttwBx61el6_7rust_vm4bitsINtB3_4BitsKj10_E22try_from_signed_numberxEB5_
FN:18,_RINvMNtCs9ttwBx61el6_7rust_vm4bitsINtB3_4BitsKj10_E5sliceKj2_EB5_
FN:18,_RINvMNtCs9ttwBx61el6_7rust_vm4bitsINtB3_4BitsKj10_E5sliceKj4_EB5_
FN:18,_RINvMNtCs9ttwBx61el6_7rust_vm4bitsINtB3_4BitsKj10_E5sliceKj8_EB5_
FN:18,_RINvMNtCs9ttwBx61el6_7rust_vm4bitsINtB3_4BitsKj10_E5sliceKja_EB5_
FN:93,_RINvMNtCs9ttwBx61el6_7rust_vm4bitsINtB3_4BitsKj10_E6resizeKja_EB5_
FN:93,_RINvMNtCs9ttwBx61el6_7rust_vm4bitsINtB3_4BitsKj20_E6resizeKja_EB5_
FN:50,_RINvMNtCs9ttwBx61el6_7rust_vm4bitsINtB3_4BitsKj2_E22try_from_signed_numberxEB5_
FN:93,_RINvMNtCs9ttwBx61el6_7rust_vm4bitsINtB3_4BitsKj40_E6resizeKj8_EB5_
FN:50,_RINvMNtCs9ttwBx61el6_7rust_vm4bitsINtB3_4BitsKj4_E22try_from_signed_numberxEB5_
FN:93,_RINvMNtCs9ttwBx61el6_7rust_vm4bitsINtB3_4BitsKj4_E6resizeKBI_EB5_
FN:93,_RINvMNtCs9ttwBx61el6_7rust_vm4bitsINtB3_4BitsKj4_E6resizeKj8_EB5_
FN:50,_RINvMNtCs9ttwBx61el6_7rust_vm4bitsINtB3_4BitsKj8_E22try_from_signed_numberxEB5_
FN:18,_RINvMNtCs9ttwBx61el6_7rust_vm4bitsINtB3_4BitsKj8_E5sliceKj5_EB5_
FN:93,_RINvMNtCs9ttwBx61el6_7rust_vm4bitsINtB3_4BitsKj8_E6resizeKBI_EB5_
FN:93,_RINvMNtCs9ttwBx61el6_7rust_vm4bitsINtB3_4BitsKj8_E6resizeKj4_EB5_
FN:50,_RINvMNtCs9ttwBx61el6_7rust_vm4bitsINtB3_4BitsKja_E22try_from_signed_numberxEB5_
FN:67,_RNCINvMNtCs9ttwBx61el6_7rust_vm4bitsINtB5_4BitsKj10_E22try_from_signed_numberxE0B7_
FN:96,_RNCINvMNtCs9ttwBx61el6_7rust_vm4bitsINtB5_4BitsKj10_E6resizeKja_E0B7_
FN:96,_RNCINvMNtCs9ttwBx61el6_7rust_vm4bitsINtB5_4BitsKj20_E6resizeKja_E0B7_
FN:67,_RNCINvMNtCs9ttwBx61el6_7rust_vm4bitsINtB5_4BitsKj2_E22try_from_signed_numberxE0B7_
FN:96,_RNCINvMNtCs9ttwBx61el6_7rust_vm4bitsINtB5_4BitsKj40_E6resizeKj8_E0B7_
FN:67,_RNCINvMNtCs9ttwBx61el6_7rust_vm4bitsINtB5_4BitsKj4_E22try_from_signed_numberxE0B7_
FN:96,_RNCINvMNtCs9ttwBx61el6_7rust_vm4bitsINtB5_4BitsKj4_E6resizeKBK_E0B7_
FN:96,_RNCINvMNtCs9ttwBx61el6_7rust_vm4bitsINtB5_4BitsKj4_E6resizeKj8_E0B7_
FN:67,_RNCINvMNtCs9ttwBx61el6_7rust_vm4bitsINtB5_4BitsKj8_E22try_from_signed_numberxE0B7_
FN:96,_RNCINvMNtCs9ttwBx61el6_7rust_vm4bitsINtB5_4BitsKj8_E6resizeKBK_E0B7_
FN:96,_RNCINvMNtCs9ttwBx61el6_7rust_vm4bitsINtB5_4BitsKj8_E6resizeKj4_E0B7_
FN:67,_RNCINvMNtCs9ttwBx61el6_7rust_vm4bitsINtB5_4BitsKja_E22try_from_signed_numberxE0B7_
FN:33,_RNCNvMNtCs9ttwBx61el6_7rust_vm4bitsINtB4_4BitsKj4_E8to_usize0B6_
FN:33,_RNCNvMNtCs9ttwBx61el6_7rust_vm4bitsINtB4_4BitsKj5_E8to_usize0B6_
FN:33,_RNCNvMNtCs9ttwBx61el6_7rust_vm4bitsINtB4_4BitsKj8_E8to_usize0B6_
FN:33,_RNCNvMNtCs9ttwBx61el6_7rust_vm4bitsINtB4_4BitsKja_E8to_usize0B6_
FN:114,_RNvMNtCs9ttwBx61el6_7rust_vm4bitsINtB2_4BitsKj10_E15from_str_binaryB4_
FN:114,_RNvMNtCs9ttwBx61el6_7rust_vm4bitsINtB2_4BitsKj2_E15from_str_binaryB4_
FN:114,_RNvMNtCs9ttwBx61el6_7rust_vm4bitsINtB2_4BitsKj4_E15from_str_binaryB4_
FN:29,_RNvMNtCs9ttwBx61el6_7rust_vm4bitsINtB2_4BitsKj4_E8to_usizeB4_
FN:29,_RNvMNtCs9ttwBx61el6_7rust_vm4bitsINtB2_4BitsKj5_E8to_usizeB4_
FN:114,_RNvMNtCs9ttwBx61el6_7rust_vm4bitsINtB2_4BitsKj8_E15from_str_binaryB4_
FN:25,_RNvMNtCs9ttwBx61el6_7rust_vm4bitsINtB2_4BitsKj8_E8iter_mutB4_
FN:29,_RNvMNtCs9ttwBx61el6_7rust_vm4bitsINtB2_4BitsKj8_E8to_usizeB4_
FN:114,_RNvMNtCs9ttwBx61el6_7rust_vm4bitsINtB2_4BitsKja_E15from_str_binaryB4_
FN:29,_RNvMNtCs9ttwBx61el6_7rust_vm4bitsINtB2_4BitsKja_E8to_usizeB4_
FN:156,_RNvXs0_NtCs9ttwBx61el6_7rust_vm4bitsINtB5_4BitsKj2_ENtNtCs5cb5cxfFw7H_4core3fmt7Display3fmtB7_
FN:156,_RNvXs0_NtCs9ttwBx61el6_7rust_vm4bitsINtB5_4BitsKj4_ENtNtCs5cb5cxfFw7H_4core3fmt7Display3fmtB7_
FN:165,_RNvXs1_NtCs9ttwBx61el6_7rust_vm4bitsINtB5_4BitsKj8_EINtNtCs5cb5cxfFw7H_4core7convert4FromAbBK_E4fromB7_
FN:185,_RNvXs4_NtCs9ttwBx61el6_7rust_vm4bitsINtB5_4BitsKj4_ENtNtCs5cb5cxfFw7H_4core3cmp9PartialEq2eqB7_
FN:185,_RNvXs4_NtCs9ttwBx61el6_7rust_vm4bitsINtB5_4BitsKj8_ENtNtCs5cb5cxfFw7H_4core3cmp9PartialEq2eqB7_
FN:185,_RNvXs4_NtCs9ttwBx61el6_7rust_vm4bitsINtB5_4BitsKja_ENtNtCs5cb5cxfFw7H_4core3cmp9PartialEq2eqB7_
FN:148,_RNvXs_NtCs9ttwBx61el6_7rust_vm4bitsINtB4_4BitsKj4_ENtNtCs5cb5cxfFw7H_4core7default7Default7defaultB6_
FN:148,_RNvXs_NtCs9ttwBx61el6_7rust_vm4bitsINtB4_4BitsKj8_ENtNtCs5cb5cxfFw7H_4core7default7Default7defaultB6_
FN:148,_RNvXs_NtCs9ttwBx61el6_7rust_vm4bitsINtB4_4BitsKja_ENtNtCs5cb5cxfFw7H_4core7default7Default7defaultB6_
FN:102,_RINvMNtCs9ttwBx61el6_7rust_vm4bitsINtB3_4BitsKpE17split_into_chunksKpEB5_
FN:72,_RINvMNtCs9ttwBx61el6_7rust_vm4bitsINtB3_4BitsKpE24try_from_unsigned_numberpEB5_
FN:88,_RNCINvMNtCs9ttwBx61el6_7rust_vm4bitsINtB5_4BitsKpE24try_from_unsigned_numberpE0B7_
FN:14,_RNvMNtCs9ttwBx61el6_7rust_vm4bitsINtB2_4BitsKpE4iterB4_
FN:36,_RNvMNtCs9ttwBx61el6_7rust_vm4bitsINtB2_4BitsKpE9to_signedB4_
FN:171,_RNvXININtCs9ttwBx61el6_7rust_vm4bitss2_0KpEAbpINtNtCs5cb5cxfFw7H_4core7convert4FromINtB5_4BitsKpEE4fromB7_
FN:179,_RNvXININtCs9ttwBx61el6_7rust_vm4bitss3_0KpEINtB5_4BitsKpENtNtNtNtCs5cb5cxfFw7H_4core4iter6traits7collect12IntoIterator9into_iterB7_
FN:156,_RNvXs0_NtCs9ttwBx61el6_7rust_vm4bitsINtB5_4BitsKj8_ENtNtCs5cb5cxfFw7H_4core3fmt7Display3fmtCsaO18r672v8O_16vm_exec_programs
FN:156,_RNvXs0_NtCs9ttwBx61el6_7rust_vm4bitsINtB5_4BitsKja_ENtNtCs5cb5cxfFw7H_4core3fmt7Display3fmtCsaO18r672v8O_16vm_exec_programs
FNDA:0,_RINvMNtCskgzLNBcMEMk_7rust_vm4bitsINtB3_4BitsKpE5sliceKpEB5_
FNDA:0,_RNvMNtCskgzLNBcMEMk_7rust_vm4bitsINtB2_4BitsKpE9to_signedB4_
FNDA:1,_RINvMNtCskgzLNBcMEMk_7rust_vm4bitsINtB3_4BitsKj10_E17split_into_chunksKj4_EB5_
FNDA:0,_RINvMNtCskgzLNBcMEMk_7rust_vm4bitsINtB3_4BitsKj10_E22try_from_signed_numberxEB5_
FNDA:8,_RINvMNtCskgzLNBcMEMk_7rust_vm4bitsINtB3_4BitsKj10_E6resizeKja_EB5_
FNDA:2,_RINvMNtCskgzLNBcMEMk_7rust_vm4bitsINtB3_4BitsKj20_E6resizeKj4_EB5_
FNDA:2,_RINvMNtCskgzLNBcMEMk_7rust_vm4bitsINtB3_4BitsKj20_E6resizeKj8_EB5_
FNDA:288,_RINvMNtCskgzLNBcMEMk_7rust_vm4bitsINtB3_4BitsKj20_E6resizeKja_EB5_
FNDA:0,_RINvMNtCskgzLNBcMEMk_7rust_vm4bitsINtB3_4BitsKj2_E22try_from_signed_numberxEB5_
FNDA:70,_RINvMNtCskgzLNBcMEMk_7rust_vm4bitsINtB3_4BitsKj40_E6resizeKj8_EB5_
FNDA:0,_RINvMNtCskgzLNBcMEMk_7rust_vm4bitsINtB3_4BitsKj4_E22try_from_signed_numberxEB5_
FNDA:8,_RINvMNtCskgzLNBcMEMk_7rust_vm4bitsINtB3_4BitsKj4_E24try_from_unsigned_numberhEB5_
FNDA:165,_RINvMNtCskgzLNBcMEMk_7rust_vm4bitsINtB3_4BitsKj4_E6resizeKBI_EB5_
FNDA:79,_RINvMNtCskgzLNBcMEMk_7rust_vm4bitsINtB3_4BitsKj8_E22try_from_signed_numberxEB5_
FNDA:4,_RINvMNtCskgzLNBcMEMk_7rust_vm4bitsINtB3_4BitsKj8_E24try_from_unsigned_numberhEB5_
FNDA:97,_RINvMNtCskgzLNBcMEMk_7rust_vm4bitsINtB3_4BitsKj8_E6resizeKBI_EB5_
FNDA:192,_RINvMNtCskgzLNBcMEMk_7rust_vm4bitsINtB3_4BitsKj8_E6resizeKj4_EB5_
FNDA:0,_RINvMNtCskgzLNBcMEMk_7rust_vm4bitsINtB3_4BitsKja_E22try_from_signed_numberxEB5_
FNDA:0,_RNCINvMNtCskgzLNBcMEMk_7rust_vm4bitsINtB5_4BitsKj10_E22try_from_signed_numberxE0B7_
FNDA:80,_RNCINvMNtCskgzLNBcMEMk_7rust_vm4bitsINtB5_4BitsKj10_E6resizeKja_E0B7_
FNDA:8,_RNCINvMNtCskgzLNBcMEMk_7rust_vm4bitsINtB5_4BitsKj20_E6resizeKj4_E0B7_
FNDA:16,_RNCINvMNtCskgzLNBcMEMk_7rust_vm4bitsINtB5_4BitsKj20_E6resizeKj8_E0B7_
FNDA:2880,_RNCINvMNtCskgzLNBcMEMk_7rust_vm4bitsINtB5_4BitsKj20_E6resizeKja_E0B7_
FNDA:0,_RNCINvMNtCskgzLNBcMEMk_7rust_vm4bitsINtB5_4BitsKj2_E22try_from_signed_numberxE0B7_
FNDA:560,_RNCINvMNtCskgzLNBcMEMk_7rust_vm4bitsINtB5_4BitsKj40_E6resizeKj8_E0B7_
FNDA:0,_RNCINvMNtCskgzLNBcMEMk_7rust_vm4bitsINtB5_4BitsKj4_E22try_from_signed_numberxE0B7_
FNDA:28,_RNCINvMNtCskgzLNBcMEMk_7rust_vm4bitsINtB5_4BitsKj4_E24try_from_unsigned_numberhE0B7_
FNDA:660,_RNCINvMNtCskgzLNBcMEMk_7rust_vm4bitsINtB5_4BitsKj4_E6resizeKBK_E0B7_
FNDA:632,_RNCINvMNtCskgzLNBcMEMk_7rust_vm4bitsINtB5_4BitsKj8_E22try_from_signed_numberxE0B7_
FNDA:32,_RNCINvMNtCskgzLNBcMEMk_7rust_vm4bitsINtB5_4BitsKj8_E24try_from_unsigned_numberhE0B7_
FNDA:776,_RNCINvMNtCskgzLNBcMEMk_7rust_vm4bitsINtB5_4BitsKj8_E6resizeKBK_E0B7_
FNDA:768,_RNCINvMNtCskgzLNBcMEMk_7rust_vm4bitsINtB5_4BitsKj8_E6resizeKj4_E0B7_
FNDA:0,_RNCINvMNtCskgzLNBcMEMk_7rust_vm4bitsINtB5_4BitsKja_E22try_from_signed_numberxE0B7_
FNDA:16,_RNCNvMNtCskgzLNBcMEMk_7rust_vm4bitsINtB4_4BitsKj10_E8to_usize0B6_
FNDA:32,_RNCNvMNtCskgzLNBcMEMk_7rust_vm4bitsINtB4_4BitsKj20_E8to_usize0B6_
FNDA:452,_RNCNvMNtCskgzLNBcMEMk_7rust_vm4bitsINtB4_4BitsKj4_E8to_usize0B6_
FNDA:1792,_RNCNvMNtCskgzLNBcMEMk_7rust_vm4bitsINtB4_4BitsKj8_E8to_usize0B6_
FNDA:0,_RNvMNtCskgzLNBcMEMk_7rust_vm4bitsINtB2_4BitsKj10_E15from_str_binaryB4_
FNDA:1,_RNvMNtCskgzLNBcMEMk_7rust_vm4bitsINtB2_4BitsKj10_E8to_usizeB4_
FNDA:1,_RNvMNtCskgzLNBcMEMk_7rust_vm4bitsINtB2_4BitsKj20_E8to_usizeB4_
FNDA:0,_RNvMNtCskgzLNBcMEMk_7rust_vm4bitsINtB2_4BitsKj2_E15from_str_binaryB4_
FNDA:0,_RNvMNtCskgzLNBcMEMk_7rust_vm4bitsINtB2_4BitsKj4_E15from_str_binaryB4_
FNDA:1,_RNvMNtCskgzLNBcMEMk_7rust_vm4bitsINtB2_4BitsKj4_E4iterB4_
FNDA:1,_RNvMNtCskgzLNBcMEMk_7rust_vm4bitsINtB2_4BitsKj4_E8iter_mutB4_
FNDA:113,_RNvMNtCskgzLNBcMEMk_7rust_vm4bitsINtB2_4BitsKj4_E8to_usizeB4_
FNDA:137,_RNvMNtCskgzLNBcMEMk_7rust_vm4bitsINtB2_4BitsKj8_E15from_str_binaryB4_
FNDA:33,_RNvMNtCskgzLNBcMEMk_7rust_vm4bitsINtB2_4BitsKj8_E8iter_mutB4_
FNDA:224,_RNvMNtCskgzLNBcMEMk_7rust_vm4bitsINtB2_4BitsKj8_E8to_usizeB4_
FNDA:0,_RNvMNtCskgzLNBcMEMk_7rust_vm4bitsINtB2_4BitsKja_E15from_str_binaryB4_
FNDA:459,_RNvXs0_NtCskgzLNBcMEMk_7rust_vm4bitsINtB5_4BitsKj2_ENtNtCs5cb5cxfFw7H_4core3fmt7Display3fmtB7_
FNDA:6254,_RNvXs0_NtCskgzLNBcMEMk_7rust_vm4bitsINtB5_4BitsKj4_ENtNtCs5cb5cxfFw7H_4core3fmt7Display3fmtB7_
FNDA:956,_RNvXs0_NtCskgzLNBcMEMk_7rust_vm4bitsINtB5_4BitsKj8_ENtNtCs5cb5cxfFw7H_4core3fmt7Display3fmtB7_
FNDA:459,_RNvXs0_NtCskgzLNBcMEMk_7rust_vm4bitsINtB5_4BitsKja_ENtNtCs5cb5cxfFw7H_4core3fmt7Display3fmtB7_
FNDA:1,_RNvXs1_NtCskgzLNBcMEMk_7rust_vm4bitsINtB5_4BitsKj3_EINtNtCs5cb5cxfFw7H_4core7convert4FromAbBK_E4fromB7_
FNDA:6,_RNvXs1_NtCskgzLNBcMEMk_7rust_vm4bitsINtB5_4BitsKj4_EINtNtCs5cb5cxfFw7H_4core7convert4FromAbBK_E4fromB7_
FNDA:50,_RNvXs1_NtCskgzLNBcMEMk_7rust_vm4bitsINtB5_4BitsKj8_EINtNtCs5cb5cxfFw7H_4core7convert4FromAbBK_E4fromB7_
FNDA:1,_RNvXs2_NtCskgzLNBcMEMk_7rust_vm4bitsAbj4_INtNtCs5cb5cxfFw7H_4core7convert4FromINtB5_4BitsKBA_EE4fromB7_
FNDA:1,_RNvXs2_NtCskgzLNBcMEMk_7rust_vm4bitsAbj8_INtNtCs5cb5cxfFw7H_4core7convert4FromINtB5_4BitsKBA_EE4fromB7_
FNDA:1,_RNvXs3_NtCskgzLNBcMEMk_7rust_vm4bitsINtB5_4BitsKj3_ENtNtNtNtCs5cb5cxfFw7H_4core4iter6traits7collect12IntoIterator9into_iterB7_
FNDA:26,_RNvXs4_NtCskgzLNBcMEMk_7rust_vm4bitsINtB5_4BitsKj4_ENtNtCs5cb5cxfFw7H_4core3cmp9PartialEq2eqB7_
FNDA:1,_RNvXs4_NtCskgzLNBcMEMk_7rust_vm4bitsINtB5_4BitsKj8_EINtNtCs5cb5cxfFw7H_4core3cmp9PartialEqIBz_Kj20_EE2eqB7_
FNDA:66,_RNvXs4_NtCskgzLNBcMEMk_7rust_vm4bitsINtB5_4BitsKj8_ENtNtCs5cb5cxfFw7H_4core3cmp9PartialEq2eqB7_
FNDA:17,_RNvXs_NtCskgzLNBcMEMk_7rust_vm4bitsINtB4_4BitsKj4_ENtNtCs5cb5cxfFw7H_4core7default7Default7defaultB6_
FNDA:10,_RNvXs_NtCskgzLNBcMEMk_7rust_vm4bitsINtB4_4BitsKj8_ENtNtCs5cb5cxfFw7H_4core7default7Default7defaultB6_
FNDA:16,_RNvXs_NtCskgzLNBcMEMk_7rust_vm4bitsINtB4_4BitsKja_ENtNtCs5cb5cxfFw7H_4core7default7Default7defaultB6_
FNDA:0,_RNvXs0_NtCs9ttwBx61el6_7rust_vm4bitsINtB5_4BitsKj8_ENtNtCs5cb5cxfFw7H_4core3fmt7Display3fmtCs99zfWB6tWEP_7rust_vm
FNDA:0,_RNvXs0_NtCs9ttwBx61el6_7rust_vm4bitsINtB5_4BitsKja_ENtNtCs5cb5cxfFw7H_4core3fmt7Display3fmtCs99zfWB6tWEP_7rust_vm
FNDA:0,_RINvMNtCs9ttwBx61el6_7rust_vm4bitsINtB3_4BitsKj10_E22try_from_signed_numberxEB5_
FNDA:201,_RINvMNtCs9ttwBx61el6_7rust_vm4bitsINtB3_4BitsKj10_E5sliceKj2_EB5_
FNDA:5292,_RINvMNtCs9ttwBx61el6_7rust_vm4bitsINtB3_4BitsKj10_E5sliceKj4_EB5_
FNDA:634,_RINvMNtCs9ttwBx61el6_7rust_vm4bitsINtB3_4BitsKj10_E5sliceKj8_EB5_
FNDA:168,_RINvMNtCs9ttwBx61el6_7rust_vm4bitsINtB3_4BitsKj10_E5sliceKja_EB5_
FNDA:1004,_RINvMNtCs9ttwBx61el6_7rust_vm4bitsINtB3_4BitsKj10_E6resizeKja_EB5_
FNDA:9,_RINvMNtCs9ttwBx61el6_7rust_vm4bitsINtB3_4BitsKj20_E6resizeKja_EB5_
FNDA:0,_RINvMNtCs9ttwBx61el6_7rust_vm4bitsINtB3_4BitsKj2_E22try_from_signed_numberxEB5_
FNDA:10,_RINvMNtCs9ttwBx61el6_7rust_vm4bitsINtB3_4BitsKj40_E6resizeKj8_EB5_
FNDA:0,_RINvMNtCs9ttwBx61el6_7rust_vm4bitsINtB3_4BitsKj4_E22try_from_signed_numberxEB5_
FNDA:20,_RINvMNtCs9ttwBx61el6_7rust_vm4bitsINtB3_4BitsKj4_E6resizeKBI_EB5_
FNDA:382,_RINvMNtCs9ttwBx61el6_7rust_vm4bitsINtB3_4BitsKj4_E6resizeKj8_EB5_
FNDA:0,_RINvMNtCs9ttwBx61el6_7rust_vm4bitsINtB3_4BitsKj8_E22try_from_signed_numberxEB5_
FNDA:10,_RINvMNtCs9ttwBx61el6_7rust_vm4bitsINtB3_4BitsKj8_E5sliceKj5_EB5_
FNDA:1458,_RINvMNtCs9ttwBx61el6_7rust_vm4bitsINtB3_4BitsKj8_E6resizeKBI_EB5_
FNDA:982,_RINvMNtCs9ttwBx61el6_7rust_vm4bitsINtB3_4BitsKj8_E6resizeKj4_EB5_
FNDA:0,_RINvMNtCs9ttwBx61el6_7rust_vm4bitsINtB3_4BitsKja_E22try_from_signed_numberxEB5_
FNDA:0,_RNCINvMNtCs9ttwBx61el6_7rust_vm4bitsINtB5_4BitsKj10_E22try_from_signed_numberxE0B7_
FNDA:10040,_RNCINvMNtCs9ttwBx61el6_7rust_vm4bitsINtB5_4BitsKj10_E6resizeKja_E0B7_
FNDA:90,_RNCINvMNtCs9ttwBx61el6_7rust_vm4bitsINtB5_4BitsKj20_E6resizeKja_E0B7_
FNDA:0,_RNCINvMNtCs9ttwBx61el6_7rust_vm4bitsINtB5_4BitsKj2_E22try_from_signed_numberxE0B7_
FNDA:80,_RNCINvMNtCs9ttwBx61el6_7rust_vm4bitsINtB5_4BitsKj40_E6resizeKj8_E0B7_
FNDA:0,_RNCINvMNtCs9ttwBx61el6_7rust_vm4bitsINtB5_4BitsKj4_E22try_from_signed_numberxE0B7_
FNDA:80,_RNCINvMNtCs9ttwBx61el6_7rust_vm4bitsINtB5_4BitsKj4_E6resizeKBK_E0B7_
FNDA:1528,_RNCINvMNtCs9ttwBx61el6_7rust_vm4bitsINtB5_4BitsKj4_E6resizeKj8_E0B7_
FNDA:0,_RNCINvMNtCs9ttwBx61el6_7rust_vm4bitsINtB5_4BitsKj8_E22try_from_signed_numberxE0B7_
FNDA:11664,_RNCINvMNtCs9ttwBx61el6_7rust_vm4bitsINtB5_4BitsKj8_E6resizeKBK_E0B7_
FNDA:3928,_RNCINvMNtCs9ttwBx61el6_7rust_vm4bitsINtB5_4BitsKj8_E6resizeKj4_E0B7_
FNDA:0,_RNCINvMNtCs9ttwBx61el6_7rust_vm4bitsINtB5_4BitsKja_E22try_from_signed_numberxE0B7_
FNDA:58896,_RNCNvMNtCs9ttwBx61el6_7rust_vm4bitsINtB4_4BitsKj4_E8to_usize0B6_
FNDA:50,_RNCNvMNtCs9ttwBx61el6_7rust_vm4bitsINtB4_4BitsKj5_E8to_usize0B6_
FNDA:38880,_RNCNvMNtCs9ttwBx61el6_7rust_vm4bitsINtB4_4BitsKj8_E8to_usize0B6_
FNDA:9880,_RNCNvMNtCs9ttwBx61el6_7rust_vm4bitsINtB4_4BitsKja_E8to_usize0B6_
FNDA:0,_RNvMNtCs9ttwBx61el6_7rust_vm4bitsINtB2_4BitsKj10_E15from_str_binaryB4_
FNDA:0,_RNvMNtCs9ttwBx61el6_7rust_vm4bitsINtB2_4BitsKj2_E15from_str_binaryB4_
FNDA:0,_RNvMNtCs9ttwBx61el6_7rust_vm4bitsINtB2_4BitsKj4_E15from_str_binaryB4_
FNDA:14724,_RNvMNtCs9ttwBx61el6_7rust_vm4bitsINtB2_4BitsKj4_E8to_usizeB4_
FNDA:10,_RNvMNtCs9ttwBx61el6_7rust_vm4bitsINtB2_4BitsKj5_E8to_usizeB4_
FNDA:0,_RNvMNtCs9ttwBx61el6_7rust_vm4bitsINtB2_4BitsKj8_E15from_str_binaryB4_
FNDA:94,_RNvMNtCs9ttwBx61el6_7rust_vm4bitsINtB2_4BitsKj8_E8iter_mutB4_
FNDA:4860,_RNvMNtCs9ttwBx61el6_7rust_vm4bitsINtB2_4BitsKj8_E8to_usizeB4_
FNDA:0,_RNvMNtCs9ttwBx61el6_7rust_vm4bitsINtB2_4BitsKja_E15from_str_binaryB4_
FNDA:988,_RNvMNtCs9ttwBx61el6_7rust_vm4bitsINtB2_4BitsKja_E8to_usizeB4_
FNDA:214,_RNvXs0_NtCs9ttwBx61el6_7rust_vm4bitsINtB5_4BitsKj2_ENtNtCs5cb5cxfFw7H_4core3fmt7Display3fmtB7_
FNDA:1283,_RNvXs0_NtCs9ttwBx61el6_7rust_vm4bitsINtB5_4BitsKj4_ENtNtCs5cb5cxfFw7H_4core3fmt7Display3fmtB7_
FNDA:982,_RNvXs1_NtCs9ttwBx61el6_7rust_vm4bitsINtB5_4BitsKj8_EINtNtCs5cb5cxfFw7H_4core7convert4FromAbBK_E4fromB7_
FNDA:3072,_RNvXs4_NtCs9ttwBx61el6_7rust_vm4bitsINtB5_4BitsKj4_ENtNtCs5cb5cxfFw7H_4core3cmp9PartialEq2eqB7_
FNDA:980,_RNvXs4_NtCs9ttwBx61el6_7rust_vm4bitsINtB5_4BitsKj8_ENtNtCs5cb5cxfFw7H_4core3cmp9PartialEq2eqB7_
FNDA:3,_RNvXs4_NtCs9ttwBx61el6_7rust_vm4bitsINtB5_4BitsKja_ENtNtCs5cb5cxfFw7H_4core3cmp9PartialEq2eqB7_
FNDA:19,_RNvXs_NtCs9ttwBx61el6_7rust_vm4bitsINtB4_4BitsKj4_ENtNtCs5cb5cxfFw7H_4core7default7Default7defaultB6_
FNDA:17,_RNvXs_NtCs9ttwBx61el6_7rust_vm4bitsINtB4_4BitsKj8_ENtNtCs5cb5cxfFw7H_4core7default7Default7defaultB6_
FNDA:40,_RNvXs_NtCs9ttwBx61el6_7rust_vm4bitsINtB4_4BitsKja_ENtNtCs5cb5cxfFw7H_4core7default7Default7defaultB6_
FNDA:0,_RINvMNtCs9ttwBx61el6_7rust_vm4bitsINtB3_4BitsKpE17split_into_chunksKpEB5_
FNDA:0,_RINvMNtCs9ttwBx61el6_7rust_vm4bitsINtB3_4BitsKpE24try_from_unsigned_numberpEB5_
FNDA:0,_RNCINvMNtCs9ttwBx61el6_7rust_vm4bitsINtB5_4BitsKpE24try_from_unsigned_numberpE0B7_
FNDA:0,_RNvMNtCs9ttwBx61el6_7rust_vm4bitsINtB2_4BitsKpE4iterB4_
FNDA:0,_RNvMNtCs9ttwBx61el6_7rust_vm4bitsINtB2_4BitsKpE9to_signedB4_
FNDA:0,_RNvXININtCs9ttwBx61el6_7rust_vm4bitss2_0KpEAbpINtNtCs5cb5cxfFw7H_4core7convert4FromINtB5_4BitsKpEE4fromB7_
FNDA:0,_RNvXININtCs9ttwBx61el6_7rust_vm4bitss3_0KpEINtB5_4BitsKpENtNtNtNtCs5cb5cxfFw7H_4core4iter6traits7collect12IntoIterator9into_iterB7_
FNDA:40,_RNvXs0_NtCs9ttwBx61el6_7rust_vm4bitsINtB5_4BitsKj8_ENtNtCs5cb5cxfFw7H_4core3fmt7Display3fmtCsaO18r672v8O_16vm_exec_programs
FNDA:13,_RNvXs0_NtCs9ttwBx61el6_7rust_vm4bitsINtB5_4BitsKja_ENtNtCs5cb5cxfFw7H_4core3fmt7Display3fmtCsaO18r672v8O_16vm_exec_programs
FNF:20
FNH:19
DA:14,1
DA:15,1
DA:16,1
DA:18,6305
DA:19,6305
DA:20,6305
DA:21,6305
DA:22,6305
DA:23,6305
DA:25,128
DA:26,128
DA:27,128
DA:29,20921
DA:30,20921
DA:31,20921
DA:32,20921
DA:33,109998
DA:34,20921
DA:36,0
DA:37,0
DA:38,0
DA:39,0
DA:40,0
DA:41,0
DA:43,0
DA:44,0
DA:45,0
DA:46,0
DA:47,0
DA:48,0
DA:50,79
DA:51,79
DA:52,79
DA:54,79
DA:56,79
DA:57,0
DA:58,0
DA:59,0
DA:60,0
DA:61,79
DA:63,79
DA:64,79
DA:65,79
DA:66,79
DA:67,632
DA:69,79
DA:70,79
DA:72,12
DA:73,12
DA:74,12
DA:76,12
DA:78,12
DA:79,1
DA:80,1
DA:81,1
DA:82,1
DA:83,11
DA:85,11
DA:86,11
DA:87,11
DA:88,60
DA:90,11
DA:91,12
DA:93,4689
DA:94,4689
DA:95,4689
DA:96,33158
DA:97,33158
DA:98,33158
DA:99,4689
DA:100,4689
DA:102,1
DA:103,1
DA:104,1
DA:105,4
DA:106,4
DA:107,4
DA:108,4
DA:109,4
DA:110,1
DA:111,1
DA:112,1
DA:114,137
DA:115,137
DA:116,137
DA:117,0
DA:118,0
DA:119,0
DA:120,0
DA:121,0
DA:122,0
DA:123,137
DA:124,2
DA:125,12
DA:126,12
DA:127,12
DA:128,2
DA:129,2
DA:130,135
DA:132,135
DA:133,1080
DA:134,1080
DA:135,392
DA:136,688
DA:138,0
DA:143,135
DA:144,137
DA:148,119
DA:149,119
DA:150,119
DA:151,119
DA:152,119
DA:156,9678
DA:157,44182
DA:158,44182
DA:160,9678
DA:161,9678
DA:165,1039
DA:166,1039
DA:167,1039
DA:171,2
DA:172,2
DA:173,2
DA:179,1
DA:180,1
DA:181,1
DA:185,4148
DA:186,4148
DA:187,4148
BRF:0
BRH:0
LF:133
LH:110
end_of_record
SF:C:\Users\quinn\Desktop\dev\rust_vm\src\control_rom\mod.rs
FN:76,_RNvMNtCskgzLNBcMEMk_7rust_vm11control_romNtB2_10ControlRom19get_control_signals
FN:76,_RNvMNtCs9ttwBx61el6_7rust_vm11control_romNtB2_10ControlRom19get_control_signals
FNDA:6,_RNvMNtCskgzLNBcMEMk_7rust_vm11control_romNtB2_10ControlRom19get_control_signals
FNDA:982,_RNvMNtCs9ttwBx61el6_7rust_vm11control_romNtB2_10ControlRom19get_control_signals
FNF:1
FNH:1
DA:76,988
DA:77,988
DA:79,988
DA:80,1
DA:81,1
DA:83,987
DA:84,22
DA:85,22
DA:87,965
DA:88,111
DA:89,111
DA:90,111
DA:91,111
DA:92,111
DA:94,854
DA:95,93
DA:96,93
DA:97,93
DA:98,93
DA:99,93
DA:101,761
DA:102,1
DA:103,1
DA:104,1
DA:105,1
DA:106,1
DA:108,760
DA:109,1
DA:110,1
DA:111,1
DA:112,1
DA:113,1
DA:115,759
DA:116,3
DA:117,3
DA:118,3
DA:119,3
DA:120,3
DA:122,756
DA:123,3
DA:124,3
DA:125,3
DA:126,3
DA:127,3
DA:129,753
DA:130,34
DA:131,34
DA:132,34
DA:133,34
DA:134,34
DA:135,34
DA:137,719
DA:138,120
DA:139,120
DA:140,120
DA:141,120
DA:142,120
DA:143,120
DA:144,120
DA:145,120
DA:146,120
DA:148,599
DA:149,10
DA:150,10
DA:151,10
DA:153,589
DA:154,201
DA:155,201
DA:156,201
DA:158,388
DA:159,3
DA:160,3
DA:161,3
DA:162,3
DA:164,385
DA:165,3
DA:166,3
DA:167,3
DA:168,3
DA:170,382
DA:171,180
DA:172,180
DA:173,180
DA:174,180
DA:175,180
DA:176,180
DA:177,180
DA:178,180
DA:179,180
DA:181,202
DA:182,202
DA:183,202
DA:184,202
DA:185,202
DA:186,202
DA:187,202
DA:188,202
DA:189,0
DA:191,988
BRF:0
BRH:0
LF:99
LH:88
end_of_record
SF:C:\Users\quinn\Desktop\dev\rust_vm\src\control_rom\tests.rs
FN:4,_RNvNtNtCskgzLNBcMEMk_7rust_vm11control_rom5testss_3add
FN:46,_RNvNtNtCskgzLNBcMEMk_7rust_vm11control_rom5testss_3and
FN:32,_RNvNtNtCskgzLNBcMEMk_7rust_vm11control_rom5testss_3nor
FN:18,_RNvNtNtCskgzLNBcMEMk_7rust_vm11control_rom5testss_3sub
FN:60,_RNvNtNtCskgzLNBcMEMk_7rust_vm11control_rom5testss_3xor
FN:74,_RNvNtNtCskgzLNBcMEMk_7rust_vm11control_rom5testss_6rshift
FNDA:1,_RNvNtNtCskgzLNBcMEMk_7rust_vm11control_rom5testss_3add
FNDA:1,_RNvNtNtCskgzLNBcMEMk_7rust_vm11control_rom5testss_3and
FNDA:1,_RNvNtNtCskgzLNBcMEMk_7rust_vm11control_rom5testss_3nor
FNDA:1,_RNvNtNtCskgzLNBcMEMk_7rust_vm11control_rom5testss_3sub
FNDA:1,_RNvNtNtCskgzLNBcMEMk_7rust_vm11control_rom5testss_3xor
FNDA:1,_RNvNtNtCskgzLNBcMEMk_7rust_vm11control_rom5testss_6rshift
FNF:6
FNH:6
DA:4,1
DA:5,1
DA:6,1
DA:8,1
DA:9,1
DA:10,1
DA:11,1
DA:12,1
DA:13,1
DA:15,1
DA:18,1
DA:19,1
DA:20,1
DA:22,1
DA:23,1
DA:24,1
DA:25,1
DA:26,1
DA:27,1
DA:29,1
DA:32,1
DA:33,1
DA:34,1
DA:36,1
DA:37,1
DA:38,1
DA:39,1
DA:40,1
DA:41,1
DA:43,1
DA:46,1
DA:47,1
DA:48,1
DA:50,1
DA:51,1
DA:52,1
DA:53,1
DA:54,1
DA:55,1
DA:57,1
DA:60,1
DA:61,1
DA:62,1
DA:64,1
DA:65,1
DA:66,1
DA:67,1
DA:68,1
DA:69,1
DA:71,1
DA:74,1
DA:75,1
DA:76,1
DA:78,1
DA:79,1
DA:80,1
DA:81,1
DA:82,1
DA:83,1
DA:85,1
BRF:0
BRH:0
LF:60
LH:60
end_of_record
SF:C:\Users\quinn\Desktop\dev\rust_vm\src\error.rs
FN:16,_RNvXNtCskgzLNBcMEMk_7rust_vm5errorNtB2_7VmErrorNtNtCs5cb5cxfFw7H_4core3fmt7Display3fmt
FN:30,_RNvXs0_NtCskgzLNBcMEMk_7rust_vm5errorNtB5_7VmErrorINtNtCs5cb5cxfFw7H_4core7convert4FromNtNtNtB7_6parser5error11ParserErrorE4from
FN:35,_RNvXs1_NtCskgzLNBcMEMk_7rust_vm5errorNtB5_7VmErrorINtNtCs5cb5cxfFw7H_4core7convert4FromNtNtNtB7_4bits5error14BitsParseErrorE4from
FN:40,_RNvXs2_NtCskgzLNBcMEMk_7rust_vm5errorNtB5_7VmErrorINtNtCs5cb5cxfFw7H_4core7convert4FromNtNtNtCsja4ZeDc2XAj_3std2io5error5ErrorE4from
FN:45,_RNvXs3_NtCskgzLNBcMEMk_7rust_vm5errorNtB5_7VmErrorINtNtCs5cb5cxfFw7H_4core7convert4FromNtNtNtBR_3num5error13ParseIntErrorE4from
FN:51,_RNvXs4_NtCskgzLNBcMEMk_7rust_vm5errorNtB5_7VmErrorNtNtCs5cb5cxfFw7H_4core3cmp9PartialEq2eq
FN:16,_RNvXNtCs9ttwBx61el6_7rust_vm5errorNtB2_7VmErrorNtNtCs5cb5cxfFw7H_4core3fmt7Display3fmt
FN:30,_RNvXs0_NtCs9ttwBx61el6_7rust_vm5errorNtB5_7VmErrorINtNtCs5cb5cxfFw7H_4core7convert4FromNtNtNtB7_6parser5error11ParserErrorE4from
FN:35,_RNvXs1_NtCs9ttwBx61el6_7rust_vm5errorNtB5_7VmErrorINtNtCs5cb5cxfFw7H_4core7convert4FromNtNtNtB7_4bits5error14BitsParseErrorE4from
FN:40,_RNvXs2_NtCs9ttwBx61el6_7rust_vm5errorNtB5_7VmErrorINtNtCs5cb5cxfFw7H_4core7convert4FromNtNtNtCsja4ZeDc2XAj_3std2io5error5ErrorE4from
FN:45,_RNvXs3_NtCs9ttwBx61el6_7rust_vm5errorNtB5_7VmErrorINtNtCs5cb5cxfFw7H_4core7convert4FromNtNtNtBR_3num5error13ParseIntErrorE4from
FN:51,_RNvXs4_NtCs9ttwBx61el6_7rust_vm5errorNtB5_7VmErrorNtNtCs5cb5cxfFw7H_4core3cmp9PartialEq2eq
FNDA:6,_RNvXNtCskgzLNBcMEMk_7rust_vm5errorNtB2_7VmErrorNtNtCs5cb5cxfFw7H_4core3fmt7Display3fmt
FNDA:12,_RNvXs0_NtCskgzLNBcMEMk_7rust_vm5errorNtB5_7VmErrorINtNtCs5cb5cxfFw7H_4core7convert4FromNtNtNtB7_6parser5error11ParserErrorE4from
FNDA:10,_RNvXs1_NtCskgzLNBcMEMk_7rust_vm5errorNtB5_7VmErrorINtNtCs5cb5cxfFw7H_4core7convert4FromNtNtNtB7_4bits5error14BitsParseErrorE4from
FNDA:0,_RNvXs2_NtCskgzLNBcMEMk_7rust_vm5errorNtB5_7VmErrorINtNtCs5cb5cxfFw7H_4core7convert4FromNtNtNtCsja4ZeDc2XAj_3std2io5error5ErrorE4from
FNDA:0,_RNvXs3_NtCskgzLNBcMEMk_7rust_vm5errorNtB5_7VmErrorINtNtCs5cb5cxfFw7H_4core7convert4FromNtNtNtBR_3num5error13ParseIntErrorE4from
FNDA:3,_RNvXs4_NtCskgzLNBcMEMk_7rust_vm5errorNtB5_7VmErrorNtNtCs5cb5cxfFw7H_4core3cmp9PartialEq2eq
FNDA:0,_RNvXNtCs9ttwBx61el6_7rust_vm5errorNtB2_7VmErrorNtNtCs5cb5cxfFw7H_4core3fmt7Display3fmt
FNDA:0,_RNvXs0_NtCs9ttwBx61el6_7rust_vm5errorNtB5_7VmErrorINtNtCs5cb5cxfFw7H_4core7convert4FromNtNtNtB7_6parser5error11ParserErrorE4from
FNDA:0,_RNvXs1_NtCs9ttwBx61el6_7rust_vm5errorNtB5_7VmErrorINtNtCs5cb5cxfFw7H_4core7convert4FromNtNtNtB7_4bits5error14BitsParseErrorE4from
FNDA:0,_RNvXs2_NtCs9ttwBx61el6_7rust_vm5errorNtB5_7VmErrorINtNtCs5cb5cxfFw7H_4core7convert4FromNtNtNtCsja4ZeDc2XAj_3std2io5error5ErrorE4from
FNDA:0,_RNvXs3_NtCs9ttwBx61el6_7rust_vm5errorNtB5_7VmErrorINtNtCs5cb5cxfFw7H_4core7convert4FromNtNtNtBR_3num5error13ParseIntErrorE4from
FNDA:0,_RNvXs4_NtCs9ttwBx61el6_7rust_vm5errorNtB5_7VmErrorNtNtCs5cb5cxfFw7H_4core3cmp9PartialEq2eq
FNF:6
FNH:4
DA:16,6
DA:17,6
DA:18,6
DA:19,0
DA:20,0
DA:21,0
DA:22,0
DA:24,6
DA:30,12
DA:31,12
DA:32,12
DA:35,10
DA:36,10
DA:37,10
DA:40,0
DA:41,0
DA:42,0
DA:45,0
DA:46,0
DA:47,0
DA:51,3
DA:53,3
DA:54,0
DA:55,3
DA:56,0
DA:58,0
DA:60,3
BRF:0
BRH:0
LF:27
LH:14
end_of_record
SF:C:\Users\quinn\Desktop\dev\rust_vm\src\instruction_memory.rs
FN:36,_RNvNtNtCskgzLNBcMEMk_7rust_vm18instruction_memory5tests16make_instruction
FN:42,_RNvNtNtCskgzLNBcMEMk_7rust_vm18instruction_memory5testss_33load_instructions_overflow_panics
FN:17,_RNvMs_NtCskgzLNBcMEMk_7rust_vm18instruction_memoryNtB4_17InstructionMemory17load_instructions
FN:9,_RNvXNtCskgzLNBcMEMk_7rust_vm18instruction_memoryNtB2_17InstructionMemoryNtNtCs5cb5cxfFw7H_4core7default7Default7default
FN:17,_RNvMs_NtCs9ttwBx61el6_7rust_vm18instruction_memoryNtB4_17InstructionMemory17load_instructions
FN:9,_RNvXNtCs9ttwBx61el6_7rust_vm18instruction_memoryNtB2_17InstructionMemoryNtNtCs5cb5cxfFw7H_4core7default7Default7default
FNDA:1,_RNvNtNtCskgzLNBcMEMk_7rust_vm18instruction_memory5tests16make_instruction
FNDA:1,_RNvNtNtCskgzLNBcMEMk_7rust_vm18instruction_memory5testss_33load_instructions_overflow_panics
FNDA:9,_RNvMs_NtCskgzLNBcMEMk_7rust_vm18instruction_memoryNtB4_17InstructionMemory17load_instructions
FNDA:9,_RNvXNtCskgzLNBcMEMk_7rust_vm18instruction_memoryNtB2_17InstructionMemoryNtNtCs5cb5cxfFw7H_4core7default7Default7default
FNDA:22,_RNvMs_NtCs9ttwBx61el6_7rust_vm18instruction_memoryNtB4_17InstructionMemory17load_instructions
FNDA:17,_RNvXNtCs9ttwBx61el6_7rust_vm18instruction_memoryNtB2_17InstructionMemoryNtNtCs5cb5cxfFw7H_4core7default7Default7default
FNF:4
FNH:4
DA:9,26
DA:10,26
DA:11,26
DA:12,26
DA:13,26
DA:17,31
DA:18,31
DA:19,31
DA:20,31
DA:21,3676
DA:22,3676
DA:23,3675
DA:24,3675
DA:25,1
DA:28,30
DA:29,31
DA:36,1
DA:37,1
DA:38,1
DA:42,1
DA:43,1
DA:44,1
DA:45,1
DA:46,1
DA:47,1
DA:48,0
DA:50,1
BRF:0
BRH:0
LF:27
LH:26
end_of_record
SF:C:\Users\quinn\Desktop\dev\rust_vm\src\io_devices\character_display.rs
FN:36,_RNvXs0_NtNtCskgzLNBcMEMk_7rust_vm10io_devices17character_displayNtB5_16CharacterDisplayNtB7_6Device7on_read
FN:27,_RNvMs_NtNtCskgzLNBcMEMk_7rust_vm10io_devices17character_displayNtB4_16CharacterDisplay3new
FN:18,_RNvXNtNtCskgzLNBcMEMk_7rust_vm10io_devices17character_displayNtB2_16CharacterDisplayNtNtCs5cb5cxfFw7H_4core7default7Default7default
FN:40,_RNvXs0_NtNtCskgzLNBcMEMk_7rust_vm10io_devices17character_displayNtB5_16CharacterDisplayNtB7_6Device8on_write
FN:27,_RNvMs_NtNtCs9ttwBx61el6_7rust_vm10io_devices17character_displayNtB4_16CharacterDisplay3new
FN:18,_RNvXNtNtCs9ttwBx61el6_7rust_vm10io_devices17character_displayNtB2_16CharacterDisplayNtNtCs5cb5cxfFw7H_4core7default7Default7default
FN:36,_RNvXs0_NtNtCs9ttwBx61el6_7rust_vm10io_devices17character_displayNtB5_16CharacterDisplayNtB7_6Device7on_read
FN:40,_RNvXs0_NtNtCs9ttwBx61el6_7rust_vm10io_devices17character_displayNtB5_16CharacterDisplayNtB7_6Device8on_write
FNDA:0,_RNvXs0_NtNtCskgzLNBcMEMk_7rust_vm10io_devices17character_displayNtB5_16CharacterDisplayNtB7_6Device7on_read
FNDA:1,_RNvMs_NtNtCskgzLNBcMEMk_7rust_vm10io_devices17character_displayNtB4_16CharacterDisplay3new
FNDA:8,_RNvXNtNtCskgzLNBcMEMk_7rust_vm10io_devices17character_displayNtB2_16CharacterDisplayNtNtCs5cb5cxfFw7H_4core7default7Default7default
FNDA:3,_RNvXs0_NtNtCskgzLNBcMEMk_7rust_vm10io_devices17character_displayNtB5_16CharacterDisplayNtB7_6Device8on_write
FNDA:0,_RNvMs_NtNtCs9ttwBx61el6_7rust_vm10io_devices17character_displayNtB4_16CharacterDisplay3new
FNDA:17,_RNvXNtNtCs9ttwBx61el6_7rust_vm10io_devices17character_displayNtB2_16CharacterDisplayNtNtCs5cb5cxfFw7H_4core7default7Default7default
FNDA:0,_RNvXs0_NtNtCs9ttwBx61el6_7rust_vm10io_devices17character_displayNtB5_16CharacterDisplayNtB7_6Device7on_read
FNDA:7,_RNvXs0_NtNtCs9ttwBx61el6_7rust_vm10io_devices17character_displayNtB5_16CharacterDisplayNtB7_6Device8on_write
FNF:4
FNH:3
DA:18,25
DA:19,25
DA:20,25
DA:21,25
DA:22,25
DA:23,25
DA:27,1
DA:28,1
DA:29,1
DA:30,1
DA:31,1
DA:32,1
DA:36,0
DA:37,0
DA:38,0
DA:40,10
DA:41,10
DA:43,7
DA:44,7
DA:45,7
DA:46,7
DA:47,0
DA:49,2
DA:50,2
DA:51,2
DA:52,1
DA:53,1
DA:54,1
DA:55,0
DA:57,10
BRF:0
BRH:0
LF:30
LH:25
end_of_record
SF:C:\Users\quinn\Desktop\dev\rust_vm\src\io_devices\mod.rs
FN:17,_RNvXNtCskgzLNBcMEMk_7rust_vm10io_devicesNtB2_9IoDevicesNtB2_6Device7on_read
FN:24,_RNvXNtCskgzLNBcMEMk_7rust_vm10io_devicesNtB2_9IoDevicesNtB2_6Device8on_write
FN:61,_RNvNtNtCskgzLNBcMEMk_7rust_vm10io_devices4tests_14number_display
FN:89,_RNvNtNtCskgzLNBcMEMk_7rust_vm10io_devices4tests_17character_display
FN:48,_RNvNtNtCskgzLNBcMEMk_7rust_vm10io_devices4tests_8next_rng
FN:17,_RNvXNtCs9ttwBx61el6_7rust_vm10io_devicesNtB2_9IoDevicesNtB2_6Device7on_read
FN:24,_RNvXNtCs9ttwBx61el6_7rust_vm10io_devicesNtB2_9IoDevicesNtB2_6Device8on_write
FNDA:0,_RNvXNtCskgzLNBcMEMk_7rust_vm10io_devicesNtB2_9IoDevicesNtB2_6Device7on_read
FNDA:0,_RNvXNtCskgzLNBcMEMk_7rust_vm10io_devicesNtB2_9IoDevicesNtB2_6Device8on_write
FNDA:1,_RNvNtNtCskgzLNBcMEMk_7rust_vm10io_devices4tests_14number_display
FNDA:1,_RNvNtNtCskgzLNBcMEMk_7rust_vm10io_devices4tests_17character_display
FNDA:1,_RNvNtNtCskgzLNBcMEMk_7rust_vm10io_devices4tests_8next_rng
FNDA:0,_RNvXNtCs9ttwBx61el6_7rust_vm10io_devicesNtB2_9IoDevicesNtB2_6Device7on_read
FNDA:108,_RNvXNtCs9ttwBx61el6_7rust_vm10io_devicesNtB2_9IoDevicesNtB2_6Device8on_write
FNF:5
FNH:4
DA:17,0
DA:18,0
DA:19,0
DA:20,0
DA:22,0
DA:24,108
DA:25,108
DA:26,108
DA:27,98
DA:28,91
DA:29,3
DA:30,79
DA:32,108
DA:48,1
DA:49,1
DA:50,1
DA:51,11
DA:52,10
DA:53,10
DA:54,10
DA:55,0
DA:57,10
DA:59,1
DA:61,1
DA:63,1
DA:64,1
DA:65,1
DA:66,1
DA:67,1
DA:69,1
DA:70,1
DA:72,1
DA:73,1
DA:75,1
DA:76,1
DA:81,1
DA:82,1
DA:86,1
DA:89,1
DA:91,1
DA:93,1
DA:94,1
DA:96,1
DA:97,1
DA:99,1
DA:100,1
DA:101,1
BRF:0
BRH:0
LF:47
LH:41
end_of_record
SF:C:\Users\quinn\Desktop\dev\rust_vm\src\io_devices\number_display.rs
FN:23,_RNvMNtNtCskgzLNBcMEMk_7rust_vm10io_devices14number_displayNtB2_13NumberDisplay3new
FN:31,_RNvMNtNtCskgzLNBcMEMk_7rust_vm10io_devices14number_displayNtB2_13NumberDisplay7display
FN:43,_RNvXs_NtNtCskgzLNBcMEMk_7rust_vm10io_devices14number_displayNtB4_13NumberDisplayNtB6_6Device7on_read
FN:47,_RNvXs_NtNtCskgzLNBcMEMk_7rust_vm10io_devices14number_displayNtB4_13NumberDisplayNtB6_6Device8on_write
FN:23,_RNvMNtNtCs9ttwBx61el6_7rust_vm10io_devices14number_displayNtB2_13NumberDisplay3new
FN:31,_RNvMNtNtCs9ttwBx61el6_7rust_vm10io_devices14number_displayNtB2_13NumberDisplay7display
FN:43,_RNvXs_NtNtCs9ttwBx61el6_7rust_vm10io_devices14number_displayNtB4_13NumberDisplayNtB6_6Device7on_read
FN:47,_RNvXs_NtNtCs9ttwBx61el6_7rust_vm10io_devices14number_displayNtB4_13NumberDisplayNtB6_6Device8on_write
FNDA:0,_RNvMNtNtCskgzLNBcMEMk_7rust_vm10io_devices14number_displayNtB2_13NumberDisplay3new
FNDA:0,_RNvMNtNtCskgzLNBcMEMk_7rust_vm10io_devices14number_displayNtB2_13NumberDisplay7display
FNDA:0,_RNvXs_NtNtCskgzLNBcMEMk_7rust_vm10io_devices14number_displayNtB4_13NumberDisplayNtB6_6Device7on_read
FNDA:4,_RNvXs_NtNtCskgzLNBcMEMk_7rust_vm10io_devices14number_displayNtB4_13NumberDisplayNtB6_6Device8on_write
FNDA:0,_RNvMNtNtCs9ttwBx61el6_7rust_vm10io_devices14number_displayNtB2_13NumberDisplay3new
FNDA:6,_RNvMNtNtCs9ttwBx61el6_7rust_vm10io_devices14number_displayNtB2_13NumberDisplay7display
FNDA:0,_RNvXs_NtNtCs9ttwBx61el6_7rust_vm10io_devices14number_displayNtB4_13NumberDisplayNtB6_6Device7on_read
FNDA:9,_RNvXs_NtNtCs9ttwBx61el6_7rust_vm10io_devices14number_displayNtB4_13NumberDisplayNtB6_6Device8on_write
FNF:4
FNH:2
DA:23,0
DA:24,0
DA:25,0
DA:26,0
DA:27,0
DA:28,0
DA:29,0
DA:31,6
DA:32,6
DA:33,1
DA:34,5
DA:35,5
DA:36,1
DA:37,4
DA:39,6
DA:43,0
DA:44,0
DA:45,0
DA:47,13
DA:48,13
DA:49,4
DA:50,4
DA:51,4
DA:52,4
DA:53,2
DA:54,2
DA:55,2
DA:56,2
DA:57,2
DA:58,2
DA:59,5
DA:60,5
DA:61,5
DA:62,0
DA:64,13
BRF:0
BRH:0
LF:35
LH:24
end_of_record
SF:C:\Users\quinn\Desktop\dev\rust_vm\src\io_devices\rng.rs
FN:40,_RNvXs0_NtNtCskgzLNBcMEMk_7rust_vm10io_devices3rngNtB5_3RNGNtB7_6Device7on_read
FN:44,_RNvXs0_NtNtCskgzLNBcMEMk_7rust_vm10io_devices3rngNtB5_3RNGNtB7_6Device8on_write
FN:25,_RNvMs_NtNtCskgzLNBcMEMk_7rust_vm10io_devices3rngNtB4_3RNG13generate_next
FN:20,_RNvMs_NtNtCskgzLNBcMEMk_7rust_vm10io_devices3rngNtB4_3RNG3new
FN:11,_RNvXNtNtCskgzLNBcMEMk_7rust_vm10io_devices3rngNtB2_3RNGNtNtCs5cb5cxfFw7H_4core7default7Default7default
FN:25,_RNvMs_NtNtCs9ttwBx61el6_7rust_vm10io_devices3rngNtB4_3RNG13generate_next
FN:20,_RNvMs_NtNtCs9ttwBx61el6_7rust_vm10io_devices3rngNtB4_3RNG3new
FN:11,_RNvXNtNtCs9ttwBx61el6_7rust_vm10io_devices3rngNtB2_3RNGNtNtCs5cb5cxfFw7H_4core7default7Default7default
FN:40,_RNvXs0_NtNtCs9ttwBx61el6_7rust_vm10io_devices3rngNtB5_3RNGNtB7_6Device7on_read
FN:44,_RNvXs0_NtNtCs9ttwBx61el6_7rust_vm10io_devices3rngNtB5_3RNGNtB7_6Device8on_write
FNDA:0,_RNvXs0_NtNtCskgzLNBcMEMk_7rust_vm10io_devices3rngNtB5_3RNGNtB7_6Device7on_read
FNDA:0,_RNvXs0_NtNtCskgzLNBcMEMk_7rust_vm10io_devices3rngNtB5_3RNGNtB7_6Device8on_write
FNDA:10,_RNvMs_NtNtCskgzLNBcMEMk_7rust_vm10io_devices3rngNtB4_3RNG13generate_next
FNDA:1,_RNvMs_NtNtCskgzLNBcMEMk_7rust_vm10io_devices3rngNtB4_3RNG3new
FNDA:8,_RNvXNtNtCskgzLNBcMEMk_7rust_vm10io_devices3rngNtB2_3RNGNtNtCs5cb5cxfFw7H_4core7default7Default7default
FNDA:0,_RNvMs_NtNtCs9ttwBx61el6_7rust_vm10io_devices3rngNtB4_3RNG13generate_next
FNDA:0,_RNvMs_NtNtCs9ttwBx61el6_7rust_vm10io_devices3rngNtB4_3RNG3new
FNDA:17,_RNvXNtNtCs9ttwBx61el6_7rust_vm10io_devices3rngNtB2_3RNGNtNtCs5cb5cxfFw7H_4core7default7Default7default
FNDA:0,_RNvXs0_NtNtCs9ttwBx61el6_7rust_vm10io_devices3rngNtB5_3RNGNtB7_6Device7on_read
FNDA:3,_RNvXs0_NtNtCs9ttwBx61el6_7rust_vm10io_devices3rngNtB5_3RNGNtB7_6Device8on_write
FNF:5
FNH:4
DA:11,25
DA:12,25
DA:13,25
DA:14,25
DA:15,25
DA:16,25
DA:20,1
DA:21,1
DA:22,1
DA:23,1
DA:25,10
DA:27,10
DA:28,10
DA:29,10
DA:30,10
DA:31,10
DA:32,10
DA:33,10
DA:34,10
DA:35,10
DA:36,10
DA:40,0
DA:41,0
DA:42,0
DA:44,3
BRF:0
BRH:0
LF:25
LH:22
end_of_record
SF:C:\Users\quinn\Desktop\dev\rust_vm\src\io_devices\screen.rs
FN:21,_RNvMNtNtCskgzLNBcMEMk_7rust_vm10io_devices6screenNtB2_6Screen3new
FN:62,_RNvMs0_NtNtCskgzLNBcMEMk_7rust_vm10io_devices6screenNtB5_6Screen7display
FN:32,_RNvXs_NtNtCskgzLNBcMEMk_7rust_vm10io_devices6screenNtB4_6ScreenNtB6_6Device7on_read
FN:44,_RNvXs_NtNtCskgzLNBcMEMk_7rust_vm10io_devices6screenNtB4_6ScreenNtB6_6Device8on_write
FN:21,_RNvMNtNtCs9ttwBx61el6_7rust_vm10io_devices6screenNtB2_6Screen3new
FN:62,_RNvMs0_NtNtCs9ttwBx61el6_7rust_vm10io_devices6screenNtB5_6Screen7display
FN:32,_RNvXs_NtNtCs9ttwBx61el6_7rust_vm10io_devices6screenNtB4_6ScreenNtB6_6Device7on_read
FN:44,_RNvXs_NtNtCs9ttwBx61el6_7rust_vm10io_devices6screenNtB4_6ScreenNtB6_6Device8on_write
FNDA:0,_RNvMNtNtCskgzLNBcMEMk_7rust_vm10io_devices6screenNtB2_6Screen3new
FNDA:0,_RNvMs0_NtNtCskgzLNBcMEMk_7rust_vm10io_devices6screenNtB5_6Screen7display
FNDA:0,_RNvXs_NtNtCskgzLNBcMEMk_7rust_vm10io_devices6screenNtB4_6ScreenNtB6_6Device7on_read
FNDA:0,_RNvXs_NtNtCskgzLNBcMEMk_7rust_vm10io_devices6screenNtB4_6ScreenNtB6_6Device8on_write
FNDA:0,_RNvMNtNtCs9ttwBx61el6_7rust_vm10io_devices6screenNtB2_6Screen3new
FNDA:0,_RNvMs0_NtNtCs9ttwBx61el6_7rust_vm10io_devices6screenNtB5_6Screen7display
FNDA:0,_RNvXs_NtNtCs9ttwBx61el6_7rust_vm10io_devices6screenNtB4_6ScreenNtB6_6Device7on_read
FNDA:10,_RNvXs_NtNtCs9ttwBx61el6_7rust_vm10io_devices6screenNtB4_6ScreenNtB6_6Device8on_write
FNF:4
FNH:1
DA:21,0
DA:22,0
DA:23,0
DA:24,0
DA:25,0
DA:26,0
DA:27,0
DA:28,0
DA:32,0
DA:33,0
DA:34,0
DA:36,0
DA:39,0
DA:40,0
DA:41,0
DA:42,0
DA:44,10
DA:45,10
DA:46,10
DA:47,10
DA:48,10
DA:49,1
DA:50,2
DA:51,3
DA:52,0
DA:53,3
DA:54,1
DA:55,0
DA:57,0
DA:58,10
DA:62,0
DA:63,0
DA:64,0
DA:65,0
DA:67,0
DA:69,0
BRF:0
BRH:0
LF:36
LH:11
end_of_record
SF:C:\Users\quinn\Desktop\dev\rust_vm\src\parser\error.rs
FN:14,_RNvXNtNtCskgzLNBcMEMk_7rust_vm6parser5errorNtB2_11ParserErrorNtNtCs5cb5cxfFw7H_4core3fmt7Display3fmt
FN:14,_RNvXNtNtCs9ttwBx61el6_7rust_vm6parser5errorNtB2_11ParserErrorNtNtCs5cb5cxfFw7H_4core3fmt7Display3fmt
FNDA:6,_RNvXNtNtCskgzLNBcMEMk_7rust_vm6parser5errorNtB2_11ParserErrorNtNtCs5cb5cxfFw7H_4core3fmt7Display3fmt
FNDA:0,_RNvXNtNtCs9ttwBx61el6_7rust_vm6parser5errorNtB2_11ParserErrorNtNtCs5cb5cxfFw7H_4core3fmt7Display3fmt
FNF:1
FNH:1
DA:14,6
DA:15,6
DA:16,1
DA:17,1
DA:18,4
DA:19,0
DA:20,0
DA:21,0
DA:22,0
DA:24,0
DA:26,6
BRF:0
BRH:0
LF:11
LH:6
end_of_record
SF:C:\Users\quinn\Desktop\dev\rust_vm\src\parser\mod.rs
FN:18,_RINvNtCskgzLNBcMEMk_7rust_vm6parser13parse_programRNtNtCsja4ZeDc2XAj_3std4path4PathEB4_
FN:18,_RINvNtCskgzLNBcMEMk_7rust_vm6parser13parse_programReEB4_
FN:23,_RNCINvNtCskgzLNBcMEMk_7rust_vm6parser13parse_programRNtNtCsja4ZeDc2XAj_3std4path4PathE0B6_
FN:23,_RNCINvNtCskgzLNBcMEMk_7rust_vm6parser13parse_programReE0B6_
FN:18,_RINvNtCs9ttwBx61el6_7rust_vm6parser13parse_programRNtNtCsja4ZeDc2XAj_3std4path4PathECs99zfWB6tWEP_7rust_vm
FN:23,_RNCINvNtCs9ttwBx61el6_7rust_vm6parser13parse_programRNtNtCsja4ZeDc2XAj_3std4path4PathE0Cs99zfWB6tWEP_7rust_vm
FN:18,_RINvNtCs9ttwBx61el6_7rust_vm6parser13parse_programpEB4_
FN:23,_RNCINvNtCs9ttwBx61el6_7rust_vm6parser13parse_programpE0B6_
FN:18,_RINvNtCs9ttwBx61el6_7rust_vm6parser13parse_programRNtNtCsja4ZeDc2XAj_3std4path4PathECsaO18r672v8O_16vm_exec_programs
FN:23,_RNCINvNtCs9ttwBx61el6_7rust_vm6parser13parse_programRNtNtCsja4ZeDc2XAj_3std4path4PathE0CsaO18r672v8O_16vm_exec_programs
FNDA:9,_RINvNtCskgzLNBcMEMk_7rust_vm6parser13parse_programRNtNtCsja4ZeDc2XAj_3std4path4PathEB4_
FNDA:16,_RINvNtCskgzLNBcMEMk_7rust_vm6parser13parse_programReEB4_
FNDA:0,_RNCINvNtCskgzLNBcMEMk_7rust_vm6parser13parse_programRNtNtCsja4ZeDc2XAj_3std4path4PathE0B6_
FNDA:1,_RNCINvNtCskgzLNBcMEMk_7rust_vm6parser13parse_programReE0B6_
FNDA:0,_RINvNtCs9ttwBx61el6_7rust_vm6parser13parse_programRNtNtCsja4ZeDc2XAj_3std4path4PathECs99zfWB6tWEP_7rust_vm
FNDA:0,_RNCINvNtCs9ttwBx61el6_7rust_vm6parser13parse_programRNtNtCsja4ZeDc2XAj_3std4path4PathE0Cs99zfWB6tWEP_7rust_vm
FNDA:0,_RINvNtCs9ttwBx61el6_7rust_vm6parser13parse_programpEB4_
FNDA:0,_RNCINvNtCs9ttwBx61el6_7rust_vm6parser13parse_programpE0B6_
FNDA:22,_RINvNtCs9ttwBx61el6_7rust_vm6parser13parse_programRNtNtCsja4ZeDc2XAj_3std4path4PathECsaO18r672v8O_16vm_exec_programs
FNDA:0,_RNCINvNtCs9ttwBx61el6_7rust_vm6parser13parse_programRNtNtCsja4ZeDc2XAj_3std4path4PathE0CsaO18r672v8O_16vm_exec_programs
FNF:2
FNH:2
DA:18,47
DA:19,47
DA:21,47
DA:22,47
DA:23,47
DA:25,46
DA:26,46
DA:27,46
DA:28,2776
DA:29,2776
DA:30,2776
DA:31,2776
DA:32,2681
DA:33,95
DA:35,2681
DA:36,2681
DA:37,13
DA:38,2668
DA:39,2668
DA:40,2668
DA:41,2668
DA:42,83
DA:43,83
DA:44,1
DA:46,82
DA:47,82
DA:48,82
DA:50,2585
DA:51,170
DA:52,170
DA:53,0
DA:55,170
DA:56,93
DA:57,93
DA:58,93
DA:60,77
DA:61,77
DA:62,77
DA:65,2415
DA:66,206
DA:67,206
DA:68,0
DA:70,206
DA:71,206
DA:72,206
DA:74,2209
DA:75,135
DA:76,135
DA:77,0
DA:80,135
DA:81,135
DA:82,135
DA:83,135
DA:85,2074
DA:86,111
DA:87,111
DA:88,0
DA:90,111
DA:91,47
DA:92,47
DA:93,47
DA:94,47
DA:95,64
DA:96,4
DA:97,4
DA:98,4
DA:99,4
DA:101,60
DA:102,60
DA:103,60
DA:104,60
DA:107,1963
DA:108,829
DA:109,827
DA:110,810
DA:111,810
DA:112,810
DA:113,809
DA:115,17
DA:116,17
DA:117,17
DA:118,17
DA:119,17
DA:121,0
DA:124,1134
DA:125,266
DA:126,266
DA:127,0
DA:129,266
DA:130,266
DA:131,266
DA:133,868
DA:134,31
DA:135,31
DA:136,31
DA:137,31
DA:138,31
DA:139,30
DA:140,30
DA:142,0
DA:145,837
DA:146,574
DA:147,574
DA:148,216
DA:149,216
DA:150,216
DA:151,216
DA:152,216
DA:154,358
DA:155,358
DA:156,358
DA:157,358
DA:158,358
DA:160,0
DA:163,263
DA:164,262
DA:165,259
DA:166,0
DA:168,259
DA:169,259
DA:170,254
DA:171,254
DA:173,1
DA:175,2652
DA:179,30
DA:180,2681
DA:181,2651
DA:183,30
DA:184,47
BRF:0
BRH:0
LF:130
LH:119
end_of_record
SF:C:\Users\quinn\Desktop\dev\rust_vm\src\parser\utils.rs
FN:172,_RINvNtNtCskgzLNBcMEMk_7rust_vm6parser5utils18extract_n_operandsNtNtNtCs5cb5cxfFw7H_4core3str4iter15SplitWhitespaceEB6_
FN:201,_RNCNvNtNtCskgzLNBcMEMk_7rust_vm6parser5utils12parse_offset0B7_
FN:209,_RNCNvNtNtCskgzLNBcMEMk_7rust_vm6parser5utils12parse_offsets0_0B7_
FN:208,_RNCNvNtNtCskgzLNBcMEMk_7rust_vm6parser5utils12parse_offsets_0B7_
FN:235,_RNCNvNtNtCskgzLNBcMEMk_7rust_vm6parser5utils15parse_immediate0B7_
FN:87,_RNCNvNtNtCskgzLNBcMEMk_7rust_vm6parser5utils20parse_as_instruction0B7_
FN:99,_RNvNtNtCskgzLNBcMEMk_7rust_vm6parser5utils10is_comment
FN:38,_RNvNtNtCskgzLNBcMEMk_7rust_vm6parser5utils10parse_cond
FN:194,_RNvNtNtCskgzLNBcMEMk_7rust_vm6parser5utils12parse_offset
[...]
FN:86,_RNvNtNtCs9ttwBx61el6_7rust_vm6parser5utils20parse_as_instruction
FN:26,_RNvNtNtCs9ttwBx61el6_7rust_vm6parser5utils21parse_register_string
FN:105,_RNvNtNtCs9ttwBx61el6_7rust_vm6parser5utils23find_and_remove_symbols
FN:91,_RNvNtNtCs9ttwBx61el6_7rust_vm6parser5utils8is_label
FN:172,_RINvNtNtCs9ttwBx61el6_7rust_vm6parser5utils18extract_n_operandsNtNtNtCs5cb5cxfFw7H_4core3str4iter15SplitWhitespaceEB6_
FN:201,_RNCNvNtNtCs9ttwBx61el6_7rust_vm6parser5utils12parse_offset0B7_
FN:209,_RNCNvNtNtCs9ttwBx61el6_7rust_vm6parser5utils12parse_offsets0_0B7_
FN:208,_RNCNvNtNtCs9ttwBx61el6_7rust_vm6parser5utils12parse_offsets_0B7_
FN:235,_RNCNvNtNtCs9ttwBx61el6_7rust_vm6parser5utils15parse_immediate0B7_
FN:87,_RNCNvNtNtCs9ttwBx61el6_7rust_vm6parser5utils20parse_as_instruction0B7_
FNDA:2635,_RINvNtNtCskgzLNBcMEMk_7rust_vm6parser5utils18extract_n_operandsNtNtNtCs5cb5cxfFw7H_4core3str4iter15SplitWhitespaceEB6_
FNDA:0,_RNCNvNtNtCskgzLNBcMEMk_7rust_vm6parser5utils12parse_offset0B7_
FNDA:0,_RNCNvNtNtCskgzLNBcMEMk_7rust_vm6parser5utils12parse_offsets0_0B7_
FNDA:165,_RNCNvNtNtCskgzLNBcMEMk_7rust_vm6parser5utils12parse_offsets_0B7_
FNDA:10517,_RNCNvNtNtCskgzLNBcMEMk_7rust_vm6parser5utils15parse_immediate0B7_
FNDA:40384,_RNCNvNtNtCskgzLNBcMEMk_7rust_vm6parser5utils20parse_as_instruction0B7_
FNDA:6325,_RNvNtNtCskgzLNBcMEMk_7rust_vm6parser5utils10is_comment
FNDA:260,_RNvNtNtCskgzLNBcMEMk_7rust_vm6parser5utils10parse_cond
FNDA:338,_RNvNtNtCskgzLNBcMEMk_7rust_vm6parser5utils12parse_offset
FNDA:3087,_RNvNtNtCskgzLNBcMEMk_7rust_vm6parser5utils13is_definition
FNDA:459,_RNvNtNtCskgzLNBcMEMk_7rust_vm6parser5utils13parse_address
FNDA:798,_RNvNtNtCskgzLNBcMEMk_7rust_vm6parser5utils15parse_immediate
FNDA:2541,_RNvNtNtCskgzLNBcMEMk_7rust_vm6parser5utils17parse_instruction
FNDA:2524,_RNvNtNtCskgzLNBcMEMk_7rust_vm6parser5utils20parse_as_instruction
FNDA:3371,_RNvNtNtCskgzLNBcMEMk_7rust_vm6parser5utils21parse_register_string
FNDA:24,_RNvNtNtCskgzLNBcMEMk_7rust_vm6parser5utils23find_and_remove_symbols
FNDA:3362,_RNvNtNtCskgzLNBcMEMk_7rust_vm6parser5utils8is_label
FNDA:275,_RNvNtNtCs9ttwBx61el6_7rust_vm6parser5utils10is_comment
FNDA:6,_RNvNtNtCs9ttwBx61el6_7rust_vm6parser5utils10parse_cond
FNDA:20,_RNvNtNtCs9ttwBx61el6_7rust_vm6parser5utils12parse_offset
FNDA:128,_RNvNtNtCs9ttwBx61el6_7rust_vm6parser5utils13is_definition
FNDA:13,_RNvNtNtCs9ttwBx61el6_7rust_vm6parser5utils13parse_address
FNDA:28,_RNvNtNtCs9ttwBx61el6_7rust_vm6parser5utils15parse_immediate
FNDA:127,_RNvNtNtCs9ttwBx61el6_7rust_vm6parser5utils17parse_instruction
FNDA:127,_RNvNtNtCs9ttwBx61el6_7rust_vm6parser5utils20parse_as_instruction
FNDA:154,_RNvNtNtCs9ttwBx61el6_7rust_vm6parser5utils21parse_register_string
FNDA:22,_RNvNtNtCs9ttwBx61el6_7rust_vm6parser5utils23find_and_remove_symbols
FNDA:137,_RNvNtNtCs9ttwBx61el6_7rust_vm6parser5utils8is_label
FNDA:127,_RINvNtNtCs9ttwBx61el6_7rust_vm6parser5utils18extract_n_operandsNtNtNtCs5cb5cxfFw7H_4core3str4iter15SplitWhitespaceEB6_
FNDA:0,_RNCNvNtNtCs9ttwBx61el6_7rust_vm6parser5utils12parse_offset0B7_
FNDA:0,_RNCNvNtNtCs9ttwBx61el6_7rust_vm6parser5utils12parse_offsets0_0B7_
FNDA:20,_RNCNvNtNtCs9ttwBx61el6_7rust_vm6parser5utils12parse_offsets_0B7_
FNDA:352,_RNCNvNtNtCs9ttwBx61el6_7rust_vm6parser5utils15parse_immediate0B7_
FNDA:2032,_RNCNvNtNtCs9ttwBx61el6_7rust_vm6parser5utils20parse_as_instruction0B7_
FNF:17
FNH:15
DA:26,3525
DA:27,3525
DA:28,2
DA:29,3523
DA:30,3523
DA:31,3523
DA:32,1
DA:33,3522
DA:34,3522
DA:35,3525
DA:38,266
DA:39,266
DA:40,266
DA:41,164
DA:42,45
DA:43,14
DA:44,0
DA:46,266
DA:48,472
DA:49,472
DA:50,472
DA:51,472
DA:52,472
DA:53,467
DA:54,467
DA:55,0
DA:56,0
DA:57,5
DA:58,5
DA:59,472
DA:62,2668
DA:63,2668
DA:64,2668
DA:65,2667
DA:66,2638
DA:67,2422
DA:68,2233
DA:69,2211
DA:70,2141
DA:71,2128
DA:72,2096
DA:73,1385
DA:74,1099
DA:75,1031
DA:76,765
DA:77,627
DA:78,575
DA:79,484
DA:80,1
DA:82,2667
DA:83,2668
DA:86,2651
DA:87,42416
DA:88,2651
DA:89,2651
DA:91,3499
DA:92,3499
DA:93,3499
DA:95,3215
DA:96,3215
DA:97,3215
DA:99,6600
DA:100,6600
DA:101,6600
DA:105,46
DA:106,46
DA:107,46
DA:108,46
DA:109,46
DA:110,46
DA:111,46
DA:112,46
DA:113,3499
DA:114,3499
DA:115,3499
DA:116,284
DA:117,13
DA:118,271
DA:120,284
DA:121,284
DA:123,284
DA:124,13
DA:125,13
DA:126,13
DA:127,0
DA:128,0
DA:129,284
DA:130,284
DA:131,284
DA:132,284
DA:133,13
DA:134,271
DA:135,3215
DA:136,95
DA:137,95
DA:138,95
DA:139,95
DA:140,0
DA:142,95
DA:143,95
DA:144,95
DA:145,0
DA:146,0
DA:147,95
DA:148,95
DA:149,3120
DA:150,253
DA:151,2867
DA:152,197
DA:153,197
DA:154,2670
DA:155,284
DA:156,13
DA:157,284
DA:158,13
DA:159,13
DA:160,271
DA:162,2395
DA:163,2670
DA:164,2670
DA:165,2670
DA:166,2670
DA:169,46
DA:170,46
DA:172,2762
DA:173,2762
DA:174,2762
DA:175,2762
DA:176,2762
DA:177,2762
DA:178,2762
DA:179,5240
DA:180,5235
DA:181,5
DA:184,2757
DA:185,799
DA:186,423
DA:187,376
DA:188,376
DA:190,2757
DA:191,2762
DA:194,358
DA:195,358
DA:196,358
DA:197,358
DA:198,358
DA:199,25
DA:200,25
DA:201,25
DA:202,25
DA:203,25
DA:204,333
DA:205,148
DA:207,185
DA:208,185
DA:209,185
DA:211,358
DA:213,826
DA:214,826
DA:215,826
DA:216,826
DA:218,826
DA:219,35
DA:220,35
DA:221,35
DA:222,0
DA:223,0
DA:224,791
DA:226,791
DA:227,68
DA:228,68
DA:229,68
DA:230,0
DA:231,0
DA:232,723
DA:235,10869
DA:237,70
DA:238,70
DA:239,70
DA:240,653
DA:242,653
DA:243,83
DA:244,570
DA:245,570
DA:246,826
BRF:0
BRH:0
LF:190
LH:176
end_of_record
SF:C:\Users\quinn\Desktop\dev\rust_vm\src\program_counter.rs
FN:9,_RNvMNtCskgzLNBcMEMk_7rust_vm15program_counterNtB2_2PC5clock
FN:9,_RNvMNtCs9ttwBx61el6_7rust_vm15program_counterNtB2_2PC5clock
FNDA:0,_RNvMNtCskgzLNBcMEMk_7rust_vm15program_counterNtB2_2PC5clock
FNDA:982,_RNvMNtCs9ttwBx61el6_7rust_vm15program_counterNtB2_2PC5clock
FNF:1
FNH:1
DA:9,982
DA:10,982
DA:11,982
BRF:0
BRH:0
LF:3
LH:3
end_of_record
SF:C:\Users\quinn\Desktop\dev\rust_vm\src\registers\call_stack.rs
FN:83,_RNvMs0_NtNtCskgzLNBcMEMk_7rust_vm9registers10call_stackNtB5_9CallStack3pop
FN:76,_RNvMs0_NtNtCskgzLNBcMEMk_7rust_vm9registers10call_stackNtB5_9CallStack4push
FN:50,_RNvXNtNtCskgzLNBcMEMk_7rust_vm9registers10call_stackNtB2_26BiDirectionalShiftRegisterNtB4_8Register14schedule_write
FN:39,_RNvXNtNtCskgzLNBcMEMk_7rust_vm9registers10call_stackNtB2_26BiDirectionalShiftRegisterNtB4_8Register5clock
FN:32,_RNvXNtNtCskgzLNBcMEMk_7rust_vm9registers10call_stackNtB2_26BiDirectionalShiftRegisterNtB4_8Register6enable
FN:64,_RNvMs0_NtNtCskgzLNBcMEMk_7rust_vm9registers10call_stackNtB5_9CallStack3new
FN:58,_RNvXs_NtNtCskgzLNBcMEMk_7rust_vm9registers10call_stackNtB4_9CallStackNtNtCs5cb5cxfFw7H_4core7default7Default7default
FN:64,_RNvMs0_NtNtCs9ttwBx61el6_7rust_vm9registers10call_stackNtB5_9CallStack3new
FN:83,_RNvMs0_NtNtCs9ttwBx61el6_7rust_vm9registers10call_stackNtB5_9CallStack3pop
FN:76,_RNvMs0_NtNtCs9ttwBx61el6_7rust_vm9registers10call_stackNtB5_9CallStack4push
FN:50,_RNvXNtNtCs9ttwBx61el6_7rust_vm9registers10call_stackNtB2_26BiDirectionalShiftRegisterNtB4_8Register14schedule_write
FN:39,_RNvXNtNtCs9ttwBx61el6_7rust_vm9registers10call_stackNtB2_26BiDirectionalShiftRegisterNtB4_8Register5clock
FN:32,_RNvXNtNtCs9ttwBx61el6_7rust_vm9registers10call_stackNtB2_26BiDirectionalShiftRegisterNtB4_8Register6enable
FN:58,_RNvXs_NtNtCs9ttwBx61el6_7rust_vm9registers10call_stackNtB4_9CallStackNtNtCs5cb5cxfFw7H_4core7default7Default7default
FNDA:0,_RNvMs0_NtNtCskgzLNBcMEMk_7rust_vm9registers10call_stackNtB5_9CallStack3pop
FNDA:0,_RNvMs0_NtNtCskgzLNBcMEMk_7rust_vm9registers10call_stackNtB5_9CallStack4push
FNDA:0,_RNvXNtNtCskgzLNBcMEMk_7rust_vm9registers10call_stackNtB2_26BiDirectionalShiftRegisterNtB4_8Register14schedule_write
FNDA:0,_RNvXNtNtCskgzLNBcMEMk_7rust_vm9registers10call_stackNtB2_26BiDirectionalShiftRegisterNtB4_8Register5clock
FNDA:0,_RNvXNtNtCskgzLNBcMEMk_7rust_vm9registers10call_stackNtB2_26BiDirectionalShiftRegisterNtB4_8Register6enable
FNDA:8,_RNvMs0_NtNtCskgzLNBcMEMk_7rust_vm9registers10call_stackNtB5_9CallStack3new
FNDA:8,_RNvXs_NtNtCskgzLNBcMEMk_7rust_vm9registers10call_stackNtB4_9CallStackNtNtCs5cb5cxfFw7H_4core7default7Default7default
FNDA:17,_RNvMs0_NtNtCs9ttwBx61el6_7rust_vm9registers10call_stackNtB5_9CallStack3new
FNDA:3,_RNvMs0_NtNtCs9ttwBx61el6_7rust_vm9registers10call_stackNtB5_9CallStack3pop
FNDA:982,_RNvMs0_NtNtCs9ttwBx61el6_7rust_vm9registers10call_stackNtB5_9CallStack4push
FNDA:3,_RNvXNtNtCs9ttwBx61el6_7rust_vm9registers10call_stackNtB2_26BiDirectionalShiftRegisterNtB4_8Register14schedule_write
FNDA:982,_RNvXNtNtCs9ttwBx61el6_7rust_vm9registers10call_stackNtB2_26BiDirectionalShiftRegisterNtB4_8Register5clock
FNDA:0,_RNvXNtNtCs9ttwBx61el6_7rust_vm9registers10call_stackNtB2_26BiDirectionalShiftRegisterNtB4_8Register6enable
FNDA:14,_RNvXs_NtNtCs9ttwBx61el6_7rust_vm9registers10call_stackNtB4_9CallStackNtNtCs5cb5cxfFw7H_4core7default7Default7default
FNF:7
FNH:6
DA:32,0
DA:33,0
DA:34,0
DA:35,0
DA:36,0
DA:37,0
DA:39,982
DA:40,982
DA:41,979
DA:43,45
DA:44,45
DA:45,45
DA:46,3
DA:47,3
DA:48,982
DA:50,3
DA:51,3
DA:52,3
DA:53,3
DA:54,3
DA:58,22
DA:59,22
DA:60,22
DA:64,25
DA:65,25
DA:66,25
DA:67,25
DA:68,25
DA:69,25
DA:70,25
DA:71,25
DA:72,25
DA:73,25
DA:74,25
DA:76,982
DA:77,982
DA:78,979
DA:79,3
DA:80,3
DA:81,982
DA:83,3
DA:84,3
DA:85,0
DA:86,3
DA:87,3
DA:88,45
DA:89,45
DA:90,45
DA:91,3
DA:92,3
DA:93,0
DA:95,3
DA:97,3
DA:99,0
DA:101,3
BRF:0
BRH:0
LF:55
LH:46
end_of_record
SF:C:\Users\quinn\Desktop\dev\rust_vm\src\registers\data_memory.rs
FN:23,_RNvXNtNtCskgzLNBcMEMk_7rust_vm9registers11data_memoryNtB2_10DataMemoryNtNtCs5cb5cxfFw7H_4core7default7Default7default
FN:62,_RNvMs0_NtNtCskgzLNBcMEMk_7rust_vm9registers11data_memoryNtB5_10DataMemory4read
FN:74,_RNvMs0_NtNtCskgzLNBcMEMk_7rust_vm9registers11data_memoryNtB5_10DataMemory7display
FN:70,_RNvMs0_NtNtCskgzLNBcMEMk_7rust_vm9registers11data_memoryNtB5_10DataMemory9set_state
FN:54,_RNvXs_NtNtCskgzLNBcMEMk_7rust_vm9registers11data_memoryNtB4_10DataMemoryNtB6_8Register14schedule_write
FN:43,_RNvXs_NtNtCskgzLNBcMEMk_7rust_vm9registers11data_memoryNtB4_10DataMemoryNtB6_8Register5clock
FN:36,_RNvXs_NtNtCskgzLNBcMEMk_7rust_vm9registers11data_memoryNtB4_10DataMemoryNtB6_8Register6enable
FN:62,_RNvMs0_NtNtCs9ttwBx61el6_7rust_vm9registers11data_memoryNtB5_10DataMemory4read
FN:74,_RNvMs0_NtNtCs9ttwBx61el6_7rust_vm9registers11data_memoryNtB5_10DataMemory7display
FN:70,_RNvMs0_NtNtCs9ttwBx61el6_7rust_vm9registers11data_memoryNtB5_10DataMemory9set_state
FN:23,_RNvXNtNtCs9ttwBx61el6_7rust_vm9registers11data_memoryNtB2_10DataMemoryNtNtCs5cb5cxfFw7H_4core7default7Default7default
FN:54,_RNvXs_NtNtCs9ttwBx61el6_7rust_vm9registers11data_memoryNtB4_10DataMemoryNtB6_8Register14schedule_write
FN:43,_RNvXs_NtNtCs9ttwBx61el6_7rust_vm9registers11data_memoryNtB4_10DataMemoryNtB6_8Register5clock
FN:36,_RNvXs_NtNtCs9ttwBx61el6_7rust_vm9registers11data_memoryNtB4_10DataMemoryNtB6_8Register6enable
FNDA:8,_RNvXNtNtCskgzLNBcMEMk_7rust_vm9registers11data_memoryNtB2_10DataMemoryNtNtCs5cb5cxfFw7H_4core7default7Default7default
FNDA:0,_RNvMs0_NtNtCskgzLNBcMEMk_7rust_vm9registers11data_memoryNtB5_10DataMemory4read
FNDA:0,_RNvMs0_NtNtCskgzLNBcMEMk_7rust_vm9registers11data_memoryNtB5_10DataMemory7display
FNDA:0,_RNvMs0_NtNtCskgzLNBcMEMk_7rust_vm9registers11data_memoryNtB5_10DataMemory9set_state
FNDA:0,_RNvXs_NtNtCskgzLNBcMEMk_7rust_vm9registers11data_memoryNtB4_10DataMemoryNtB6_8Register14schedule_write
FNDA:0,_RNvXs_NtNtCskgzLNBcMEMk_7rust_vm9registers11data_memoryNtB4_10DataMemoryNtB6_8Register5clock
FNDA:0,_RNvXs_NtNtCskgzLNBcMEMk_7rust_vm9registers11data_memoryNtB4_10DataMemoryNtB6_8Register6enable
FNDA:180,_RNvMs0_NtNtCs9ttwBx61el6_7rust_vm9registers11data_memoryNtB5_10DataMemory4read
FNDA:0,_RNvMs0_NtNtCs9ttwBx61el6_7rust_vm9registers11data_memoryNtB5_10DataMemory7display
FNDA:982,_RNvMs0_NtNtCs9ttwBx61el6_7rust_vm9registers11data_memoryNtB5_10DataMemory9set_state
FNDA:17,_RNvXNtNtCs9ttwBx61el6_7rust_vm9registers11data_memoryNtB2_10DataMemoryNtNtCs5cb5cxfFw7H_4core7default7Default7default
FNDA:874,_RNvXs_NtNtCs9ttwBx61el6_7rust_vm9registers11data_memoryNtB4_10DataMemoryNtB6_8Register14schedule_write
FNDA:982,_RNvXs_NtNtCs9ttwBx61el6_7rust_vm9registers11data_memoryNtB4_10DataMemoryNtB6_8Register5clock
FNDA:0,_RNvXs_NtNtCs9ttwBx61el6_7rust_vm9registers11data_memoryNtB4_10DataMemoryNtB6_8Register6enable
FNF:7
FNH:5
DA:23,25
DA:24,25
DA:25,25
DA:26,25
DA:27,25
DA:28,25
DA:29,25
DA:30,25
DA:36,0
DA:37,0
DA:38,0
DA:39,0
DA:40,0
DA:41,0
DA:43,982
DA:44,982
DA:45,382
DA:46,202
DA:48,180
DA:49,600
DA:50,600
DA:51,600
DA:52,982
DA:54,874
DA:55,874
DA:56,180
DA:57,694
DA:58,874
DA:62,180
DA:63,180
DA:64,180
DA:66,0
DA:68,180
DA:70,982
DA:71,982
DA:72,982
DA:74,0
DA:75,0
DA:76,0
DA:77,0
DA:78,0
DA:79,0
DA:80,0
DA:81,0
DA:82,0
DA:84,0
DA:85,0
BRF:0
BRH:0
LF:47
LH:29
end_of_record
SF:C:\Users\quinn\Desktop\dev\rust_vm\src\registers\register_file.rs
FN:79,_RNvMs0_NtNtCskgzLNBcMEMk_7rust_vm9registers13register_fileNtB5_12RegisterFile3new
FN:103,_RNvMs0_NtNtCskgzLNBcMEMk_7rust_vm9registers13register_fileNtB5_12RegisterFile7display
FN:87,_RNvMs0_NtNtCskgzLNBcMEMk_7rust_vm9registers13register_fileNtB5_12RegisterFile14is_valid_indexB9_
FN:92,_RNvMs0_NtNtCskgzLNBcMEMk_7rust_vm9registers13register_fileNtB5_12RegisterFile18set_read_addresses
FN:22,_RNvXNtNtCskgzLNBcMEMk_7rust_vm9registers13register_fileNtB2_12RegisterFileNtNtCs5cb5cxfFw7H_4core7default7Default7default
FN:70,_RNvXs_NtNtCskgzLNBcMEMk_7rust_vm9registers13register_fileNtB4_12RegisterFileNtB6_8Register14schedule_write
FN:51,_RNvXs_NtNtCskgzLNBcMEMk_7rust_vm9registers13register_fileNtB4_12RegisterFileNtB6_8Register5clock
FN:36,_RNvXs_NtNtCskgzLNBcMEMk_7rust_vm9registers13register_fileNtB4_12RegisterFileNtB6_8Register6enable
FN:87,_RNvMs0_NtNtCs9ttwBx61el6_7rust_vm9registers13register_fileNtB5_12RegisterFile14is_valid_indexB9_
FN:92,_RNvMs0_NtNtCs9ttwBx61el6_7rust_vm9registers13register_fileNtB5_12RegisterFile18set_read_addresses
FN:79,_RNvMs0_NtNtCs9ttwBx61el6_7rust_vm9registers13register_fileNtB5_12RegisterFile3new
FN:103,_RNvMs0_NtNtCs9ttwBx61el6_7rust_vm9registers13register_fileNtB5_12RegisterFile7display
FN:22,_RNvXNtNtCs9ttwBx61el6_7rust_vm9registers13register_fileNtB2_12RegisterFileNtNtCs5cb5cxfFw7H_4core7default7Default7default
FN:70,_RNvXs_NtNtCs9ttwBx61el6_7rust_vm9registers13register_fileNtB4_12RegisterFileNtB6_8Register14schedule_write
FN:51,_RNvXs_NtNtCs9ttwBx61el6_7rust_vm9registers13register_fileNtB4_12RegisterFileNtB6_8Register5clock
FN:36,_RNvXs_NtNtCs9ttwBx61el6_7rust_vm9registers13register_fileNtB4_12RegisterFileNtB6_8Register6enable
FNDA:0,_RNvMs0_NtNtCskgzLNBcMEMk_7rust_vm9registers13register_fileNtB5_12RegisterFile3new
FNDA:0,_RNvMs0_NtNtCskgzLNBcMEMk_7rust_vm9registers13register_fileNtB5_12RegisterFile7display
FNDA:30,_RNvMs0_NtNtCskgzLNBcMEMk_7rust_vm9registers13register_fileNtB5_12RegisterFile14is_valid_indexB9_
FNDA:6,_RNvMs0_NtNtCskgzLNBcMEMk_7rust_vm9registers13register_fileNtB5_12RegisterFile18set_read_addresses
FNDA:17,_RNvXNtNtCskgzLNBcMEMk_7rust_vm9registers13register_fileNtB2_12RegisterFileNtNtCs5cb5cxfFw7H_4core7default7Default7default
FNDA:8,_RNvXs_NtNtCskgzLNBcMEMk_7rust_vm9registers13register_fileNtB4_12RegisterFileNtB6_8Register14schedule_write
FNDA:8,_RNvXs_NtNtCskgzLNBcMEMk_7rust_vm9registers13register_fileNtB4_12RegisterFileNtB6_8Register5clock
FNDA:4,_RNvXs_NtNtCskgzLNBcMEMk_7rust_vm9registers13register_fileNtB4_12RegisterFileNtB6_8Register6enable
FNDA:4504,_RNvMs0_NtNtCs9ttwBx61el6_7rust_vm9registers13register_fileNtB5_12RegisterFile14is_valid_indexB9_
FNDA:982,_RNvMs0_NtNtCs9ttwBx61el6_7rust_vm9registers13register_fileNtB5_12RegisterFile18set_read_addresses
FNDA:2,_RNvMs0_NtNtCs9ttwBx61el6_7rust_vm9registers13register_fileNtB5_12RegisterFile3new
FNDA:1,_RNvMs0_NtNtCs9ttwBx61el6_7rust_vm9registers13register_fileNtB5_12RegisterFile7display
FNDA:19,_RNvXNtNtCs9ttwBx61el6_7rust_vm9registers13register_fileNtB2_12RegisterFileNtNtCs5cb5cxfFw7H_4core7default7Default7default
FNDA:982,_RNvXs_NtNtCs9ttwBx61el6_7rust_vm9registers13register_fileNtB4_12RegisterFileNtB6_8Register14schedule_write
FNDA:982,_RNvXs_NtNtCs9ttwBx61el6_7rust_vm9registers13register_fileNtB4_12RegisterFileNtB6_8Register5clock
FNDA:982,_RNvXs_NtNtCs9ttwBx61el6_7rust_vm9registers13register_fileNtB4_12RegisterFileNtB6_8Register6enable
FNF:8
FNH:8
DA:22,36
DA:23,36
DA:24,36
DA:25,36
DA:26,36
DA:27,36
DA:28,36
DA:29,36
DA:30,36
DA:36,986
DA:37,986
DA:38,242
DA:39,242
DA:40,242
DA:41,242
DA:42,744
DA:43,1488
DA:44,1488
DA:45,1488
DA:46,1488
DA:49,986
DA:51,990
DA:52,990
DA:53,750
DA:54,190
DA:56,560
DA:57,1120
DA:59,1120
DA:60,1120
DA:61,350
DA:62,770
DA:64,0
DA:65,240
DA:66,240
DA:67,240
DA:68,990
DA:70,990
DA:71,990
DA:72,990
DA:73,774
DA:74,774
DA:75,990
DA:79,2
DA:80,2
DA:81,2
DA:82,2
DA:83,2
DA:84,2
DA:85,2
DA:87,4534
DA:88,4534
DA:89,4534
DA:90,4534
DA:92,988
DA:93,988
DA:94,1496
DA:95,1496
DA:96,1496
DA:97,1496
DA:98,1496
DA:100,240
DA:101,988
DA:103,1
DA:104,2
DA:105,2
DA:106,32
DA:107,32
DA:108,32
DA:109,2
DA:111,1
BRF:0
BRH:0
LF:70
LH:69
end_of_record
SF:C:\Users\quinn\Desktop\dev\rust_vm\src\vm\mod.rs
FN:51,_RINvMNtCskgzLNBcMEMk_7rust_vm2vmNtB3_2VM15execute_programpEB5_
FN:72,_RNvMNtCskgzLNBcMEMk_7rust_vm2vmNtB2_2VM19process_instruction
FN:30,_RNvMNtCskgzLNBcMEMk_7rust_vm2vmNtB2_2VM3new
FN:169,_RNvMNtCskgzLNBcMEMk_7rust_vm2vmNtB2_2VM5clock
FN:58,_RINvMNtCskgzLNBcMEMk_7rust_vm2vmNtB3_2VM12load_programReEB5_
FN:58,_RINvMNtCs9ttwBx61el6_7rust_vm2vmNtB3_2VM12load_programReECs99zfWB6tWEP_7rust_vm
FN:72,_RNvMNtCs9ttwBx61el6_7rust_vm2vmNtB2_2VM19process_instruction
FN:30,_RNvMNtCs9ttwBx61el6_7rust_vm2vmNtB2_2VM3new
FN:169,_RNvMNtCs9ttwBx61el6_7rust_vm2vmNtB2_2VM5clock
FN:58,_RINvMNtCs9ttwBx61el6_7rust_vm2vmNtB3_2VM12load_programpEB5_
FN:51,_RINvMNtCs9ttwBx61el6_7rust_vm2vmNtB3_2VM15execute_programpEB5_
FN:58,_RINvMNtCs9ttwBx61el6_7rust_vm2vmNtB3_2VM12load_programRNtNtCsja4ZeDc2XAj_3std4path4PathECsaO18r672v8O_16vm_exec_programs
FN:51,_RINvMNtCs9ttwBx61el6_7rust_vm2vmNtB3_2VM15execute_programReECsaO18r672v8O_16vm_exec_programs
FNDA:0,_RINvMNtCskgzLNBcMEMk_7rust_vm2vmNtB3_2VM15execute_programpEB5_
FNDA:0,_RNvMNtCskgzLNBcMEMk_7rust_vm2vmNtB2_2VM19process_instruction
FNDA:0,_RNvMNtCskgzLNBcMEMk_7rust_vm2vmNtB2_2VM3new
FNDA:0,_RNvMNtCskgzLNBcMEMk_7rust_vm2vmNtB2_2VM5clock
FNDA:8,_RINvMNtCskgzLNBcMEMk_7rust_vm2vmNtB3_2VM12load_programReEB5_
FNDA:0,_RINvMNtCs9ttwBx61el6_7rust_vm2vmNtB3_2VM12load_programReECs99zfWB6tWEP_7rust_vm
FNDA:982,_RNvMNtCs9ttwBx61el6_7rust_vm2vmNtB2_2VM19process_instruction
FNDA:3,_RNvMNtCs9ttwBx61el6_7rust_vm2vmNtB2_2VM3new
FNDA:982,_RNvMNtCs9ttwBx61el6_7rust_vm2vmNtB2_2VM5clock
FNDA:0,_RINvMNtCs9ttwBx61el6_7rust_vm2vmNtB3_2VM12load_programpEB5_
FNDA:0,_RINvMNtCs9ttwBx61el6_7rust_vm2vmNtB3_2VM15execute_programpEB5_
FNDA:22,_RINvMNtCs9ttwBx61el6_7rust_vm2vmNtB3_2VM12load_programRNtNtCsja4ZeDc2XAj_3std4path4PathECsaO18r672v8O_16vm_exec_programs
FNDA:22,_RINvMNtCs9ttwBx61el6_7rust_vm2vmNtB3_2VM15execute_programReECsaO18r672v8O_16vm_exec_programs
FNF:5
FNH:5
DA:30,3
DA:31,3
DA:32,3
DA:33,3
DA:34,3
DA:35,3
DA:36,3
DA:37,3
DA:38,3
DA:39,3
DA:40,3
DA:41,3
DA:42,3
DA:43,3
DA:44,3
DA:45,3
DA:46,3
DA:47,3
DA:48,3
DA:49,3
DA:51,22
DA:52,22
DA:53,22
DA:54,982
DA:55,22
DA:56,22
DA:58,30
DA:59,30
DA:60,30
DA:61,30
DA:62,30
DA:63,30
DA:64,30
DA:65,30
DA:66,30
DA:67,30
DA:68,30
DA:69,30
DA:70,30
DA:72,982
DA:73,982
DA:74,982
DA:75,982
DA:76,982
DA:77,982
DA:78,982
DA:79,180
DA:80,180
DA:81,180
DA:82,180
DA:83,202
DA:84,202
DA:85,202
DA:86,202
DA:87,600
DA:88,600
DA:89,600
DA:90,600
DA:92,982
DA:94,982
DA:95,982
DA:97,982
DA:98,982
DA:99,966
DA:100,13
DA:102,3
DA:103,3
DA:106,0
DA:107,0
DA:113,982
DA:114,201
DA:115,201
DA:116,155
DA:117,155
DA:118,781
DA:120,982
DA:121,982
DA:122,982
DA:124,982
DA:126,982
DA:127,600
DA:128,382
DA:131,982
DA:132,480
DA:133,502
DA:135,982
DA:137,982
DA:138,768
DA:139,34
DA:141,180
DA:143,0
DA:146,180
DA:150,982
DA:151,108
DA:152,108
DA:153,874
DA:154,874
DA:155,874
DA:156,874
DA:158,982
DA:159,154
DA:160,180
DA:161,648
DA:164,982
DA:166,982
DA:167,982
DA:169,982
DA:170,982
DA:171,982
DA:172,0
DA:173,982
DA:174,982
DA:175,982
DA:176,982
DA:177,982
DA:178,982
DA:179,982
DA:180,982
BRF:0
BRH:0
LF:118
LH:114
end_of_record